2024-06-03 10:01:25[INFO] [ddpg][Knob: ADAPTIVE_NPLN_FLAG] tpmC: 4073.98
2024-06-03 10:03:07[INFO] [ddpg][Knob: BDTA_SIZE] tpmC: 7144.79
2024-06-03 10:04:48[INFO] [ddpg][Knob: BTR_SPLIT_MODE] tpmC: 7211.06
2024-06-03 10:06:30[INFO] [ddpg][Knob: BUFFER] tpmC: 6876.82
2024-06-03 10:08:11[INFO] [ddpg][Knob: BUFFER_POOLS] tpmC: 8453.14
2024-06-03 10:09:53[INFO] [ddpg][Knob: CACHE_POOL_SIZE] tpmC: 7836.73
2024-06-03 10:11:34[INFO] [ddpg][Knob: CASE_WHEN_CVT_IFUN] tpmC: 8408.74
2024-06-03 10:13:16[INFO] [ddpg][Knob: CKPT_DIRTY_PAGES] tpmC: 8034.55
2024-06-03 10:14:58[INFO] [ddpg][Knob: CKPT_FLUSH_PAGES] tpmC: 7840.31
2024-06-03 10:16:40[INFO] [ddpg][Knob: CKPT_FLUSH_RATE] tpmC: 8181.59
2024-06-03 10:18:21[INFO] [ddpg][Knob: CKPT_INTERVAL] tpmC: 8808.62
2024-06-03 10:20:03[INFO] [ddpg][Knob: CKPT_RLOG_SIZE] tpmC: 7812.13
2024-06-03 10:21:44[INFO] [ddpg][Knob: CKPT_WAIT_PAGES] tpmC: 8544.11
2024-06-03 10:23:26[INFO] [ddpg][Knob: COMM_VALIDATE] tpmC: 8043.06
2024-06-03 10:25:08[INFO] [ddpg][Knob: COMPLEX_VIEW_MERGING] tpmC: 8484.8
2024-06-03 10:26:50[INFO] [ddpg][Knob: DECIMAL_FIX_STORAGE] tpmC: 8320.14
2024-06-03 10:28:32[INFO] [ddpg][Knob: DICT_BUF_SIZE] tpmC: 8239.63
2024-06-03 10:30:13[INFO] [ddpg][Knob: DIRECT_IO] tpmC: 7781.8
2024-06-03 10:31:55[INFO] [ddpg][Knob: ENABLE_FREQROOTS] tpmC: 8526.45
2024-06-03 10:33:37[INFO] [ddpg][Knob: ENABLE_HASH_JOIN] tpmC: 8516.53
2024-06-03 10:35:19[INFO] [ddpg][Knob: ENABLE_IN_VALUE_LIST_OPT] tpmC: 8608.16
2024-06-03 10:37:01[INFO] [ddpg][Knob: ENABLE_INDEX_JOIN] tpmC: 2215.63
2024-06-03 10:38:38[INFO] [ddpg][Knob: ENABLE_MERGE_JOIN] tpmC: 7590.95
2024-06-03 10:40:20[INFO] [ddpg][Knob: ENABLE_MONITOR] tpmC: 8083.74
2024-06-03 10:42:02[INFO] [ddpg][Knob: ENHANCED_BEXP_TRANS_GEN] tpmC: 8206.88
2024-06-03 10:43:43[INFO] [ddpg][Knob: FAST_POOL_PAGES] tpmC: 8293.54
2024-06-03 10:45:25[INFO] [ddpg][Knob: FAST_RELEASE_SLOCK] tpmC: 7980.94
2024-06-03 10:47:06[INFO] [ddpg][Knob: FAST_ROLL_PAGES] tpmC: 8602.64
2024-06-03 10:48:48[INFO] [ddpg][Knob: FAST_RW_LOCK] tpmC: 8227.08
2024-06-03 10:50:30[INFO] [ddpg][Knob: FIRST_ROWS] tpmC: 7994.43
2024-06-03 10:52:12[INFO] [ddpg][Knob: FORCE_FLUSH_PAGES] tpmC: 8289.51
2024-06-03 10:53:53[INFO] [ddpg][Knob: GROUP_OPT_FLAG] tpmC: 8040.5
2024-06-03 10:55:35[INFO] [ddpg][Knob: HAGR_BLK_SIZE] tpmC: 8885.45
2024-06-03 10:57:16[INFO] [ddpg][Knob: HAGR_BUF_GLOBAL_SIZE] tpmC: 7738.05
2024-06-03 10:58:58[INFO] [ddpg][Knob: HAGR_BUF_SIZE] tpmC: 8468.94
2024-06-03 11:00:40[INFO] [ddpg][Knob: HASH_PLL_OPT_FLAG] tpmC: 8024.37
2024-06-03 11:02:22[INFO] [ddpg][Knob: HIO_THR_GROUPS] tpmC: 8656.67
2024-06-03 11:04:03[INFO] [ddpg][Knob: HJ_BLK_SIZE] tpmC: 7842.57
2024-06-03 11:05:45[INFO] [ddpg][Knob: HJ_BUF_GLOBAL_SIZE] tpmC: 8101.33
2024-06-03 11:07:27[INFO] [ddpg][Knob: HJ_BUF_SIZE] tpmC: 8188.17
2024-06-03 11:09:08[INFO] [ddpg][Knob: HUGE_BUFFER] tpmC: 8675.46
2024-06-03 11:10:50[INFO] [ddpg][Knob: HUGE_BUFFER_POOLS] tpmC: 8059.49
2024-06-03 11:12:32[INFO] [ddpg][Knob: HUGE_MEMORY_PERCENTAGE] tpmC: 8181.45
2024-06-03 11:14:13[INFO] [ddpg][Knob: INDEX_SKIP_SCAN_RATE] tpmC: 8131.96
2024-06-03 11:15:55[INFO] [ddpg][Knob: IO_THR_GROUPS] tpmC: 8371.44
2024-06-03 11:17:37[INFO] [ddpg][Knob: JOIN_HASH_SIZE] tpmC: 7823.44
2024-06-03 11:19:18[INFO] [ddpg][Knob: LIKE_OPT_FLAG] tpmC: 7967.03
2024-06-03 11:21:00[INFO] [ddpg][Knob: LOCK_DICT_OPT] tpmC: 8584.61
2024-06-03 11:22:42[INFO] [ddpg][Knob: MEMORY_EXTENT_SIZE] tpmC: 8004.71
2024-06-03 11:24:23[INFO] [ddpg][Knob: MEMORY_POOL] tpmC: 8399.04
2024-06-03 11:26:05[INFO] [ddpg][Knob: MEMORY_TARGET] tpmC: 8194.98
2024-06-03 11:27:47[INFO] [ddpg][Knob: MSG_COMPRESS_TYPE] tpmC: 7992.19
2024-06-03 11:29:29[INFO] [ddpg][Knob: NBEXP_OPT_FLAG] tpmC: 7891.73
2024-06-03 11:31:10[INFO] [ddpg][Knob: NONREFED_SUBQUERY_AS_CONST] tpmC: 8215.68
2024-06-03 11:32:52[INFO] [ddpg][Knob: NOWAIT_WHEN_UNIQUE_CONFLICT] tpmC: 8235.6
2024-06-03 11:34:34[INFO] [ddpg][Knob: OPTIMIZER_AGGR_GROUPBY_ELIM] tpmC: 8267.6
2024-06-03 11:36:16[INFO] [ddpg][Knob: OUTER_CVT_INNER_PULL_UP_COND_FLAG] tpmC: 8212.68
2024-06-03 11:37:57[INFO] [ddpg][Knob: PARALLEL_PURGE_FLAG] tpmC: 8199.75
2024-06-03 11:39:39[INFO] [ddpg][Knob: PHC_MODE_ENFORCE] tpmC: 7938.91
2024-06-03 11:41:21[INFO] [ddpg][Knob: PSEG_RECV] tpmC: 7856.13
2024-06-03 11:43:03[INFO] [ddpg][Knob: PURGE_DEL_OPT] tpmC: 9067.36
2024-06-03 11:44:50[INFO] [ddpg][Knob: PURGE_WAIT_TIME] tpmC: 8686.73
2024-06-03 11:46:32[INFO] [ddpg][Knob: RECYCLE] tpmC: 8372.71
2024-06-03 11:48:13[INFO] [ddpg][Knob: RECYCLE_POOLS] tpmC: 8050.38
2024-06-03 11:49:55[INFO] [ddpg][Knob: REFED_SUBQ_CROSS_FLAG] tpmC: 8209.81
2024-06-03 11:51:37[INFO] [ddpg][Knob: RLOG_BUF_SIZE] tpmC: 8220.55
2024-06-03 11:53:19[INFO] [ddpg][Knob: RLOG_PARALLEL_ENABLE] tpmC: 8057.6
2024-06-03 11:55:01[INFO] [ddpg][Knob: RLOG_POOL_SIZE] tpmC: 7968.46
2024-06-03 11:56:42[INFO] [ddpg][Knob: SESS_POOL_SIZE] tpmC: 8452.49
2024-06-03 11:58:24[INFO] [ddpg][Knob: SESS_POOL_TARGET] tpmC: 7824.01
2024-06-03 12:00:06[INFO] [ddpg][Knob: SORT_BUF_SIZE] tpmC: 8198.5
2024-06-03 12:01:47[INFO] [ddpg][Knob: SPEED_SEMI_JOIN_PLAN] tpmC: 7770.37
2024-06-03 12:03:29[INFO] [ddpg][Knob: TRX_VIEW_MODE] tpmC: 8181.77
2024-06-03 12:05:11[INFO] [ddpg][Knob: TRX_VIEW_SIZE] tpmC: 7651.54
2024-06-03 12:06:53[INFO] [ddpg][Knob: UNDO_EXTENT_NUM] tpmC: 7922.12
2024-06-03 12:08:34[INFO] [ddpg][Knob: UNDO_RETENTION] tpmC: 7790.08
2024-06-03 12:10:16[INFO] [ddpg][Knob: UPD_DEL_OPT] tpmC: 7450.09
2024-06-03 12:11:58[INFO] [ddpg][Knob: VIEW_FILTER_MERGING] tpmC: 7948.14
2024-06-03 12:13:40[INFO] [ddpg][Knob: VM_MEM_HEAP] tpmC: 7900.53
2024-06-03 12:15:22[INFO] [ddpg][Knob: VM_POOL_SIZE] tpmC: 7828.32
2024-06-03 12:17:03[INFO] [ddpg][Knob: VM_POOL_TARGET] tpmC: 8360.8
2024-06-03 12:18:45[INFO] [ddpg][Knob: WORK_THRD_RESERVE_SIZE] tpmC: 7616.18
2024-06-03 12:20:27[INFO] [ddpg][Knob: WORK_THRD_STACK_SIZE] tpmC: 8016.76
2024-06-03 12:22:09[INFO] [ddpg][Knob: WORKER_THREADS] tpmC: 8169.93
