2024-05-31 16:39:04[INFO] [ddpg][Knob: ADAPTIVE_NPLN_FLAG] tpmC: 8643.37
2024-05-31 16:40:46[INFO] [ddpg][Knob: BDTA_SIZE] tpmC: 10657.13
2024-05-31 16:42:28[INFO] [ddpg][Knob: BTR_SPLIT_MODE] tpmC: 10522.83
2024-05-31 16:44:15[INFO] [ddpg][Knob: BUFFER] tpmC: 16144.38
2024-05-31 16:46:17[INFO] [ddpg][Knob: BUFFER_POOLS] tpmC: 9606.48
2024-05-31 16:47:59[INFO] [ddpg][Knob: CACHE_POOL_SIZE] tpmC: 10521.67
2024-05-31 16:49:46[INFO] [ddpg][Knob: CASE_WHEN_CVT_IFUN] tpmC: 9565.72
2024-05-31 16:51:27[INFO] [ddpg][Knob: CKPT_DIRTY_PAGES] tpmC: 9597.17
2024-05-31 16:53:09[INFO] [ddpg][Knob: CKPT_FLUSH_PAGES] tpmC: 10939.18
2024-05-31 16:54:51[INFO] [ddpg][Knob: CKPT_FLUSH_RATE] tpmC: 10851.79
2024-05-31 16:56:33[INFO] [ddpg][Knob: CKPT_INTERVAL] tpmC: 10758.44
2024-05-31 16:58:16[INFO] [ddpg][Knob: CKPT_RLOG_SIZE] tpmC: 10548.61
2024-05-31 17:00:02[INFO] [ddpg][Knob: CKPT_WAIT_PAGES] tpmC: 10198.32
2024-05-31 17:01:49[INFO] [ddpg][Knob: COMM_VALIDATE] tpmC: 9630.03
2024-05-31 17:03:31[INFO] [ddpg][Knob: COMPLEX_VIEW_MERGING] tpmC: 10017.91
2024-05-31 17:05:17[INFO] [ddpg][Knob: DECIMAL_FIX_STORAGE] tpmC: 10532.31
2024-05-31 17:07:03[INFO] [ddpg][Knob: DICT_BUF_SIZE] tpmC: 10407.65
2024-05-31 17:08:50[INFO] [ddpg][Knob: DIRECT_IO] tpmC: 10180.42
2024-05-31 17:10:37[INFO] [ddpg][Knob: ENABLE_FREQROOTS] tpmC: 10648.85
2024-05-31 17:12:23[INFO] [ddpg][Knob: ENABLE_HASH_JOIN] tpmC: 10389.71
2024-05-31 17:14:10[INFO] [ddpg][Knob: ENABLE_IN_VALUE_LIST_OPT] tpmC: 10722.57
2024-05-31 17:15:57[INFO] [ddpg][Knob: ENABLE_INDEX_JOIN] tpmC: 10184.73
2024-05-31 17:17:43[INFO] [ddpg][Knob: ENABLE_MERGE_JOIN] tpmC: 10287.11
2024-05-31 17:19:30[INFO] [ddpg][Knob: ENABLE_MONITOR] tpmC: 9604.58
2024-05-31 17:21:11[INFO] [ddpg][Knob: ENHANCED_BEXP_TRANS_GEN] tpmC: 9867.71
2024-05-31 17:22:53[INFO] [ddpg][Knob: FAST_POOL_PAGES] tpmC: 8942.57
2024-05-31 17:24:35[INFO] [ddpg][Knob: FAST_RELEASE_SLOCK] tpmC: 10563.98
2024-05-31 17:26:21[INFO] [ddpg][Knob: FAST_ROLL_PAGES] tpmC: 10394.76
2024-05-31 17:28:08[INFO] [ddpg][Knob: FAST_RW_LOCK] tpmC: 10190.21
2024-05-31 17:29:55[INFO] [ddpg][Knob: FIRST_ROWS] tpmC: 9895.41
2024-05-31 17:31:41[INFO] [ddpg][Knob: FORCE_FLUSH_PAGES] tpmC: 9579.42
2024-05-31 17:33:23[INFO] [ddpg][Knob: GROUP_OPT_FLAG] tpmC: 9946.35
2024-05-31 17:35:05[INFO] [ddpg][Knob: HAGR_BLK_SIZE] tpmC: 11146.33
2024-05-31 17:36:47[INFO] [ddpg][Knob: HAGR_BUF_GLOBAL_SIZE] tpmC: 10308.39
