2024-06-01 10:44:37[INFO] [ddpg][Knob: ADAPTIVE_NPLN_FLAG] tpmC: 8199.4
2024-06-01 10:46:19[INFO] [ddpg][Knob: BDTA_SIZE] tpmC: 9743.56
2024-06-01 10:48:01[INFO] [ddpg][Knob: BTR_SPLIT_MODE] tpmC: 8923.55
2024-06-01 10:49:43[INFO] [ddpg][Knob: BUFFER] tpmC: 7457.39
2024-06-01 10:51:19[INFO] [ddpg][Knob: BUFFER_POOLS] tpmC: 9069.45
2024-06-01 10:53:01[INFO] [ddpg][Knob: CACHE_POOL_SIZE] tpmC: 9567.84
2024-06-01 10:54:42[INFO] [ddpg][Knob: CASE_WHEN_CVT_IFUN] tpmC: 10349.7
2024-06-01 10:56:29[INFO] [ddpg][Knob: CKPT_DIRTY_PAGES] tpmC: 9014.76
2024-06-01 10:58:11[INFO] [ddpg][Knob: CKPT_FLUSH_PAGES] tpmC: 8872.35
2024-06-01 10:59:52[INFO] [ddpg][Knob: CKPT_FLUSH_RATE] tpmC: 8727.43
2024-06-01 11:01:34[INFO] [ddpg][Knob: CKPT_INTERVAL] tpmC: 9115.65
2024-06-01 11:03:15[INFO] [ddpg][Knob: CKPT_RLOG_SIZE] tpmC: 8911.56
2024-06-01 11:04:57[INFO] [ddpg][Knob: CKPT_WAIT_PAGES] tpmC: 8862.05
2024-06-01 11:06:44[INFO] [ddpg][Knob: COMM_VALIDATE] tpmC: 9402.08
2024-06-01 11:08:25[INFO] [ddpg][Knob: COMPLEX_VIEW_MERGING] tpmC: 9443.51
2024-06-01 11:10:07[INFO] [ddpg][Knob: DECIMAL_FIX_STORAGE] tpmC: 9403.77
2024-06-01 11:11:49[INFO] [ddpg][Knob: DICT_BUF_SIZE] tpmC: 9166.33
2024-06-01 11:13:30[INFO] [ddpg][Knob: DIRECT_IO] tpmC: 9205.27
2024-06-01 11:15:12[INFO] [ddpg][Knob: ENABLE_FREQROOTS] tpmC: 9294.73
2024-06-01 11:16:53[INFO] [ddpg][Knob: ENABLE_HASH_JOIN] tpmC: 9332.78
2024-06-01 11:18:35[INFO] [ddpg][Knob: ENABLE_IN_VALUE_LIST_OPT] tpmC: 9697.65
2024-06-01 11:20:19[INFO] [ddpg][Knob: ENABLE_INDEX_JOIN] tpmC: 2933.6
2024-06-01 11:21:56[INFO] [ddpg][Knob: ENABLE_MERGE_JOIN] tpmC: 7918.33
2024-06-01 11:23:37[INFO] [ddpg][Knob: ENABLE_MONITOR] tpmC: 8220.01
2024-06-01 11:25:19[INFO] [ddpg][Knob: ENHANCED_BEXP_TRANS_GEN] tpmC: 8198.26
2024-06-01 11:27:00[INFO] [ddpg][Knob: FAST_POOL_PAGES] tpmC: 9626.56
2024-06-01 11:28:42[INFO] [ddpg][Knob: FAST_RELEASE_SLOCK] tpmC: 9320.94
2024-06-01 11:30:24[INFO] [ddpg][Knob: FAST_ROLL_PAGES] tpmC: 9056.06
2024-06-01 11:32:06[INFO] [ddpg][Knob: FAST_RW_LOCK] tpmC: 9271.86
2024-06-01 11:33:47[INFO] [ddpg][Knob: FIRST_ROWS] tpmC: 9215.71
2024-06-01 11:35:28[INFO] [ddpg][Knob: FORCE_FLUSH_PAGES] tpmC: 9653.63
2024-06-01 11:37:10[INFO] [ddpg][Knob: GROUP_OPT_FLAG] tpmC: 9242.83
2024-06-01 11:38:52[INFO] [ddpg][Knob: HAGR_BLK_SIZE] tpmC: 9181.32
2024-06-01 11:40:33[INFO] [ddpg][Knob: HAGR_BUF_GLOBAL_SIZE] tpmC: 9157.26
2024-06-01 11:42:15[INFO] [ddpg][Knob: HAGR_BUF_SIZE] tpmC: 9355.12
