2024-05-31 14:45:59[INFO] [ddpg][Knob: ADAPTIVE_NPLN_FLAG] tpmC: 8668.28
2024-05-31 14:47:41[INFO] [ddpg][Knob: BATCH_PARAM_OPT] tpmC: 10418.19
2024-05-31 14:49:28[INFO] [ddpg][Knob: BDTA_SIZE] tpmC: 9858.37
2024-05-31 14:51:10[INFO] [ddpg][Knob: BTR_SPLIT_MODE] tpmC: 10669.86
2024-05-31 14:52:57[INFO] [ddpg][Knob: BUFFER] tpmC: 13009.76
2024-05-31 14:54:49[INFO] [ddpg][Knob: BUFFER_POOLS] tpmC: 10911.96
2024-05-31 14:56:30[INFO] [ddpg][Knob: CACHE_POOL_SIZE] tpmC: 9787.43
2024-05-31 14:58:17[INFO] [ddpg][Knob: CASE_WHEN_CVT_IFUN] tpmC: 10995.02
2024-05-31 15:00:05[INFO] [ddpg][Knob: CKPT_DIRTY_PAGES] tpmC: 10724.96
2024-05-31 15:01:47[INFO] [ddpg][Knob: CKPT_FLUSH_PAGES] tpmC: 10248.06
2024-05-31 15:03:33[INFO] [ddpg][Knob: CKPT_FLUSH_RATE] tpmC: 10125.71
2024-05-31 15:05:20[INFO] [ddpg][Knob: CKPT_INTERVAL] tpmC: 10723.28
2024-05-31 15:07:02[INFO] [ddpg][Knob: CKPT_RLOG_SIZE] tpmC: 11006.26
2024-05-31 15:08:44[INFO] [ddpg][Knob: CKPT_WAIT_PAGES] tpmC: 10641.64
2024-05-31 15:10:26[INFO] [ddpg][Knob: CLT_CONST_TO_PARAM] tpmC: 10314.77
2024-05-31 15:12:13[INFO] [ddpg][Knob: CNNTB_HASH_TABLE_SIZE] tpmC: 10723.29
2024-05-31 15:13:55[INFO] [ddpg][Knob: CNNTB_OPT_FLAG] tpmC: 11043.3
2024-05-31 15:15:37[INFO] [ddpg][Knob: COMM_VALIDATE] tpmC: 10787.87
2024-05-31 15:17:19[INFO] [ddpg][Knob: COMPLEX_VIEW_MERGING] tpmC: 10850.14
2024-05-31 15:19:01[INFO] [ddpg][Knob: CTE_OPT_FLAG] tpmC: 10753.29
2024-05-31 15:20:43[INFO] [ddpg][Knob: DECIMAL_FIX_STORAGE] tpmC: 10022.4
2024-05-31 15:22:30[INFO] [ddpg][Knob: DEL_HP_OPT_FLAG] tpmC: 10379.95
2024-05-31 15:24:17[INFO] [ddpg][Knob: DICT_BUF_SIZE] tpmC: 10273.84
2024-05-31 15:26:04[INFO] [ddpg][Knob: DIRECT_IO] tpmC: 10816.41
2024-05-31 15:27:46[INFO] [ddpg][Knob: DIST_HASH_ALGORITHM_FLAG] tpmC: 11181.48
2024-05-31 15:29:28[INFO] [ddpg][Knob: DISTINCT_USE_INDEX_SKIP] tpmC: 10794.89
2024-05-31 15:31:14[INFO] [ddpg][Knob: DTABLE_PULLUP_FLAG] tpmC: 10176.45
2024-05-31 15:33:01[INFO] [ddpg][Knob: DYNAMIC_CALC_NODES] tpmC: 10300.82
2024-05-31 15:34:47[INFO] [ddpg][Knob: ENABLE_ADJUST_DIST_COST] tpmC: 11560.34
2024-05-31 15:36:34[INFO] [ddpg][Knob: ENABLE_ADJUST_NLI_COST] tpmC: 10647.76
2024-05-31 15:38:16[INFO] [ddpg][Knob: ENABLE_CHOOSE_BY_ESTIMATE_FLAG] tpmC: 10716.79
2024-05-31 15:39:58[INFO] [ddpg][Knob: ENABLE_DIST_IN_SUBQUERY_OPT] tpmC: 10726.46
2024-05-31 15:41:45[INFO] [ddpg][Knob: ENABLE_FREQROOTS] tpmC: 10720.97
2024-05-31 15:43:27[INFO] [ddpg][Knob: ENABLE_HASH_JOIN] tpmC: 10520.18
2024-05-31 15:45:09[INFO] [ddpg][Knob: ENABLE_IN_VALUE_LIST_OPT] tpmC: 10006.6
2024-05-31 15:46:51[INFO] [ddpg][Knob: ENABLE_INDEX_FILTER] tpmC: 11021.88
2024-05-31 15:48:32[INFO] [ddpg][Knob: ENABLE_INDEX_JOIN] tpmC: 10278.46
2024-05-31 15:50:19[INFO] [ddpg][Knob: ENABLE_JOIN_FACTORIZATION] tpmC: 10601.39
2024-05-31 15:52:06[INFO] [ddpg][Knob: ENABLE_MERGE_JOIN] tpmC: 10384.12
2024-05-31 15:53:48[INFO] [ddpg][Knob: ENABLE_MONITOR] tpmC: 10457.54
2024-05-31 15:55:35[INFO] [ddpg][Knob: ENABLE_NEST_LOOP_JOIN_CACHE] tpmC: 10618.84
2024-05-31 15:57:17[INFO] [ddpg][Knob: ENABLE_PARTITION_WISE_OPT] tpmC: 10740.36
2024-05-31 15:58:59[INFO] [ddpg][Knob: ENABLE_RQ_TO_INV] tpmC: 10488.45
2024-05-31 16:00:46[INFO] [ddpg][Knob: ENABLE_RQ_TO_NONREF_SPL] tpmC: 10924.6
2024-05-31 16:02:28[INFO] [ddpg][Knob: ENABLE_RQ_TO_SPL] tpmC: 10256.98
2024-05-31 16:04:15[INFO] [ddpg][Knob: ENHANCED_BEXP_TRANS_GEN] tpmC: 10198.5
2024-05-31 16:05:56[INFO] [ddpg][Knob: ENHANCED_SUBQ_MERGING] tpmC: 10423.1
2024-05-31 16:07:43[INFO] [ddpg][Knob: FAST_POOL_PAGES] tpmC: 10211.74
2024-05-31 16:09:25[INFO] [ddpg][Knob: FAST_RELEASE_SLOCK] tpmC: 10179.94
2024-05-31 16:11:12[INFO] [ddpg][Knob: FAST_ROLL_PAGES] tpmC: 10220.57
2024-05-31 16:12:58[INFO] [ddpg][Knob: FAST_RW_LOCK] tpmC: 10482.81
2024-05-31 16:14:45[INFO] [ddpg][Knob: FILTER_PUSH_DOWN] tpmC: 10441.4
2024-05-31 16:16:32[INFO] [ddpg][Knob: FINS_LOCK_MODE] tpmC: 11119.0
2024-05-31 16:18:19[INFO] [ddpg][Knob: FIRST_ROWS] tpmC: 10504.41
2024-05-31 16:20:01[INFO] [ddpg][Knob: FORCE_FLUSH_PAGES] tpmC: 10201.01
2024-05-31 16:21:48[INFO] [ddpg][Knob: FROM_OPT_FLAG] tpmC: 10408.24
2024-05-31 16:23:34[INFO] [ddpg][Knob: FTAB_MEM_SIZE] tpmC: 10317.3
2024-05-31 16:25:21[INFO] [ddpg][Knob: GLOBAL_RTREE_BUF_SIZE] tpmC: 10422.83
