2024-05-31 20:35:46[INFO] [ddpg][Knob: FIRST_ROWS] tpmC: 7129.52
2024-05-31 20:37:27[INFO] [ddpg][Knob: FORCE_FLUSH_PAGES] tpmC: 8335.24
2024-05-31 20:39:09[INFO] [ddpg][Knob: GROUP_OPT_FLAG] tpmC: 8517.7
2024-05-31 20:40:51[INFO] [ddpg][Knob: HAGR_BLK_SIZE] tpmC: 10455.18
2024-05-31 20:42:38[INFO] [ddpg][Knob: HAGR_BUF_GLOBAL_SIZE] tpmC: 9680.7
2024-05-31 20:44:20[INFO] [ddpg][Knob: HAGR_BUF_SIZE] tpmC: 10275.7
2024-05-31 20:46:06[INFO] [ddpg][Knob: HASH_PLL_OPT_FLAG] tpmC: 10435.95
2024-05-31 20:47:53[INFO] [ddpg][Knob: HIO_THR_GROUPS] tpmC: 10366.09
2024-05-31 20:49:35[INFO] [ddpg][Knob: HJ_BLK_SIZE] tpmC: 9769.74
2024-05-31 20:51:17[INFO] [ddpg][Knob: HJ_BUF_GLOBAL_SIZE] tpmC: 10034.14
2024-05-31 20:53:04[INFO] [ddpg][Knob: HJ_BUF_SIZE] tpmC: 9994.71
2024-05-31 20:54:47[INFO] [ddpg][Knob: HUGE_BUFFER] tpmC: 10134.45
2024-05-31 20:56:33[INFO] [ddpg][Knob: HUGE_BUFFER_POOLS] tpmC: 10474.77
2024-05-31 20:58:21[INFO] [ddpg][Knob: HUGE_MEMORY_PERCENTAGE] tpmC: 10937.31
2024-05-31 21:00:02[INFO] [ddpg][Knob: INDEX_SKIP_SCAN_RATE] tpmC: 10395.07
2024-05-31 21:01:49[INFO] [ddpg][Knob: IO_THR_GROUPS] tpmC: 10104.37
2024-05-31 21:03:31[INFO] [ddpg][Knob: JOIN_HASH_SIZE] tpmC: 9604.76
2024-05-31 21:05:12[INFO] [ddpg][Knob: LIKE_OPT_FLAG] tpmC: 10237.71
2024-05-31 21:06:59[INFO] [ddpg][Knob: LOCK_DICT_OPT] tpmC: 10199.93
2024-05-31 21:08:46[INFO] [ddpg][Knob: MEMORY_EXTENT_SIZE] tpmC: 9852.0
2024-05-31 21:10:33[INFO] [ddpg][Knob: MEMORY_POOL] tpmC: 10235.52
2024-05-31 21:12:20[INFO] [ddpg][Knob: MEMORY_TARGET] tpmC: 10182.78
2024-05-31 21:14:07[INFO] [ddpg][Knob: MSG_COMPRESS_TYPE] tpmC: 10432.31
2024-05-31 21:15:54[INFO] [ddpg][Knob: NBEXP_OPT_FLAG] tpmC: 10149.6
2024-05-31 21:17:40[INFO] [ddpg][Knob: NONREFED_SUBQUERY_AS_CONST] tpmC: 10534.91
2024-05-31 21:19:27[INFO] [ddpg][Knob: NOWAIT_WHEN_UNIQUE_CONFLICT] tpmC: 9922.95
2024-05-31 21:21:13[INFO] [ddpg][Knob: OPTIMIZER_AGGR_GROUPBY_ELIM] tpmC: 10058.26
2024-05-31 21:23:00[INFO] [ddpg][Knob: OUTER_CVT_INNER_PULL_UP_COND_FLAG] tpmC: 10270.59
2024-05-31 21:24:46[INFO] [ddpg][Knob: PARALLEL_PURGE_FLAG] tpmC: 10878.87
2024-05-31 21:26:28[INFO] [ddpg][Knob: PHC_MODE_ENFORCE] tpmC: 9540.93
2024-05-31 21:28:09[INFO] [ddpg][Knob: PSEG_RECV] tpmC: 10149.46
2024-05-31 21:29:56[INFO] [ddpg][Knob: PURGE_DEL_OPT] tpmC: 9783.46
2024-05-31 21:31:43[INFO] [ddpg][Knob: PURGE_WAIT_TIME] tpmC: 9502.46
2024-05-31 21:33:30[INFO] [ddpg][Knob: RECYCLE] tpmC: 9316.47
2024-05-31 21:35:17[INFO] [ddpg][Knob: RECYCLE_POOLS] tpmC: 10076.99
2024-05-31 21:37:04[INFO] [ddpg][Knob: REFED_SUBQ_CROSS_FLAG] tpmC: 9572.97
2024-05-31 21:38:46[INFO] [ddpg][Knob: RLOG_BUF_SIZE] tpmC: 9532.88
2024-05-31 21:40:32[INFO] [ddpg][Knob: RLOG_PARALLEL_ENABLE] tpmC: 9751.65
2024-05-31 21:42:15[INFO] [ddpg][Knob: RLOG_POOL_SIZE] tpmC: 9089.91
2024-05-31 21:43:57[INFO] [ddpg][Knob: SESS_POOL_SIZE] tpmC: 9375.58
2024-05-31 21:45:38[INFO] [ddpg][Knob: SESS_POOL_TARGET] tpmC: 10085.15
2024-05-31 21:47:25[INFO] [ddpg][Knob: SORT_BUF_SIZE] tpmC: 10330.11
