2024-05-27 15:36:16[INFO] 
[Env initialized][Metric tpmC: 7486.45 tpmTotal: 16501.21 Transaction Count: 16594]
2024-05-27 15:36:16[INFO] [ddpg] Action: [4.87022489e-01 5.29713929e-01 5.93876898e-01 6.13616526e-01
 4.22514230e-01 3.45278710e-01 5.08961737e-01 2.40376115e-01
 2.86993831e-01 6.53455779e-02 4.28363055e-01 7.07350016e-01
 4.41451102e-01 6.14502668e-01 5.03298879e-01 5.69574356e-01
 5.50300181e-01 6.07551336e-01 3.42361815e-02 4.63010103e-01
 5.26334047e-01 1.09338716e-01 8.91573787e-01 3.53253722e-01
 3.69863778e-01 5.40847123e-01 4.10153508e-01 1.53347015e-01
 5.01026928e-01 5.70392907e-01 5.84995806e-01 4.29462135e-01
 5.45183063e-01 7.02111661e-01 6.70998812e-01 1.91943318e-01
 5.70001006e-01 7.26014078e-01 4.25048381e-01 5.16528904e-01
 7.33813763e-01 4.41684544e-01 6.32011652e-01 4.13352966e-01
 7.43494809e-01 1.24939620e-01 3.28410447e-01 5.42664349e-01
 9.51612443e-02 6.79390132e-01 5.19658148e-01 7.91446090e-01
 4.60487485e-01 2.84255594e-01 6.01754010e-01 3.47930610e-01
 2.46059224e-01 2.49297783e-01 7.51927912e-01 5.57145476e-01
 3.67461234e-01 5.58884084e-01 8.60877097e-01 9.08068001e-01
 7.23336041e-01 3.95622134e-01 6.15337670e-01 7.40436018e-01
 3.66672277e-01 6.08104050e-01 2.27263704e-01 6.30555630e-01
 7.48070896e-01 4.00457829e-01 3.98530453e-01 5.22796035e-01
 3.11281800e-01 6.43931448e-01 5.23479521e-01 4.49127585e-01
 5.12396455e-01 7.15285778e-01 5.45042932e-01 5.36009967e-01
 3.45309943e-01 7.44751930e-01 2.82230824e-01 8.16875815e-01
 2.21625149e-01 3.84894669e-01 2.81670719e-01 4.21412915e-01
 5.85801303e-01 7.17926919e-01 7.61081278e-01 4.99804050e-01
 5.71668148e-01 6.62981510e-01 4.29390520e-01 6.49012685e-01
 4.25873160e-01 5.87465525e-01 6.67672455e-01 6.48765147e-01
 4.90021139e-01 4.32596415e-01 3.03281307e-01 6.02887154e-01
 7.93089688e-01 7.19832122e-01 7.34562054e-02 6.76509321e-01
 6.51133478e-01 5.98710418e-01 4.67299134e-01 7.23537207e-01
 3.71784538e-01 2.41691470e-01 5.62438250e-01 2.85412192e-01
 4.95260060e-01 3.90086472e-01 4.82623190e-01 6.07216418e-01
 4.83301073e-01 2.70760745e-01 3.37378711e-01 3.11577588e-01
 9.12620279e-04 6.07308030e-01 9.38206971e-01 3.93240362e-01
 7.58558452e-01 3.86466622e-01 6.91809952e-01 5.49753070e-01
 5.72443485e-01 1.80401027e-01 5.15956283e-01 4.84021515e-01
 7.11881220e-01 3.50844055e-01 6.49526436e-03 4.50901061e-01
 3.76952738e-01 4.42906350e-01 8.60292852e-01 5.76869428e-01
 6.17857754e-01 6.26707733e-01 2.18317270e-01 4.88398314e-01
 7.33075202e-01 6.84554160e-01 6.72358871e-01 0.00000000e+00
 2.60910630e-01 2.21650258e-01 3.14806581e-01 6.30258441e-01
 2.69161135e-01 7.49725938e-01 6.34964168e-01 2.70722568e-01
 1.27450138e-01 5.05749822e-01 1.72517195e-01 4.08008814e-01
 7.68023014e-01 5.92764914e-01 4.46455449e-01 7.08829939e-01
 4.40717340e-01 3.36121529e-01 8.06303561e-01 7.93970764e-01
 7.14666367e-01 5.08611441e-01 5.58916152e-01 3.28499496e-01
 5.09238005e-01 2.20754102e-01 5.58539033e-01 5.79272687e-01
 4.32118714e-01 3.77703190e-01 6.64893746e-01 4.48915124e-01
 2.92239577e-01 3.54682297e-01 4.18496937e-01 5.28625250e-01
 3.20649356e-01 2.14793429e-01 4.78882194e-01 2.78856575e-01
 4.99353081e-01]
2024-05-27 15:36:52[INFO] 
[ddpg][Episode: 0][Step: 0][Metric tpmC:7486.45 tpmTotal:16501.21 Transaction Count:16594]Reward: -0.0 Score: 0.0 Done: False
2024-05-27 15:36:52[INFO] [ddpg][Episode: 0][Step: 0] step: 36.359195947647095s env step: 36.35042881965637s train step: 0.0s restart time: 34.52412486076355s action time: 0.002451181411743164s
2024-05-27 15:36:52[INFO] [ddpg][Episode: 0][Step: 0][Average] step: 36.359195947647095s env step: 36.35042881965637s train step: 0.0s restart time: 34.52412486076355s action time: 0.002451181411743164s
2024-05-27 15:36:52[INFO] [ddpg] Action: [0.27002996 0.6542302  0.6396635  0.25952795 0.08542517 0.2394642
 0.64644796 0.31380174 0.         0.         0.5891649  0.71330315
 0.5246058  0.34774363 0.53109396 0.6499265  0.44187623 0.44580638
 0.18709849 0.6017936  0.27214223 0.         0.5887926  0.39109966
 0.53731966 0.45826006 0.5713269  0.24675621 0.8449943  0.87707394
 0.86603695 0.64478064 0.51020277 0.8567019  0.5090004  0.20125957
 0.45728084 0.6797846  0.39415026 0.9021084  0.929149   0.8024876
 0.8118621  0.17219964 0.68182    0.21427839 0.47452053 0.68240404
 0.45363924 0.5517095  0.40723738 0.8865017  0.43967503 0.06251214
 0.5264543  0.38590658 0.3556181  0.2186212  0.8896978  0.8638143
 0.30567983 0.6523968  1.         0.75797933 0.38758132 0.26550668
 0.5782505  0.5276818  0.39033273 0.55348766 0.21387768 0.9134909
 0.75795174 0.4421894  0.29589    0.6515194  0.608136   0.39249805
 0.56937635 0.6677027  0.38356492 0.5584123  0.43331638 0.5656452
 0.2800301  0.8526252  0.1350201  1.         0.362329   0.29713044
 0.57736796 0.6378042  0.35854197 0.55628556 0.6932251  0.4270889
 0.07403295 0.8932147  0.83789873 0.7573376  0.5779187  0.86481756
 0.4270575  0.46013615 0.2809309  0.44706085 0.4281952  0.6438939
 0.908459   0.7987688  0.         0.18813261 0.7177256  0.45061284
 0.5855364  0.8423815  0.4509781  0.2884302  0.5250619  0.482769
 0.6082965  0.12119488 0.39226493 0.4798657  0.20673458 0.14266756
 0.55134743 0.28565612 0.         0.5237976  1.         0.13872974
 0.80097204 0.3719106  0.5606055  0.28336626 0.25284052 0.4815478
 0.50373775 0.43737182 0.67533636 0.40301722 0.26224688 0.3623414
 0.38749018 0.6349864  0.77786154 0.72442925 1.         0.68320227
 0.1038435  0.6013313  1.         0.37666568 0.64126986 0.30036962
 0.         0.4011584  0.5399432  0.52238375 0.35486352 1.
 0.6149742  0.6633773  0.06391764 0.40361604 0.         0.
 0.8396386  0.4914031  0.32832888 0.5762833  0.81772673 0.15482204
 0.9822509  0.86670196 0.76056415 0.6682067  0.52889055 0.64906573
 0.4955007  0.16287372 0.7398422  0.5953369  0.08657585 0.5000559
 0.73338383 0.5404581  0.32691285 0.48452803 0.60615855 0.7178351
 0.14580144 0.22955121 0.91604835 0.23223692 0.47407857]
