2024-05-29 14:34:34[INFO] 
[Env initialized][Metric tpmC: 10704.42 tpmTotal: 23899.65 Transaction Count: 24054]
2024-05-29 14:34:34[INFO] [ddpg] Action: [0.5143367  0.2513442  0.25395906 0.4600682  0.3247286  0.53870916
 0.8263032  0.81486946 0.38718444 0.4443885  0.3763698  0.21583642
 0.1822198  0.37268668 0.86981374 0.5517073  0.6121434  0.27874509
 0.87637407 0.54364926 0.43794665 0.34581035 0.6489351  0.42173633
 0.5952977  0.741818   0.5583814  0.6636915  0.612443   0.42908385
 0.44335303 0.14080365 0.85823596 0.6037984  0.43063554 0.24653885
 0.10108104 0.6334759  0.5798745  0.545289   0.33369684 0.47359425
 0.55512244 0.47052938 0.19038926 0.6602016  0.8032791  0.40919688
 0.7694121  0.32209846 0.1764096  0.706225   0.6390959  0.77774245
 0.6092559  0.17286797 0.7819746  0.61444676 0.5098229  0.02785151
 0.97863567 0.3908692  0.5885195  1.         0.3185782  0.13442841
 0.21419115 0.5009866  0.3478129  0.5119772  0.8626061  0.56566715
 0.72522986 0.49869296 0.42922395 0.399299   0.6401104  0.5122475
 0.6267367  0.3254554  0.42288104 0.5202681  0.71198833 0.45264533
 0.47723165 0.94279504 0.7309744  0.27612284 0.5020885  0.57013285
 0.33707878 0.5038892  0.6649233  0.72088635 0.22370753 0.46690375
 0.03448328 0.11648806 0.7814793  0.5832789  0.4951859  0.8780036
 0.30650038 0.6985865  0.45498815 0.6568859  0.439996   0.7697564
 0.48631403 0.30985403 0.52044046 0.6099158  0.742473   0.26344955
 0.47931245 0.57125896 0.5813622  0.41014206 0.5014678  0.6258687
 0.83627033 0.18575552 0.25110367 0.7477876  0.6083291  0.6747137
 0.4490719  0.4967723  0.35186923 0.27916613 0.5797565  0.34602365
 0.75659645 0.2217126  0.55615723 0.6976683  0.10806581 0.33794352
 0.11507585 0.60464793 0.58414036 0.5932037  0.5634727  0.37249374
 0.1888228  0.5048883  0.44161993 0.5940039  0.1751628  0.45390028
 0.37691456 0.6781693  0.76526433 0.5418863  0.42404506 0.25524816
 0.4052616  0.6626073  0.6876142  0.2528528  0.23757698 0.30243865
 0.57244974 0.42798716 0.38249314 0.39708897 0.7716517  0.49656677
 0.40156516 0.48398635 0.7981158  0.63759714 0.35840413 0.17948523
 0.5808631  0.4046829  0.516028   0.5566246  0.6442     0.6755727
 0.8593078  0.44559497 0.48148927 0.7698292  0.55408114 0.21137154
 0.41141126 0.6067863  0.45395896 0.2913032  0.15700917 0.38537064
 0.55255437 0.6272625  0.17825884 0.58343375 0.54300463]
