2024-05-30 23:47:33[INFO] 
[Env initialized][Metric tpmC: 10183.33 tpmTotal: 22731.16 Transaction Count: 22812]
2024-05-30 23:47:33[INFO] [ddpg] Action: [0.40171707 0.11027756 0.17017774 0.5886705  0.2639113  0.60168546
 0.03125564 0.4986714  0.51887846 0.59131104 0.5940984  0.10467298
 0.358831   0.28893545 0.5365709  0.5593633  0.6528717  0.45961264
 0.5514034  0.47128633 0.38166994 0.4206572  0.23924068 0.6946154
 0.8429214  0.6078726  0.6951064  0.4710885  0.33360526 0.68419135
 0.50068015 0.59106696 0.82951075 0.23788376 0.29435644 0.38413644
 0.3169354  0.7074162  0.54624516 0.57995284 0.5086798  0.36651418
 0.41010746 0.7792214  0.3040095  0.4293056  0.52306986 0.59536564
 0.4276298  0.51158905 0.5390889  0.23187114 0.50676334 0.50493175
 0.06718193 0.33205736 0.6782729  0.7992087  0.47808078 0.5304139
 0.5717898  0.60254204 0.554895   0.46217647 0.4031852  0.45591494
 0.73795015 0.6835968  0.32628724 0.2845137  0.713794   0.6737125
 0.547252   0.55557007 0.42288318 0.45099264 0.8330943  0.5168496
 0.67874444 0.64314336 0.47919625 0.11592728 0.9785203  0.51879126
 0.31223878 0.39212787 0.32915914 0.43844286 0.08618657 0.38037488
 0.7646136  0.08820193 0.5293782  0.52951163 0.538266   0.7199945
 0.40002432 0.76509964 0.28588903 0.22912858 0.21933469 0.61852175
 0.1899262  0.45295233 0.6628678  0.28609726 0.5411701  0.72262573
 0.6279356  0.34483528 0.34186515 0.23173565 0.3178152  0.7383236
 0.88231075 0.8940769  0.60043246 0.5214449  0.78462124 0.56685215
 0.43446466 0.5481554  0.29814208 0.78298503 0.3774909  0.7675074
 0.11410911 0.6042033  0.56862086 0.5359934  0.41978285 0.26739123
 0.09418915 0.3797768  0.72826195 0.68848515 0.71985626 0.4201571
 0.75047386 0.6820141  0.74273103 0.80368847 0.3519244  0.6942221
 0.321574   0.59061795 0.42363885 0.4229717  0.75487703 0.47840276
 0.5674255  0.59875906 0.34361938 0.7252005  0.63892275 0.12203933
 0.5309759  0.65893143 0.9069298  0.5583576  0.3721748  0.528762
 0.12507348 0.39277345 0.42225915 0.554512   0.5237908  0.1933112
 0.88778204 0.59770566 0.37135565 0.5530316  0.52573407 0.4849238
 0.57143784 0.7355526  0.46341425 0.48438406 1.         0.88421386
 0.29117075 0.41105136 0.42851442 0.34616497 0.3742166  0.22973235
 0.45207176 0.57635474 0.5381787  0.83140206 0.7023623  0.7389049
 0.16363394 0.7875397  0.24046198 0.2871192  0.67758   ]
2024-05-30 23:49:22[INFO] 
[ddpg][Episode: 0][Step: 0][Metric tpmC:7509.31 tpmTotal:17056.96 Transaction Count:17162]Reward: 120983.4816390874 Score: 0.1209834816390874 Done: False
2024-05-30 23:49:22[INFO] [ddpg][Episode: 0][Step: 0] step: 108.5678060054779s env step: 108.55426836013794s train step: 0.0s restart time: 44.5563485622406s action time: 0.006300687789916992s
2024-05-30 23:49:22[INFO] [ddpg][Episode: 0][Step: 0][Average] step: 108.5678060054779s env step: 108.55426836013794s train step: 0.0s restart time: 44.5563485622406s action time: 0.006300687789916992s
2024-05-30 23:49:22[INFO] [ddpg] Action: [0.64109594 0.20200878 0.54415315 0.2696265  0.5078534  0.7197015
 0.19979386 0.6466828  0.335811   0.7905629  0.7607985  0.3506434
 0.54259586 0.3718948  0.69144934 0.628436   0.37089947 0.4215577
 0.6360253  0.4160019  0.37999246 0.5827878  0.31720826 0.6639122
 1.         0.41633883 0.94343203 0.49925432 0.7203377  0.3749062
 0.3114983  0.5276567  0.8861279  0.45063406 0.3545139  0.5467368
 0.46363896 0.6273774  0.5784936  0.50801396 0.28350568 0.7042164
 0.56235397 0.78741294 0.5670382  0.3115588  0.72598606 0.46135706
 0.13039505 0.5301872  0.73245996 0.57174146 0.26178485 0.6936212
 0.19272311 0.61775285 0.6377128  1.         0.42806548 0.6996363
 0.637703   0.4253248  0.7953887  0.35702845 0.47412026 0.35330942
 0.7965619  0.62559634 0.33108985 0.533542   0.6065634  0.8109013
 1.         0.37242612 0.6898805  0.33504173 0.64655596 0.49896118
 1.         0.8921658  0.6725737  0.5534636  0.7911677  0.60447884
 0.02028857 0.7297605  0.22649445 0.68639255 0.         0.32400864
 0.48372096 0.2685153  0.70775896 0.47063604 0.76996046 0.75403184
 0.70675814 0.83857316 0.         0.26878968 0.23330091 0.5171376
 0.07408033 0.58130103 0.8445086  0.3549193  0.25369054 0.73421186
 0.49686828 0.53203285 0.         0.1833706  0.17526782 0.659496
 1.         0.5623535  0.31908342 0.9649385  0.5457737  0.41947484
 0.6461724  0.7468577  0.08750724 0.67219293 0.61629915 0.2571886
 0.24873805 0.79937553 0.5605529  0.5300885  0.36661312 0.0092708
 0.3518458  0.20395336 0.7740222  0.6558361  0.8134528  0.7784651
 0.7534384  0.66180855 0.5339269  0.8729569  0.81497616 0.70035535
 0.5736368  0.6918665  0.4827819  0.5456415  0.9856721  0.45638636
 0.6616348  0.6447386  0.34640688 0.80905014 0.5655197  0.
 0.49521202 0.7160713  0.44459876 0.59988594 0.0369186  0.47455096
 0.02128208 0.35703492 0.41253665 0.3707275  0.8342232  0.23439243
 1.         0.47013107 0.41324863 0.6994329  0.7306514  0.61169535
 0.8052761  0.7174548  0.5413537  0.45109594 0.7719955  0.9193365
 0.1522963  0.31621256 0.34837592 0.65979624 0.4805733  0.66228926
 0.47185484 0.45907986 0.53924423 0.9687954  0.989775   0.6390281
 0.40481502 0.90507615 0.06140201 0.7379371  0.9428449 ]
2024-05-30 23:51:05[INFO] 
[ddpg][Episode: 0][Step: 1][Metric tpmC:7448.92 tpmTotal:16596.01 Transaction Count:16691]Reward: 156442.73522752288 Score: 0.2774262168666103 Done: False
2024-05-30 23:51:05[INFO] [ddpg][Episode: 0][Step: 1] step: 103.45670437812805s env step: 103.44989109039307s train step: 0.0s restart time: 39.53601336479187s action time: 0.0008349418640136719s
2024-05-30 23:51:05[INFO] [ddpg][Episode: 0][Step: 1][Average] step: 103.45670437812805s env step: 103.44989109039307s train step: 0.0s restart time: 39.53601336479187s action time: 0.003567814826965332s
2024-05-30 23:51:05[INFO] [ddpg] Action: [7.1540481e-01 0.0000000e+00 4.1203964e-01 2.5558800e-01 3.3974171e-01
 8.9153856e-01 2.5657609e-01 7.1546334e-01 2.1940300e-02 7.7803957e-01
 5.3129786e-01 4.2158508e-01 4.5428321e-01 2.7856657e-01 8.8958603e-01
 5.0726581e-01 5.5131662e-01 3.8182038e-01 5.6342065e-01 5.8727729e-01
 3.2198313e-01 4.2944506e-01 3.6306581e-01 8.7064707e-01 6.3649881e-01
 7.8543645e-01 8.3281052e-01 4.2000410e-01 9.7055191e-01 2.2383276e-01
 2.4001440e-01 4.5967692e-01 6.7241925e-01 2.4347687e-01 4.8356131e-01
 4.7901857e-01 5.7880157e-01 8.6021435e-01 4.7533992e-01 6.4981490e-01
 2.7209920e-01 8.0622655e-01 5.8410704e-01 7.2827786e-01 6.7214578e-01
 3.1013900e-01 5.1264811e-01 5.4866004e-01 2.1725981e-01 4.7104058e-01
 6.0781115e-01 7.3439544e-01 0.0000000e+00 3.7975866e-01 3.8743123e-01
 9.0599585e-01 8.4075004e-01 1.0000000e+00 2.5865388e-01 6.1823446e-01
 4.4013524e-01 6.8647337e-01 2.5630975e-01 4.0613309e-01 5.6516480e-01
 3.3503076e-01 1.0000000e+00 7.4595338e-01 3.0969605e-01 1.6182624e-01
 8.1566912e-01 9.9032158e-01 8.4206182e-01 5.2593964e-01 7.9611015e-01
 2.7400124e-01 6.8093598e-01 4.4886300e-01 8.3653808e-01 1.0000000e+00
 2.9295310e-01 8.5276371e-01 1.0000000e+00 7.9579622e-01 6.5729837e-04
 8.1024194e-01 3.0137366e-01 6.0221577e-01 8.3610587e-02 3.0833200e-01
 2.4701686e-01 2.9477265e-01 5.2700174e-01 8.2621002e-01 9.0860230e-01
 7.5562042e-01 7.9301047e-01 1.0000000e+00 0.0000000e+00 0.0000000e+00
 2.9646197e-01 2.6089650e-01 1.8811431e-03 6.5497047e-01 8.0704349e-01
 3.3800926e-03 3.1396315e-02 8.3734310e-01 9.8355758e-01 7.7171344e-01
 0.0000000e+00 3.5463148e-01 4.1628197e-01 6.4742190e-01 9.5260847e-01
 3.9167437e-01 4.2114645e-01 1.0000000e+00 8.0159251e-03 3.3944449e-01
 7.3296732e-01 1.0000000e+00 0.0000000e+00 6.0718083e-01 5.7439548e-01
 2.9825872e-01 7.5159408e-02 7.1475089e-01 4.5428905e-01 4.8872894e-01
 4.7489342e-01 4.2919627e-01 1.3636765e-01 3.0004841e-01 7.8730553e-01
 5.2305275e-01 6.5680659e-01 6.0884035e-01 7.9462749e-01 1.0000000e+00
 4.1866338e-01 9.6968251e-01 7.9620606e-01 2.4907610e-01 6.7870075e-01
 5.5392379e-01 4.4640380e-01 3.9581949e-01 1.0000000e+00 7.9349989e-01
 4.5997825e-01 7.8456849e-01 2.5244814e-01 5.3924847e-01 6.5732443e-01
 0.0000000e+00 9.2286158e-01 7.7565819e-01 2.0024499e-01 3.9471164e-01
 1.9599673e-01 1.4748889e-01 0.0000000e+00 1.0000000e+00 9.7722784e-02
 2.2056955e-01 7.6651943e-01 2.7451560e-01 1.0000000e+00 5.0958377e-01
 7.0322859e-01 4.5279178e-01 9.0672702e-01 4.1405031e-01 6.4403784e-01
 6.9080418e-01 8.7002897e-01 6.7481333e-01 9.1040599e-01 7.0412928e-01
 1.3793550e-01 1.7521286e-01 1.5904576e-01 6.3991618e-01 9.7044551e-01
 8.4720600e-01 5.8775580e-01 2.6745200e-01 7.3049104e-01 9.9088091e-01
 8.5834181e-01 3.8226122e-01 5.2975756e-01 1.0000000e+00 0.0000000e+00
 5.9819371e-01 9.4497520e-01]
2024-05-30 23:52:49[INFO] 
[ddpg][Episode: 0][Step: 2][Metric tpmC:6992.21 tpmTotal:15742.4 Transaction Count:15876]Reward: 174146.5505583963 Score: 0.45157276742500657 Done: False
2024-05-30 23:52:49[INFO] [ddpg][Episode: 0][Step: 2] Critic: 24941344768.0 Actor: -0.03669409081339836
2024-05-30 23:52:49[INFO] [ddpg][Episode: 0][Step: 2] step: 104.04895043373108s env step: 103.60431838035583s train step: 0.21850764751434326s restart time: 39.53465032577515s action time: 0.0008630752563476562s
2024-05-30 23:52:49[INFO] [ddpg][Episode: 0][Step: 2][Average] step: 104.04895043373108s env step: 103.60431838035583s train step: 0.21850764751434326s restart time: 39.53465032577515s action time: 0.0026662349700927734s
2024-05-30 23:52:49[INFO] [ddpg] Action: [8.0147886e-01 0.0000000e+00 6.0507673e-01 3.2049015e-02 6.1769468e-01
 6.8591994e-01 1.3507317e-01 7.2917658e-01 1.9059953e-01 5.0532871e-01
 1.6228960e-01 3.1314069e-01 3.8731363e-01 3.9583144e-01 9.9656546e-01
 5.8583993e-01 6.7172796e-01 2.3288822e-01 6.2181252e-01 7.1278781e-01
 0.0000000e+00 3.9346519e-01 3.9275157e-01 6.8211448e-01 5.5358624e-01
 6.1112237e-01 5.5192780e-01 4.6550974e-01 7.4067646e-01 3.2026920e-01
 7.4008934e-02 6.3323051e-01 7.5925821e-01 2.1294235e-01 2.2626862e-01
 5.3029376e-01 5.5623120e-01 7.5638813e-01 8.8709885e-01 6.0532308e-01
 2.2428279e-04 8.9794558e-01 6.2160850e-01 9.0190536e-01 5.1607633e-01
 3.8932276e-01 5.4548055e-01 6.5677002e-02 2.5939053e-01 4.3315348e-01
 4.4327527e-01 4.6663064e-01 2.6597252e-01 4.4594166e-01 3.1039676e-01
 4.7864637e-01 1.0000000e+00 7.8603303e-01 6.9547600e-01 3.8589954e-01
 3.7277213e-01 6.5982300e-01 1.7739072e-01 1.2744837e-01 6.2145185e-01
 2.1124730e-01 9.5650822e-01 7.7694368e-01 3.1524131e-01 2.2467922e-01
 6.6570109e-01 1.0000000e+00 5.4987001e-01 5.6594169e-01 6.7920518e-01
 0.0000000e+00 5.6918585e-01 3.6666951e-01 3.0524638e-01 9.5806932e-01
 0.0000000e+00 5.2286518e-01 8.9405322e-01 1.0000000e+00 2.3343135e-01
 7.4137813e-01 3.3364385e-02 8.8955271e-01 2.3092709e-01 2.2745632e-02
 3.5040352e-01 5.9314656e-01 6.3934535e-01 8.6520851e-01 7.5387776e-01
 8.6719000e-01 7.5070804e-01 1.0000000e+00 0.0000000e+00 2.4069618e-01
 4.4494116e-01 2.0391290e-01 0.0000000e+00 5.7571089e-01 8.1542289e-01
 2.2170399e-01 4.7172847e-01 6.7432779e-01 9.3870580e-01 7.8004646e-01
 1.7757086e-01 3.7244347e-01 3.4779528e-01 6.1874932e-01 9.6927947e-01
 2.3769335e-01 3.5809189e-01 1.0000000e+00 2.7427551e-01 4.9520740e-01
 5.3219897e-01 1.0000000e+00 0.0000000e+00 8.3861011e-01 5.0326324e-01
 4.4417244e-01 8.8606670e-02 4.4287607e-01 3.6553881e-01 5.2220309e-01
 1.0035185e-01 5.2238601e-01 3.2390577e-01 3.5807592e-01 8.0653226e-01
 3.0741403e-01 7.1548259e-01 9.5651740e-01 8.4112602e-01 9.6536636e-01
 3.1453946e-01 9.8883218e-01 3.7682649e-01 4.0286285e-01 6.1234063e-01
 4.2522746e-01 2.2649290e-01 2.8080890e-01 8.3709705e-01 5.5667138e-01
 4.0382820e-01 7.5608444e-01 2.8703815e-01 8.4011453e-01 5.4228866e-01
 0.0000000e+00 1.0000000e+00 5.0328511e-01 0.0000000e+00 2.8495756e-01
 2.8698671e-01 0.0000000e+00 0.0000000e+00 7.1729541e-01 1.7013870e-01
 1.2591168e-01 8.1247151e-01 7.7275895e-02 1.0000000e+00 3.8700649e-01
 5.4642898e-01 4.2989904e-01 7.6040131e-01 5.9743190e-01 9.7248620e-01
 6.6981018e-01 9.1090113e-01 6.9912773e-01 9.5203555e-01 1.0000000e+00
 8.4346481e-02 3.5800323e-02 2.8230214e-01 7.4211794e-01 9.7805160e-01
 5.3722841e-01 7.9019672e-01 1.0717713e-01 8.3400929e-01 1.0000000e+00
 8.5755455e-01 2.9520294e-01 4.3644491e-01 1.0000000e+00 0.0000000e+00
 5.4205143e-01 8.7663782e-01]
2024-05-30 23:54:33[INFO] 
[ddpg][Episode: 0][Step: 3][Metric tpmC:7250.53 tpmTotal:15996.35 Transaction Count:16078]Reward: 188426.71922284743 Score: 0.639999486647854 Done: False
2024-05-30 23:54:33[INFO] [ddpg][Episode: 0][Step: 3] Critic: 25588542976.0 Actor: -0.03687171172350645
2024-05-30 23:54:33[INFO] [ddpg][Episode: 0][Step: 3] step: 103.44717669487s env step: 103.42165899276733s train step: 0.009336590766906738s restart time: 39.553807497024536s action time: 0.0007920265197753906s
2024-05-30 23:54:33[INFO] [ddpg][Episode: 0][Step: 3][Average] step: 103.44717669487s env step: 103.42165899276733s train step: 0.009336590766906738s restart time: 39.553807497024536s action time: 0.0021976828575134277s
2024-05-30 23:54:33[INFO] [ddpg] Action: [0.42575428 0.11772536 0.7095531  0.1445943  1.         0.59153175
 0.043683   0.96213245 0.41001433 0.2327976  0.5579689  0.09059668
 0.21085504 0.3059632  0.8888091  0.3447369  0.5252307  0.2580717
 0.6772611  0.25696114 0.0619006  0.8461448  0.3076628  0.8118318
 0.2904014  0.69745266 0.5574912  0.5562088  0.24551588 0.18359865
 0.         0.4946223  0.7505426  0.         0.07296443 0.57538897
 0.58857954 1.         1.         0.689269   0.         1.
 0.7000955  0.6765707  0.9046657  0.3618925  0.4025365  0.
 0.62121516 0.45325437 0.18366194 0.54770625 0.07397714 0.40505683
 0.20120957 0.34772292 0.88983583 0.6935964  0.6731745  0.20825596
 0.86540633 0.8996624  0.3466116  0.18755658 0.60147834 0.2614381
 0.7897372  0.7629025  0.45052683 0.35352942 0.29490522 0.7921189
 0.29765114 0.8708703  0.59351456 0.32067734 0.49233368 0.65321565
 0.23439093 0.52873623 0.3007607  0.5057422  0.4979405  0.8110233
 0.1074453  1.         0.38012844 1.         0.3786925  0.
 0.3776992  0.40575448 0.6341285  0.94187385 0.657975   0.75731486
 0.63039404 1.         0.00896374 0.1641787  0.5682872  0.27210975
 0.17871726 0.66912895 0.73628414 0.10539439 0.86013377 0.81112117
 0.8058375  0.89504874 0.         0.2688066  0.27283427 0.50949264
 1.         0.3493275  0.23424014 1.         0.1860477  0.3160626
 0.8493911  1.         0.         0.4901975  0.44894904 0.4994939
 0.23264481 0.53556067 0.25953066 0.4541009  0.59366894 0.4242268
 0.6686911  0.24947138 0.5202992  0.6677519  0.9146481  1.
 0.94882125 1.         0.1323753  1.         0.5808073  0.75886846
 0.27095458 0.19601238 0.5337698  0.61306924 0.6921718  0.25915787
 0.47900978 0.72204304 0.08270282 0.75161403 0.3629887  0.14950116
 1.         0.37418512 0.14603464 0.59621596 0.         0.
 0.         0.780466   0.51667684 0.17600326 0.5542007  0.2613237
 1.         0.43490258 0.5049538  0.6575213  0.8060387  0.6700672
 1.         0.5696713  0.6896754  0.6440931  0.94000304 0.59645534
 0.         0.03897893 0.4727197  0.77098805 1.         0.4357309
 0.885252   0.25192496 0.7035028  1.         0.52824384 0.
 0.28576472 0.8340753  0.         0.56964123 0.8739108 ]
2024-05-30 23:56:16[INFO] 
[ddpg][Episode: 0][Step: 4][Metric tpmC:7822.81 tpmTotal:17377.86 Transaction Count:17535]Reward: 134283.43263405806 Score: 0.7742829192819121 Done: False
2024-05-30 23:56:17[INFO] [ddpg][Episode: 0][Step: 4] Critic: 22503869269.333332 Actor: -0.03667497572799524
2024-05-30 23:56:17[INFO] [ddpg][Episode: 0][Step: 4] step: 103.60617780685425s env step: 103.58016991615295s train step: 0.009582996368408203s restart time: 39.53064322471619s action time: 0.0007569789886474609s
2024-05-30 23:56:17[INFO] [ddpg][Episode: 0][Step: 4][Average] step: 103.60617780685425s env step: 103.58016991615295s train step: 0.009582996368408203s restart time: 39.53064322471619s action time: 0.0019095420837402343s
2024-05-30 23:56:17[INFO] [ddpg] Action: [0.1864935  0.09193819 0.6747216  0.1671912  0.97363126 0.71660954
 0.         1.         0.68515486 0.05624985 0.89492583 0.
 0.17593578 0.41087174 0.95009655 0.00286697 0.12727843 0.
 0.9006903  0.39732563 0.         0.9575592  0.63534725 1.
 0.49201927 0.70827883 0.59013504 0.3279545  0.10155638 0.36291876
 0.         0.39375103 0.7643678  0.         0.38572347 0.5263612
 0.5762092  0.954087   0.8521742  0.66368395 0.06223527 0.798249
 0.832277   0.65297616 0.65378016 0.18063736 0.5701026  0.19256613
 0.25125203 0.71182984 0.76756614 0.2739221  0.07647554 0.61610764
 0.25807634 0.         0.9461014  0.5923404  0.39765757 0.23977059
 0.8347815  0.8927383  0.28145903 0.46937647 0.3904263  0.35077247
 0.6787184  0.786853   0.13434902 0.5922443  0.6673304  0.42711112
 0.05203338 0.5536586  0.3723262  0.2821323  0.32999116 0.57515144
 0.3432872  0.65076864 0.4695301  0.         0.40064245 0.5923925
 0.11020758 1.         0.41753995 1.         0.63371456 0.
 0.29831824 0.28361416 0.7956462  0.69760674 0.587835   0.4693805
 0.8912433  1.         0.         0.4704902  0.49035162 0.39051807
 0.         0.43366417 0.6793493  0.34567803 0.87850547 0.9821511
 0.81641823 0.9177554  0.         0.44191423 0.41965845 0.9605239
 1.         0.22974065 0.2437293  1.         0.03098951 0.245523
 0.7859106  1.         0.31915605 0.68531996 0.77737355 0.42955533
 0.13798004 0.88651484 0.8596168  0.38566688 1.         0.2759093
 0.53141016 0.40352342 0.3030005  0.78774685 0.78725034 1.
 0.865299   0.8910508  0.04679208 1.         0.25194544 0.2866749
 0.60299504 0.41038987 0.47234446 0.5061542  0.9637141  0.42420623
 0.50003153 0.79589164 0.18246071 0.59219676 0.45361263 0.
 0.79084617 0.4009469  0.5266044  0.48003784 0.         0.
 0.         0.74490696 0.45563343 0.31000623 0.46651393 0.5307418
 1.         0.39826828 0.31732437 0.5671534  0.5920779  0.8604111
 1.         0.4654701  0.8661247  0.64639556 0.744301   0.6351339
 0.         0.         0.52166003 0.6094233  1.         0.72989786
 0.7681417  0.235342   0.81050086 1.         0.63186044 0.41414306
 0.01701783 0.7193704  0.         0.8041609  1.        ]
