2024-05-22 18:04:34[INFO] 
[Env initialized][Metric tpmC: 7486.45 tpmTotal: 16501.21 Transaction Count: 16594]
2024-05-22 18:36:53[INFO] [ddpg] Action: [0.504859   0.34534666 0.7621219  0.5924271  0.29026005 0.58303994
 0.73018175 0.34860125 0.2914827  0.63491505 0.5776005  0.35062128
 0.6335314  1.         0.452331   0.20631309 0.34143722 0.2333531
 0.3143541  0.23719466 0.3369312  0.49913684 0.63679487 0.60599464
 0.5379657  0.3546077  0.41445008 0.4536066  0.19204795 0.6539603
 0.59298223 0.5464849  0.49466833 0.41251427 0.35492232 0.44202042
 0.4523664  0.6003862  0.57419336 0.83571756 0.39243078 0.39746946
 0.53817916 0.47515213 0.62586135 0.67405564 0.55724555 0.24301113
 0.60894275 0.8625462  0.12748803 0.6904726  0.58709764 0.6271957
 0.69432604 0.5061876  0.6605226  0.25020927 0.46749765 0.7702315
 0.38548777 0.15872644 0.4590157  0.5602091  0.59303164 0.33750278
 0.44900918 0.7534209  0.63931835 0.42169762 0.4807561  0.8459165
 0.62390375 0.43300006 0.29346448 0.22027396 0.68319595 0.32963666
 0.330097   0.38203394 0.58184713 0.62868375 0.24561816 0.6129817
 0.42822212 0.6903465  0.7625077  0.776088   0.6764546  0.5796378
 0.02802711 0.35606402 0.513915   0.04985906 0.5285977  0.7189817
 0.34945533 0.28936273 0.31130224 0.6898074  0.6283189  0.6345021
 0.75944054 0.7429617  0.501198   0.32387677 0.5003816  0.55714977
 0.67911077 0.783884   0.56981075 0.43991178 0.55110824 0.55318886
 0.35156146 0.4259728  0.7113344  0.686852   0.55859804 0.47877416
 0.34771878 0.4998121  0.6202505  0.4147085  0.44846767 0.20353124
 0.74383205 0.5247934  0.4042693  0.47430226 0.3601401  0.7370658
 0.61340344 0.8555948  0.30372193 0.6838192  0.41596597 0.5865714
 0.29650253 0.7549896  0.3655568  0.84645075 0.83196306 0.54978925
 0.5803471  0.3789064  0.24785742 0.66536635 0.25531587 0.4461096
 0.25510934 0.42489326 0.24269034 0.31820223 0.3547256  0.19661786
 0.8942129  0.5409265  0.5040311  0.11947516 0.59364176 0.74438494
 0.6723772  0.7164759  0.7803642  0.63105834 0.507992   0.47189844
 0.51785845 0.07589218 0.55031514 0.53486466 0.5572946  0.6966186
 0.76228416 0.40297607 0.45034674 0.33788413 0.4174566  0.08862622
 0.55174935 0.4247503  0.5637381  0.43015674 0.26075706 0.5304621
 0.39514956 0.42050144 0.6745464  0.81167585 0.48962712 0.49096707
 0.2107521  0.66366506 0.71579045 0.5074017  0.72778434]
2024-05-22 18:38:08[INFO] 
[ddpg][Episode: 0][Step: 0][Metric tpmC:0 tpmTotal:0 Transaction Count:0]Reward: -10000000.0 Score: -10000000.0 Done: True
2024-05-22 18:38:32[INFO] [ddpg][Episode: 0][Step: 0] step: 2038.3757824897766s env step: 75.20232772827148s train step: 0.0s restart time: 75.20219039916992s action time: 1935.9452986717224s
2024-05-22 18:38:32[INFO] [ddpg][Episode: 0][Step: 0][Average] step: 2038.3757824897766s env step: 75.20232772827148s train step: 0.0s restart time: 75.20219039916992s action time: 1935.9452986717224s
2024-05-22 18:39:08[INFO] 
[Env initialized][Metric tpmC: 7486.45 tpmTotal: 16501.21 Transaction Count: 16594]
2024-05-22 18:39:24[INFO] [ddpg] Action: [0.5638618  0.6406497  0.5437897  0.6388765  0.8558279  0.5797635
 0.6587702  0.63337237 0.15299849 0.6192519  0.46294147 0.60940254
 0.9997235  0.60051906 0.3147601  0.78523993 0.7375246  0.62630373
 0.32125527 0.2806878  0.6609976  0.22999686 0.37501058 0.54460096
 0.38500443 0.74744284 0.8497943  0.09096587 0.29802904 0.39382124
 0.30500117 0.54464394 0.44744226 0.22264361 0.4106501  0.502485
 0.4027016  0.5499846  0.8084196  0.5783188  0.51219577 0.5367494
 0.65410227 0.22557268 0.7796672  0.17249218 0.48078114 0.53167486
 0.42463443 0.3382318  0.59105396 0.495468   0.55353504 0.4974434
 0.33640778 0.18091786 0.46060535 0.4584681  0.57039255 0.53311825
 0.5323291  0.48603836 0.40588382 0.231083   0.9330989  0.22275688
 0.4534908  1.         0.85082674 0.7848828  0.71952754 0.3991881
 0.24724926 0.45177054 0.73348755 0.50237054 0.49682117 0.32081407
 0.46919584 0.35821396 0.2507045  0.4542634  0.514386   0.42681172
 0.73915493 0.3170542  0.3303016  0.4472625  0.94506663 0.35269693
 0.44585803 0.26839626 0.4972487  0.43346426 0.40412116 0.6337862
 0.26504862 0.50043494 0.9354474  0.3105439  0.37325695 0.5600937
 0.35713315 0.72121567 0.6967654  0.53957355 0.22475338 0.7190317
 0.7110964  0.59755325 0.77066314 0.2102957  1.         0.83216095
 0.5963503  1.         0.37323526 0.4629152  0.5175694  0.56926167
 0.39006227 0.46281356 0.4133909  0.5793236  0.9476404  0.3212138
 0.5754925  0.32834068 0.25163016 0.266692   0.672618   0.6288235
 0.37078103 0.557868   0.4567792  0.4955075  0.3859682  0.5012899
 0.49588183 0.53315413 0.455156   0.48422876 0.4367781  0.4073165
 0.37543    0.3503172  0.4907588  0.60594547 0.58137786 0.48985437
 0.42461208 0.49056798 0.6910303  0.49445882 0.00794445 0.3089311
 0.24375634 0.24741644 0.29677364 0.37233683 0.4786668  0.73164165
 0.3770169  0.6523194  0.99886185 0.4141501  0.8446731  0.90672624
 0.6851143  0.42283136 0.532721   0.11522628 0.4195098  0.6592008
 0.50514674 0.45063916 0.52263546 0.14075522 0.49836537 0.7235894
 0.4966094  0.33852652 0.23703097 0.5378321  0.14453137 0.5070921
 0.9016066  0.30177173 0.747865   0.51798135 0.46348566 0.1737603
 0.45665932 0.6541948  0.4710374  0.8285424  0.41620716]
2024-05-22 18:40:39[INFO] 
[ddpg][Episode: 1][Step: 0][Metric tpmC:0 tpmTotal:0 Transaction Count:0]Reward: -10000000.0 Score: -10000000.0 Done: True
2024-05-22 18:40:44[INFO] [ddpg][Episode: 1][Step: 0] step: 95.95466709136963s env step: 75.19134521484375s train step: 0.0s restart time: 75.1912009716034s action time: 12.981366634368896s
2024-05-22 18:40:44[INFO] [ddpg][Episode: 1][Step: 0][Average] step: 95.95466709136963s env step: 75.19134521484375s train step: 0.0s restart time: 75.1912009716034s action time: 974.4633326530457s
2024-05-22 18:41:21[INFO] 
[Env initialized][Metric tpmC: 7486.45 tpmTotal: 16501.21 Transaction Count: 16594]
2024-05-22 18:41:21[INFO] [ddpg] Action: [0.277915   0.51417255 0.5161747  0.5687073  0.7271734  0.40907803
 0.6955238  0.5111183  0.4462651  0.49644822 0.24630554 0.52036685
 0.00640658 0.70941496 0.30679113 0.52969056 0.5986129  0.18196136
 0.39101028 0.64019    0.77767307 0.40640077 0.79584306 0.4031868
 0.4298953  0.6309257  0.77969223 0.34306797 0.5224427  0.33948
 0.5533155  0.43515363 0.02105199 0.40656903 0.40905342 0.40819708
 0.3859309  0.4520409  0.79314584 0.34767437 0.5233245  0.33468655
 0.5539787  0.99098265 0.45418712 0.35822764 0.22658867 0.62718797
 0.3682596  0.51472616 0.4209401  0.63219947 0.7498077  0.2134042
 0.7625466  0.5083475  0.4632895  0.574748   0.27065736 0.5661636
 0.66405314 0.32283685 0.2595524  0.5261438  0.11812038 0.41886398
 0.7023459  0.7755966  0.5970741  0.39939243 0.64300823 0.35647917
 0.72207505 0.3612264  0.74849385 0.6410913  0.48431578 0.16142184
 0.11685136 0.8335918  0.65834224 0.55262846 0.52980405 0.7238431
 0.51278555 0.20292981 0.63803184 0.52881104 0.5713728  0.3350152
 0.21860541 0.25844875 0.5134396  0.2673385  0.567641   0.63958126
 0.56468093 0.8587014  0.70505804 0.7648743  0.58646095 0.5988806
 0.52919483 0.45419976 0.6086268  0.65787256 0.46863058 0.7310084
 0.58558285 0.778238   0.49114075 0.22379428 0.38281637 0.6306368
 0.19540916 0.326526   0.23237756 0.3124741  0.24371389 0.70912623
 0.67061675 0.83422494 0.60179776 0.21797337 0.6186704  0.44574276
 0.24537526 0.14858957 0.4380194  0.02088592 0.45356822 0.7695136
 0.23687772 0.61833405 0.30884534 0.834851   0.3459078  0.7674981
 0.38162106 0.79373574 0.3949107  0.62534744 0.7165995  0.48137137
 0.42503893 0.8710171  0.369095   0.24837397 0.3331004  0.629636
 0.25479332 0.6497318  0.26087397 0.         0.47467092 0.7043909
 0.4404161  0.6225335  0.61911994 0.33158374 0.48039985 0.6358016
 0.46239465 0.273869   0.53302014 0.5430748  0.4194361  0.29836664
 0.5010193  0.3327999  0.5337401  0.58598775 0.44572008 0.83181834
 0.58173865 0.9930581  0.76846683 0.47555363 0.31261167 0.3468812
 0.71566004 0.35536966 0.7161128  0.33512652 0.47708398 0.24948521
 0.34012774 0.27014905 0.6196659  0.572559   0.29908833 0.27343187
 0.         0.46313262 0.47116482 1.         0.2825299 ]
2024-05-22 18:42:36[INFO] 
[ddpg][Episode: 2][Step: 0][Metric tpmC:0 tpmTotal:0 Transaction Count:0]Reward: -10000000.0 Score: -10000000.0 Done: True
