2024-05-30 21:22:50[INFO] 
[Env initialized][Metric tpmC: 10977.26 tpmTotal: 24355.58 Transaction Count: 24780]
2024-05-30 21:22:50[INFO] [ddpg] Action: [0.19465977 0.7229719  0.55202234 0.35145575 0.         0.44169015
 0.3328049  0.32512733 0.6498359  0.36377445 0.5413927  0.9013488
 0.6776489  0.37143496 0.27577105 0.28817138 0.4708181  0.5879434
 0.20259488 0.40466374 0.26641575 0.33944747 0.67250526 0.35569948
 0.79849774 0.380432   0.606655   0.7479608  0.36352763 0.8732514
 0.5999565  0.57352036 0.34845063 0.56799525 0.4163705  0.83228695
 0.3722549  0.43387032 0.1491606  0.6184154  0.4629119  0.25941586
 0.43046996 0.6247086  0.3201456  0.36109477 0.35572067 0.6691974
 0.22531612 0.62771267 0.21901922 0.5702565  0.26448977 0.31387693
 0.39880446 0.5059887  0.40924013 0.18965612 0.46197847 0.49335584
 0.7687351  0.5094458  0.63661146 0.2932094  0.7436347  0.6054632
 0.4656669  0.53777605 0.6276664  0.07490251 0.67678285 0.73866063
 0.52965575 0.6890081  0.3294674  0.42463663 0.62820613 0.6611777
 0.47411138 0.39868936 0.5811201  0.2463998  0.39547184 0.1576783
 0.33516225 0.63468474 0.2791439  0.3610956  0.57295483 0.5380447
 0.28368172 0.3565141  0.55507207 0.47983864 0.72872645 0.5597449
 0.47729918 0.4383081  0.5926715  0.5641974  0.64576685 1.
 0.33500004 0.4140407  0.39809152 0.30703458 0.5783838  0.38676283
 0.32547632 0.35463336 0.4960176  0.51481426 0.7011112  0.3740399
 0.7619961  0.26738843 0.34963897 0.5022135  0.12667556 0.16418839
 0.6178023  0.24962774 0.6246674  0.34379607 0.10707878 0.38264436
 0.2895794  0.49855712 0.7251885  0.51386344 0.41276252 0.18387716
 0.21892254 0.22475778 0.30476877 0.3712099  0.22245102 0.3717721
 0.6320634  0.63456756 0.37947464 0.6773048  0.09959894 0.54424214
 0.3743501  0.29916114 0.6773204  0.706879   0.33059058 0.79836965
 0.53153235 0.8503217  1.         0.5394154  0.677823   0.6732343
 0.53243667 0.8406844  0.6307801  0.6484984  0.41824618 0.3286417
 0.5363342  0.4273564  0.38485122 0.27152324 0.3527365  0.
 0.97483563 0.39601478 0.5670538  0.2768672  0.48259625 0.81753314
 0.05496755 0.6572703  0.18536314 0.02274465 0.50465363 0.32429773
 0.23892754 0.40047017 0.42388502 0.52855325 0.7234547  0.8468627
 0.56968933 0.27418008 0.27285123 0.14642447 0.39887166 0.798447
 0.46875206 0.4155032  0.4665571  0.35024217 0.28567165]
2024-05-30 21:24:34[INFO] 
[ddpg][Episode: 0][Step: 0][Metric tpmC:10728.59 tpmTotal:23790.25 Transaction Count:24227]Reward: 10088.114394185557 Score: 0.010088114394185558 Done: False
2024-05-30 21:24:34[INFO] [ddpg][Episode: 0][Step: 0] step: 104.6703929901123s env step: 104.66074824333191s train step: 0.0s restart time: 39.53800702095032s action time: 0.002392292022705078s
2024-05-30 21:24:34[INFO] [ddpg][Episode: 0][Step: 0][Average] step: 104.6703929901123s env step: 104.66074824333191s train step: 0.0s restart time: 39.53800702095032s action time: 0.002392292022705078s
2024-05-30 21:24:34[INFO] [ddpg] Action: [0.371708   0.6944181  0.7993604  0.4547973  0.         0.18866502
 0.22328274 0.14512761 0.8532171  0.452979   0.5908327  0.80020696
 0.77349687 0.06837076 0.17676583 0.03960439 0.29907483 0.286621
 0.51494735 0.56347716 0.32117414 0.08823702 0.5441503  0.26443598
 1.         0.06729935 0.6690058  1.         0.38873547 0.80051285
 0.6581079  0.9579721  0.06180443 0.7594405  0.60608655 0.8510362
 0.5153584  0.17573212 0.52967435 0.7243367  0.14812836 0.4981663
 0.50233006 0.66579103 0.11046275 0.15375453 0.5542825  0.7753284
 0.15513548 0.5746617  0.24222387 0.531424   0.27414098 0.4713538
 0.16220386 0.5409153  0.42674613 0.5501844  0.37512076 0.37018713
 0.862748   0.24256404 0.90240836 0.         0.8853767  0.75440955
 0.52050227 0.31892323 0.6356218  0.13648213 0.80503863 0.9511221
 0.7384901  0.56970686 0.49096105 0.41858047 0.5253179  0.56773305
 0.589516   0.44333512 0.6702391  0.6396686  0.7727101  0.05661381
 0.41557425 0.68284273 0.22964868 0.41675505 0.5625777  0.04252134
 0.16299616 0.18866055 0.43116125 0.44932994 0.5097578  0.63693494
 0.40715507 0.397034   0.45926216 0.5435459  0.81385654 1.
 0.6875463  0.29943946 0.43078566 0.39917013 0.60927135 0.49760315
 0.21011704 0.51218015 0.31120077 0.45096177 0.6311125  0.
 0.3390919  0.2855898  0.39132527 0.83318794 0.37116522 0.07661475
 0.52088284 0.49848467 0.49497563 0.52326596 0.4468003  0.22408938
 0.24084482 0.638014   0.70823205 0.30921617 0.2892266  0.16691981
 0.26420617 0.         0.36934182 0.58641493 0.2813842  0.34113884
 0.85771865 0.7521327  0.5089459  0.5753061  0.00731544 0.5890618
 0.550115   0.34643644 0.69826967 1.         0.16213964 0.5030946
 0.5912994  0.68891364 0.9936366  0.33571866 0.9892247  0.81272376
 0.88135165 0.83113754 0.49426967 0.5635852  0.3298888  0.4942875
 0.52156436 0.32735065 0.27452087 0.202688   0.512526   0.10280802
 0.74026936 0.674717   0.2943037  0.         0.36362416 0.7883161
 0.27284214 0.4686784  0.         0.13158245 0.48260203 0.09745045
 0.59851336 0.6122541  0.44517308 0.10400385 0.7757037  0.83480066
 1.         0.73766273 0.30781302 0.41966623 0.20354113 0.927807
 0.3536252  0.38034293 0.51641107 0.42952615 0.9695271 ]
2024-05-30 21:26:23[INFO] 
[ddpg][Episode: 0][Step: 1][Metric tpmC:11263.09 tpmTotal:24789.09 Transaction Count:25074]Reward: -0.0005977336623132178 Score: 0.00949038073187234 Done: False
2024-05-30 21:26:23[INFO] [ddpg][Episode: 0][Step: 1] step: 108.92161583900452s env step: 108.91400718688965s train step: 0.0s restart time: 44.588685512542725s action time: 0.001279592514038086s
2024-05-30 21:26:23[INFO] [ddpg][Episode: 0][Step: 1][Average] step: 108.92161583900452s env step: 108.91400718688965s train step: 0.0s restart time: 44.588685512542725s action time: 0.001835942268371582s
2024-05-30 21:26:23[INFO] [ddpg] Action: [0.61694497 0.80818987 0.2796275  0.21541418 0.40513122 0.40647563
 0.350372   0.         0.6897914  0.8722638  0.672611   0.9619153
 0.78775877 0.35205343 0.11151162 0.1620612  0.50103676 0.43903846
 0.6611284  1.         0.31874403 0.         0.7109346  0.29055437
 1.         0.         0.80175906 1.         0.7957154  0.68058854
 0.37210372 0.7145527  0.07686776 0.7062046  0.50854963 0.94259226
 0.40546492 0.         0.617323   0.7198669  0.21343753 0.57670826
 0.73429275 0.60434484 0.3590272  0.2996064  0.4681371  0.44096732
 0.2576344  0.25260755 0.22135338 0.33471772 0.21213306 0.17860039
 0.18957548 0.6270886  0.3403452  0.20615688 0.44668648 0.22512412
 0.7080605  0.21389765 0.8943748  0.34563807 0.70747674 0.39211553
 0.46369267 0.41935787 0.18269403 0.48831677 0.9315828  1.
 0.92742103 0.6818603  0.3605164  0.18108532 0.8193028  0.26112434
 0.8344617  0.58993536 0.59177744 0.5431142  0.7214723  0.37367553
 0.36294496 0.7852615  0.76191914 0.58148974 0.8511332  0.01175513
 0.25859678 0.42210144 0.28336644 0.         0.24963717 0.5140312
 0.5081338  0.52677464 0.04329128 0.4240577  0.74207413 1.
 0.6784291  0.         0.33494648 0.5006612  0.645923   0.52670056
 0.5286391  0.6670364  0.33760232 0.5038219  0.76531065 0.
 0.22169791 0.         0.19269055 0.59146696 0.00293368 0.19062585
 0.46966755 0.6885213  0.44977444 0.31214944 0.48692977 0.1911176
 0.2767041  0.76972747 0.31395555 0.26680723 0.         0.
 0.07793856 0.         0.49387366 0.52985346 0.10485276 0.3465787
 0.833472   0.45219824 0.30696672 0.738194   0.         0.43854767
 0.14378278 0.259033   0.6547199  1.         0.09343912 0.52937734
 0.7129369  0.55511624 1.         0.28763667 0.7859328  1.
 1.         0.71665174 0.30974603 0.47145867 0.209486   0.47043985
 0.36519554 0.3024659  0.27652472 0.         0.8359556  0.21547018
 0.7730105  0.8557742  0.5924219  0.08205738 0.5514084  0.78756195
 0.46862465 0.70989686 0.31972244 0.40172362 0.60577476 0.
 0.43993515 0.5205249  0.         0.02654844 0.52685404 0.9352762
 1.         0.6414854  0.40504405 0.6259864  0.17836305 0.72862715
 0.29064825 0.49473333 0.3353816  0.8739228  0.55936205]
2024-05-30 21:28:07[INFO] 
[ddpg][Episode: 0][Step: 2][Metric tpmC:11867.79 tpmTotal:26498.38 Transaction Count:26576]Reward: -0.05011590080279357 Score: -0.04062552007092123 Done: False
2024-05-30 21:28:08[INFO] [ddpg][Episode: 0][Step: 2] Critic: 101769860.0 Actor: -0.0947858914732933
2024-05-30 21:28:08[INFO] [ddpg][Episode: 0][Step: 2] step: 104.26389241218567s env step: 103.31083250045776s train step: 0.46925997734069824s restart time: 39.58836388587952s action time: 0.0008063316345214844s
2024-05-30 21:28:08[INFO] [ddpg][Episode: 0][Step: 2][Average] step: 104.26389241218567s env step: 103.31083250045776s train step: 0.46925997734069824s restart time: 39.58836388587952s action time: 0.0014927387237548828s
2024-05-30 21:28:08[INFO] [ddpg] Action: [0.6445635  0.884727   0.2720087  0.28178856 0.2529367  0.7312161
 0.18846004 0.         0.42414472 0.7767332  0.71931815 0.97910917
 0.80431646 0.11610404 0.35019273 0.         0.4948879  0.20563436
 0.6026732  1.         0.35617736 0.11676124 0.49099222 0.39089933
 1.         0.         0.7576965  1.         0.8025699  0.9770564
 0.177289   0.73093903 0.         1.         0.38327232 0.85181105
 0.27295977 0.06155116 0.43580997 0.6161901  0.15189451 0.61176974
 1.         0.3158152  0.4348251  0.00401302 0.47843257 0.506685
 0.20375536 0.0780333  0.43388897 0.8287515  0.68750185 0.09704325
 0.26072595 0.6355624  0.29540896 0.40187576 0.88579047 0.17139848
 0.9530536  0.4169677  0.819567   0.41626856 0.4402244  0.75641924
 0.52453953 0.5666091  0.34037122 0.45309463 0.9840905  1.
 0.93788975 0.68255156 0.15911263 0.16646734 0.7169272  0.18520755
 0.60477376 0.50777465 0.651699   0.55883515 0.52387553 0.24617979
 0.33846873 0.72213775 1.         0.8504909  0.49315658 0.0937265
 0.17161219 0.6345277  0.4016452  0.0164048  0.4746847  0.53665507
 0.53527886 0.53225917 0.3698422  0.46998608 0.5464093  0.89856946
 0.6137865  0.12466839 0.60897034 0.5896069  0.775191   0.25857753
 0.51401806 0.6710809  0.37742335 0.6599304  0.7790407  0.
 0.20695093 0.         0.28764233 0.5926977  0.13486004 0.07189284
 0.5191342  0.41367984 0.4491374  0.0913808  0.23733905 0.6116094
 0.5011269  0.53649354 0.3941652  0.23360145 0.15154967 0.01511026
 0.38287967 0.12129214 0.39327237 0.65166163 0.00154675 0.4017167
 1.         0.49107754 0.13857391 0.5538963  0.14044358 0.
 0.15312022 0.01732506 0.65448993 1.         0.4118114  0.50684494
 0.5994159  0.53594774 1.         0.29596356 0.41217294 0.855878
 0.6018678  0.78391707 0.57937825 0.25620422 0.         0.26076618
 0.5397377  0.5253722  0.26706102 0.19787177 0.82111067 0.46196723
 0.9117041  0.8467586  0.8061828  0.1170671  0.7357971  0.2239769
 0.42768756 0.53996515 0.09607655 0.19399518 0.73469967 0.
 0.05062986 0.6619441  0.03251831 0.13251436 0.6091237  0.76974845
 1.         0.52059627 0.47384328 0.7468141  0.25070566 0.99824584
 0.33298448 0.52542603 0.45587653 1.         0.604345  ]
2024-05-30 21:29:56[INFO] 
[ddpg][Episode: 0][Step: 3][Metric tpmC:10837.43 tpmTotal:24087.14 Transaction Count:24323]Reward: -0.010055806253991079 Score: -0.05068132632491231 Done: False
2024-05-30 21:29:56[INFO] [ddpg][Episode: 0][Step: 3] Critic: 101769860.0 Actor: -0.09467436745762825
2024-05-30 21:29:56[INFO] [ddpg][Episode: 0][Step: 3] step: 108.73040246963501s env step: 108.70644307136536s train step: 0.00847017765045166s restart time: 44.55630135536194s action time: 0.0007519721984863281s
2024-05-30 21:29:56[INFO] [ddpg][Episode: 0][Step: 3][Average] step: 108.73040246963501s env step: 108.70644307136536s train step: 0.00847017765045166s restart time: 44.55630135536194s action time: 0.0013075470924377441s
2024-05-30 21:29:56[INFO] [ddpg] Action: [0.74171335 0.7288348  0.2087489  0.35413292 0.2557071  0.34421828
 0.18822052 0.40774086 0.27467644 0.52965826 0.83660805 1.
 0.77945745 0.24907649 0.39275825 0.0547874  0.41362056 0.25152397
 0.5239916  1.         0.48752043 0.38317144 0.8106158  0.3937023
 1.         0.1835388  0.9438822  1.         1.         0.95694834
 0.33364773 0.81509453 0.         0.8493058  0.36934927 1.
 0.338149   0.09195946 0.46250647 0.7021182  0.15840027 0.76223606
 1.         0.47406688 0.527298   0.         0.52285254 0.40911853
 0.04553794 0.33206537 0.31773475 0.55904996 1.         0.24192764
 0.4189419  0.3158658  0.19034272 0.46653655 0.50432694 0.226524
 0.89721274 0.719682   0.83252627 0.29168817 0.36530432 0.8539535
 0.45573848 0.6900229  0.23417565 0.77454484 0.5945037  1.
 0.6779706  0.58933944 0.20012982 0.24158706 1.         0.6856888
 0.7027937  0.6274668  0.619723   0.56705904 0.43506974 0.2928628
 0.6018235  0.745221   1.         0.5881863  0.61909676 0.20886059
 0.23276126 1.         0.71345997 0.03357125 0.42295465 0.51711595
 0.33429727 0.42913714 0.44361493 0.6683091  0.4677846  0.9182641
 0.52866673 0.02272165 0.74088246 0.23660822 0.7253631  0.5564384
 0.44591993 0.3327964  0.42556491 0.78293437 0.71117336 0.12486466
 0.4479128  0.18891099 0.33553198 0.54145575 0.12891355 0.38464686
 0.3835316  0.31304598 0.4113936  0.21731646 0.2269717  0.502553
 0.5657937  0.17671391 0.64160365 0.24836862 0.         0.02654236
 0.3731616  0.1434043  0.3378739  0.31832558 0.         0.37459993
 1.         0.16202393 0.34236643 0.58305144 0.12598911 0.11346824
 0.22595118 0.30787414 0.3189904  1.         0.7933112  0.41947687
 0.7847731  0.17812812 1.         0.3818498  0.8226298  0.6315012
 0.7782958  0.8707635  0.55194914 0.         0.03871626 0.1701669
 0.58880395 0.30126774 0.         0.11069773 0.59609467 0.44489402
 0.45025593 0.89479715 0.7786015  0.22768144 0.7729932  0.03280611
 0.20892166 0.7468287  0.21323256 0.20229217 1.         0.03084841
 0.         0.39666256 0.         0.24173845 0.5316026  0.65160114
 1.         0.54489994 0.72578365 0.61765414 0.33278474 1.
 0.22445193 0.3779485  0.00982321 0.9973281  0.5573702 ]
2024-05-30 21:31:40[INFO] 
[ddpg][Episode: 0][Step: 4][Metric tpmC:11018.65 tpmTotal:24123.08 Transaction Count:24379]Reward: 3132.447047144455 Score: -0.04754887927776785 Done: False
2024-05-30 21:31:40[INFO] [ddpg][Episode: 0][Step: 4] Critic: 86443604.0 Actor: -0.0946175754070282
2024-05-30 21:31:40[INFO] [ddpg][Episode: 0][Step: 4] step: 103.7926115989685s env step: 103.76853656768799s train step: 0.008679986000061035s restart time: 39.57187485694885s action time: 0.0006759166717529297s
2024-05-30 21:31:40[INFO] [ddpg][Episode: 0][Step: 4][Average] step: 103.7926115989685s env step: 103.76853656768799s train step: 0.008679986000061035s restart time: 39.57187485694885s action time: 0.0011812210083007812s
2024-05-30 21:31:40[INFO] [ddpg] Action: [5.94729602e-01 5.60512424e-01 2.79715747e-01 3.57286245e-01
 2.00408518e-01 9.63443071e-02 1.06227145e-01 4.93950605e-01
 6.60968423e-01 6.94218159e-01 8.14695835e-01 1.00000000e+00
 5.17527163e-01 4.06750947e-01 0.00000000e+00 4.98178571e-01
 6.42419994e-01 1.53278127e-01 5.00554621e-01 1.00000000e+00
 4.13164437e-01 3.84224027e-01 9.83069956e-01 4.74289030e-01
 1.00000000e+00 6.06307685e-01 7.76795506e-01 8.01823020e-01
 1.00000000e+00 8.08943331e-01 5.18662870e-01 7.33604610e-01
 0.00000000e+00 7.92776465e-01 5.70469081e-01 9.27055895e-01
 3.81627083e-01 2.52076268e-01 6.10854685e-01 5.18693566e-01
 0.00000000e+00 7.99946427e-01 9.92486715e-01 6.27320826e-01
 4.40931946e-01 0.00000000e+00 5.04905403e-01 3.15134585e-01
 3.10127139e-01 1.82857767e-01 2.16640413e-01 5.27315497e-01
 9.36449707e-01 3.04849982e-01 6.77674055e-01 2.48365015e-01
 4.94587570e-02 3.69168520e-01 6.12107396e-01 2.51545459e-01
 1.00000000e+00 6.47734642e-01 5.22524774e-01 4.02749896e-01
 4.87532109e-01 1.00000000e+00 3.33048105e-01 8.43804359e-01
 0.00000000e+00 9.17110384e-01 6.20282888e-01 1.00000000e+00
 5.07979214e-01 5.16003609e-01 5.93282938e-01 1.14048965e-01
 1.00000000e+00 6.13718629e-01 9.33697939e-01 1.89288467e-01
 6.72930658e-01 8.55481327e-01 6.52376473e-01 4.03414339e-01
 4.39541221e-01 7.29323804e-01 8.69470060e-01 5.69083214e-01
 7.54827440e-01 2.54136384e-01 3.77912015e-01 9.10118163e-01
 7.49675572e-01 2.54375100e-01 7.49981701e-01 5.40040195e-01
 5.77562392e-01 6.07076645e-01 5.40978611e-01 5.18607855e-01
 5.39519548e-01 6.87204003e-01 9.49751660e-02 2.12276787e-01
 6.97785676e-01 3.87025535e-01 5.64249158e-01 6.95748210e-01
 5.72935641e-01 7.76320517e-01 9.25746262e-02 9.66802239e-01
 5.37962496e-01 2.87752569e-01 8.21482003e-01 0.00000000e+00
 4.68894124e-01 5.03807962e-01 1.27904013e-01 5.05154431e-01
 5.13420939e-01 2.51769423e-01 5.21554053e-01 3.45542282e-01
 5.97591579e-01 6.15082264e-01 5.35778105e-01 5.37156761e-01
 5.49751699e-01 7.88794681e-02 6.72312221e-04 0.00000000e+00
 7.20176160e-01 3.25392634e-01 5.97722173e-01 6.89712405e-01
 0.00000000e+00 3.52651894e-01 1.00000000e+00 9.89897847e-02
 4.74466860e-01 5.23827851e-01 5.99615276e-01 4.09625500e-01
 2.31391296e-01 2.91455269e-01 4.00105953e-01 1.00000000e+00
 6.29396498e-01 2.15098023e-01 8.17302525e-01 3.66642326e-01
 7.19021738e-01 8.54043216e-02 8.81115019e-01 1.00000000e+00
 9.98144746e-01 9.26812708e-01 6.08886302e-01 5.72406091e-02
 0.00000000e+00 5.54337978e-01 5.76840281e-01 0.00000000e+00
 0.00000000e+00 5.25732219e-01 5.36110520e-01 5.12399495e-01
 9.69099998e-01 9.50945139e-01 4.21933442e-01 0.00000000e+00
 9.41884995e-01 8.18389133e-02 1.57160476e-01 7.99916387e-01
 1.23656392e-01 4.04939502e-01 1.00000000e+00 3.56809705e-01
 4.26732898e-01 6.60224557e-01 0.00000000e+00 2.20794335e-01
 3.73171449e-01 5.64303041e-01 1.00000000e+00 6.57532811e-01
 9.29139435e-01 5.10989785e-01 3.16480815e-01 9.87160265e-01
 7.75476173e-02 9.05869067e-01 2.26913258e-01 1.00000000e+00
 2.30910227e-01]
2024-05-30 21:33:25[INFO] 
[ddpg][Episode: 0][Step: 5][Metric tpmC:10942.36 tpmTotal:24458.94 Transaction Count:24855]Reward: -0.007836722747081389 Score: -0.05538560202484924 Done: False
2024-05-30 21:33:25[INFO] [ddpg][Episode: 0][Step: 5] Critic: 78780514.5 Actor: -0.09464262705296278
2024-05-30 21:33:25[INFO] [ddpg][Episode: 0][Step: 5] step: 104.11534261703491s env step: 104.09052300453186s train step: 0.008727550506591797s restart time: 39.54158854484558s action time: 0.0011165142059326172s
2024-05-30 21:33:25[INFO] [ddpg][Episode: 0][Step: 5][Average] step: 104.11534261703491s env step: 104.09052300453186s train step: 0.008727550506591797s restart time: 39.54158854484558s action time: 0.0011704365412394206s
2024-05-30 21:33:25[INFO] [ddpg] Action: [0.51154196 0.52099496 0.0669217  0.341186   0.07767777 0.25736472
 0.43703684 0.08102512 0.8981894  0.51326436 0.76189876 0.5908559
 0.5842233  0.58515877 0.12993921 0.67669743 0.5676752  0.33794916
 0.66401935 0.9933963  0.29005888 0.31440422 0.90206015 0.6527957
 1.         0.6368685  0.81193304 0.76232195 1.         0.76628
 0.47042686 0.7051857  0.00669935 0.9179949  0.5693277  0.9944351
 0.5383169  0.67890376 0.8783193  0.63591784 0.25458324 0.3242452
 1.         0.30958578 0.5419417  0.         0.78642106 0.0155883
 0.39420024 0.22172175 0.3191473  0.773495   0.78365165 0.39129344
 0.6404233  0.22531696 0.0170676  0.41358876 0.8336657  0.33222535
 0.90323126 0.6145023  0.0040422  0.24981824 0.36482897 1.
 0.20748502 0.69070166 0.1185184  0.9005833  0.4257564  1.
 0.367648   0.5361311  0.09861    0.32040703 0.8572383  0.5069853
 1.         0.3964568  0.60204697 0.8416731  0.8701956  0.36593506
 0.4596579  0.9550322  0.6157678  0.6894673  0.87733644 0.34282959
 0.48628786 0.99022263 0.8625623  0.11474767 0.72998536 0.64234096
 0.07815458 0.7270469  0.864312   1.         0.37347776 0.72482264
 0.         0.01260683 0.56111825 0.         0.7123386  0.86519307
 0.9083704  0.41724828 0.2423268  0.8080411  0.87307715 0.28521013
 0.7323722  0.05551726 1.         0.60907215 0.07927427 0.7881328
 0.35982993 0.29653937 0.5627584  0.38050857 0.42564666 0.90403914
 0.23214923 0.20183074 0.506312   0.14244348 0.         0.21679205
 0.5763253  0.3649132  0.24415828 0.8551393  0.26850718 0.88715005
 1.         0.03912973 0.47513187 0.30070415 0.8290447  0.5674815
 0.         0.18375565 0.67373025 1.         0.6682341  0.02767442
 1.         0.35597342 0.89817137 0.20570217 0.8469053  0.91472524
 0.9811051  0.8964051  0.6502879  0.22677252 0.06105356 0.61518574
 0.5254608  0.         0.         0.35929033 0.17790927 0.
 0.8375891  1.         0.         0.         0.9079454  0.13776384
 0.51544553 0.78215885 0.33442378 0.62223995 1.         0.41509858
 0.19058807 0.62284625 0.19275783 0.         0.05523279 0.48560292
 1.         0.69093937 0.89517283 0.7192316  0.26706553 0.84572095
 0.09463819 0.95746595 0.4738647  1.         0.50911105]
2024-05-30 21:35:09[INFO] 
[ddpg][Episode: 0][Step: 6][Metric tpmC:11316.29 tpmTotal:25041.49 Transaction Count:25447]Reward: -0.010170833765941432 Score: -0.06555643579079068 Done: False
2024-05-30 21:35:09[INFO] [ddpg][Episode: 0][Step: 6] Critic: 74182624.0 Actor: -0.09470128268003464
2024-05-30 21:35:09[INFO] [ddpg][Episode: 0][Step: 6] step: 104.12985849380493s env step: 104.1049234867096s train step: 0.009023427963256836s restart time: 39.539446115493774s action time: 0.0007255077362060547s
2024-05-30 21:35:09[INFO] [ddpg][Episode: 0][Step: 6][Average] step: 104.12985849380493s env step: 104.1049234867096s train step: 0.009023427963256836s restart time: 39.539446115493774s action time: 0.0011068752833775111s
2024-05-30 21:35:09[INFO] [ddpg] Action: [0.49484515 0.46169382 0.         0.7493166  0.         0.5682273
 0.22048686 0.25821143 0.8934216  0.50565225 0.6767406  0.7436937
 0.52112454 0.5230118  0.2764892  0.6639638  0.5149078  0.22882746
 0.7218852  0.797719   0.16809131 0.4070918  0.8463331  0.33222333
 0.80320257 0.91264504 0.36167854 0.68400896 0.982191   0.8666919
 0.65687144 0.8235671  0.         0.57264555 0.49125504 0.6351022
 0.36270267 0.6772732  0.39564604 0.7453139  0.10800671 0.6157334
 1.         0.57721287 0.37049386 0.         0.7390971  0.14986843
 0.44567087 0.23444182 0.27863705 0.7672913  0.8618351  0.4048496
 0.6407825  0.45582828 0.02328072 0.17114383 0.77036875 0.3884876
 1.         0.3327242  0.19967407 0.02521693 0.30784383 1.
 0.12355909 0.6646929  0.1746171  0.7489321  0.         1.
 0.6398273  0.34078515 0.31905538 0.11348891 1.         0.64905196
 0.7807157  0.53928995 0.65175545 0.9495371  0.92319465 0.6686628
 0.11228714 1.         0.4240915  0.7709431  0.90397507 0.669302
 0.35921395 1.         0.6608446  0.11473674 0.         0.7655014
 0.14295906 0.5846705  0.49311742 0.93327755 0.21462679 0.48334014
 0.21761344 0.07463598 0.7501307  0.         0.5817612  0.9068725
 0.98565537 0.8354354  0.29977378 1.         0.90285546 0.32046476
 0.7628664  0.01757876 1.         0.5255571  0.02655414 0.559991
 0.45060596 0.6582301  0.33569005 0.30671254 0.5467766  1.
 0.12167669 0.44538498 0.46446005 0.31534934 0.         0.4827876
 0.63547915 0.06093975 0.4655336  0.86283636 0.20042859 0.727272
 0.657828   0.28211203 0.32998064 0.42495835 1.         0.71794844
 0.         0.16957451 0.73093015 1.         0.5387055  0.06232071
 1.         0.1584361  1.         0.25475335 0.5137409  0.8978787
 0.5992479  0.78059596 0.5225647  0.26410383 0.43108135 0.8073478
 0.3780737  0.         0.         0.5072047  0.4306456  0.40437746
 0.8009779  0.9878095  0.42548686 0.23440118 1.         0.25383803
 0.53108704 0.46166268 0.0902618  0.6447276  1.         0.28566152
 0.38103783 0.698411   0.42456663 0.         0.00828417 0.46672848
 0.9734359  0.5092393  0.8896226  0.63798666 0.00319242 0.849943
 0.         0.96948844 0.21293879 0.8358056  0.60518354]
2024-05-30 21:36:52[INFO] 
[ddpg][Episode: 0][Step: 7][Metric tpmC:11342.8 tpmTotal:25280.37 Transaction Count:25418]Reward: -0.021541380110872074 Score: -0.08709781590166275 Done: False
2024-05-30 21:36:52[INFO] [ddpg][Episode: 0][Step: 7] Critic: 71117294.33333333 Actor: -0.09460654606421788
2024-05-30 21:36:52[INFO] [ddpg][Episode: 0][Step: 7] step: 103.63911056518555s env step: 103.60420179367065s train step: 0.013804435729980469s restart time: 39.70838904380798s action time: 0.0007448196411132812s
2024-05-30 21:36:52[INFO] [ddpg][Episode: 0][Step: 7][Average] step: 103.63911056518555s env step: 103.60420179367065s train step: 0.013804435729980469s restart time: 39.70838904380798s action time: 0.0010616183280944824s
2024-05-30 21:36:52[INFO] [ddpg] Action: [0.85080105 0.5396663  0.06818581 0.48070064 0.         0.87258834
 0.         0.22912675 1.         0.58860284 0.79556274 0.46054012
 0.48419803 1.         0.         0.57576126 0.3542492  0.
 0.35092753 0.59892523 0.49228904 0.12358131 0.8692691  0.15977393
 1.         0.8179442  0.4941063  0.6153423  1.         0.73637086
 0.54686385 0.6026153  0.         0.5387155  0.2636081  0.26881987
 0.23483677 0.8021718  0.22184998 0.86476517 0.         0.84227204
 1.         0.9076492  0.26152766 0.         0.9635007  0.14522405
 0.76675576 0.         0.147868   0.65456617 0.9408007  0.39036793
 0.69465196 0.2542439  0.29142848 0.4822503  0.48005223 0.573042
 0.7302125  0.4248141  0.09078129 0.28588733 0.10661576 1.
 0.38413557 0.6672812  0.11903775 0.6454171  0.         1.
 0.44813812 0.3040431  0.27497655 0.16956516 0.54813504 0.3826271
 0.5370091  0.4198692  0.30353162 0.64739794 0.80838734 0.54891145
 0.         1.         0.69511455 0.5019496  0.8695795  0.62972605
 0.39803836 0.75217944 0.12302436 0.02600151 0.         1.
 0.32469678 0.806244   0.70350844 0.93809295 0.2953325  0.30195943
 0.30798498 0.2521717  0.94406205 0.15210368 0.57507867 0.79738057
 0.4830998  0.74919444 0.7647411  1.         0.7457839  0.05140401
 0.5996145  0.         0.7306237  0.16066758 0.30681953 0.7352891
 0.22468513 0.6425953  0.36462048 0.26099533 0.507153   0.7112982
 0.30605218 0.         0.25109446 0.03288548 0.02904223 0.49758
 0.8037536  0.15054914 0.23661865 0.62064385 0.40341926 0.37750676
 0.6723424  0.08568816 0.37560844 0.46269485 0.9770905  0.76362455
 0.         0.2768486  0.6641636  1.         0.29625514 0.00169783
 1.         0.26571482 1.         0.40430316 0.75247514 0.8300993
 0.7004999  1.         0.4213864  0.46835047 0.37804928 0.695197
 0.4230281  0.         0.         0.45764923 0.36333388 0.7159803
 0.9586327  0.83775    0.6631897  0.41107842 1.         0.10618439
 0.5324879  0.5340096  0.11796048 0.48573172 0.7619944  0.2214769
 0.39065152 0.67659116 0.45862707 0.         0.         0.67383456
 0.89384794 0.49464753 1.         0.5261672  0.         0.7971939
 0.1347634  0.83242816 0.31094718 1.         0.9629842 ]
2024-05-30 21:38:41[INFO] 
[ddpg][Episode: 0][Step: 8][Metric tpmC:11191.63 tpmTotal:24959.39 Transaction Count:25151]Reward: -0.01569622407278638 Score: -0.10279403997444914 Done: False
2024-05-30 21:38:41[INFO] [ddpg][Episode: 0][Step: 8] Critic: 68927745.14285715 Actor: -0.0945664362183639
2024-05-30 21:38:41[INFO] [ddpg][Episode: 0][Step: 8] step: 108.60967874526978s env step: 108.57973384857178s train step: 0.010647773742675781s restart time: 44.55809760093689s action time: 0.0010242462158203125s
2024-05-30 21:38:41[INFO] [ddpg][Episode: 0][Step: 8][Average] step: 108.60967874526978s env step: 108.57973384857178s train step: 0.010647773742675781s restart time: 44.55809760093689s action time: 0.0010574658711751301s
2024-05-30 21:38:41[INFO] [ddpg] Action: [0.735693   0.42348173 0.10941872 0.41768304 0.         0.8121052
 0.         0.         1.         0.57483286 0.5699693  0.185635
 0.50734824 0.8340073  0.         0.6447889  0.4187499  0.12126914
 0.2362095  0.3461461  0.8709968  0.22635095 0.7445873  0.29911542
 1.         0.55063623 0.30977646 0.7787237  1.         0.6168412
 0.462342   0.84881777 0.03956873 0.46079406 0.46944535 0.2910324
 0.3139114  0.65173197 0.29113767 0.7175962  0.26740238 0.36828753
 1.         0.83504957 0.00236791 0.         0.5111961  0.
 1.         0.11746314 0.26552194 0.6505546  0.96596354 0.26099902
 1.         0.29722434 0.3184775  0.44949555 0.2897031  0.5753848
 0.8708691  0.5974467  0.47436985 0.58957726 0.32415482 1.
 0.587022   0.3920776  0.23378499 0.5920162  0.         0.71097046
 0.58789086 0.         0.39012614 0.17045853 0.7141731  0.6949807
 0.5930654  0.6485573  0.30287847 0.42330253 0.75120574 0.5803557
 0.         0.8296238  0.69997257 0.6881318  0.80977035 0.56276417
 0.4322393  0.32406706 0.         0.         0.08240001 0.942634
 0.41277876 0.81969154 0.40793493 1.         0.2736639  0.38874695
 0.43753132 0.         0.80063736 0.4885967  0.9073967  0.7618461
 0.5044133  0.44007865 0.6170745  0.92525613 0.5215562  0.
 0.45906624 0.04471557 0.89384425 0.22421144 0.4196218  1.
 0.66162455 0.17306048 0.35310522 0.4725326  0.58941627 0.41692597
 0.39747545 0.32771796 0.24535853 0.32451025 0.         0.32343215
 1.         0.2637166  0.46219045 0.7494275  0.5069766  0.5785558
 0.759959   0.18122599 0.5142322  0.37828052 0.9730734  1.
 0.         0.2572357  0.51596266 0.9499693  0.313893   0.
 1.         0.37084907 0.83071715 0.3656185  0.36843702 0.8537601
 0.68170756 0.95178837 0.2348787  0.6138463  0.6567847  0.34482867
 0.53233767 0.         0.         0.7153947  0.4168897  0.86525685
 0.5573047  0.8022205  0.5208786  0.38186753 0.9362172  0.
 0.8021997  0.7060885  0.04522617 0.27912208 0.6028699  0.56127846
 0.1535833  0.4696375  0.27869302 0.         0.32623118 0.86293143
 0.69312173 0.41455474 0.74682593 0.39612788 0.         0.38908842
 0.07877803 0.70045507 0.44654363 1.         0.6408177 ]
2024-05-30 21:40:24[INFO] 
[ddpg][Episode: 0][Step: 9][Metric tpmC:11258.78 tpmTotal:24879.24 Transaction Count:24945]Reward: -0.005873089286359927 Score: -0.10866712926080907 Done: False
2024-05-30 21:40:24[INFO] [ddpg][Episode: 0][Step: 9] Critic: 67285584.5 Actor: -0.09449911443516612
2024-05-30 21:40:24[INFO] [ddpg][Episode: 0][Step: 9] step: 103.30892825126648s env step: 103.28390645980835s train step: 0.008783936500549316s restart time: 39.570812463760376s action time: 0.0008080005645751953s
2024-05-30 21:40:24[INFO] [ddpg][Episode: 0][Step: 9][Average] step: 103.30892825126648s env step: 103.28390645980835s train step: 0.008783936500549316s restart time: 39.570812463760376s action time: 0.0010325193405151367s
2024-05-30 21:40:24[INFO] [ddpg] Action: [0.7752824  0.62934047 0.14658163 0.46593362 0.         0.7155112
 0.         0.14121017 1.         0.43690494 0.62318075 0.20996155
 0.7244799  0.9825389  0.         0.84242314 0.43954477 0.
 0.23798127 0.37841725 0.72133005 0.43424466 0.6502788  0.78216684
 0.5056864  0.56925744 0.46477902 0.76017696 0.91929644 0.43030182
 0.2831449  0.5454125  0.16886185 0.5578379  0.38963777 0.39330706
 0.24217115 0.7430292  0.         0.60562605 0.50638413 0.32592896
 1.         0.79817176 0.11346842 0.21289572 0.88415223 0.2491731
 1.         0.28763846 0.40074205 0.7879616  0.8236545  0.10907651
 1.         0.23713599 0.23468146 0.2940908  0.48493984 0.8403769
 0.52239764 0.37180597 0.4232789  0.6978801  0.63230026 1.
 0.83796626 0.32282743 0.15212154 0.445814   0.07822341 0.68101007
 0.59160393 0.00871901 0.16571233 0.         0.1531728  0.89700264
 0.5729361  0.81503665 0.         0.49327898 0.7567306  0.45496297
 0.         0.8231629  0.97330636 0.7831118  0.74405086 0.44443855
 0.11972382 0.         0.3451276  0.         0.         0.92185557
 0.8374303  1.         0.25225434 1.         0.40930918 0.20330788
 0.24276048 0.18886155 0.7373787  0.5047543  0.4597447  0.8811842
 0.8569526  0.5009048  0.61493284 0.9526582  0.43124613 0.10350902
 0.3383289  0.13821489 0.47580892 0.4177145  0.5993838  0.9039519
 0.4639977  0.11847072 0.23613073 0.17268778 0.29661587 0.55170214
 0.24877669 0.4326891  0.         0.7018357  0.05773678 0.31111848
 0.90364474 0.31356382 0.17438781 0.67418325 0.45920324 0.65082437
 0.40217638 0.49303553 0.5304551  0.4162508  0.95589316 1.
 0.         0.05101299 0.26541573 1.         0.18199252 0.
 1.         0.3309642  0.564992   0.31473404 0.6153636  0.9283818
 0.6540482  1.         0.09709546 0.7756384  0.8676292  0.35176966
 0.9256346  0.         0.         0.8613097  0.32563943 0.943235
 0.79170233 0.76259315 0.37033537 0.54178905 0.75965124 0.15376888
 0.93486315 0.83150345 0.1998867  0.11320312 0.83142376 0.70621663
 0.         0.08131111 0.18141326 0.         0.45162493 0.6968255
 0.8261779  0.21944152 0.7045295  0.23816444 0.         0.33352512
 0.5049635  0.93867344 0.25689632 1.         0.6930793 ]
2024-05-30 21:42:08[INFO] 
[ddpg][Episode: 0][Step: 10][Metric tpmC:11073.22 tpmTotal:24528.76 Transaction Count:24576]Reward: -0.0017094502023354144 Score: -0.11037657946314448 Done: False
2024-05-30 21:42:08[INFO] [ddpg][Episode: 0][Step: 10] Critic: 66008324.88888889 Actor: -0.09437045744723743
2024-05-30 21:42:08[INFO] [ddpg][Episode: 0][Step: 10] step: 103.40141296386719s env step: 103.37561058998108s train step: 0.00920116901397705s restart time: 39.573933839797974s action time: 0.0010221004486083984s
2024-05-30 21:42:08[INFO] [ddpg][Episode: 0][Step: 10][Average] step: 103.40141296386719s env step: 103.37561058998108s train step: 0.00920116901397705s restart time: 39.573933839797974s action time: 0.0010315721685236151s
2024-05-30 21:42:08[INFO] [ddpg] Action: [0.03443954 0.85491186 0.04255815 0.78896374 0.         0.26303524
 0.         0.11974521 0.6066325  0.59155196 0.4218195  0.67918736
 0.8254831  0.8601726  0.         0.79720217 0.483962   0.
 0.490726   0.45063826 0.4531848  0.3961358  0.34443668 0.6560596
 0.52942246 0.4254825  0.22949259 0.5718894  0.9722852  0.62882626
 0.         0.572001   0.47185677 0.         0.49425113 0.20720726
 0.12379055 0.4983061  0.         0.5664039  0.19452798 0.02207194
 0.99374396 0.9521612  0.04655603 0.31101233 0.6881993  0.35417825
 1.         0.66450465 0.38317278 0.69187725 0.9268081  0.
 1.         0.5083317  0.34805137 0.39806002 0.31955832 0.71716154
 0.43838063 0.495769   0.75014025 0.8989944  0.546456   0.65530676
 1.         0.16250476 0.14743578 0.31716484 0.20625143 0.5471662
 0.75043243 0.51705486 0.         0.01967555 0.27400854 0.8368252
 0.79793787 0.9269738  0.         0.632398   0.70541126 0.29657203
 0.         0.460509   0.7962152  0.8278714  0.7781309  0.5601279
 0.5059995  0.05061921 0.5829126  0.         0.         0.85368973
 0.6642455  1.         0.3466787  1.         0.6194671  0.38653657
 0.22198424 0.42421103 0.81889    0.90707046 0.5939148  0.8323994
 0.6685839  0.7998052  0.66177577 1.         0.14023802 0.16586551
 0.5897615  0.         0.46972486 0.52252096 0.23816767 1.
 0.31274232 0.         0.38927072 0.41094956 0.06593034 0.5784186
 0.25801313 0.39382443 0.         0.47189733 0.00713677 0.21361652
 0.9542038  0.11332032 0.24644884 0.4223859  0.3695527  1.
 0.16753748 0.73871154 0.48111045 0.14344421 0.88163394 1.
 0.         0.         0.44310448 0.8548189  0.3271866  0.
 0.9479586  0.06785952 0.6461912  0.41907772 0.4309694  0.91897386
 0.9952112  0.8284095  0.0990039  0.6038175  0.980587   0.26360348
 0.9244888  0.12597878 0.2220723  0.7652264  0.53586924 0.81832254
 0.5395388  1.         0.7794232  0.53129756 0.53831744 0.56918424
 0.6312925  0.68289125 0.11763527 0.35326552 0.8391129  0.90978867
 0.         0.         0.29495856 0.         0.50290406 0.66661024
 0.85531515 0.4705604  0.9789688  0.42860633 0.02865086 0.499854
 0.5338331  0.833057   0.2767106  1.         0.6712056 ]
2024-05-30 21:43:51[INFO] 
[ddpg][Episode: 0][Step: 11][Metric tpmC:11435.91 tpmTotal:25229.47 Transaction Count:25350]Reward: -0.010809450931981351 Score: -0.12118603039512583 Done: False
2024-05-30 21:43:51[INFO] [ddpg][Episode: 0][Step: 11] Critic: 64986545.0 Actor: -0.09421911276876926
2024-05-30 21:43:51[INFO] [ddpg][Episode: 0][Step: 11] step: 103.55555605888367s env step: 103.52945327758789s train step: 0.009625077247619629s restart time: 39.5439658164978s action time: 0.0007102489471435547s
2024-05-30 21:43:51[INFO] [ddpg][Episode: 0][Step: 11][Average] step: 103.55555605888367s env step: 103.52945327758789s train step: 0.009625077247619629s restart time: 39.5439658164978s action time: 0.00100479523340861s
2024-05-30 21:43:51[INFO] [ddpg] Action: [0.52467304 0.71663713 0.12493368 0.7860037  0.         0.0461292
 0.         0.45303068 0.7309669  0.         0.4322163  0.83238137
 0.6619749  0.7131688  0.         0.4353509  0.2988157  0.
 0.7021804  0.47523025 0.7079715  0.10642499 0.74538654 0.8764215
 0.49107558 0.5920968  0.35819688 0.81861836 0.865254   0.85173094
 0.         0.64757603 0.50047886 0.         0.55320495 0.09338605
 0.         0.45471722 0.32556245 0.37470415 0.         0.34682274
 0.93323064 1.         0.03082268 0.00163188 0.7923556  0.32119516
 1.         0.55164796 0.00568972 0.5726411  0.36536348 0.
 0.78109527 0.6318897  0.2504229  0.71395624 0.28418    0.97907966
 0.4291205  0.71855444 0.39086226 0.5128067  0.         0.54562914
 0.75387764 0.40230235 0.17666961 0.34165972 0.19678214 0.7125986
 0.7392934  0.4027082  0.         0.17601775 0.         0.78469956
 0.5710549  0.9378866  0.32748836 0.60944736 0.58798575 0.61794
 0.         0.29488477 0.9228694  0.80046916 0.6817684  0.58190966
 0.09721351 0.         0.7060058  0.3507263  0.         0.8129419
 0.48926848 0.96451867 0.52469337 0.9790733  0.9945041  0.24387151
 0.11982244 0.711256   0.39939696 0.8157585  0.88274175 0.73167837
 1.         0.3244429  0.74416345 1.         0.5286557  0.13404436
 0.5361734  0.         0.30248585 0.59841084 0.40808353 0.8122907
 0.3649533  0.         0.20713957 0.1642343  0.29628336 0.2923609
 0.         0.40825626 0.         0.43436125 0.4679137  0.33461297
 0.75791365 0.12598231 0.09804342 0.46671706 0.24605708 0.6810265
 0.         0.6848216  0.4002264  0.         0.72304195 1.
 0.         0.21790813 0.7111891  0.73557806 0.5922986  0.
 0.9738357  0.03033597 0.49771482 0.5852904  0.65453416 1.
 0.58902836 0.8464362  0.         0.65631557 1.         0.3533083
 0.7592068  0.27634075 0.13804127 0.8487507  0.41041642 1.
 0.6016224  1.         0.61287606 0.27052668 0.6660949  0.4060243
 0.75118726 0.51741487 0.00163746 0.11140618 0.88537294 0.6715088
 0.5167327  0.         0.7610248  0.04999307 0.00440014 1.
 1.         0.9927722  1.         0.5602174  0.16140574 0.33762398
 0.7213688  1.         0.21646819 1.         0.33831257]
2024-05-30 21:45:40[INFO] 
[ddpg][Episode: 0][Step: 12][Metric tpmC:10955.94 tpmTotal:24095.89 Transaction Count:24172]Reward: -0.0015076552415734497 Score: -0.12269368563669929 Done: False
2024-05-30 21:45:40[INFO] [ddpg][Episode: 0][Step: 12] Critic: 64150541.63636363 Actor: -0.09409245611591772
2024-05-30 21:45:40[INFO] [ddpg][Episode: 0][Step: 12] step: 108.38628625869751s env step: 108.3619487285614s train step: 0.008677840232849121s restart time: 44.55883979797363s action time: 0.0006892681121826172s
2024-05-30 21:45:40[INFO] [ddpg][Episode: 0][Step: 12][Average] step: 108.38628625869751s env step: 108.3619487285614s train step: 0.008677840232849121s restart time: 44.55883979797363s action time: 0.000980523916391226s
2024-05-30 21:45:40[INFO] [ddpg] Action: [0.5807651  0.62503886 0.         0.9411322  0.         0.
 0.         0.49946967 0.767457   0.06665961 0.35011998 0.8032339
 0.7751286  0.35676894 0.         0.3667447  0.21205588 0.
 0.62587523 0.46263388 0.69817704 0.12136159 0.9356723  0.7448106
 0.5561894  0.52669036 0.4734165  0.663916   0.8384576  0.33462498
 0.02053875 0.3774482  0.44633704 0.20219283 0.35103106 0.31153435
 0.         0.24034244 0.5011071  0.5591099  0.22823526 0.8490069
 0.82175744 1.         0.0319736  0.2693442  0.8331905  0.15985414
 1.         0.42561847 0.18590257 0.55702525 0.46952838 0.
 0.806165   0.91056263 0.2731766  0.75144446 0.32068655 1.
 0.6703754  0.84187    0.29988542 1.         0.08472861 0.9044008
 0.6495027  0.88477117 0.19803317 0.55568105 0.38544956 0.38988814
 0.5656244  0.43618205 0.         0.40513742 0.         0.57824254
 0.52104175 0.6195636  0.26861477 0.16536087 0.42361477 0.5668709
 0.         0.08235144 0.96310014 0.4203513  0.48332912 0.85258645
 0.         0.         0.3531886  0.76244056 0.         0.55183804
 0.5746255  0.8174752  0.6383146  0.8784992  0.7063977  0.2130072
 0.26104343 0.80719995 0.5731764  1.         0.7828995  0.8208981
 1.         0.17565642 0.75068504 1.         0.5523248  0.
 0.5666293  0.         0.34389848 0.5232131  0.5420228  1.
 0.43582705 0.16354968 0.31541318 0.40539816 0.16314822 0.55669516
 0.10137048 0.5108127  0.28586137 0.35334632 0.33415624 0.3171309
 1.         0.27057606 0.         0.460139   0.42509344 0.81382346
 0.10601779 0.5206891  0.7567023  0.05630552 0.7458498  1.
 0.06064258 0.08781584 0.96509856 0.54551184 0.43678468 0.
 0.8821422  0.23221037 0.57609105 0.3572858  0.49565282 1.
 0.4975995  0.9330723  0.         0.8061058  0.9073394  0.5942639
 0.8511253  0.3749898  0.         0.57011384 0.7834968  0.72070783
 0.9090236  1.         0.6139135  0.54032534 0.69649565 0.
 0.5731819  0.30104333 0.02686554 0.14431468 1.         0.4450941
 0.16603021 0.         0.6423773  0.03236414 0.15812056 0.8308951
 0.7946392  0.8773319  1.         0.61574066 0.04905928 0.47387502
 0.6655068  1.         0.17439151 1.         0.41015843]
2024-05-30 21:47:23[INFO] 
[ddpg][Episode: 0][Step: 13][Metric tpmC:11318.96 tpmTotal:24948.54 Transaction Count:25049]Reward: -0.004775256839111168 Score: -0.12746894247581045 Done: False
2024-05-30 21:47:23[INFO] [ddpg][Episode: 0][Step: 13] Critic: 63453856.333333336 Actor: -0.09392046897361676
2024-05-30 21:47:23[INFO] [ddpg][Episode: 0][Step: 13] step: 103.63028049468994s env step: 103.5864827632904s train step: 0.008696436882019043s restart time: 39.74893832206726s action time: 0.0007312297821044922s
2024-05-30 21:47:23[INFO] [ddpg][Episode: 0][Step: 13][Average] step: 103.63028049468994s env step: 103.5864827632904s train step: 0.008696436882019043s restart time: 39.74893832206726s action time: 0.0009627171925136022s
2024-05-30 21:47:23[INFO] [ddpg] Action: [0.4062015  0.8190391  0.33781943 1.         0.         0.
 0.08238334 0.47859228 0.6951016  0.         0.12937513 0.573651
 0.61210465 0.49312246 0.         0.45758945 0.5682748  0.
 0.6695688  0.8028303  1.         0.24780653 1.         0.58496535
 0.50527537 0.52231824 0.6193819  0.4156159  0.5876358  0.38322294
 0.20558225 0.78525573 0.72688985 0.2630567  0.13253681 0.18261583
 0.         0.09840956 0.46034107 0.9341894  0.12848638 1.
 0.5760969  1.         0.         0.22199966 0.61426616 0.36364976
 0.7496881  0.9983706  0.13185693 0.40961933 0.5804885  0.
 0.6170129  0.83860487 0.         0.7811249  0.1774815  1.
 0.9052441  0.5720317  0.02399883 1.         0.04135728 0.92052627
 0.5854968  0.7793161  0.71496403 0.77603585 0.26323637 0.5752631
 0.5247032  0.5683175  0.         0.37968767 0.31275922 0.15603757
 0.3493263  0.6878537  0.46666503 0.26353744 0.08635309 0.5902244
 0.         0.         1.         0.42779076 0.76732403 1.
 0.32273847 0.         0.4377474  0.51288116 0.         0.7043791
 0.23694184 0.8936583  0.5116615  0.9811523  1.         0.15091139
 0.12446468 1.         0.35566214 0.96821046 0.7834834  0.917017
 0.76575446 0.         0.27099687 1.         0.21138501 0.
 0.7259667  0.         0.20959893 0.3908234  0.5052975  0.74707294
 0.39990526 0.13721667 0.46298203 0.25161183 0.36170676 0.47178027
 0.         0.38420168 0.26994598 0.49605525 0.38386363 0.53871626
 0.69975424 0.4201844  0.13087164 0.5013787  0.35869128 0.7160973
 0.         0.63242865 0.8066692  0.02468505 0.8324666  1.
 0.         0.         0.63141954 0.8534004  0.46918124 0.
 0.4771823  0.18858561 0.7334886  0.5792835  0.         1.
 0.46393198 0.8652859  0.         0.66121715 0.60060066 0.6136096
 0.92013156 0.2678539  0.         0.8721024  0.95496315 0.39508882
 0.78301406 1.         0.5423159  0.8813232  0.13462761 0.30711645
 0.26569483 0.24912433 0.05655173 0.09138763 1.         0.36564985
 0.3492555  0.13922848 0.6371389  0.50935537 0.3401253  0.97202796
 1.         0.56386596 1.         0.6221658  0.05129569 0.10965057
 0.68954545 1.         0.25063992 1.         0.84838945]
2024-05-30 21:49:08[INFO] 
[ddpg][Episode: 0][Step: 14][Metric tpmC:10811.37 tpmTotal:23816.54 Transaction Count:24328]Reward: -0.011973830703760204 Score: -0.13944277317957066 Done: False
2024-05-30 21:49:08[INFO] [ddpg][Episode: 0][Step: 14] Critic: 62864320.15384615 Actor: -0.09375584526703908
2024-05-30 21:49:08[INFO] [ddpg][Episode: 0][Step: 14] step: 104.62430334091187s env step: 104.59945750236511s train step: 0.008993864059448242s restart time: 39.597593545913696s action time: 0.0007393360137939453s
2024-05-30 21:49:08[INFO] [ddpg][Episode: 0][Step: 14][Average] step: 104.62430334091187s env step: 104.59945750236511s train step: 0.008993864059448242s restart time: 39.597593545913696s action time: 0.0009478251139322917s
2024-05-30 21:49:08[INFO] [ddpg] Action: [0.         0.85962725 0.         0.9508237  0.         0.07048271
 0.28746203 0.7585768  0.5086526  0.28466204 0.18647473 0.5153912
 0.88708234 0.83298916 0.25771326 0.3304226  0.3820991  0.
 0.60876083 0.97412103 0.9600455  0.         0.7656727  0.7716577
 0.75308865 0.3070372  0.47420958 0.24947459 0.46149895 0.28488088
 0.         0.6068147  0.6303553  0.47324085 0.91405416 0.39094776
 0.         0.         0.33226326 0.7580105  0.09656586 1.
 0.61176044 1.         0.         0.07393137 0.7425102  0.51607734
 0.7647004  0.5230462  0.33313218 0.71993953 0.85825866 0.
 0.04178442 0.957854   0.         0.7966812  0.15210721 1.
 1.         0.72969687 0.43256384 1.         0.10236278 0.7753293
 0.382301   0.88991535 0.53184897 0.5505186  0.36565426 0.7324901
 0.6806441  0.8055395  0.         0.5579396  0.3412964  0.33735606
 0.18617861 0.54510546 0.5752576  0.26078188 0.3702391  0.36360404
 0.         0.         0.320038   0.7227753  0.6058     0.92137265
 0.8117414  0.30076027 0.15996653 0.43212202 0.         1.
 0.44707674 1.         0.35329068 0.76430476 0.8721591  0.
 0.         0.8775901  0.46601048 1.         0.92849237 0.8831274
 0.5037266  0.27097237 0.00916874 1.         0.33015767 0.
 0.66563886 0.         0.3897377  0.6482531  0.60974854 0.83959526
 0.51136005 0.23970345 0.         0.25926045 0.15815353 0.8539151
 0.         0.4123179  0.28872418 0.5990977  0.49282297 0.48752737
 0.33761296 0.05685747 0.30621564 0.         0.5539648  0.26358825
 0.         0.58575076 0.8093432  0.17224188 0.96258545 0.80632037
 0.16864261 0.         0.7241771  0.6027607  0.7813328  0.
 0.6384375  0.2409704  0.6058131  0.47588125 0.         1.
 0.39839327 0.79507047 0.         0.67886305 0.44788027 0.6163367
 0.8394531  0.59227854 0.         0.94176537 0.69584316 0.34730577
 0.8934406  1.         0.55129504 0.66856706 0.         0.4310958
 0.51357347 0.22850475 0.         0.21380237 1.         0.36761954
 0.39486605 0.32756576 0.6600601  0.56216323 0.         0.8955357
 1.         0.6538806  1.         0.7716787  0.14214908 0.1205481
 0.7917014  1.         0.23802039 0.62532765 1.        ]
2024-05-30 21:50:52[INFO] 
[ddpg][Episode: 0][Step: 15][Metric tpmC:11320.77 tpmTotal:25202.16 Transaction Count:25638]Reward: -0.018881405815180448 Score: -0.1583241789947511 Done: False
2024-05-30 21:50:52[INFO] [ddpg][Episode: 0][Step: 15] Critic: 62359059.85714286 Actor: -0.09361678255455834
2024-05-30 21:50:52[INFO] [ddpg][Episode: 0][Step: 15] step: 104.22021698951721s env step: 104.18983340263367s train step: 0.008566021919250488s restart time: 39.53973603248596s action time: 0.0007452964782714844s
2024-05-30 21:50:52[INFO] [ddpg][Episode: 0][Step: 15][Average] step: 104.22021698951721s env step: 104.18983340263367s train step: 0.008566021919250488s restart time: 39.53973603248596s action time: 0.0009351670742034912s
2024-05-30 21:50:52[INFO] [ddpg] Action: [0.         0.84913915 0.10009433 0.9738117  0.         0.47512096
 0.51850283 0.5753747  0.37693882 0.40405107 0.02193791 0.37994108
 1.         0.32531953 0.         0.25581175 0.5313183  0.26946676
 0.19427022 0.6806923  0.8010436  0.         0.69107145 0.6312358
 0.9153919  0.45165685 0.59057635 0.43388695 0.58573705 0.16469392
 0.15755118 0.67407155 0.60024107 0.40508926 1.         0.35062692
 0.         0.07141159 0.25604245 0.7549078  0.15867704 1.
 0.629711   1.         0.         0.         0.6730006  0.46924672
 0.7043459  0.42975318 0.42438027 0.6916675  1.         0.07096864
 0.         0.9853953  0.33599445 0.8185994  0.39575943 1.
 0.62032425 0.949262   0.42939812 1.         0.6425616  0.60860425
 0.18588056 1.         0.44205016 0.43859437 0.23007506 0.47285673
 0.92898524 0.8257501  0.         0.63391244 0.39281115 0.47618327
 0.06481601 0.5832216  0.50466835 0.37004867 0.2727973  0.21722248
 0.         0.14071752 0.27693155 0.7858535  0.4113846  0.798492
 0.77629    0.25483164 0.07781963 0.31834114 0.11129422 1.
 0.5246784  1.         0.14087181 0.58870053 0.87656194 0.
 0.06543823 0.69341284 0.73524827 0.9603958  0.68132883 1.
 0.43708333 0.         0.1020921  1.         0.6851702  0.
 0.70966405 0.         0.59444815 0.72296625 0.3888242  0.9805212
 0.53436106 0.37734976 0.11541209 0.21798143 0.         0.8348346
 0.         0.49747068 0.17323726 0.5415105  0.33359033 0.44777635
 0.01875024 0.43849966 0.38317212 0.         0.43596664 0.12496106
 0.         0.7008887  0.94249076 0.27580324 0.9630579  0.6590906
 0.43978882 0.         0.43691483 0.65060955 0.46971124 0.
 0.8391412  0.18501443 0.9775246  0.65563095 0.21489578 0.9620586
 0.5644831  0.99288183 0.         0.5840328  0.17477965 0.52174234
 0.78695685 0.5741311  0.10684893 0.9537235  0.65497315 0.50472033
 1.         0.8598889  0.7025356  0.8632738  0.10800764 0.16474298
 0.47252643 0.14751485 0.         0.38929138 0.9277905  0.42350328
 0.83834785 0.5070984  1.         0.6433215  0.         1.
 1.         0.5731286  0.9469934  0.9445773  0.42067972 0.02260878
 0.9673974  0.8990632  0.3601516  0.27913705 0.7630159 ]
2024-05-30 21:52:42[INFO] 
[ddpg][Episode: 0][Step: 16][Metric tpmC:11023.6 tpmTotal:24680.6 Transaction Count:25332]Reward: -0.013587951255183818 Score: -0.1719121302499349 Done: False
2024-05-30 21:52:42[INFO] [ddpg][Episode: 0][Step: 16] Critic: 61921143.06666667 Actor: -0.09360279987255732
2024-05-30 21:52:42[INFO] [ddpg][Episode: 0][Step: 16] step: 109.78955292701721s env step: 109.76580119132996s train step: 0.008448958396911621s restart time: 44.6065993309021s action time: 0.0007081031799316406s
2024-05-30 21:52:42[INFO] [ddpg][Episode: 0][Step: 16][Average] step: 109.78955292701721s env step: 109.76580119132996s train step: 0.008448958396911621s restart time: 44.6065993309021s action time: 0.0009218103745404412s
2024-05-30 21:52:42[INFO] [ddpg] Action: [0.13262628 0.8169658  0.38758582 0.6900806  0.         0.38477203
 0.41699108 0.41151848 0.09481144 0.56017184 0.09180205 0.1585134
 1.         0.45636383 0.         0.         0.7110912  0.22422466
 0.         0.98074734 1.         0.         1.         0.77993315
 0.7987173  0.01252163 0.29053372 0.58722585 0.15887173 0.
 0.0685012  1.         0.82028335 0.6774256  0.9401211  0.4291215
 0.01554784 0.44941077 0.09345516 0.9020703  0.23403762 1.
 0.4000051  1.         0.         0.         0.47078162 0.25754914
 0.7391045  0.5336499  0.26806918 0.32419124 1.         0.22258325
 0.03717596 0.91072553 0.         0.7497511  0.37151676 0.6809924
 0.7483943  0.38978308 0.09997927 1.         0.7592733  0.7918065
 0.09594022 1.         0.35001612 0.50688213 0.23012778 0.50595534
 0.56468123 0.74750435 0.         0.55024534 0.31497034 0.377691
 0.10215957 0.9243786  0.75976884 0.27142245 0.21188773 0.15128337
 0.         0.3946421  0.         0.34794244 0.43648666 0.5854977
 1.         0.09357128 0.21967483 0.2891134  0.         0.93889374
 0.6630235  0.9439711  0.15240282 0.532392   0.48648125 0.
 0.08230673 0.36443943 0.6681278  0.95093143 0.6438568  1.
 0.13199468 0.         0.         1.         0.5166322  0.
 0.77065295 0.         0.71182424 0.54354703 0.22906876 1.
 0.32987452 0.         0.         0.2704806  0.05173224 1.
 0.         0.6821814  0.4563169  0.78205436 0.41765118 0.01172639
 0.04757956 0.11695644 0.6719605  0.         0.91545683 0.3748678
 0.12243124 0.7942585  0.7485581  0.37856638 1.         1.
 0.65997666 0.         0.7556468  0.61214525 0.4180749  0.
 0.66061455 0.28441328 1.         0.6259546  0.4798778  0.76797813
 0.830331   1.         0.1399506  0.56022924 0.37961388 0.41646248
 1.         0.50344986 0.07026233 1.         1.         0.3605136
 1.         0.8456086  0.4846021  0.81614226 0.06307485 0.22868685
 0.6703971  0.49275574 0.         0.38800633 0.77189535 0.24679297
 0.10781116 0.39931828 0.9585631  0.6452399  0.09833076 0.8557681
 1.         0.45272627 1.         0.94313663 0.14994647 0.5041916
 1.         0.618809   0.16797805 0.36914417 0.93829006]
2024-05-30 21:54:31[INFO] 
[ddpg][Episode: 0][Step: 17][Metric tpmC:10892.32 tpmTotal:24272.33 Transaction Count:24616]Reward: -0.0060611565978364096 Score: -0.1779732868477713 Done: False
2024-05-30 21:54:31[INFO] [ddpg][Episode: 0][Step: 17] Critic: 61537929.0 Actor: -0.09355483436957002
2024-05-30 21:54:31[INFO] [ddpg][Episode: 0][Step: 17] step: 109.02865600585938s env step: 108.98090505599976s train step: 0.00857853889465332s restart time: 44.607211112976074s action time: 0.0007326602935791016s
2024-05-30 21:54:31[INFO] [ddpg][Episode: 0][Step: 17][Average] step: 109.02865600585938s env step: 108.98090505599976s train step: 0.00857853889465332s restart time: 44.607211112976074s action time: 0.0009113020367092557s
2024-05-30 21:54:31[INFO] [ddpg] Action: [0.364441   0.8017044  0.4882973  0.6969159  0.         0.33460855
 0.38519934 0.46162897 0.20272848 0.7288645  0.         0.14358021
 0.9013882  0.5691255  0.         0.         0.76422375 0.31549013
 0.352247   0.71786803 0.9511488  0.03763554 0.59304756 0.6692043
 1.         0.15636535 0.49468726 0.37130028 0.41202378 0.23502652
 0.03054844 1.         0.9368136  0.3577817  0.9648327  0.27196077
 0.         0.35213053 0.         0.9172159  0.23592308 1.
 0.4664722  1.         0.         0.05885971 0.41963884 0.20187497
 0.35652328 0.3506437  0.1269723  0.3278258  0.9653927  0.20941702
 0.         0.757973   0.         0.3523382  0.17688936 0.7859345
 0.4487596  0.6333407  0.07848109 0.90718335 0.6469422  0.89162886
 0.16677757 1.         0.13971104 0.38121048 0.3369668  0.43732527
 0.70746976 0.64146674 0.         0.78627956 0.03109249 0.4054426
 0.3119682  1.         0.7810847  0.21132194 0.07519276 0.14047693
 0.         0.81430876 0.21640344 0.31643552 0.5278914  0.7739693
 1.         0.33002293 0.23451166 0.04533547 0.         0.73627275
 0.43371645 0.8182336  0.40122983 0.5399016  0.6631844  0.
 0.15488717 0.3961     0.36510843 0.8762028  0.61839634 1.
 0.31088236 0.10738296 0.         0.78769433 1.         0.
 0.55110085 0.11393069 0.20174961 0.52167434 0.4583823  1.
 0.25177392 0.         0.         0.41391936 0.2973077  0.86041623
 0.         0.40913922 0.40771094 0.72768867 0.6289266  0.1380393
 0.13772987 0.11647729 0.49428475 0.2524022  0.49120846 0.40120906
 0.30615568 0.7707957  0.64880615 0.5628994  0.9884149  0.9951376
 0.54925036 0.07646276 1.         0.5513171  0.73427427 0.00224508
 0.22537841 0.2086465  1.         0.50616646 0.46835688 0.49441385
 0.44615126 1.         0.         0.8947247  0.34954205 0.3990788
 0.78468204 0.4607847  0.         0.864352   0.9697972  0.2480046
 1.         0.63795614 0.6612426  0.76847476 0.07027601 0.4163292
 0.70239955 0.42128673 0.         0.12218996 0.6983431  0.
 0.19615167 0.47792375 1.         0.5814629  0.         0.95692366
 1.         0.19878982 1.         0.8242316  0.30491507 0.38658842
 1.         0.6900121  0.393991   0.20323227 0.88141465]
2024-05-30 21:56:15[INFO] 
[ddpg][Episode: 0][Step: 18][Metric tpmC:11886.57 tpmTotal:26432.93 Transaction Count:26613]Reward: -0.04405048306952658 Score: -0.2220237699172979 Done: False
2024-05-30 21:56:15[INFO] [ddpg][Episode: 0][Step: 18] Critic: 61199825.52941176 Actor: -0.09354247766382554
2024-05-30 21:56:15[INFO] [ddpg][Episode: 0][Step: 18] step: 103.57047510147095s env step: 103.54590010643005s train step: 0.008874058723449707s restart time: 39.55275750160217s action time: 0.0007090568542480469s
2024-05-30 21:56:15[INFO] [ddpg][Episode: 0][Step: 18][Average] step: 103.57047510147095s env step: 103.54590010643005s train step: 0.008874058723449707s restart time: 39.55275750160217s action time: 0.0009006575534218236s
2024-05-30 21:56:15[INFO] [ddpg] Action: [0.1015551  0.9371998  0.5992125  0.6480295  0.0626635  0.4436236
 0.49995336 0.3998263  0.286136   0.64815223 0.14942707 0.06058748
 0.82556564 0.66860926 0.35257626 0.1811122  0.6625284  0.05679143
 0.48243397 0.7615732  0.51698697 0.         0.49767736 0.88058555
 1.         0.         0.38295057 0.47793818 0.4647323  0.2597213
 0.19008012 1.         0.8168487  0.35472706 0.8223271  0.12593769
 0.31551492 0.8426519  0.         0.7794491  0.188621   1.
 0.6891121  1.         0.07279541 0.21620288 0.5157833  0.26150036
 0.42224768 0.03880684 0.0736149  0.3952167  1.         0.4424552
 0.         0.6742299  0.0695518  0.5687974  0.         0.8202604
 0.         0.6868876  0.08696607 0.96806693 0.47202247 0.99630743
 0.5010361  1.         0.         0.21526305 0.3870703  0.30068415
 0.8515624  0.37105504 0.         0.90920764 0.13183537 0.4809293
 0.40848303 1.         1.         0.26644865 0.2484518  0.20610015
 0.         1.         0.         0.38105214 0.5392334  0.50491244
 1.         0.17471409 0.5110435  0.19994357 0.12205404 0.7953868
 0.38764846 0.9592183  0.8738513  0.5594216  0.42602038 0.
 0.         0.10117049 0.         0.825185   0.7024003  0.9768744
 0.31377876 0.22302333 0.25237194 0.75949556 0.9101848  0.
 0.94728726 0.47248733 0.2057693  0.5828235  0.57444775 1.
 0.31675562 0.         0.01703076 0.25430346 0.34434003 0.6872568
 0.03064667 0.5273393  0.4303509  0.4985036  0.75309694 0.05057026
 0.17022775 0.1304835  0.5326426  0.20895652 0.38103566 0.2887978
 0.6473051  0.82965773 0.89015925 0.5042403  0.6322938  0.911103
 0.34460223 0.13933179 1.         0.43595484 0.70606405 0.
 0.2852244  0.35961106 1.         0.6166524  0.38033482 0.49295583
 0.62980175 1.         0.19243999 0.7304225  0.17525369 0.34227034
 0.6722565  0.44130012 0.         0.7137059  1.         0.
 0.93365276 0.8882026  0.605067   0.27240214 0.         0.45888153
 0.69966733 0.68606895 0.09402313 0.         0.65122116 0.4524157
 0.5470086  0.51390666 1.         0.6451654  0.09041885 0.7085782
 1.         0.21931113 1.         0.94620365 0.3217796  0.2667808
 0.86565673 0.6551654  0.22258067 0.2778467  1.        ]
2024-05-30 21:58:03[INFO] 
[ddpg][Episode: 0][Step: 19][Metric tpmC:11366.72 tpmTotal:25290.44 Transaction Count:25606]Reward: -0.020132263289234387 Score: -0.24215603320653228 Done: False
2024-05-30 21:58:04[INFO] [ddpg][Episode: 0][Step: 19] Critic: 60899306.88888889 Actor: -0.09356879070401192
2024-05-30 21:58:04[INFO] [ddpg][Episode: 0][Step: 19] step: 108.99089431762695s env step: 108.96676754951477s train step: 0.008569717407226562s restart time: 44.567609786987305s action time: 0.0007586479187011719s
2024-05-30 21:58:04[INFO] [ddpg][Episode: 0][Step: 19][Average] step: 108.99089431762695s env step: 108.96676754951477s train step: 0.008569717407226562s restart time: 44.567609786987305s action time: 0.000893557071685791s
2024-05-30 21:58:04[INFO] [ddpg] Action: [0.52711076 1.         0.36762998 0.6629425  0.00907914 0.7454188
 0.38816044 0.27508515 0.         0.7520416  0.         0.
 0.99190086 0.7899042  0.3422274  0.3698489  0.87264854 0.22031668
 0.45733216 0.6876707  0.80613935 0.07515858 0.65912354 0.7259663
 1.         0.         0.3226698  0.95011663 0.65014994 0.03977584
 0.2839113  0.6478715  1.         0.32394016 0.93546903 0.01601009
 0.5542193  1.         0.02086415 0.81994087 0.07596336 1.
 0.2167923  1.         0.         0.51341826 0.6016761  0.4458601
 0.6490441  0.0464034  0.         0.61265796 0.87989765 0.82281435
 0.         0.52615863 0.         0.71954286 0.         1.
 0.         0.789844   0.         0.68525815 0.29594797 1.
 0.50888836 1.         0.         0.17843081 0.5096013  0.42637107
 0.42180765 0.18794352 0.         0.9558417  0.09108956 0.6522696
 0.48177186 1.         0.9209502  0.7465268  0.06852987 0.25385064
 0.04884828 1.         0.15807141 0.25765216 0.66701865 0.6562863
 0.95957434 0.25489017 0.69299835 0.23973827 0.11478753 0.65633976
 0.525742   1.         1.         0.5029054  0.812996   0.
 0.         0.124466   0.         0.33192915 0.62022    0.8944043
 0.27823278 0.10112691 0.10609592 0.98198545 0.6205818  0.
 1.         0.5417256  0.49604517 0.34674257 0.71679145 1.
 0.36913964 0.         0.         0.2903797  0.17810144 0.5320458
 0.18518375 0.5128825  0.5974143  0.29648685 1.         0.
 0.4646468  0.17314857 0.49764067 0.11118105 0.598382   0.60715413
 0.942367   0.7612896  1.         0.6152896  0.575024   0.7397787
 0.2739192  0.2869987  0.72519875 0.21996239 0.64498603 0.
 0.29980645 0.23627114 1.         0.6260315  0.3546106  0.35650465
 0.5722546  1.         0.24041894 0.57356995 0.6324927  0.37469524
 0.73498076 0.66319025 0.         0.37873375 1.         0.
 0.996191   0.95706755 0.45301107 0.22532205 0.14394283 0.3636166
 0.8432684  0.7460426  0.17375895 0.         0.56001323 0.23319604
 0.4486025  0.5822211  1.         1.         0.34530187 0.58447206
 1.         0.3793995  1.         0.8705381  0.52604336 0.54024166
 0.7583416  0.84942794 0.24596252 0.         1.        ]
2024-05-30 21:59:48[INFO] 
[ddpg][Episode: 0][Step: 20][Metric tpmC:10930.31 tpmTotal:23943.81 Transaction Count:24205]Reward: -0.003332233721840511 Score: -0.2454882669283728 Done: False
2024-05-30 21:59:48[INFO] [ddpg][Episode: 0][Step: 20] Critic: 60630377.368421055 Actor: -0.09371364606838477
2024-05-30 21:59:48[INFO] [ddpg][Episode: 0][Step: 20] step: 104.40492343902588s env step: 104.37999773025513s train step: 0.008821725845336914s restart time: 39.54417300224304s action time: 0.0010368824005126953s
2024-05-30 21:59:48[INFO] [ddpg][Episode: 0][Step: 20][Average] step: 104.40492343902588s env step: 104.37999773025513s train step: 0.008821725845336914s restart time: 39.54417300224304s action time: 0.000900382087344215s
2024-05-30 21:59:48[INFO] [ddpg] Action: [0.59396243 0.6110731  0.44362575 0.50715494 0.16652222 0.70855576
 0.255509   0.67713547 0.         0.4458363  0.25091752 0.14936844
 0.897142   0.84336877 0.35723212 0.5506195  0.85934883 0.16781923
 0.24881211 0.5787175  0.4409672  0.20375425 0.5849786  0.7289768
 1.         0.04745356 0.45753297 1.         0.6781892  0.24751739
 0.20381963 0.53191525 1.         0.63073534 0.6265619  0.
 0.0633403  0.97042036 0.         0.8545607  0.1477546  1.
 0.08636981 1.         0.         0.6182805  0.82771885 0.08687496
 1.         0.         0.0121682  1.         0.61752486 0.38176253
 0.12804079 0.26004204 0.         0.75094014 0.         1.
 0.         0.6862749  0.01340859 0.47492158 0.05733857 1.
 0.28595307 1.         0.3857179  0.17166376 0.32616627 0.08421113
 0.47953063 0.21984273 0.         0.8293011  0.07718034 0.617251
 0.39116478 1.         0.80952746 0.09592258 0.         0.08200592
 0.10991853 1.         0.29463422 0.398294   0.8731291  0.7649863
 0.7711778  0.06403164 0.5133652  0.2881311  0.08558379 0.6713716
 0.5750221  0.98635846 0.94904494 0.12279459 0.9465548  0.
 0.1148504  0.         0.         0.35254294 0.4614503  0.59520876
 0.30482274 0.18784463 0.12440442 0.63400626 0.6614825  0.
 0.70354515 0.42289016 0.5460827  0.55041337 0.51665884 1.
 0.2742214  0.         0.27376089 0.572456   0.50870484 0.7499563
 0.05167376 0.5554424  0.5149257  0.4135151  0.9700041  0.
 0.2607995  0.213838   0.6208128  0.         0.19072068 0.80401623
 0.86007017 0.6249779  1.         0.36009493 0.8100787  0.99205106
 0.45232224 0.42977077 0.59534824 0.19425058 0.52728295 0.05927463
 0.38201037 0.35248715 0.7651801  0.7427198  0.58405685 0.43404028
 0.8271753  1.         0.04896699 0.7388485  0.78278226 0.
 0.83110344 0.53942007 0.         0.584336   0.9430186  0.26068753
 1.         1.         0.6618506  0.         0.17523068 0.19856296
 0.45980528 0.8731534  0.23918566 0.         0.6309109  0.449008
 0.52158254 0.691066   1.         0.98859197 0.44918263 0.492609
 0.8804614  0.86396027 0.5917713  1.         0.49723852 0.60122323
 0.89317185 0.92288584 0.2693682  0.         1.        ]
2024-05-30 22:01:32[INFO] 
[ddpg][Episode: 0][Step: 21][Metric tpmC:11123.92 tpmTotal:24838.01 Transaction Count:25056]Reward: -0.014362556256549263 Score: -0.2598508231849221 Done: False
2024-05-30 22:01:32[INFO] [ddpg][Episode: 0][Step: 21] Critic: 60388370.2 Actor: -0.09386561941355467
2024-05-30 22:01:32[INFO] [ddpg][Episode: 0][Step: 21] step: 103.65039324760437s env step: 103.62629961967468s train step: 0.008620381355285645s restart time: 39.54314064979553s action time: 0.0006973743438720703s
2024-05-30 22:01:32[INFO] [ddpg][Episode: 0][Step: 21][Average] step: 103.65039324760437s env step: 103.62629961967468s train step: 0.008620381355285645s restart time: 39.54314064979553s action time: 0.0008911544626409358s
2024-05-30 22:01:32[INFO] [ddpg] Action: [0.567387   0.23948184 0.5244849  0.47631598 0.         0.25545907
 0.7098486  0.52868676 0.         0.31291664 0.37465236 0.35189945
 0.6585282  0.7733479  0.3294183  0.5040371  1.         0.70448303
 0.25744054 0.40157178 0.41060436 0.         0.6428171  0.9394495
 1.         0.3576247  0.4337612  1.         0.5680874  0.37273178
 0.43295607 0.5645103  1.         0.7707944  0.87327653 0.
 0.3204216  0.7691999  0.         0.4892616  0.14854656 1.
 0.38764378 1.         0.20330524 0.6513865  0.9104101  0.23726062
 1.         0.04675742 0.         0.8612516  0.3672841  0.2608967
 0.         0.30311856 0.         0.04702011 0.         1.
 0.         0.49761    0.00413621 0.6648156  0.24800368 1.
 0.         1.         0.47053713 0.         0.3178838  0.
 0.34389263 0.24248336 0.         0.84409916 0.01204554 0.45730507
 0.29636657 1.         0.75174356 0.01902902 0.18765886 0.
 0.4192415  1.         0.5475917  0.272214   0.39192224 1.
 0.59989834 0.         0.37045968 0.16214846 0.5372756  0.4553592
 0.7874375  1.         0.69579643 0.         1.         0.
 0.19842793 0.2961459  0.04122648 0.5754933  0.86708176 0.47177726
 0.7627884  0.13000487 0.         0.3831586  0.45510545 0.
 0.90888023 0.11359708 0.4467663  0.43988106 0.564549   1.
 0.15255135 0.         0.33487576 0.6854481  0.72789645 0.6861858
 0.1356709  0.7154559  0.65128165 0.3407577  0.77322185 0.
 0.47680038 0.25835487 0.51691186 0.         0.2770414  0.98037714
 0.52402806 0.2553289  1.         0.68476886 1.         0.48649603
 0.31417456 0.44906023 1.         0.19807582 0.         0.18615752
 0.26080918 0.50661594 0.4461697  0.90144366 0.19377883 0.5643531
 1.         0.94969434 0.         0.52302086 0.95297855 0.
 0.85238457 0.7199117  0.07901434 0.63062155 0.70414907 0.8099918
 1.         1.         0.5996506  0.         0.30884096 0.4259124
 0.61196107 0.88294667 0.24543019 0.12879688 0.49034333 0.7831278
 0.48816943 0.6876901  1.         1.         0.30256224 0.59308547
 0.57580405 0.9351939  0.84519875 1.         0.616735   0.39738807
 1.         0.80851585 0.3259348  0.0375871  0.76382977]
2024-05-30 22:03:21[INFO] 
[ddpg][Episode: 0][Step: 22][Metric tpmC:11155.28 tpmTotal:24924.88 Transaction Count:25245]Reward: -0.016670027181035878 Score: -0.27652085036595797 Done: False
2024-05-30 22:03:21[INFO] [ddpg][Episode: 0][Step: 22] Critic: 60169416.0952381 Actor: -0.09399123614033063
2024-05-30 22:03:21[INFO] [ddpg][Episode: 0][Step: 22] step: 109.06800699234009s env step: 109.04335951805115s train step: 0.008929133415222168s restart time: 44.69823503494263s action time: 0.0007319450378417969s
2024-05-30 22:03:21[INFO] [ddpg][Episode: 0][Step: 22][Average] step: 109.06800699234009s env step: 109.04335951805115s train step: 0.008929133415222168s restart time: 44.69823503494263s action time: 0.0008842323137366253s
2024-05-30 22:03:21[INFO] [ddpg] Action: [0.8182406  0.37494916 0.29895195 0.6286654  0.         0.27577838
 0.5187     0.8285317  0.03838845 0.29319918 0.20586877 0.36373636
 0.4400649  1.         0.4028626  0.5733959  1.         0.64903134
 0.11351476 0.59396166 0.49825963 0.         0.9305451  0.2979776
 1.         0.7159548  0.21535248 1.         0.6529359  0.11754017
 0.708819   0.49431473 1.         0.7431848  0.94120204 0.
 0.5398669  0.7761596  0.18218343 0.63227075 0.34057224 1.
 0.5658653  1.         0.28064096 0.61328626 1.         0.13334666
 1.         0.         0.         0.89468217 0.19567275 0.52393717
 0.         0.37327722 0.         0.25009415 0.         1.
 0.         0.5336587  0.3179462  1.         0.5290178  1.
 0.4723385  1.         0.41356537 0.2663944  0.37658894 0.02429016
 0.16645172 0.48051962 0.         0.6872146  0.         0.12699988
 0.49803558 1.         0.33619168 0.         0.54442626 0.0824549
 0.06244998 1.         0.5327873  0.3082714  0.11739962 0.7138525
 1.         0.         0.45138308 0.4037612  0.8598605  0.5802795
 0.61458576 0.9063716  0.8053898  0.19704938 1.         0.
 0.         0.7036636  0.14941809 0.87213075 1.         0.577877
 0.62313694 0.31436357 0.         0.55477905 0.60581386 0.
 0.7923036  0.1132612  0.9086534  0.27867943 0.5183478  0.93379617
 0.5553424  0.         0.23817633 0.6964651  0.90086955 0.27279037
 0.12088494 0.9778995  0.5360649  0.         0.5330003  0.2110233
 0.3239557  0.1519889  0.7336868  0.         0.43834224 1.
 0.84682554 0.43865782 1.         0.952509   1.         0.5469166
 0.05002474 0.08088402 1.         0.48624247 0.21918073 0.3203422
 0.29134342 0.11720029 0.2141199  0.71793056 0.25035208 0.5888368
 0.95450896 0.9244501  0.         0.06613974 0.5513882  0.
 0.7657994  1.         0.         0.43954125 0.570376   0.8049126
 0.7696004  0.90642166 0.52005464 0.01599775 0.01682959 0.4266481
 0.6028931  0.89180094 0.         0.76130927 0.6355508  0.760695
 0.4528012  0.47434047 0.6660623  0.8191458  0.48207012 0.5202033
 0.10074148 0.5701878  1.         1.         0.701649   0.15511227
 1.         0.55515164 0.21647958 0.0437965  0.4132809 ]
