2024-05-22 17:19:01[INFO] 
[Env initialized][Metric tpmC: 7486.45 tpmTotal: 16501.21 Transaction Count: 16594]
2024-05-22 17:20:15[INFO] [ddpg] Action: [0.10979579 0.36237207 0.6334928  0.5747559  0.13318437 0.5685916
 0.6665106  0.7310111  0.5581712  0.01358144 0.52802044 0.6694878
 0.58609766 0.45837736 0.53886175 0.5740037  0.51379865 0.49419197
 0.20715204 0.7180531  0.0722348  0.64812666 0.42113805 0.75643504
 0.37173107 0.6161531  0.3409599  0.21951298 0.30657044 0.5521716
 0.6266872  0.3099448  0.61405194 0.6364745  0.47057772 0.35893026
 0.32900718 0.50163686 0.827641   0.5340388  0.25142965 0.6589999
 0.33311617 0.37120906 0.7511279  0.55876076 0.5597336  0.57709676
 0.75479585 0.0531735  0.54280114 0.3081272  0.6252083  0.13630192
 0.6962559  0.17290613 0.5647925  0.3200693  0.8128785  0.26132357
 0.6995208  0.02581136 0.5326007  0.7173618  0.6641061  0.65661454
 0.10471673 0.5106722  0.5100223  0.6192713  0.45624974 0.26306096
 0.2923088  0.29232168 0.61992764 0.26623428 0.5714552  0.46721098
 0.82240814 0.10291882 0.56189656 0.4938044  0.2637502  0.396844
 0.22971565 0.5541324  0.8453175  0.5075373  0.63804096 0.33854735
 0.41474834 0.54184574 0.72998476 0.28884783 0.42676008 0.8022503
 0.23876238 0.65188706 0.5871223  0.45538837 0.45998374 0.3700256
 0.78286743 0.37510285 0.3497849  0.459268   0.51206243 0.5584829
 0.42734647 0.36604178 0.25625014 0.62397635 0.285225   0.31389743
 0.5505835  0.48943266 0.5512879  0.29195428 0.29042906 0.34810805
 0.78604406 0.67304224 0.5741972  0.43911004 0.68168044 0.3981274
 0.5406488  0.52476686 0.3197621  0.2026754  0.8268862  0.4201277
 0.4333329  0.32906502 0.4860886  0.7607508  0.35635775 0.390042
 0.4438124  0.5614404  0.7960109  0.74559134 0.65066695 0.7479457
 0.7166459  0.2098244  0.30084613 0.5859003  0.5550507  0.8924329
 0.4178128  0.5539919  0.4962325  0.57988614 0.55214375 0.63165843
 0.32413417 0.4671595  0.3729747  0.33267555 0.27991912 0.6114996
 0.35087702 0.72843397 0.41955006 0.79234093 0.40609255 0.6014403
 0.43747202 0.48619425 0.38340777 0.38621038 0.5715984  0.59996766
 0.59836847 0.4727953  0.4952827  0.22006202 0.4508272  0.62041676
 0.4072738  0.548555   0.74691397 0.67002404 0.1868549  0.26308194
 0.52122074 0.33783355 0.31763133 0.46491233 0.40997446 0.54511553
 0.4491806  0.2618987  0.7456367  0.40936843 0.        ]
2024-05-22 17:21:30[INFO] 
[ddpg][Episode: 0][Step: 0][Metric tpmC:0 tpmTotal:0 Transaction Count:0]Reward: -10000000.0 Score: -10000000.0 Done: True
2024-05-22 17:21:45[INFO] [ddpg][Episode: 0][Step: 0] step: 164.10645508766174s env step: 75.21879744529724s train step: 0.0s restart time: 75.21863460540771s action time: 69.68591451644897s
2024-05-22 17:21:45[INFO] [ddpg][Episode: 0][Step: 0][Average] step: 164.10645508766174s env step: 75.21879744529724s train step: 0.0s restart time: 75.21863460540771s action time: 69.68591451644897s
2024-05-22 17:22:21[INFO] 
[Env initialized][Metric tpmC: 7486.45 tpmTotal: 16501.21 Transaction Count: 16594]
2024-05-22 17:22:30[INFO] [ddpg] Action: [0.56616664 0.80635446 0.7730753  0.11712823 0.63473374 0.5186563
 0.53001004 0.41070095 0.25236    0.2998717  0.6038717  0.5212551
 0.47852382 0.48947033 0.46763235 0.38732293 0.7857621  0.3806071
 0.41120067 0.50546587 0.43985295 0.7865424  0.66832453 0.65900743
 0.58979565 0.67225987 0.545913   0.42115736 0.22251473 0.3270859
 0.38292092 0.51342857 0.5866348  0.62222505 0.5842172  0.6137638
 0.36103395 0.62949383 0.5901471  0.5391253  0.38548175 0.1675386
 0.46787488 0.58534175 0.38120344 0.15556344 0.6059856  0.50240874
 0.76799035 0.35003418 0.5869858  0.6815765  0.8735414  0.9686434
 0.63554    0.38783437 0.46900693 0.62986296 0.60372156 0.46439397
 0.84404147 0.44067118 0.37237176 0.6573219  0.31204796 0.41359732
 0.7398184  0.8505528  0.4146313  0.60884416 0.7507008  0.10879503
 0.77438986 0.27457842 0.33389127 0.721224   0.5123794  0.5563026
 0.9088368  0.27618226 0.27491716 0.68496245 0.6339946  0.5121602
 0.18163545 0.5488388  0.43120506 0.75172    0.5083056  0.
 0.83163875 0.30576083 0.44476426 0.56223154 0.2726093  0.5528278
 0.2576745  0.43666548 0.48243684 0.6154744  0.2716772  0.6113622
 0.03222598 0.6192357  0.5313665  0.5560423  0.09802406 0.5357756
 0.36048254 0.5425275  0.5931559  0.615729   0.48382643 0.7010954
 0.27583364 0.4398285  0.25051036 0.33877146 0.61598897 0.6272253
 0.7227243  0.51097864 0.28972644 0.7220401  0.5652469  0.48276833
 0.9020747  0.15369286 0.50399935 0.33722535 0.57775766 0.88360244
 0.94751644 0.3451235  0.68037295 0.16841306 0.20667729 0.8989355
 0.6673126  0.71504647 0.42494595 0.23380949 0.5323863  0.73715097
 0.7048672  0.6306382  0.34545636 0.36435968 0.3680312  0.69185627
 0.64789486 0.63657826 0.30938178 0.54666007 0.36544985 0.6818717
 0.6495994  0.5016567  0.8292485  0.62794507 0.47276667 0.48861116
 0.47577405 0.47007242 0.6007684  0.34725106 0.6917809  0.3784581
 0.2995574  0.47559664 0.7208899  0.42541155 0.18901712 0.31590995
 0.5975269  0.607558   0.6855496  0.64795864 0.9258438  0.5116162
 0.27685052 0.6586672  0.70812386 0.35835767 0.6500349  0.2892866
 0.2958434  0.6343061  0.46310288 0.5434384  0.57986253 0.48909733
 0.28365257 0.47491312 0.01817618 0.5264629  0.623566  ]
2024-05-22 17:23:45[INFO] 
[ddpg][Episode: 1][Step: 0][Metric tpmC:0 tpmTotal:0 Transaction Count:0]Reward: -10000000.0 Score: -10000000.0 Done: True
