2024-05-22 16:01:57[INFO] 
[Env initialized][Metric tpmC: 7486.45 tpmTotal: 16501.21 Transaction Count: 16594]
2024-05-22 16:02:00[INFO] [ddpg] Action: [0.43627048 0.35053423 0.61529964 0.5116061  0.3620526  0.2847079
 0.49991605 0.69004506 0.6715254  0.49658117 0.48112312 0.24366243
 0.59797615 0.26018795 0.6489214  0.39868054 0.46411556 0.4694179
 0.30143452 0.82608956 0.15859438 0.06922483 0.45474967 0.34705052
 0.31818354 0.45625594 0.50698495 0.3893834  0.34725964 0.27274746
 0.6441125  0.6254429  1.         0.68345946 0.03241747 0.48130396
 0.689347   0.7705123  0.65652955 0.3290392  0.43796808 0.77395326
 0.67257047 0.90548754 0.26377857 0.5980318  0.524833   0.37589082
 0.33167025 0.2932416  0.6655306  0.07159334 0.61174333 0.88017064
 0.58050257 0.6246445  0.4178622  0.619286   0.3510553  0.60289305
 0.3506952  0.7903876  0.54546505 0.2275395  0.5359936  0.6121043
 0.58878434 0.6485204  0.6217604  0.69271946 0.4384066  0.416092
 0.52877474 0.9210335  0.49277478 0.36437336 0.70573    0.13585961
 0.3938755  0.6976129  0.31523746 0.55123574 0.29510936 0.7068481
 0.46703696 0.43891865 0.6148211  0.5058776  0.37418082 0.4037686
 0.39887276 0.39967185 0.63269496 0.18210107 0.420617   0.
 0.794656   0.78280157 0.82689804 0.62171197 0.4967392  0.5227581
 0.12202738 0.74014896 0.677967   0.52672946 0.51349396 0.20358928
 0.38975376 0.39653197 0.625885   0.28290483 0.71235144 0.7035886
 0.5606263  0.745927   0.5310838  0.46729094 0.3640165  0.49869862
 0.6946551  0.13580681 0.45205998 0.38209006 0.5158495  0.30605903
 0.60962653 0.6709432  0.42172256 0.60996246 0.42854497 0.5697502
 0.6884623  0.5685574  0.3697842  0.7377579  0.3800459  0.50520414
 0.4812031  0.31421456 0.52210045 0.8430908  0.39546302 0.57143486
 0.8268439  0.         0.88959813 0.55539334 0.35071978 0.79111874
 0.3066774  0.23450413 0.17071298 0.8775783  0.96017885 0.35740286
 0.3804624  0.33566245 0.3896696  0.43166497 0.45101434 0.46840963
 0.31171298 0.5162443  0.16027153 0.3612458  0.54391927 0.7914517
 0.29669344 0.8004337  0.28757855 0.445364   1.         0.5198802
 0.22639471 0.6597769  0.50312936 0.13140629 0.17261289 0.2994624
 0.12788394 0.41967988 0.65420556 0.52004075 0.8514875  0.26597297
 0.84269226 0.3627534  0.45274875 0.49456057 0.54781437 0.41971228
 0.5916052  0.45145315 0.5966481  0.91743624 0.47302848]
