2024-05-22 17:50:59[INFO] 
[Env initialized][Metric tpmC: 7486.45 tpmTotal: 16501.21 Transaction Count: 16594]
2024-05-22 17:50:59[INFO] [ddpg] Action: [0.4879683  0.30308926 0.28504044 0.7204533  0.7514706  0.23948304
 0.42415726 0.734182   0.56540734 0.49097094 0.58272445 0.33479294
 0.44149706 0.45927596 0.12267596 0.38910955 0.33427677 0.3870929
 0.12132899 0.5301542  0.77276075 0.5654658  0.37361133 0.5721486
 0.22628619 0.5895826  0.70533216 0.38407362 0.36216512 0.7185067
 0.8237782  0.27659485 0.75630146 0.45398554 0.52622026 0.62572813
 0.56666225 0.7010398  0.47010615 0.31301355 0.75960594 0.588966
 0.6128808  0.18414168 0.7732207  0.8091425  0.864296   0.43581736
 0.847449   0.48351747 0.75887465 0.35463446 0.2982461  0.391646
 0.86344314 0.8521381  0.2543128  0.27831715 0.4327514  0.35820034
 0.31240892 0.607999   0.61349726 0.5697665  0.33359367 0.6731445
 0.44484007 0.32978365 0.35121718 0.5089281  0.53742415 0.5549913
 0.15855831 0.5766482  0.78356683 0.26147613 0.26351503 0.5320803
 0.61989784 0.7614288  0.5583208  0.59046096 0.41491815 0.11683645
 0.3962763  0.3779781  0.74492586 0.5926793  0.520689   0.5446427
 0.43549684 0.6655431  0.60092616 0.6297917  0.89077735 0.74619055
 0.63337564 0.6459947  0.5970005  0.74757123 0.706486   0.32021922
 0.64986247 0.8851193  0.11413306 0.2982211  0.23445308 0.32562527
 0.6004907  0.5811821  0.68883085 0.22406687 0.26851347 0.41911802
 0.19339603 0.53184354 0.80494153 0.37612313 0.34299386 0.70570123
 0.4662237  0.68913895 0.5667276  0.72577626 0.17640075 0.20194398
 0.7512938  0.5068036  0.55607736 0.21419416 0.12806328 0.47842276
 0.50801015 0.552199   0.5781749  0.84993184 0.5278359  0.67996377
 0.25978363 0.47368115 0.46195465 0.66195446 0.5859913  0.2500949
 0.4695787  0.40216917 0.8390149  0.         0.8491491  0.62492526
 0.2806765  0.799792   0.405817   0.6712483  0.3319294  0.5333109
 0.500615   0.42152423 0.5572523  0.25950816 0.51901233 0.5364128
 0.83580124 0.61772996 0.7119067  0.5726039  0.37760106 0.2254358
 0.4599509  0.7512116  0.52434033 0.40917286 0.6827735  0.74187416
 0.49339575 0.5890697  0.43547282 0.28200707 0.83997446 0.39472112
 0.7302261  0.6586922  0.5301523  0.21517348 0.24214636 0.26961812
 0.3920283  0.594667   0.5526547  0.13507187 0.253197   0.9328121
 0.43520615 0.45986247 0.67383045 0.57770383 0.47417462]
2024-05-22 17:52:14[INFO] 
[ddpg][Episode: 0][Step: 0][Metric tpmC:0 tpmTotal:0 Transaction Count:0]Reward: -10000000.0 Score: -10000000.0 Done: True
2024-05-22 17:52:14[INFO] [ddpg][Episode: 0][Step: 0] step: 75.21666240692139s env step: 75.1907000541687s train step: 0.0s restart time: 75.19056630134583s action time: 0.004180431365966797s
2024-05-22 17:52:14[INFO] [ddpg][Episode: 0][Step: 0][Average] step: 75.21666240692139s env step: 75.1907000541687s train step: 0.0s restart time: 75.19056630134583s action time: 0.004180431365966797s
2024-05-22 17:52:51[INFO] 
[Env initialized][Metric tpmC: 7486.45 tpmTotal: 16501.21 Transaction Count: 16594]
2024-05-22 17:52:51[INFO] [ddpg] Action: [0.32043976 0.5082967  0.09828831 0.5537076  0.16761094 0.22650047
 0.2505612  0.5797126  0.4620363  0.46124554 0.622208   0.3826318
 0.41110122 0.700789   0.6148957  0.2295019  0.28026488 0.728435
 0.71984076 0.58534026 0.14608502 0.59257156 0.70154226 0.41617838
 0.33893654 0.44874454 0.56271195 0.39572558 0.65629196 0.74306244
 0.5472339  0.72274315 0.18776882 0.44572434 0.7497682  0.6143234
 0.51804364 0.27681664 0.4838053  0.4976342  1.         0.46002907
 0.20120215 0.49603784 0.85389465 0.29081008 0.1631778  0.00659501
 0.53981876 0.8713149  0.28631657 0.07229686 0.75066674 0.6784587
 0.76265305 0.98225427 0.97831094 0.7518667  0.6468647  0.6604527
 0.352044   0.50427145 0.29881242 0.42507598 0.19474734 0.50820774
 0.38992715 0.92441404 0.750468   0.34205613 0.5376868  0.7344101
 0.33558768 0.12720902 0.07780039 0.33085606 0.7528514  0.2863423
 0.8348644  0.35337946 0.4260099  0.3339957  0.81421065 0.71250373
 0.37409902 0.5159018  0.59960324 0.646589   0.3654967  0.4653031
 0.3216012  0.46564308 0.38708633 0.5019741  0.76356906 0.36639297
 0.56540114 0.38332883 0.39363483 0.676862   0.22328277 0.45448515
 0.4587395  0.55223936 0.4243903  0.69843197 0.43728572 0.20063482
 0.32799587 0.11509347 0.53622746 0.2493214  0.37448367 0.6181664
 0.33164954 0.21783435 0.35578403 0.64351964 0.10835921 0.6209528
 0.4647267  0.41259906 0.55331403 0.81723005 0.16087636 0.85493755
 0.8043985  0.6019822  0.43573064 0.8368758  0.6521969  0.49337018
 0.58490115 0.6759875  0.227642   0.5212153  0.5213993  0.4796062
 0.56779116 0.20783702 0.34881574 0.33733857 0.51037186 0.5630671
 0.46568003 0.10608446 0.52030706 0.44748163 0.55129933 0.6316359
 0.5975492  0.39329746 0.31719124 0.5484725  0.10202288 0.4156723
 0.43560767 0.5445327  0.26617813 0.483406   0.7838291  0.37730604
 0.41747838 0.13801181 0.47138694 0.64496547 0.62464994 0.
 0.4932466  0.79491603 0.52379984 0.72831523 0.09350644 0.56195885
 0.4943072  0.743753   0.2938082  0.49321625 0.74789256 0.16725768
 0.26594728 0.4306395  0.77853346 0.54570836 0.3017056  0.57101923
 0.7047444  0.6138031  0.6663124  0.6429406  0.5190399  0.5293679
 0.64141697 0.5784925  0.27920094 0.5139098  0.4182889 ]
2024-05-22 17:54:06[INFO] 
[ddpg][Episode: 1][Step: 0][Metric tpmC:0 tpmTotal:0 Transaction Count:0]Reward: -10000000.0 Score: -10000000.0 Done: True
