2024-05-23 11:20:09[INFO] 
[Env initialized][Metric tpmC: 7486.45 tpmTotal: 16501.21 Transaction Count: 16594]
2024-05-23 11:20:09[INFO] [ddpg] Action: [0.32852477 0.7333693  0.28309578 0.2536483  0.7401802  0.65743566
 0.22713192 0.51043826 0.45647714 0.3842452  0.79288113 0.50199056
 0.31559584 0.5780261  0.29254583 0.3367509  0.2162162  0.38455895
 0.5015042  0.23046504 0.61454916 0.40503043 0.58932304 0.4456694
 0.13261563 0.5954525  0.46160606 0.7075748  0.47984996 0.44054183
 0.16085237 0.39501682 0.2867371  0.         0.5128857  0.44308093
 0.48882592 0.2943252  0.41868994 0.7256491  0.6765677  0.20889792
 0.5590154  0.7190548  0.62543887 0.42698407 0.3601714  0.4421158
 0.5534776  0.6607011  0.5910152  0.64759463 0.47942796 0.8315188
 0.57041854 0.641953   0.5117758  0.7657179  0.47703764 0.40637866
 0.57710713 0.5404848  0.54122347 0.50010973 0.21792337 0.6775168
 0.         0.5764423  0.56408185 0.728723   0.6427481  0.6635593
 0.29728064 0.36813468 0.5366625  0.5967982  0.81423897 0.54634535
 0.69672    0.44099253 0.5100897  0.22232291 0.37908545 0.3537855
 0.7270659  0.5152844  0.4177365  0.6311025  0.16319288 0.44795382
 0.32330188 0.5041698  0.4211512  0.37199193 0.2759241  0.5910729
 0.3476646  0.2840761  0.24995758 0.5172606  0.31264466 0.6327809
 0.33596313 0.33591715 0.6012703  0.5438144  0.72155005 0.26505968
 0.19043699 0.2700663  0.8997155  0.62659764 0.5489757  0.10281702
 0.3694182  0.676609   0.45675358 0.59452945 0.7695754  0.6108795
 0.76536685 0.39949268 0.8577951  0.6117593  0.5405035  0.23906417
 0.3528361  0.         0.49786    0.29340515 0.36988044 0.5276108
 0.68468416 0.45939234 0.37184158 0.46548796 0.4478268  0.
 0.5738759  0.5504826  0.37069178 0.48794508 0.6630134  0.6197247
 0.56722784 0.63035727 0.66901183 0.46967664 0.22702147 0.8082864
 0.30535305 0.66160613 0.12431691 0.712419   0.560569   0.34680697
 0.9518258  0.58164054 0.3978528  0.5803841  0.68363357 0.720019
 0.4711245  0.7555898  0.30736622 0.1291358  0.7494534  0.58341193
 0.51788646 0.36401895 0.67238754 0.48117986 0.09556071 0.567259
 0.2611128  0.69840753 0.6884264  0.5582436  0.5213617  0.51450247
 0.20674999 0.5226597  0.6891414  0.65337574 0.48525333 0.31920788
 0.12119138 0.56498927 0.7274068  0.52971494 0.36394802 0.39796555
 0.10590927 0.40595153 0.3497682  0.5384456  0.75862527]
