2024-05-31 09:59:00[INFO] 
[Env initialized][Metric tpmC: 9463.22 tpmTotal: 21205.76 Transaction Count: 21332]
2024-05-31 09:59:00[INFO] [ddpg] Action: [0.5745839  0.2650765  0.5008847  0.5926199  0.49489522 0.27247074
 0.15448327 0.40245187 0.47256956 0.4128583  0.35605708 0.13126025
 0.14949998 0.5175867  0.40307304 0.7578405  0.3099793  0.7744036
 0.37475505 0.50253904 0.60522795 0.45430413 0.81125885 0.03088502
 0.4545077  0.8260469  0.32069933 0.31896043 0.3830005  0.57333976
 0.6528414  0.385123   0.66460925 0.5412781  0.47242674 0.6431373
 0.4980134  0.95066345 0.53082114 0.7296406  0.         0.11232293
 0.19563784 0.7478037  0.5754129  0.5071108  0.5524648  0.75183696
 0.30622527 0.6966565  0.6351801  0.6767379  0.64075106 0.4151534
 0.2919122  0.6067929  0.11127209 0.46172255 0.7227529  0.9432459
 0.38387212 0.6379079  0.76539737 0.97189146 0.24618268 0.36138546
 0.55059636 0.4338351  0.5660072  0.86445224 0.48070663 0.41808584
 0.6887342  0.28697476 0.450638   0.21397042 0.32607856 0.2097961
 0.68861306 0.62665755 0.5476093  0.20475768 0.5085175  0.6317821
 0.3167463  0.32267648 0.5539744  0.5778938  0.34326264 0.49049002
 0.8016876  0.4725453  0.3724723  0.49538907 0.5264306  0.711304
 0.33769163 0.37827498 0.311688   0.5293439  0.4808239  0.43226278
 0.6454484  0.41264236 0.55779505 0.66145533 0.8164607  0.4726162
 0.3471252  0.42228922 0.3232509  0.95553225 0.35858038 0.74264765
 0.8096355  0.9106324  0.67232054 0.7325632  0.5531148  0.5907844
 0.5326814  0.65272087 0.686688   0.67331874 0.47265247 0.5489276
 0.67464554 0.6877105  0.84559745 0.47193295 0.7016088  0.05523324
 0.7220476  0.94351786 0.72422    0.46466032 0.5977946  0.6800465
 0.4844406  0.5716686  0.7310926  0.31116474 0.7274159  0.6102047
 0.19448371 0.502793   0.01938108 0.70028025 0.615863   0.65215063
 0.4840448  0.3538143  1.         0.47211486 0.6766057  0.41769004
 0.6593862  0.67665946 0.3229924  0.5902592  0.68308234 0.5914431
 0.49079666 0.43569288 0.67579263 0.5655656  0.33845443 0.1053039
 0.38762382 0.48239994 0.48468632 0.68134713 0.9718944  0.317181
 0.7207372  0.42226714 0.6837083  0.44554725 0.45429587 0.20446935
 0.28922445 0.32226533 0.55903363 0.57146364 0.21869892 0.83817047
 0.5037384  0.73816305 0.8350838  0.5805026  0.4862029  0.5868351
 0.6298211  0.83092475 0.5911084  0.8256224  0.6259721 ]
2024-05-31 10:00:43[INFO] 
[ddpg][Episode: 0][Step: 0][Metric tpmC:10128.69 tpmTotal:22231.64 Transaction Count:22284]Reward: -2.8549378528544556e-06 Score: -2.8549378528544556e-06 Done: False
2024-05-31 10:00:43[INFO] [ddpg][Episode: 0][Step: 0] step: 103.63502836227417s env step: 103.36720132827759s train step: 0.0s restart time: 39.55085277557373s action time: 0.0027801990509033203s
2024-05-31 10:00:43[INFO] [ddpg][Episode: 0][Step: 0][Average] step: 103.63502836227417s env step: 103.36720132827759s train step: 0.0s restart time: 39.55085277557373s action time: 0.0027801990509033203s
2024-05-31 10:00:43[INFO] [ddpg] Action: [0.690582   0.13056767 0.6811948  0.51959515 0.5304158  0.11295221
 0.34612924 0.20871072 0.14153387 0.5482791  0.8158388  0.0423693
 0.         0.45912695 0.34618145 0.91771334 0.6209698  0.73073924
 0.40740675 0.55364305 0.511137   0.9357178  0.7651357  0.
 0.5430666  0.6808411  0.3964609  0.35151583 0.48419902 0.6992427
 0.60194683 0.48830003 1.         0.4334128  0.56719583 0.5547754
 0.14516234 0.9170791  0.47392476 0.54528564 0.         0.03961141
 0.34265995 0.53063595 0.518986   0.7735856  0.34575814 0.9727217
 0.36661655 0.76659447 0.8846297  0.6283831  0.70630825 0.41976526
 0.41997632 0.62991244 0.         0.40936622 0.78732765 1.
 0.6505623  0.6607697  0.68677956 0.83171844 0.         0.65430564
 0.47974566 0.42190963 0.85349536 0.8029488  0.97364116 0.7896228
 1.         0.13408454 0.39005777 0.30133584 0.59883875 0.45074707
 0.45579326 0.64770705 0.42044377 0.5360716  0.5949364  0.79197395
 0.26725996 0.         0.53511965 0.47582367 0.3483249  0.33234897
 0.57901996 0.3124268  0.47979057 0.4966776  0.7519571  0.6358531
 0.         0.09494139 0.28160256 0.80163425 0.5328839  0.5880595
 1.         0.59972006 0.66254985 0.6827023  0.78866845 0.4158618
 0.58261824 0.28341517 0.333032   0.72484547 0.7210122  0.59811985
 0.45541924 0.7592709  0.8396956  0.6308331  0.9513719  0.6622544
 0.46980003 0.5665302  0.4912324  0.80671877 0.67560244 0.49886468
 0.7895773  0.48993358 0.62451756 0.48700497 0.3052594  0.
 0.77592313 0.782271   0.7401019  0.37565017 0.532739   0.55737215
 0.18518801 0.5410633  1.         0.47670904 0.89951813 0.5271036
 0.17335549 0.6889028  0.22726023 0.8595736  0.7395631  0.7628118
 0.2530748  0.4896274  0.626088   0.46386757 0.8000422  0.08853811
 0.51516485 0.61086637 0.24382344 0.3976139  0.580378   0.44389677
 0.36496198 0.44055477 0.52026653 0.57049644 0.23205096 0.47210863
 0.4346114  0.48579606 0.5102191  0.39134812 1.         0.5123058
 0.82890505 0.28503942 0.6137623  0.15721372 0.5010053  0.26300347
 0.12952869 0.29144958 0.8641953  0.35015002 0.15118922 0.9367279
 0.50263804 0.6413078  0.89594966 0.07105009 0.5284577  0.38106942
 0.43984628 0.9308353  0.49396434 0.69196993 0.85526913]
2024-05-31 10:02:27[INFO] 
[ddpg][Episode: 0][Step: 1][Metric tpmC:10984.26 tpmTotal:24284.5 Transaction Count:24462]Reward: -0.05146803319773191 Score: -0.051470888135584765 Done: False
2024-05-31 10:02:27[INFO] [ddpg][Episode: 0][Step: 1] step: 103.61402249336243s env step: 103.60662007331848s train step: 0.0s restart time: 39.58914852142334s action time: 0.0011570453643798828s
2024-05-31 10:02:27[INFO] [ddpg][Episode: 0][Step: 1][Average] step: 103.61402249336243s env step: 103.60662007331848s train step: 0.0s restart time: 39.58914852142334s action time: 0.0019686222076416016s
2024-05-31 10:02:27[INFO] [ddpg] Action: [0.8484321  0.4290498  0.22136061 0.552274   0.7985229  0.
 0.12473877 0.28806725 0.41769928 0.6191269  0.6227989  0.22917354
 0.         0.45281303 0.5066382  1.         0.5474599  0.8149217
 0.43561697 0.43347234 0.54134345 0.8087099  0.6734926  0.
 0.06115627 0.6666538  0.12483647 0.2446438  0.508635   0.5534203
 0.59926    0.5199538  1.         0.63021624 0.37914756 0.7155704
 0.6228239  0.81675655 0.5249518  0.6226895  0.         0.05541529
 0.5156889  0.45717755 0.39749286 0.47491893 0.08577967 1.
 0.28305474 0.671212   0.3313179  0.64423746 0.37631086 0.6224617
 0.4321093  0.89821833 0.         0.4488276  0.76351154 1.
 1.         0.6134464  0.72623235 0.38184428 0.         0.92742705
 0.6212569  0.35156202 0.6136739  0.785805   1.         0.9021918
 0.6685283  0.01899801 0.51297987 0.42669502 0.52651936 0.50212944
 0.7516778  0.4566146  0.6532169  0.5937528  0.7940331  0.92585176
 0.422993   0.         0.7160954  0.34201032 0.38479537 0.39677292
 0.6786068  0.77137905 0.3288997  0.29612586 0.7753628  0.55055016
 0.34409094 0.30348754 0.         0.6879184  0.46098697 0.3172667
 1.         0.31642905 0.6777041  0.33041868 0.834098   0.09646456
 0.46356168 0.28888977 0.09939718 0.5655241  0.567718   0.4503836
 0.19790359 0.6357975  0.93645525 0.5871449  0.63926744 0.68073595
 0.23184659 0.46227047 0.12782116 0.5413252  0.6619565  0.6945563
 0.79876006 0.29092208 0.30494457 0.22672644 0.49597472 0.12215357
 0.7359532  0.6714688  0.840003   0.3073573  0.4965805  0.44694644
 0.6055733  0.34057584 1.         0.35067135 0.67440546 0.51977736
 0.04484883 0.5365089  0.0973779  0.9235862  0.5951371  0.7620135
 0.00664498 0.30219486 0.5886785  0.7284836  0.8490195  0.
 0.24001376 0.50416386 0.25656882 0.46659306 0.7005068  0.34746727
 0.13986218 0.34858903 0.3566913  0.8848977  0.28068444 0.23871627
 0.10295884 0.63541675 0.26450258 0.40777156 1.         0.45912385
 0.80921006 0.32190672 0.7535028  0.18554428 0.4668095  0.03563022
 0.09989981 0.13627063 0.91660744 0.6724327  0.11853966 0.945026
 0.37940744 1.         0.5834797  0.05778143 0.5933978  0.91310596
 0.48321795 0.7457408  0.4709371  0.3805317  1.        ]
2024-05-31 10:04:11[INFO] 
[ddpg][Episode: 0][Step: 2][Metric tpmC:11565.66 tpmTotal:25597.64 Transaction Count:25801]Reward: -0.0868409777721533 Score: -0.13831186590773806 Done: False
2024-05-31 10:04:11[INFO] [ddpg][Episode: 0][Step: 2] Critic: 0.005106352968141437 Actor: -0.013351424131542444
2024-05-31 10:04:11[INFO] [ddpg][Episode: 0][Step: 2] step: 104.06203055381775s env step: 103.57359886169434s train step: 0.24072778224945068s restart time: 39.52969026565552s action time: 0.0008647441864013672s
2024-05-31 10:04:11[INFO] [ddpg][Episode: 0][Step: 2][Average] step: 104.06203055381775s env step: 103.57359886169434s train step: 0.24072778224945068s restart time: 39.52969026565552s action time: 0.0016006628672281902s
2024-05-31 10:04:11[INFO] [ddpg] Action: [0.8037376  0.412266   0.35859823 0.25628626 0.5904915  0.12147643
 0.40260592 0.59739494 0.43657714 0.6314904  0.44270822 0.
 0.02850829 0.20256934 0.5393615  0.9754722  0.23921278 0.7743466
 0.5001857  0.6506207  0.30650514 0.85264176 0.45977625 0.
 0.         0.5044845  0.1752411  0.2634532  0.7059324  0.6597833
 0.56512725 0.6880058  1.         0.7688334  0.34348786 0.76722693
 0.44236597 0.7970319  0.5117092  0.7498078  0.09715563 0.
 0.42647925 0.64784265 0.43364388 0.88796216 0.         0.7448326
 0.15396853 0.79574037 0.5906266  0.33367172 0.32249048 0.85992867
 0.39422676 0.929692   0.50294137 0.61018336 0.9399145  1.
 0.9730415  0.28672954 1.         0.37749007 0.         1.
 0.8265016  0.345013   0.7560555  0.65690607 1.         0.70211065
 0.83188766 0.33364698 0.43111306 0.37911597 0.49781537 0.62775725
 0.6538704  0.3911663  0.73896235 0.86403614 0.6165509  0.5734167
 0.44975108 0.         0.80704075 0.4555397  0.23566502 0.6499539
 0.65778124 0.81687593 0.3820405  0.02975009 0.61226434 0.49217817
 0.37444523 0.5267684  0.         0.72614694 0.40333983 0.3494936
 1.         0.308675   0.7915612  0.35620928 0.51830494 0.5342574
 0.6229246  0.27915478 0.5569481  0.73858565 0.7585148  0.09366022
 0.04873804 0.46929488 1.         0.4443021  0.6299636  0.6083863
 0.20369633 0.3512591  0.29240966 0.7553024  0.6919736  0.7351113
 0.78227454 0.25706068 0.24697194 0.1175404  0.2882314  0.16299973
 0.6295823  0.49795392 1.         0.10807715 0.52254105 0.32436222
 0.6193201  0.2940725  0.92924756 0.37732077 0.60067683 0.4697223
 0.13384767 0.38931003 0.06775741 1.         0.7794679  0.6673185
 0.         0.39128435 0.48163578 0.559304   1.         0.22846082
 0.26538205 0.60324574 0.3796107  0.40547785 0.71016836 0.56711084
 0.20081516 0.55725086 0.27204186 0.56137115 0.24717525 0.43010893
 0.28854933 0.6638467  0.5099424  0.34079176 1.         0.62462956
 0.8161326  0.71592426 0.71205086 0.         0.2668739  0.08364216
 0.         0.33157927 0.47270963 0.31535408 0.28474972 0.99820155
 0.45004222 0.78641266 0.4951356  0.28034243 0.8277625  1.
 0.44352013 0.55545896 0.8732763  0.7119437  1.        ]
2024-05-31 10:05:55[INFO] 
[ddpg][Episode: 0][Step: 3][Metric tpmC:10563.79 tpmTotal:23582.77 Transaction Count:23897]Reward: -0.14395580362845334 Score: -0.2822676695361914 Done: False
2024-05-31 10:05:55[INFO] [ddpg][Episode: 0][Step: 3] Critic: 0.013634977745823562 Actor: -0.013130221050232649
2024-05-31 10:05:55[INFO] [ddpg][Episode: 0][Step: 3] step: 103.94976878166199s env step: 103.92485404014587s train step: 0.008913397789001465s restart time: 39.539740324020386s action time: 0.0007650852203369141s
2024-05-31 10:05:55[INFO] [ddpg][Episode: 0][Step: 3][Average] step: 103.94976878166199s env step: 103.92485404014587s train step: 0.008913397789001465s restart time: 39.539740324020386s action time: 0.001391768455505371s
2024-05-31 10:05:55[INFO] [ddpg] Action: [0.35968995 0.34876853 0.31433237 0.574811   0.87213504 0.5035648
 0.16481122 0.76187336 0.27496982 0.53213674 0.39526278 0.
 0.         0.27829736 0.31242505 0.7053135  0.16681549 1.
 0.6379802  0.8377395  0.26847354 0.78355384 0.         0.25535524
 0.         0.28215474 0.29391208 0.24514167 0.41907516 0.7074608
 0.46923643 0.58674455 0.92211133 0.84057325 0.42780176 0.62104714
 0.5054735  0.7575546  0.5195186  0.9612652  0.20860158 0.
 0.5426756  0.6215428  0.6930499  0.9044079  0.         1.
 0.         0.64606273 0.538795   0.644396   0.24335478 0.86357576
 0.00113785 0.78553075 0.38533422 0.7962112  0.9078845  1.
 0.8740874  0.         0.8424499  0.6548618  0.00287132 1.
 1.         0.41860294 0.63812876 0.47452086 0.734404   0.6474187
 0.9229399  0.42063907 0.3929006  0.26037058 0.43674025 0.5449218
 0.43193504 0.23832045 0.7035066  1.         0.72161144 0.8517912
 0.33959103 0.         0.52988064 0.60106355 0.3617083  0.8160997
 0.6878325  0.6470827  0.1820487  0.         0.9404985  0.8076099
 0.47180724 0.5460759  0.         1.         0.43685222 0.18145652
 1.         0.5183228  0.63263714 0.6822373  0.39167467 0.32300258
 0.7449402  0.37453496 0.363996   0.68038577 0.69844633 0.28686085
 0.5558211  0.26153943 0.84783334 0.6885163  0.904032   0.50688475
 0.4652778  0.5289923  0.7127232  0.9645495  0.6794511  0.8187954
 0.72240794 0.03144697 0.         0.423336   0.24236639 0.19798762
 0.57290673 0.5632813  0.93675673 0.1836597  0.5354702  0.48963782
 0.73659843 0.43477502 0.41715974 0.5673252  0.48155057 0.6426847
 0.55512625 0.6025584  0.06669702 0.78567487 1.         0.29823256
 0.         0.41173387 0.5395105  0.4728313  1.         0.2403955
 0.         0.41595843 0.4076668  0.27733752 0.8998943  0.2164886
 0.         0.4724502  0.32998168 0.20697437 0.4200179  0.33934185
 0.288902   0.         0.16457206 0.4548816  1.         0.19228736
 1.         1.         0.63314384 0.00334982 0.12332869 0.15532863
 0.         0.24119158 0.60860527 0.59541786 0.41634133 0.9222969
 0.13653964 0.57263684 0.66535443 0.24276961 0.96231633 1.
 0.36456665 0.87448347 0.59746367 0.9557081  1.        ]
2024-05-31 10:07:39[INFO] 
[ddpg][Episode: 0][Step: 4][Metric tpmC:10713.89 tpmTotal:23567.99 Transaction Count:23763]Reward: -0.02932423718449531 Score: -0.3115919067206867 Done: False
2024-05-31 10:07:39[INFO] [ddpg][Episode: 0][Step: 4] Critic: 0.013181604833031694 Actor: -0.013190791166077057
2024-05-31 10:07:39[INFO] [ddpg][Episode: 0][Step: 4] step: 103.65960454940796s env step: 103.63525533676147s train step: 0.008698344230651855s restart time: 39.53523564338684s action time: 0.0007381439208984375s
2024-05-31 10:07:39[INFO] [ddpg][Episode: 0][Step: 4][Average] step: 103.65960454940796s env step: 103.63525533676147s train step: 0.008698344230651855s restart time: 39.53523564338684s action time: 0.0012610435485839843s
2024-05-31 10:07:39[INFO] [ddpg] Action: [0.6345901  0.46415326 0.34835956 0.6957249  0.8835913  0.92499477
 0.21478677 0.87531286 0.38472652 0.52688634 0.47452715 0.23794538
 0.         0.         0.50159943 0.32249328 0.33511558 0.90224904
 0.66768116 0.8819868  0.60793424 0.9962085  0.02673098 0.5413861
 0.         0.4485207  0.44776386 0.49979773 0.7857397  0.7279017
 0.43814215 0.57693857 0.9194542  0.733916   0.74633545 0.5972586
 0.69085366 0.8133602  0.9118485  0.9744402  0.15075518 0.
 0.2292763  0.7626071  0.6122126  1.         0.         1.
 0.15716833 0.5662815  0.36770663 0.6109596  0.31770617 0.5821453
 0.         0.5940416  0.5830366  0.7580405  0.6642918  0.79545945
 0.72084546 0.03583867 0.5725492  0.5611924  0.         0.8807993
 1.         0.4552143  0.4704931  0.4388259  0.7087486  0.7924458
 0.83635414 0.5049266  0.32489708 0.38192767 0.78148586 0.5013388
 0.3356808  0.02156427 0.6654871  0.950485   0.4588057  0.62178296
 0.16218655 0.13698392 0.3867505  0.66274035 0.65030426 0.78935146
 0.54420424 0.66537243 0.17940132 0.         0.99007344 0.6579838
 0.4692111  0.44905668 0.         0.92506695 0.33800212 0.24220948
 1.         0.33242327 0.60835016 0.8285045  0.59196365 0.53252786
 0.5256653  0.64381874 0.7220474  0.83237463 0.35070503 0.3622261
 0.42643338 0.22375649 0.8389881  0.49817523 0.82768095 0.52912587
 0.4778138  0.3900703  0.4453146  0.883475   0.6447409  0.92219347
 0.7463977  0.2810787  0.26209378 0.06201563 0.21695684 0.46693534
 0.8309862  0.6370771  0.835449   0.         0.7284243  0.35508448
 0.9016757  0.4168085  0.36564684 0.48142022 0.6146307  0.7808897
 0.5816624  0.42739904 0.04404389 0.7694207  1.         0.44898173
 0.01690712 0.3418246  0.6601236  0.9231222  1.         0.2915278
 0.         0.59697616 0.49095526 0.15787713 0.92701536 0.2788741
 0.32398129 0.8130174  0.38555896 0.44002143 0.62710226 0.23108175
 0.18591923 0.         0.48970088 0.34710526 0.8300614  0.
 1.         1.         0.7382721  0.40899786 0.         0.15388194
 0.         0.37725207 0.19464156 0.7179036  0.45353308 1.
 0.         0.7297493  0.5333542  0.10425054 0.72061074 1.
 0.31231484 0.70948195 0.4651338  0.8578848  0.8392892 ]
2024-05-31 10:09:27[INFO] 
[ddpg][Episode: 0][Step: 5][Metric tpmC:10694.01 tpmTotal:23672.51 Transaction Count:23853]Reward: -0.038783032039773194 Score: -0.3503749387604599 Done: False
2024-05-31 10:09:28[INFO] [ddpg][Episode: 0][Step: 5] Critic: 0.012601814174558967 Actor: -0.013313740841113031
2024-05-31 10:09:28[INFO] [ddpg][Episode: 0][Step: 5] step: 108.64431571960449s env step: 108.6183078289032s train step: 0.009306073188781738s restart time: 44.56122279167175s action time: 0.0010154247283935547s
2024-05-31 10:09:28[INFO] [ddpg][Episode: 0][Step: 5][Average] step: 108.64431571960449s env step: 108.6183078289032s train step: 0.009306073188781738s restart time: 44.56122279167175s action time: 0.001220107078552246s
2024-05-31 10:09:28[INFO] [ddpg] Action: [0.66777164 0.24571803 0.36031133 0.37493554 0.7737223  0.9923132
 0.74931914 0.8125245  0.37984377 0.4153462  0.5712016  0.5036124
 0.         0.         0.60827017 0.42382208 0.3249864  0.82505184
 0.70961285 0.7016639  0.41606754 1.         0.21107157 0.6867762
 0.         0.5912801  0.4241849  0.24001575 0.74577767 0.91398996
 0.99142766 0.8804951  1.         0.3007763  0.67751545 0.36944696
 0.6106792  0.63884103 1.         1.         0.25386098 0.
 0.39918348 0.41120794 0.54891443 0.94947326 0.         1.
 0.23774146 0.5357894  0.29088354 0.5714363  0.7989233  0.20300953
 0.         0.39260858 0.7094497  0.61912584 0.660129   0.75442904
 0.70856595 0.01041    0.42748743 0.79824585 0.         0.6519082
 1.         0.28076926 0.5667223  0.00965939 0.5550643  0.5170961
 0.67435896 0.64055836 0.2981799  0.30308565 0.50200486 0.64564157
 0.30748728 0.12506805 0.86501217 0.4294766  0.5795465  0.4883729
 0.38258216 0.12795334 0.21326415 0.97491235 0.49526522 0.73402923
 0.2999448  0.5647158  0.2279873  0.         1.         0.6487951
 0.7863264  0.8935102  0.         0.9732139  0.1544985  0.
 0.95262134 0.2952174  0.22872938 0.43718502 0.75352293 0.5482294
 0.20471057 0.9137534  0.9413072  0.6845855  0.61817265 0.7261868
 0.3020648  0.18834461 0.8788102  0.38808772 0.813533   0.2915464
 0.74583757 0.59115887 0.46872023 0.7670187  0.79210144 1.
 0.7081951  0.3804036  0.34890944 0.15118131 0.2083751  0.24837594
 1.         0.7361955  0.854694   0.         0.7113026  0.36504892
 0.67586243 0.554185   0.6106287  0.7816854  0.6110735  0.7224175
 0.8625999  0.69466394 0.26504493 0.50744057 0.9579185  0.4447787
 0.2589732  0.0460669  0.8628536  0.9095936  1.         0.190201
 0.         0.6200912  0.50448066 0.         0.53444743 0.20636606
 0.42605957 1.         0.12816322 0.89412206 0.7966695  0.21151708
 0.29425216 0.01125926 0.87529486 0.36059177 0.8777906  0.4792656
 1.         0.92804754 0.8531345  0.5128694  0.         0.12458965
 0.40248954 0.2595948  0.35566625 0.6243836  0.21554631 1.
 0.         0.48555568 1.         0.         0.34958416 0.52296305
 0.7496809  0.7016628  0.27861077 0.7232991  0.49729875]
