2024-05-23 11:30:02[INFO] 
[Env initialized][Metric tpmC: 7486.45 tpmTotal: 16501.21 Transaction Count: 16594]
2024-05-23 11:30:02[INFO] [ddpg] Action: [0.64324534 0.17471935 0.74946445 0.3305026  0.36349723 0.6276638
 0.19622532 0.56748253 0.36581492 0.65644586 0.56028765 0.5402566
 0.46037903 0.2708373  0.45108926 0.577658   0.11288013 0.42407778
 0.39974108 0.6621418  0.42572045 0.34729087 0.35761473 0.3863789
 0.75109494 0.66777074 0.41489092 0.60357976 0.48920402 0.6850864
 0.2187397  0.6161767  0.31182796 0.21782959 1.         0.61726534
 0.50341654 0.50326174 0.5737349  0.37217492 0.65929866 0.51139265
 0.41317695 0.7707738  0.         0.34320307 0.47010377 0.432553
 0.5258243  0.50136745 0.33210796 0.81797445 0.6382693  0.5170228
 0.5291961  0.6512374  0.4940486  0.06392973 0.26186037 0.32637343
 0.11411738 0.24537197 0.23211879 0.4489819  0.35833538 0.42144328
 0.77413154 0.4710657  0.35891926 0.39850572 0.80685735 0.50813335
 0.7671319  0.6239626  0.5534164  0.20604165 0.38492694 0.27196014
 0.72086716 0.32078058 0.5651573  0.33263445 0.30256867 0.59282094
 0.5916623  0.39429548 0.08529709 0.3256727  0.6478611  0.63690513
 0.7580452  0.4079807  0.39580572 0.35310057 0.11328641 0.5016802
 0.4893457  0.7086009  0.22318834 0.36479023 0.24407901 0.41465986
 0.60046226 0.44931692 0.92221147 0.6820046  0.54316425 0.6310111
 0.4330513  0.47817346 0.58331513 0.25091508 0.37517276 0.06925596
 0.5924332  0.6000762  0.5118508  0.7415748  0.64461064 0.444803
 0.19506049 0.25967696 0.25665656 0.6804964  0.62403417 0.6423786
 0.28686956 0.59166855 1.         0.72949517 0.43110788 0.4071945
 0.7702683  0.39029393 0.53150576 0.4556382  0.46905857 0.66384125
 0.46246514 0.6576646  0.40226334 0.70018864 0.4833861  0.5004649
 0.5584087  0.13320658 0.23835786 0.68703604 0.5990304  0.5852354
 0.26745728 0.34925252 0.73269373 0.55978024 0.5873328  0.48263386
 0.19197753 1.         0.10195313 0.8230945  0.43756282 0.4416216
 0.52228725 0.62700933 0.6269097  0.39117855 0.39120194 0.5897292
 0.5201215  0.12617078 0.46222493 0.4810301  0.55507576 0.6353509
 0.5117329  0.7062498  0.545019   0.578982   0.50060946 0.34804207
 0.22703123 0.7533784  0.5031822  0.30588925 0.52637446 0.36183754
 0.35968167 0.9424763  0.40329856 0.23430468 0.7593788  0.40324837
 0.63888985 0.18439525 0.4965879  0.7768814  0.5759049 ]
2024-05-23 11:31:52[INFO] 
[ddpg][Episode: 0][Step: 0][Metric tpmC:7486.45 tpmTotal:16501.21 Transaction Count:16594]Reward: -0.0 Score: 0.0 Done: False
2024-05-23 11:31:52[INFO] [ddpg][Episode: 0][Step: 0] step: 110.4858627319336s env step: 108.77490973472595s train step: 0.0s restart time: 34.54767894744873s action time: 0.004297733306884766s
2024-05-23 11:31:52[INFO] [ddpg][Episode: 0][Step: 0][Average] step: 110.4858627319336s env step: 108.77490973472595s train step: 0.0s restart time: 34.54767894744873s action time: 0.004297733306884766s
2024-05-23 11:31:52[INFO] [ddpg] Action: [0.2790166  0.2727067  0.8086131  0.09258062 0.30441716 0.68844485
 0.40418604 0.592046   0.3728392  0.84519535 0.5769849  0.9098054
 0.17814386 0.         0.8919569  0.39728388 0.20153038 0.40216917
 0.310003   0.401888   0.50473917 0.20442678 0.32195064 0.44742593
 0.56369936 0.65558666 0.33450356 0.74797153 0.63143104 0.61962944
 0.34831995 0.4853887  0.6054466  0.15217663 0.85793805 0.7330199
 0.67060184 0.6721267  0.6909611  0.51635635 0.6878309  0.4275821
 0.47982165 1.         0.         0.5800847  0.6430422  0.29146335
 0.66325915 0.5183999  0.30726525 1.         0.47022387 0.5802007
 0.45196155 0.56644535 0.43717384 0.07119867 0.3602164  0.17893644
 0.05483767 0.01521722 0.37383518 0.32848102 0.27427322 0.16953124
 0.84151864 0.62164176 0.06286945 0.41041997 0.6625067  0.57444245
 0.87087196 0.515312   0.35562778 0.506634   0.20158787 0.5361411
 0.75709003 0.46384478 0.50057817 0.16399078 0.1648092  0.5266982
 0.08451211 0.20893599 0.2223986  0.6823649  0.7895119  0.6168352
 0.5272259  0.46662143 0.17798531 0.24616191 0.16503842 0.8655764
 0.37402517 0.7806895  0.27766526 0.3477165  0.457855   0.40626064
 0.7208859  0.54333276 1.         0.7415976  0.27435935 0.91676325
 0.42903876 0.05646642 0.73280245 0.3092214  0.46310782 0.15193428
 0.4668284  0.69809407 0.34858644 0.4188637  0.50761896 0.03426065
 0.05828256 0.39869738 0.05788148 0.748306   0.16011083 0.74236363
 0.3004675  0.39933956 0.9087046  0.63807243 0.06205996 0.24971062
 0.6971876  0.27520776 0.5344731  0.         0.12792894 0.6891555
 0.43935272 0.6718811  0.75989145 0.6393914  0.55184287 0.5623322
 0.62747806 0.4404818  0.36790797 0.81025624 0.5692943  0.36725023
 0.02505107 0.04549742 1.         0.18335664 0.6534379  0.17145333
 0.35079402 0.7971479  0.14765443 0.8967587  0.65152544 0.5725999
 0.2097778  0.5858028  0.48655608 0.15081368 0.34708714 0.5990958
 0.6896917  0.06448645 0.3320307  0.53876704 0.3120436  0.4999903
 0.4495857  0.695456   0.2976922  0.26951075 0.55196565 0.4058793
 0.20876029 0.65250796 0.57733893 0.1845079  0.66441387 0.3152938
 0.7719353  0.6087933  0.5945304  0.42306823 0.44098493 0.39562944
 0.607318   0.09442245 0.56726885 0.32939494 0.8275095 ]
