2024-05-23 11:17:25[INFO] 
[Env initialized][Metric tpmC: 7486.45 tpmTotal: 16501.21 Transaction Count: 16594]
2024-05-23 11:17:25[INFO] [ddpg] Action: [0.360795   0.39612174 0.29572108 0.17081311 0.6096572  0.09589665
 0.5981417  0.49870905 0.31783846 0.6603574  0.34017363 0.53893673
 0.7596978  0.15833777 0.53255683 0.5667257  0.6388664  0.57710695
 0.32698545 0.635917   0.57121944 0.18640125 0.409978   0.5737384
 0.6550472  0.33964005 0.89870435 0.4246591  0.         0.2904701
 0.3907661  0.21512462 0.37645513 0.35105565 0.4987249  0.7865684
 0.21536207 0.77644616 0.4035189  0.8371155  0.5493401  0.47154364
 0.8963761  0.40173525 0.8132139  0.7866905  0.7317552  0.58588654
 0.63750947 0.71566784 0.6523754  0.83461344 0.7300124  0.4838199
 0.02859097 0.58069813 0.7866759  0.72751653 0.54881746 0.6794797
 1.         0.42585006 0.63711    0.7185202  0.6511517  0.7302681
 0.34281042 0.8764848  0.6265498  0.51120347 0.19726305 0.5554576
 0.4881953  0.28833845 0.4574835  0.21201973 1.         0.51587224
 0.17755765 0.73394257 0.58885866 0.8106294  0.42111337 0.6498253
 0.4461263  0.19361065 0.61062783 0.29200506 0.48667562 0.31505355
 0.5080309  0.57941526 0.8379061  0.63346887 0.652917   0.51126724
 0.5750586  0.55267185 0.8157894  0.7945281  0.20934716 0.12057176
 0.3425212  0.54780483 0.5952062  0.40017736 0.50893074 0.24597323
 0.35565925 0.7903331  0.10799598 0.55278176 0.         0.37176144
 0.6934931  0.79013294 0.51517797 0.35405418 0.7091622  0.42240304
 0.24140699 0.83157593 0.05886857 0.7036814  0.57099444 0.70382077
 0.74130785 0.3979673  0.59936357 0.90103245 0.5669129  0.50311804
 0.7102004  0.6995534  0.36464316 0.62358993 0.36714217 0.52919585
 0.68782216 0.31562012 0.7266894  1.         0.36333254 0.21168435
 0.6253079  0.2976962  0.5272057  0.40630907 0.5312547  0.2737846
 0.3008102  0.36339673 0.37336048 0.557124   0.7853546  0.6383103
 0.62309074 0.7260656  0.15473151 0.38352597 0.34924674 0.7508179
 0.60378546 0.245047   0.42549863 0.58522815 0.58866984 0.36897224
 0.59567714 0.47172344 0.21776372 0.484194   0.22935301 0.5105896
 0.6230668  0.27771378 0.38730994 0.7057756  0.6213719  0.23522322
 0.55217594 0.58409727 0.71165943 0.8009396  0.8787814  0.08410223
 0.47659725 0.46006516 0.52871555 0.51301306 0.6631736  0.4857725
 0.06352835 0.63616294 0.64360315 0.37990287 0.66095227]
