2024-05-26 17:16:23[INFO] 
[Env initialized][Metric tpmC: 7486.45 tpmTotal: 16501.21 Transaction Count: 16594]
2024-05-26 17:16:23[INFO] [ddpg] Action: [0.35042635 0.5186838  0.28629488 0.71931803 0.5491916  0.56918424
 0.38267606 0.25301084 0.3274248  0.59591925 0.37309283 0.32670465
 0.5661524  0.90116245 0.42140827 0.8391367  0.8281516  0.5149884
 0.38898414 0.08103368 0.46401817 0.5569894  0.3514152  0.7487673
 0.56404585 0.54447484 0.38612437 0.3459967  0.6522327  0.7372115
 0.13292879 0.5528728  0.39754972 0.5421954  0.6995708  0.237766
 0.54625356 0.8085211  0.73204744 0.40030962 0.40245667 0.1752781
 0.81392443 0.578337   0.77117133 0.17420442 0.47817492 0.3433501
 0.64065945 0.6594153  0.47057578 0.64914143 0.55718863 0.23649415
 0.45296258 0.14034103 0.21558264 0.45434964 0.5508344  0.52221674
 0.4034687  0.6509792  0.51291764 0.5766375  0.         0.45827642
 0.8289581  0.4300818  0.13585843 0.835266   0.64551663 0.4753923
 0.6340185  0.         0.49474248 1.         0.61380273 0.25938106
 0.44630614 0.95570594 0.55596614 0.6191103  0.43243    0.7969941
 0.5325558  0.5409627  0.41448802 0.5279975  1.         0.6343047
 0.4535275  0.4871932  0.6374424  0.6001956  0.1554111  0.37584317
 0.35550845 0.38976344 0.84935653 0.37715438 0.37670407 0.5608627
 0.40523323 0.69406354 0.61653954 0.8016603  0.902382   0.61623996
 0.45411256 0.61721593 0.35380352 0.4219443  0.44949257 0.5086198
 0.49875325 0.5541423  0.6331434  0.15911604 0.28608263 0.5022478
 0.7480966  0.7753275  0.4695211  0.39531255 0.715337   0.
 0.86861175 0.49144638 0.6220984  0.44524163 0.76014143 0.33018696
 0.046822   0.6749311  0.54483354 0.20635934 0.5355326  0.42397332
 0.18580171 0.54846686 0.42680398 0.69024044 0.71644276 0.35911834
 0.2860996  0.3699203  0.39264926 0.5393705  0.5016996  0.30619532
 0.22477683 0.         0.60873336 0.         0.53917336 0.9944578
 0.641715   0.1777399  0.5743858  0.43861    0.5306991  0.42220196
 0.3712595  0.9394009  0.33970317 0.57965934 0.33959964 0.20784034
 0.33684656 0.57370734 0.48244804 0.5590909  0.77771956 0.823401
 0.18950452 0.70950747 0.37383467 0.22028668 0.3957769  0.74667567
 0.65131503 0.89599186 0.59089416 0.19374019 0.6824256  0.5020203
 0.82395196 0.25465193 0.27756634 0.42250034 0.58464146 0.8813968
 0.589655   0.8017655  0.03470714 0.68937063 0.3226973 ]
2024-05-26 17:16:59[INFO] 
[ddpg][Episode: 0][Step: 0][Metric tpmC:7486.45 tpmTotal:16501.21 Transaction Count:16594]Reward: -0.0 Score: 0.0 Done: False
2024-05-26 17:16:59[INFO] [ddpg][Episode: 0][Step: 0] step: 36.362603425979614s env step: 36.35365915298462s train step: 0.0s restart time: 34.528733253479004s action time: 0.0024042129516601562s
2024-05-26 17:16:59[INFO] [ddpg][Episode: 0][Step: 0][Average] step: 36.362603425979614s env step: 36.35365915298462s train step: 0.0s restart time: 34.528733253479004s action time: 0.0024042129516601562s
2024-05-26 17:16:59[INFO] [ddpg] Action: [0.03027511 0.59003335 0.6940077  0.6125031  1.         0.5524252
 0.5152435  0.22473308 0.41362008 0.7996648  0.23582761 0.34992456
 0.36973423 0.750954   0.39898393 0.81177044 0.92324066 0.30754262
 0.1023608  0.12050921 0.49025792 0.7162073  0.3551815  0.43509457
 0.5976461  0.532316   0.5794987  0.6771234  0.6653179  0.5393271
 0.26747683 0.63547784 0.41607597 0.63227445 1.         0.388784
 0.5283527  0.43987152 0.6906912  0.77073145 0.36901605 0.
 0.645642   0.26411572 0.4525663  0.1987617  0.2411117  0.53138673
 0.57987523 0.37277415 0.4332908  0.7662669  0.60196215 0.42452526
 0.6444209  0.1659393  0.28729847 0.45752668 0.6011995  0.84644413
 0.5739146  0.78806293 0.4591718  0.07588816 0.         0.37806228
 0.56113267 0.21472856 0.24582353 0.8223376  0.72620505 0.4880424
 0.30538344 0.         0.15966845 1.         0.36835492 0.2592991
 0.6132724  0.5202208  0.7495359  0.42935556 0.3750064  0.90307546
 0.         0.         0.73441225 0.78506714 1.         0.6570531
 0.5094854  0.52844083 0.4963815  0.7063493  0.2607318  0.41827878
 0.19923276 0.560049   0.630112   0.97831607 0.48521507 0.44670087
 0.32141382 0.88164544 0.76369315 0.7690129  0.67624474 0.6363693
 0.09148461 0.45548138 0.8484358  0.1365032  0.06673655 0.34542564
 0.41693023 0.6916775  0.51882493 0.43334028 0.76327085 0.59866065
 0.74488527 0.6961463  0.63656926 0.4000358  0.9333059  0.
 0.97528374 0.641296   0.6263846  0.6175162  0.43132392 0.44777504
 0.1599647  0.6881289  0.33010387 0.00608376 0.5598887  0.36660275
 0.         0.54537123 0.03415606 0.83387923 0.6335072  0.63764405
 0.20000432 0.27192718 0.84744287 0.4728112  0.2658736  0.46455514
 0.879373   0.         0.54106677 0.         0.7726637  0.9811402
 0.6498052  0.14722773 0.7727745  0.1978151  0.5034205  0.9586507
 0.5195116  0.80778646 0.03719015 0.28585806 0.0632311  0.
 0.5816052  0.250288   0.67096794 0.3894736  1.         0.8731011
 0.39444917 0.755346   0.08790704 0.10340792 0.37608212 0.8230555
 0.577792   0.9094962  0.1885961  0.26843038 0.72093856 0.22634676
 0.83872074 0.48116878 0.         0.38088694 0.21264952 0.9499111
 0.3936904  1.         0.09900428 0.44340193 0.72299373]
2024-05-26 17:17:36[INFO] 
[ddpg][Episode: 0][Step: 1][Metric tpmC:7486.45 tpmTotal:16501.21 Transaction Count:16594]Reward: -0.0 Score: 0.0 Done: False
2024-05-26 17:17:36[INFO] [ddpg][Episode: 0][Step: 1] step: 36.397311210632324s env step: 36.38888621330261s train step: 0.0s restart time: 34.55745315551758s action time: 0.0009458065032958984s
2024-05-26 17:17:36[INFO] [ddpg][Episode: 0][Step: 1][Average] step: 36.397311210632324s env step: 36.38888621330261s train step: 0.0s restart time: 34.55745315551758s action time: 0.0016750097274780273s
2024-05-26 17:17:36[INFO] [ddpg] Action: [0.24475554 0.4316126  0.7489444  0.71561575 1.         0.41809642
 0.35896808 0.19083658 0.3405636  0.53929174 0.28494045 0.09873289
 0.5153622  0.50564206 0.         0.92056006 1.         0.11468201
 0.         0.03454598 0.65800613 0.828749   0.3107277  0.5175954
 0.6454075  0.589934   0.5608485  0.49133596 0.57708675 0.5625601
 0.41259244 0.4256214  0.49818715 0.8247464  0.91255814 0.3189625
 0.06460815 0.42090586 0.4799382  0.73621935 0.2559381  0.
 0.73921347 0.00916361 0.48939463 0.43825892 0.21459079 0.5292357
 0.28922668 0.65252894 0.4870622  0.55558497 0.39326027 0.35114473
 0.64040506 0.19002645 0.6206179  0.5124446  0.97876    0.70827043
 0.51478624 0.94711477 0.58848083 0.22071084 0.         0.26377517
 0.49660745 0.4298797  0.307617   0.9312161  0.7972927  0.2544932
 0.32952425 0.17939413 0.         1.         0.21072681 0.
 0.7056428  0.3063116  0.7738714  0.49138325 0.41318813 0.85770947
 0.24680734 0.         0.8696222  0.7400128  0.94953716 0.5214708
 0.41013902 0.42214507 0.68986803 0.66507167 0.20998818 0.2501006
 0.         0.30748713 0.82982385 0.95659786 0.9877758  0.41000938
 0.5351385  0.74449956 0.7871751  0.6351509  0.8381336  0.7142901
 0.08500565 0.45964366 0.74380034 0.3499561  0.41803086 0.39884353
 0.7280441  0.6158259  0.60491544 0.42718592 1.         0.6657289
 0.6326431  0.49613515 0.59024054 0.588741   0.92061687 0.
 0.80997574 0.8269238  0.52685076 0.8070691  0.8622203  0.48444748
 0.4344372  0.3717172  0.17497367 0.2722077  0.6482292  0.49736536
 0.03055852 0.69709504 0.         0.64367193 0.3909317  0.4146121
 0.08510792 0.23643124 0.71332335 0.76210976 0.10596108 0.21217427
 1.         0.         0.39731732 0.         0.6165475  1.
 0.27419043 0.449718   0.845997   0.31046042 0.67280275 0.7633426
 0.5932748  0.74633116 0.         0.25125885 0.3056955  0.
 0.5024908  0.37258065 0.67892843 0.17118582 0.92617995 0.8073138
 0.47331476 0.8872512  0.         0.26680166 0.47555062 0.6133829
 0.61337173 0.6850136  0.45487526 0.17100196 0.36714476 0.34791648
 0.80401105 0.5412068  0.1648467  0.25821343 0.26699466 0.837416
 0.21541715 1.         0.12668934 0.26597032 0.5172762 ]
2024-05-26 17:18:12[INFO] 
[ddpg][Episode: 0][Step: 2][Metric tpmC:7486.45 tpmTotal:16501.21 Transaction Count:16594]Reward: -0.0 Score: 0.0 Done: False
2024-05-26 17:18:12[INFO] [ddpg][Episode: 0][Step: 2] Critic: 0.003940670867450535 Actor: -0.05789133533835411
2024-05-26 17:18:12[INFO] [ddpg][Episode: 0][Step: 2] step: 36.441556215286255s env step: 36.40574622154236s train step: 0.013849496841430664s restart time: 34.57394027709961s action time: 0.0013201236724853516s
2024-05-26 17:18:12[INFO] [ddpg][Episode: 0][Step: 2][Average] step: 36.441556215286255s env step: 36.40574622154236s train step: 0.013849496841430664s restart time: 34.57394027709961s action time: 0.001556714375813802s
2024-05-26 17:18:12[INFO] [ddpg] Action: [0.45180705 0.71054107 0.6622546  0.57866347 1.         0.69732946
 0.62284756 0.61650383 0.50507164 0.350293   0.79553074 0.1561456
 0.60909665 0.6654842  0.13199721 0.76410264 1.         0.00601496
 0.         0.1545317  0.6412163  1.         0.6345946  0.83670866
 0.56393    0.6054308  0.6475288  0.6803076  1.         0.6048536
 0.3910969  0.6804481  0.6213835  0.5111728  0.6298227  0.
 0.43179125 0.35230055 0.5621308  0.73331887 0.40430078 0.03334954
 0.91664433 0.03773736 0.6661299  0.1382863  0.         0.66208225
 0.13725227 0.5155518  0.46836042 0.7952526  0.5919036  0.47110322
 0.45656538 0.         0.64486575 0.9189009  0.7848261  0.4079618
 0.858788   0.9241905  0.6760113  0.25296414 0.         0.
 0.58799005 0.8311719  0.5382726  0.5748765  0.8233255  0.2475344
 0.44164842 0.25050968 0.02226018 1.         0.35593787 0.
 0.45951736 0.36215478 0.9443646  0.80444753 0.09534237 0.71176594
 0.         0.3224789  0.70544285 0.44167864 0.89595234 0.4008347
 0.5946503  0.50731826 0.9104341  0.72044337 0.23765483 0.22806197
 0.11244737 0.55835986 0.36872736 0.9204034  0.5823942  0.5984521
 0.98700684 0.59076947 0.68284726 0.40289232 0.7249289  0.9563249
 0.         0.13660334 0.88783467 0.45919555 0.3738554  0.5082407
 0.9140581  0.8632255  0.286688   0.24561444 0.75758314 0.985196
 0.67022747 0.8346632  0.64827365 0.25872013 0.8614282  0.02579186
 1.         0.62114596 0.28661025 0.6804541  1.         0.19861883
 0.16949111 0.5077197  0.21577919 0.2486673  0.11376562 0.33093265
 0.11294346 0.06092542 0.         0.5992149  0.40867913 0.3872928
 0.3078858  0.2615926  0.7501954  0.73034704 0.6182299  0.26358315
 0.6713376  0.03697823 0.12117902 0.         0.5127639  1.
 0.28113118 0.47039983 0.30429742 0.36840004 0.7261579  1.
 0.28506103 0.9849052  0.         0.05959012 0.44151795 0.23349927
 0.6061169  0.33156866 0.41006097 0.52952784 1.         0.60793066
 0.33729592 0.9967892  0.06127656 0.48753452 0.6177935  0.5177377
 0.5149204  0.88975877 0.5932574  0.49116397 0.26840827 0.71654296
 0.5331283  0.80033445 0.09121268 0.17050767 0.217129   0.7281035
 0.1429746  1.         0.23874462 0.4101177  0.6295636 ]
2024-05-26 17:18:49[INFO] 
[ddpg][Episode: 0][Step: 3][Metric tpmC:7486.45 tpmTotal:16501.21 Transaction Count:16594]Reward: -0.0 Score: 0.0 Done: False
2024-05-26 17:18:49[INFO] [ddpg][Episode: 0][Step: 3] Critic: 0.00879600184271112 Actor: -0.05811445973813534
2024-05-26 17:18:49[INFO] [ddpg][Episode: 0][Step: 3] step: 36.43442225456238s env step: 36.409727334976196s train step: 0.008568048477172852s restart time: 34.58598732948303s action time: 0.0010063648223876953s
2024-05-26 17:18:49[INFO] [ddpg][Episode: 0][Step: 3][Average] step: 36.43442225456238s env step: 36.409727334976196s train step: 0.008568048477172852s restart time: 34.58598732948303s action time: 0.0014191269874572754s
2024-05-26 17:18:49[INFO] [ddpg] Action: [0.40840328 0.9480886  0.69713145 0.6391793  1.         0.869501
 0.54736483 0.32506043 0.16348873 0.46585146 0.95979965 0.49403608
 0.2382368  0.8048456  0.45885935 0.82150334 1.         0.02533618
 0.         0.14414027 0.74695176 1.         0.4761348  0.982605
 0.6326195  0.7210859  0.7990638  0.6551661  0.92716414 0.7554306
 0.47494704 0.86342674 0.45452014 0.64338493 0.2872794  0.
 0.44349593 0.21734606 0.7367164  0.8426993  0.32807425 0.
 1.         0.         0.26016957 0.11510128 0.         0.93754214
 0.48312938 0.72054946 0.8414369  0.5644462  0.94489306 0.7452546
 0.56466377 0.08533934 0.5607657  1.         0.8835712  0.4918654
 0.42430627 0.53591156 0.643859   0.38419235 0.15554424 0.09566817
 0.7398123  1.         0.19336945 0.9396215  0.94176483 0.
 0.14717597 0.3071554  0.48593706 1.         0.86514515 0.
 0.32992062 0.4882905  0.6092992  0.7714892  0.         0.96631795
 0.24472585 0.5263509  0.765088   0.581788   0.2681035  0.48056197
 0.7334185  0.50045884 0.5897269  0.73141885 0.01665959 0.15425698
 0.         0.55121446 0.40377218 0.6683667  0.422823   0.37332734
 0.9137205  0.69152886 0.70961857 0.48740077 1.         0.88000876
 0.         0.42484307 0.9264944  0.39961836 0.34375203 0.48028353
 0.578498   0.3178445  0.55252236 0.43850246 0.9586338  0.86939716
 0.65316814 0.8350148  0.7515643  0.51137704 0.5976202  0.6129753
 1.         0.6171417  0.4428119  0.62865055 0.90311676 0.55657
 0.         0.43484733 0.         0.03986351 0.08178836 0.51471376
 0.04626761 0.13712242 0.         0.7836177  0.34773672 0.26008648
 0.50957143 0.2807153  0.8403656  0.7937626  0.52151006 0.4464046
 0.80811405 0.35076407 0.3340934  0.31517515 0.48881233 1.
 0.4145264  0.7725265  0.         0.41790223 0.7182804  0.95245564
 0.16339818 0.7576916  0.         0.20610861 0.5156754  0.32368836
 0.24342841 0.21826033 0.38417992 0.7170834  1.         0.8136533
 0.2971925  0.71616757 0.47721285 0.36961594 0.668285   0.4920952
 0.6050269  0.8953425  0.44274056 0.49302834 0.17734069 0.72704244
 0.50476843 0.55673224 0.08901341 0.6712352  0.39684612 0.46853444
 0.2332613  1.         0.5351724  0.38481888 0.8774365 ]
2024-05-26 17:19:25[INFO] 
[ddpg][Episode: 0][Step: 4][Metric tpmC:7486.45 tpmTotal:16501.21 Transaction Count:16594]Reward: -0.0 Score: 0.0 Done: False
2024-05-26 17:19:25[INFO] [ddpg][Episode: 0][Step: 4] Critic: 0.009564263164065778 Actor: -0.05819863639771938
2024-05-26 17:19:25[INFO] [ddpg][Episode: 0][Step: 4] step: 36.37570595741272s env step: 36.351839542388916s train step: 0.008584141731262207s restart time: 34.52701997756958s action time: 0.0007274150848388672s
2024-05-26 17:19:25[INFO] [ddpg][Episode: 0][Step: 4][Average] step: 36.37570595741272s env step: 36.351839542388916s train step: 0.008584141731262207s restart time: 34.52701997756958s action time: 0.0012807846069335938s
2024-05-26 17:19:25[INFO] [ddpg] Action: [0.3261316  0.72007275 0.58148044 0.31766844 0.7410913  0.86234474
 0.6608602  0.2398952  0.17396271 0.2244269  0.84580344 0.66458863
 0.573903   0.97998834 0.5335586  0.7842617  1.         0.06060868
 0.         0.09900996 1.         1.         0.35263875 0.85207355
 0.9889626  0.47951493 0.78212595 0.9458017  1.         0.61161363
 0.7750051  0.64902234 0.46760026 0.54783165 0.10948978 0.45075879
 0.17998902 0.09249388 0.74975693 0.79215014 0.36316863 0.
 0.78184026 0.         0.3752064  0.449246   0.03947752 0.7383158
 0.64066225 0.55261123 0.68308014 0.273734   1.         0.41049802
 0.28257403 0.         0.544146   0.9822888  0.6013004  0.5374323
 0.52743363 0.1651829  0.8729827  0.47101352 0.16466728 0.04924503
 0.7995403  0.9604314  0.2889173  1.         1.         0.
 0.42388105 0.14844203 0.5350256  0.9473761  0.9078092  0.14076425
 0.60274875 0.33624706 0.45381004 0.74823785 0.43656042 0.7403651
 0.3483145  0.3960701  0.67759943 0.23082699 0.5505696  0.37014613
 0.36200804 0.6326378  0.5012752  0.5627111  0.300963   0.07644763
 0.         0.65136087 0.3393998  0.46187377 0.7495923  0.21976513
 0.80511403 0.67028415 0.7368242  0.77453303 0.9906612  1.
 0.04509497 0.04354055 1.         0.7254865  0.32857776 0.4752341
 0.41209495 0.34474373 0.23565128 0.7385004  0.84776634 0.85647285
 0.58974177 0.6879487  1.         0.42537144 0.3945022  0.6530335
 1.         0.8431715  0.19974409 0.733034   0.7599852  0.44903192
 0.27564797 0.5243631  0.1543185  0.2854265  0.39450988 0.32992303
 0.         0.34858295 0.         0.84451395 0.70447946 0.19499235
 0.53802305 0.23944354 0.74971217 0.83109075 0.86622626 0.55493873
 0.7566694  0.18123509 0.01385427 0.3858737  0.1993415  1.
 0.9242526  0.90282845 0.08026198 0.7561456  0.69164205 0.82734185
 0.32542184 0.99554956 0.         0.558432   0.925515   0.27787894
 0.69091415 0.15467964 0.55617094 0.6954049  1.         0.49747005
 0.6678303  0.4585166  0.42305338 0.19744158 1.         0.34307432
 0.48433775 0.72332305 1.         1.         0.         0.9653279
 0.20150904 0.35699275 0.24309751 0.68501097 0.5379689  0.5946147
 0.15863661 0.7783268  0.35228443 0.5654611  1.        ]
