2024-05-30 22:26:19[INFO] 
[Env initialized][Metric tpmC: 15018.14 tpmTotal: 33564.59 Transaction Count: 33751]
2024-05-30 22:26:20[INFO] [ddpg] Action: [0.34123772 0.86337197 0.6389434  0.68104875 0.69589424 0.36365694
 0.6285425  0.5261101  0.33729893 0.6074286  0.54545534 0.60350615
 0.32455066 0.43716112 0.4670952  0.61511433 0.39524457 0.6435657
 0.40330803 0.67434496 0.5055168  0.24892065 0.4199838  0.68325967
 0.47584358 0.54942596 0.46932772 0.52938527 0.42682976 0.57251936
 0.33710504 0.5127891  0.6983045  0.7995535  0.2142669  0.6840052
 0.38232332 0.39019522 0.58058053 0.2859351  0.92471105 0.46781853
 0.31807998 0.358508   0.17005624 0.45721066 0.6357643  0.3324298
 0.55239636 0.28812248 0.6509601  0.3413451  0.2605892  0.9499064
 0.66519773 0.19954383 0.42959502 0.7731316  0.43836105 0.26101613
 0.4798154  0.5084977  0.6158095  0.14378957 0.55528605 0.70103693
 0.4743455  0.41320372 0.5025791  0.7510583  0.8535374  0.4457564
 0.52920276 0.491983   0.42821097 0.19186105 1.         0.4583873
 0.5955558  0.7939637  0.60252196 0.8133162  0.39729214 0.35117963
 0.18709998 0.6428376  0.50218683 0.36670074 0.7370291  0.45761377
 0.53854805 0.6424015  0.6371526  0.82647306 0.40186673 0.601098
 0.40912443 0.8479349  0.5000573  0.77468    0.31837922 0.39340216
 0.06192897 0.09437848 0.42846444 0.05773537 0.6173036  0.49590582
 0.57409537 0.7185854  0.43983093 0.82746273 0.4335951  0.5227976
 0.6676682  0.12799618 0.25720915 0.5865395  0.48359296 0.58030206
 0.29757607 0.45210984 0.31293195 0.6249849  0.37587646 0.4556802
 0.4450406  0.73341954 0.66665107 0.32229602 0.5295883  0.91115505
 0.39792448 0.7293608  0.483304   0.85637635 0.8986918  0.6847252
 0.5800441  0.22964582 0.46937522 0.629538   0.5369896  0.50226426
 0.16535363 0.53416836 0.3064073  0.47306502 0.7507588  0.82674545
 0.4289357  0.33769786 0.5082213  0.7265284  0.3332018  0.49950537
 0.8076975  0.48136488 0.59429413 0.21513471 0.62122405 0.26432216
 0.54095507 0.53230023 0.77757865 0.6017497  0.40453827 0.5970024
 0.4737917  0.7733376  0.48271057 0.08315787 0.5065906  0.55390155
 0.35911402 0.54281914 0.6861975  0.24589719 0.27396017 0.34943008
 0.55396855 0.37301832 0.48898885 0.26490405 0.5254582  0.8706747
 0.87817854 0.7860769  0.8987881  1.         0.48601118 0.82907754
 0.5146639  0.6819923  0.5918091  0.4957075  0.8318232 ]
2024-05-30 22:28:35[INFO] 
[ddpg][Episode: 0][Step: 0][Metric tpmC:14024.4 tpmTotal:31233.8 Transaction Count:31782]Reward: 33905.77458144139 Score: 0.03390577458144139 Done: False
2024-05-30 22:28:36[INFO] [ddpg][Episode: 0][Step: 0] step: 136.45956015586853s env step: 135.03600931167603s train step: 0.0s restart time: 70.1326835155487s action time: 1.0784642696380615s
2024-05-30 22:28:36[INFO] [ddpg][Episode: 0][Step: 0][Average] step: 136.45956015586853s env step: 135.03600931167603s train step: 0.0s restart time: 70.1326835155487s action time: 1.0784642696380615s
2024-05-30 22:28:36[INFO] [ddpg] Action: [0.3092244  0.48554018 0.5387131  0.79254663 0.60786664 0.16563119
 0.38944304 0.4462355  0.21708895 0.44858593 0.72832155 0.5740787
 0.         0.5587127  0.48776495 0.75885993 0.26246879 0.73471373
 0.14356002 0.62437844 0.72382337 0.3338642  0.52777106 0.41973928
 0.40717286 0.39068753 0.42748225 0.42479545 0.372769   0.5450904
 0.4250907  0.6847989  0.95342314 1.         0.11271463 0.41318032
 0.2572754  0.18154676 0.6961242  0.7322478  0.6447209  0.37917188
 0.37617522 0.33686095 0.5790166  0.9538054  0.9603917  0.4398566
 0.61411285 0.29108393 0.5384146  0.13527395 0.58787674 0.8963461
 1.         0.04554214 0.31919563 0.70883757 0.7315937  0.20644073
 0.4564026  0.5702597  0.30987212 0.         0.3846281  0.5047725
 0.46726885 0.2250915  1.         0.7422445  1.         0.7838095
 0.59723634 0.69540715 0.46190307 0.25596198 1.         0.6701385
 0.6899248  0.95744926 0.62027293 0.79525506 0.70117337 0.02441295
 0.         0.36244854 0.47240478 0.6011812  0.85130805 0.6040867
 0.22075096 0.4931711  0.35825768 0.56332093 0.28289014 0.62364656
 0.49685186 0.5614269  0.65544355 0.50375855 0.74331564 0.57269156
 0.3081344  0.         0.0972991  0.2600853  0.91344935 0.5881321
 0.53348327 0.22370964 0.64955574 1.         0.18334384 0.69487035
 0.53671277 0.         0.         0.32105383 0.8398583  0.8306286
 0.2895969  0.40647575 0.19747673 0.41128564 0.3285065  1.
 0.6964096  0.7665448  0.872915   0.7441216  0.31231046 0.9135357
 0.3602168  0.4093255  0.48560163 0.59663343 1.         0.7106007
 0.32842276 0.3237422  0.29798913 0.560442   0.6902269  0.47603455
 0.14683929 0.29401413 0.2993809  0.67229825 0.83288616 0.6989605
 0.5447876  0.62426627 0.604797   0.75545627 0.12743479 0.45915195
 0.59510607 0.32133538 0.8315549  0.39801058 0.37884426 0.
 0.65853626 0.56408215 1.         0.3005284  0.25454852 0.47580007
 0.38560447 0.97495794 0.2696239  0.         0.74123394 0.76768386
 0.19020036 0.52484614 0.7155948  0.67029613 0.26746032 0.34454098
 0.5833863  0.03634859 0.6673319  0.16644546 1.         0.8474314
 0.71649694 0.46806753 0.6193112  1.         0.43148673 1.
 0.7676874  0.43869293 0.44127163 0.91052544 0.73206764]
