2024-05-22 19:15:15[INFO] 
[Env initialized][Metric tpmC: 7486.45 tpmTotal: 16501.21 Transaction Count: 16594]
2024-05-22 19:15:15[INFO] [ddpg] Action: [0.4931701  0.42414653 0.5317573  0.41142055 0.70887667 0.19096808
 0.40667439 0.64282006 0.4026093  0.73452467 0.56429887 0.1672939
 0.9660137  0.87877274 0.5085609  0.54326594 0.59087867 0.
 0.51490724 0.6530853  0.68994397 0.7690121  0.6194804  0.3614266
 0.45600915 0.51925147 0.5628126  0.7413854  0.6796349  0.47353038
 0.68212706 0.70111036 0.15520512 0.38550782 0.49344635 0.5616787
 0.7640008  0.73722667 0.73510504 0.40021157 0.3853125  0.9854402
 0.23890148 0.57973015 0.58584005 0.22721878 0.39462513 0.32793173
 0.44372407 0.39572948 0.7525733  0.57561356 0.28941914 0.23242114
 0.642291   0.52257305 0.40758905 0.26532903 0.45628268 0.29603058
 0.48738897 0.07775359 0.51468825 0.3878795  0.82254016 0.3718308
 0.3468946  0.11931571 0.3367039  0.0772164  0.5165243  0.539448
 0.42373028 0.4190102  0.         0.46824735 0.7473703  0.5549696
 0.71124655 0.5310229  0.5776221  0.16268165 0.78753513 0.1301331
 0.7668173  0.5208363  0.7691757  0.34566537 0.31006825 0.46629912
 0.6675721  0.46191123 0.762907   0.72693044 0.20260529 0.49796346
 0.22427557 0.47055656 0.6689055  0.56125534 0.29987136 1.
 0.33065432 0.33765024 0.52684575 0.57062787 0.02061505 0.8313691
 0.43745148 0.4636556  0.39171344 0.5942836  0.3671588  0.67530674
 0.35831785 0.55871814 0.18890218 0.22538121 0.51813465 0.18101831
 0.5132836  0.21194462 0.25163943 0.3088056  0.37683845 0.44131452
 0.0691454  0.43333015 0.35730794 0.55632824 0.35420775 0.10948703
 0.56532985 0.29257262 0.5733011  0.3264271  0.06552841 0.3385774
 0.04154828 0.81153333 0.26158175 0.57119304 0.28692365 0.5231765
 0.37121344 0.7689206  0.41939697 0.6037705  0.52172756 0.6295774
 0.478241   0.54327863 0.27245712 0.8064735  0.31235215 0.24779907
 0.5512802  0.36939937 0.24111733 0.7941142  0.61384124 0.54417264
 0.28989252 0.41679266 0.63546336 0.4716096  0.70922005 0.6455103
 0.6631908  0.47010675 0.37222475 0.6011685  0.5260278  0.4849028
 0.24809135 0.42045623 0.45998347 0.68534875 0.62614083 0.57384276
 0.23096192 0.5474113  0.09659736 0.62248576 0.22846626 0.15311158
 0.49347568 0.35141778 0.29453543 0.5270787  0.3703358  0.5282517
 0.48148012 0.8062207  0.735637   0.05935589 0.7960746 ]
2024-05-22 19:16:30[INFO] 
[ddpg][Episode: 0][Step: 0][Metric tpmC:0 tpmTotal:0 Transaction Count:0]Reward: -10000000.0 Score: -10000000.0 Done: True
2024-05-22 19:16:30[INFO] [ddpg][Episode: 0][Step: 0] step: 75.22738003730774s env step: 75.20076656341553s train step: 0.0s restart time: 75.20066523551941s action time: 0.0048367977142333984s
2024-05-22 19:16:30[INFO] [ddpg][Episode: 0][Step: 0][Average] step: 75.22738003730774s env step: 75.20076656341553s train step: 0.0s restart time: 75.20066523551941s action time: 0.0048367977142333984s
2024-05-22 19:17:06[INFO] 
[Env initialized][Metric tpmC: 7486.45 tpmTotal: 16501.21 Transaction Count: 16594]
2024-05-22 19:17:06[INFO] [ddpg] Action: [0.19404632 0.75827867 0.42771673 0.55432785 0.57651556 0.64019185
 0.31814158 0.6645849  0.07569079 0.5286356  0.14865848 0.37045103
 0.39495355 0.70706606 0.52556044 0.4128426  0.49416083 0.43973514
 0.68316627 0.24806027 0.33126622 0.35701245 0.69058436 0.8512638
 0.4410719  0.3182427  0.6352206  0.59622175 0.46067196 0.52850145
 0.49045473 0.62257683 0.44999096 0.678422   0.5029992  0.6489281
 0.43435642 0.5117057  0.50003874 0.349975   0.54931915 0.5895871
 0.24492028 0.3152371  0.364883   0.4609847  0.64087474 0.625597
 0.75057685 0.5359969  0.71364594 0.6650162  0.47171292 0.751534
 0.         0.64826936 0.41910312 0.55621856 0.82490873 0.5331175
 0.3974043  0.49627334 0.4214163  0.65169984 0.72225446 0.912165
 0.23093246 0.49704173 0.41908404 0.8903976  0.6307072  0.5296381
 0.2142503  0.4938423  0.6157974  0.80534965 0.69127536 0.5663304
 0.7626792  0.23307896 0.5045687  0.19421723 0.31193528 0.31886977
 0.56264615 0.61520994 0.6043272  0.6455878  0.42306593 0.4500525
 0.5901209  0.         0.61333394 0.36319637 0.69435316 0.41905263
 0.74557126 0.7000385  0.4711334  0.36563048 0.15068844 0.45760152
 0.18877655 0.8613765  0.5251642  0.58292276 0.511817   0.4047538
 0.15657543 0.39791405 0.38440174 0.39828742 0.34686267 0.35099185
 0.61851805 0.91664374 0.58239114 0.5856786  0.2690958  0.902785
 0.4211436  0.20843635 0.4787373  0.05577817 0.263567   0.5236612
 0.5920104  0.60586345 0.66127175 0.44495285 0.4890969  0.48687595
 0.385436   0.61427855 0.8494232  0.27637583 0.44943917 0.6484788
 0.44122362 0.04725318 0.74712974 0.64223087 0.54590297 0.4583054
 0.5646742  0.10211338 0.59938395 0.24544424 0.76160705 0.78543997
 0.39010525 0.51727086 0.4091084  0.7250849  0.70258635 0.53340197
 0.5088213  0.44061667 0.6045929  0.29926994 0.52557707 0.6513963
 0.84626573 0.31625468 0.6539773  0.2129989  0.5790142  0.6012448
 0.5402962  0.01309032 0.6944365  0.25218824 0.6713548  0.7882736
 0.5019588  0.7079981  0.73363537 0.5203967  0.5667313  0.62549555
 0.29363713 0.5837002  0.47932053 0.44347373 0.503869   0.7961061
 0.50545    0.5453712  0.18465061 0.39076695 0.47187033 0.46299064
 0.7655854  0.70108956 0.89905417 0.480766   0.50735295]
2024-05-22 19:18:22[INFO] 
[ddpg][Episode: 1][Step: 0][Metric tpmC:0 tpmTotal:0 Transaction Count:0]Reward: -10000000.0 Score: -10000000.0 Done: True
2024-05-22 19:18:22[INFO] [ddpg][Episode: 1][Step: 0] step: 75.22564506530762s env step: 75.2002501487732s train step: 0.0s restart time: 75.2001543045044s action time: 0.003110170364379883s
2024-05-22 19:18:22[INFO] [ddpg][Episode: 1][Step: 0][Average] step: 75.22564506530762s env step: 75.2002501487732s train step: 0.0s restart time: 75.2001543045044s action time: 0.003973484039306641s
2024-05-22 19:18:58[INFO] 
[Env initialized][Metric tpmC: 7486.45 tpmTotal: 16501.21 Transaction Count: 16594]
2024-05-22 19:18:58[INFO] [ddpg] Action: [0.2510221  0.64070195 0.46705404 0.69841146 0.771754   0.32591632
 0.6220609  0.8846442  0.69184095 0.4968412  0.45100814 0.3641774
 0.8247955  0.73012125 0.32768062 0.5184613  0.63159156 0.421496
 0.45067018 0.67310184 0.33415437 0.40921575 0.39842358 0.26797855
 0.77470034 0.26304695 0.68937844 0.7759155  0.4576097  0.39452088
 0.4107309  0.50647795 0.45033562 0.53248334 0.6673754  0.45036376
 0.3721952  0.44097304 0.87027615 0.6355845  0.4547826  0.46464863
 0.3631748  0.22148396 0.7815294  0.31407613 0.49952272 0.33250833
 0.64755756 0.3136817  0.40298074 0.36269495 0.1937264  0.4296364
 0.7727425  0.09558783 0.3043684  0.41003874 0.409569   0.4240767
 0.705576   0.261594   0.4683933  0.6001778  0.5211938  0.8237267
 0.82856107 0.5969444  0.29768705 0.38813165 0.40946206 0.16257252
 0.22662728 0.59101385 0.6158315  0.126454   0.45046216 0.5285567
 0.62639964 0.5539568  0.58302796 0.12859492 0.50239587 0.
 0.4928631  0.8398126  0.38628012 0.49052903 0.42432627 0.807982
 0.5631675  0.33304456 0.43388715 0.58775157 1.         0.7025694
 0.6708174  0.68871725 0.50972044 0.5481724  0.6937509  0.42486688
 0.65416366 0.8791258  0.95032054 0.7401868  0.22980991 0.47075722
 0.48609138 0.50096446 0.9655274  0.4375461  0.43153965 0.5082011
 0.41335285 0.5010267  0.48197645 0.3126704  0.81327146 0.7452222
 0.40320763 0.7874652  0.61236143 0.14553134 0.6402767  0.3542214
 0.48839152 0.75010544 0.3854114  0.42786384 0.62296826 0.33810133
 0.5098654  0.5503918  0.27052784 0.8102893  0.15173908 0.21838914
 0.52211887 0.54133874 0.5814907  0.46314055 0.84930974 0.5773699
 0.602178   0.6070514  0.42785612 0.7188709  0.6900477  0.45361662
 0.7408599  0.17759849 0.36614215 0.63858783 0.32485366 0.49900568
 0.89644873 0.26934513 0.06665538 0.37280676 0.46064863 0.79967064
 0.5813536  0.24096406 0.10514157 0.7170462  0.7434648  0.59523565
 0.3550705  0.20202745 0.6086421  0.50659204 0.37023336 0.95405596
 0.42650712 1.         0.31801376 0.58810735 0.74931514 0.3939456
 0.3669899  0.37102118 0.5099408  0.59754115 0.2611642  0.31600058
 0.5194601  0.45804077 0.5763521  0.5284695  0.4710989  0.48904482
 1.         0.75215125 0.33620384 0.39220256 0.3777356 ]
2024-05-22 19:20:13[INFO] 
[ddpg][Episode: 2][Step: 0][Metric tpmC:0 tpmTotal:0 Transaction Count:0]Reward: -10000000.0 Score: -10000000.0 Done: True
2024-05-22 19:20:52[INFO] [ddpg][Episode: 2][Step: 0] Critic: 100000000376832.0 Actor: -0.019261321984231472
2024-05-22 19:20:52[INFO] [ddpg][Episode: 2][Step: 0] step: 113.84648180007935s env step: 75.20063805580139s train step: 19.310124397277832s restart time: 75.20054888725281s action time: 0.0031228065490722656s
2024-05-22 19:20:52[INFO] [ddpg][Episode: 2][Step: 0][Average] step: 113.84648180007935s env step: 75.20063805580139s train step: 19.310124397277832s restart time: 75.20054888725281s action time: 0.003689924875895182s
2024-05-22 19:21:28[INFO] 
[Env initialized][Metric tpmC: 7486.45 tpmTotal: 16501.21 Transaction Count: 16594]
2024-05-22 19:21:28[INFO] [ddpg] Action: [0.28001088 0.72202486 0.38108823 0.42636415 0.92644125 0.7734553
 0.39648718 0.526501   0.4540592  0.19195205 0.44481894 0.4113853
 0.526973   0.41634154 0.70430076 0.70312256 0.5032984  0.56859547
 0.158611   0.70888215 0.43913206 0.30697936 0.3923303  0.25415742
 0.37022194 0.2670323  0.6878102  0.1001679  0.59980315 0.5464219
 0.6701101  0.33204213 0.659767   0.6301582  0.21535921 0.6246401
 0.31637892 0.         0.21573906 0.5849192  0.25593254 0.91818863
 0.34192622 0.40488148 0.8930118  0.48695603 0.03691996 0.90570647
 0.3951124  0.31115922 0.75910175 0.48565412 0.4842546  0.47141063
 0.36888275 0.5000127  0.39573568 0.19774812 0.3873613  0.44220468
 0.3747622  0.7737791  0.4503031  0.4405176  0.46783122 0.40760738
 0.77742493 0.4856338  0.5491688  0.23545319 0.8161269  0.35495797
 0.23013535 0.71062464 0.6684362  0.6807076  0.65130854 0.33569938
 0.73438734 0.79937476 0.47455835 0.48686555 0.5457357  0.7815241
 0.739473   0.529856   0.8226492  0.3590315  0.43372464 0.5484763
 0.19697522 0.23528801 0.38496524 0.6847786  0.66615945 0.5315378
 0.5978779  0.373165   0.5400567  0.28509855 0.31124324 0.80248004
 0.650362   0.55090386 0.5405697  0.55308497 0.61140835 0.704974
 0.8748525  0.7800408  0.24363448 0.81267947 0.39174366 0.40610084
 0.49501136 0.4006512  0.36024475 0.3054249  0.3574788  0.57387984
 0.28396973 0.55901974 0.53258425 0.09405085 0.5696914  0.5008475
 0.21499155 0.7316426  0.49630147 0.18646981 0.5054616  0.53096926
 0.10955448 0.38944405 0.3405288  0.4313845  0.6266264  0.5756408
 0.6175857  0.4631998  0.62502927 0.25851008 0.66519344 0.78745943
 0.327139   0.4593834  0.23549877 0.4952324  1.         0.29147032
 0.41992047 0.19717269 0.28848878 0.5598865  0.4157047  0.54768264
 0.5908272  0.6344617  0.43527797 0.25785378 0.20950072 0.96929014
 0.3282635  0.46406952 0.60951173 0.8256256  0.5658419  0.52342296
 0.4139034  0.42455637 0.5161998  0.35887712 0.7322931  0.49590367
 0.4458084  0.7345666  0.3887049  0.14776841 0.64838207 0.9423585
 0.6202678  0.60085136 0.         0.3886483  0.52733487 0.3490625
 0.7299922  0.36067793 0.5738504  0.4537854  0.58743715 0.37193432
 0.40571994 0.19174202 0.3382791  0.37263772 0.2577635 ]
2024-05-22 19:22:44[INFO] 
[ddpg][Episode: 3][Step: 0][Metric tpmC:0 tpmTotal:0 Transaction Count:0]Reward: -10000000.0 Score: -10000000.0 Done: True
2024-05-22 19:22:50[INFO] [ddpg][Episode: 3][Step: 0] Critic: 100000000376832.0 Actor: -0.019503768999129534
2024-05-22 19:22:50[INFO] [ddpg][Episode: 3][Step: 0] step: 82.11047029495239s env step: 75.20298194885254s train step: 3.4409382343292236s restart time: 75.20286583900452s action time: 0.003190755844116211s
2024-05-22 19:22:50[INFO] [ddpg][Episode: 3][Step: 0][Average] step: 82.11047029495239s env step: 75.20298194885254s train step: 3.4409382343292236s restart time: 75.20286583900452s action time: 0.0035651326179504395s
2024-05-22 19:23:27[INFO] 
[Env initialized][Metric tpmC: 7486.45 tpmTotal: 16501.21 Transaction Count: 16594]
2024-05-22 19:23:27[INFO] [ddpg] Action: [0.74127746 0.14865318 0.37483168 0.3824462  0.5653599  0.26838237
 0.5266392  0.4250951  0.6762453  0.3864394  0.22630306 0.5544533
 0.5608543  0.86368924 0.561707   0.22174339 0.9227695  0.6585966
 0.413836   0.26647386 0.59762925 0.42291826 0.4955837  0.40271255
 0.5325881  0.38055953 0.88271046 0.4395439  0.         0.7875498
 0.39018694 0.38792226 0.52268445 0.75522006 0.3412957  0.5563722
 0.5016564  0.39268526 0.9915668  0.32826364 0.30908203 0.6639797
 0.5311119  0.26998898 0.29553095 0.7010041  0.6442128  0.14116542
 0.55289435 0.9605671  0.09002417 0.32331163 0.5530201  0.5284137
 0.58837175 0.32355452 0.7309581  0.6203851  0.9237346  0.78833264
 0.35726836 0.01865942 0.3662972  0.18565671 0.30487633 0.27242893
 0.32817608 0.2962081  0.4594257  0.50249565 0.289439   0.29034933
 0.19556803 0.82778174 0.38729006 0.46630105 0.53890234 0.693015
 0.46257365 0.44276804 0.75286937 0.5696794  0.576785   0.58904463
 0.47872815 0.5271614  0.24180554 0.6590205  0.43203434 0.35866216
 0.3092751  0.39331546 0.27601892 0.62044394 0.8207542  0.61754465
 0.46297866 0.6777362  0.77129203 0.7906937  0.2978681  0.7343794
 0.5245927  0.35541308 0.5367886  0.75118905 0.22278397 0.4119157
 0.23293982 0.89081323 0.49038035 0.42794368 0.38195357 0.7509199
 0.17325704 0.43412045 0.8909167  0.29541504 0.6787268  0.58939564
 0.78751177 0.2476178  0.77075493 0.48336506 0.6266183  0.44172132
 0.5891528  0.63663423 0.6516331  0.5658975  0.2359812  0.32555187
 0.58715236 0.9285838  0.7127602  0.8664906  0.24086346 0.5699048
 0.6643369  0.745784   0.18695493 0.4846735  0.5612365  0.48887616
 0.5036198  0.63108397 0.7115276  0.72959155 0.27266243 0.31913552
 0.4852108  0.24160354 0.65982896 0.53822297 0.33943427 0.44064513
 0.66472155 0.38576946 0.26897544 0.5102483  0.52621394 0.66436195
 0.44229996 0.28300962 0.50063384 0.664023   0.5592232  0.33630803
 0.54281086 0.38299218 0.5929106  0.8077071  0.37439275 0.5164816
 0.52831435 0.3750935  0.16824119 0.2274257  0.29082176 0.22205867
 0.8532874  0.35988143 0.613604   0.70211613 0.22388169 0.7963774
 0.83016145 0.7998493  0.24053028 0.3154161  0.7366006  0.3147714
 0.38875946 0.9798318  0.48616314 0.4986485  0.6819042 ]
2024-05-22 19:24:42[INFO] 
[ddpg][Episode: 4][Step: 0][Metric tpmC:0 tpmTotal:0 Transaction Count:0]Reward: -10000000.0 Score: -10000000.0 Done: True
2024-05-22 19:24:42[INFO] [ddpg][Episode: 4][Step: 0] Critic: 100000000376832.0 Actor: -0.019720586327215035
2024-05-22 19:24:42[INFO] [ddpg][Episode: 4][Step: 0] step: 75.26107430458069s env step: 75.20287585258484s train step: 0.016289710998535156s restart time: 75.20272827148438s action time: 0.0031604766845703125s
2024-05-22 19:24:42[INFO] [ddpg][Episode: 4][Step: 0][Average] step: 75.26107430458069s env step: 75.20287585258484s train step: 0.016289710998535156s restart time: 75.20272827148438s action time: 0.003484201431274414s
2024-05-22 19:25:18[INFO] 
[Env initialized][Metric tpmC: 7486.45 tpmTotal: 16501.21 Transaction Count: 16594]
2024-05-22 19:25:18[INFO] [ddpg] Action: [0.18851872 0.04501681 0.55550826 0.16868049 0.35232657 0.47288412
 0.8713235  0.47325414 0.5058121  0.5737081  0.38613263 0.64689714
 0.679024   0.6634637  0.45561686 0.39357495 0.38040552 0.5220562
 0.40727592 0.5711846  0.69686157 0.65310633 0.75428534 0.5332306
 0.4439157  1.         0.69533205 0.46848026 0.5745133  0.25238025
 0.4801921  0.38425416 0.8441084  0.7155304  0.65627563 0.76103574
 0.5815609  0.5655555  0.7800245  0.27040967 0.32841498 0.00699172
 0.45693538 0.47738937 0.168001   0.7656855  0.1436779  0.2566745
 0.39570895 0.6839802  0.38728026 0.606616   0.4861336  0.6334931
 0.5111779  0.7040269  0.4536957  0.46443608 0.6223839  0.8001399
 0.42792913 0.6952391  0.8578613  0.36621818 0.60894465 0.36088872
 0.5592914  0.41572735 0.7210266  0.42783713 0.6307104  0.6050361
 0.5388702  0.23238853 0.4053388  0.3129951  0.33468735 0.41670084
 0.7003114  0.8006002  0.3346674  0.48132747 0.32278323 0.7109341
 0.54303575 0.6344001  0.18283139 0.52802163 0.5114573  0.
 0.5571067  0.5277379  0.9060312  0.4583871  0.4712482  0.41898078
 1.         0.3680443  0.83667916 0.51588094 0.5844969  0.30284458
 0.44488263 0.72063404 0.54058295 0.43829063 0.3261876  0.82886946
 0.4957733  0.2607709  0.3101465  0.74569064 0.3862271  0.
 0.73067594 0.89755595 0.47643527 0.25403443 0.15673983 0.6018353
 0.2772658  0.2823637  0.8423285  0.546697   0.5991732  0.23126052
 0.53455174 0.46290007 0.4603362  0.703841   0.4210413  0.46626198
 0.9370264  0.23671916 0.47917163 0.55673325 0.01717928 0.
 0.58906096 0.729925   0.35309553 0.63859373 0.40185353 0.31191027
 0.6259917  0.3014773  0.7039397  0.3426061  0.44931197 0.2286143
 0.33899865 0.5132705  0.22888593 0.44885588 0.21195602 0.751866
 0.15899593 0.26497298 0.4781776  0.37748787 0.21513605 0.31388816
 0.60274726 0.45811924 0.07276461 0.3766475  0.46385205 0.6493443
 0.49579707 0.7885543  0.3546789  0.38906094 0.76147044 0.49200773
 0.50818944 0.22546805 0.70440704 0.49894074 0.56503356 0.60448444
 0.5931797  0.25036722 0.13813569 0.5030319  0.36814076 0.59684247
 0.32518992 0.16721024 0.4880443  0.20320521 0.7837355  0.582828
 0.5280172  0.5076947  0.60047024 0.3114161  0.7848429 ]
2024-05-22 19:26:34[INFO] 
[ddpg][Episode: 5][Step: 0][Metric tpmC:0 tpmTotal:0 Transaction Count:0]Reward: -10000000.0 Score: -10000000.0 Done: True
2024-05-22 19:26:34[INFO] [ddpg][Episode: 5][Step: 0] Critic: 100000000376832.0 Actor: -0.019914439413696527
2024-05-22 19:26:34[INFO] [ddpg][Episode: 5][Step: 0] step: 75.2580075263977s env step: 75.20091390609741s train step: 0.015877127647399902s restart time: 75.20080757141113s action time: 0.0033240318298339844s
2024-05-22 19:26:34[INFO] [ddpg][Episode: 5][Step: 0][Average] step: 75.2580075263977s env step: 75.20091390609741s train step: 0.015877127647399902s restart time: 75.20080757141113s action time: 0.0034575064977010093s
2024-05-22 19:27:10[INFO] 
[Env initialized][Metric tpmC: 7486.45 tpmTotal: 16501.21 Transaction Count: 16594]
2024-05-22 19:27:10[INFO] [ddpg] Action: [0.4504795  0.5911248  0.29108638 0.1609976  0.6185557  0.77152026
 0.5082045  0.68472666 0.48995343 0.5778158  0.13658918 0.41121587
 0.71114665 0.56284    0.5819725  0.3684955  0.1760169  0.6341134
 0.71119785 0.5351648  0.36682755 0.69181097 0.70250976 0.5055648
 0.47278652 0.43591517 0.5322519  0.16986309 0.39313847 0.19281083
 0.717992   0.48294315 0.49165016 0.79484814 0.8330307  0.29491073
 0.79646933 0.43093556 0.34836942 0.7090893  0.32970512 0.38154244
 0.5510913  0.28196442 0.40466458 0.56250435 0.3568249  0.547936
 0.666892   0.7758016  0.37310973 0.5417051  0.04911359 0.4841117
 0.79718447 0.470585   0.05687012 0.84082484 0.8945725  0.7145474
 0.2680362  1.         0.68407726 0.5196427  0.5739779  0.29380113
 0.39017853 0.70009005 0.8986562  0.0960044  0.29069552 0.6548408
 0.4613402  0.6375506  0.8794636  0.59213626 0.5862901  0.7723418
 0.35931247 0.905103   0.3037214  0.4565038  0.37775514 0.5157706
 0.32634154 0.12257244 0.79938364 0.74490696 0.43851584 0.5337873
 0.7068203  0.5007132  0.66949534 0.68067855 0.08091427 0.5607538
 0.58037597 0.89920926 0.5098633  0.42698103 0.40694875 0.38853928
 0.45123604 0.4052452  0.35114706 0.17541203 0.5302701  0.558657
 0.55704594 0.5037811  0.3385456  0.04296538 0.43203866 0.42929307
 0.5388615  0.53653544 0.7770555  0.         0.2533799  0.6706487
 0.7957335  0.2924738  0.69755626 0.5909696  0.6109453  0.6461856
 0.6671605  0.43035012 0.64777493 0.6023222  0.5729212  0.23355806
 0.59703386 0.33450896 0.364377   0.37875235 0.5119035  0.18040697
 0.6480071  0.47291854 0.44964394 0.43611136 0.45187253 0.29282755
 0.20265341 0.21202345 0.7135369  0.70839405 0.5656777  0.5810799
 0.40088773 0.31966195 0.4748218  0.17523646 0.3981698  0.8190842
 0.69190365 0.32062644 0.18591665 0.24420471 0.63429904 0.07649352
 0.5913126  0.5928761  0.45693675 0.683108   0.16992164 0.56755847
 0.6439264  0.53860945 0.43036523 0.36005777 0.30792174 0.59366125
 0.17182137 0.42831665 0.6566432  0.42122757 0.43235174 0.6166686
 0.5959018  0.5204477  0.55568755 0.89001095 0.6178645  0.4405574
 0.08279704 0.525196   0.79660183 0.705889   0.46366498 0.45629784
 0.8351344  0.42882526 0.54011554 0.16577898 0.49537078]
2024-05-22 19:28:25[INFO] 
[ddpg][Episode: 6][Step: 0][Metric tpmC:0 tpmTotal:0 Transaction Count:0]Reward: -10000000.0 Score: -10000000.0 Done: True
2024-05-22 19:28:25[INFO] [ddpg][Episode: 6][Step: 0] Critic: 100000000376832.0 Actor: -0.019950890727341176
2024-05-22 19:28:25[INFO] [ddpg][Episode: 6][Step: 0] step: 75.2635486125946s env step: 75.20600152015686s train step: 0.016179203987121582s restart time: 75.20589137077332s action time: 0.0032753944396972656s
2024-05-22 19:28:25[INFO] [ddpg][Episode: 6][Step: 0][Average] step: 75.2635486125946s env step: 75.20600152015686s train step: 0.016179203987121582s restart time: 75.20589137077332s action time: 0.00343149048941476s
2024-05-22 19:29:02[INFO] 
[Env initialized][Metric tpmC: 7486.45 tpmTotal: 16501.21 Transaction Count: 16594]
2024-05-22 19:29:02[INFO] [ddpg] Action: [0.41125745 0.4679136  0.27605078 0.2556791  0.38009873 0.7912346
 0.8295658  0.67311835 0.5781687  0.300245   0.577946   0.8658435
 0.4866737  0.5250357  0.6264023  0.491773   0.5591506  0.09450895
 0.5825191  0.45278984 0.88765025 0.5277509  0.6455867  0.46271142
 1.         0.6351202  0.73178554 0.38724744 0.21894333 0.6562253
 0.48988035 0.30201572 0.35251492 0.403292   0.31079572 0.609178
 0.3477389  0.10226761 0.55555266 0.44812378 0.5832292  0.3300588
 0.23780146 0.8036474  0.4205765  0.5775739  0.48635694 0.52261984
 0.6869049  0.78518915 0.6575214  0.49288407 0.35581785 0.6604477
 0.36732528 0.47278854 0.508214   0.4253259  0.5827162  0.51255596
 0.12841083 0.30710584 1.         0.6427461  0.44297555 0.27653024
 0.5459311  0.23669031 0.658385   0.57832074 0.58613324 0.4560722
 0.6792934  0.5617114  0.24086347 0.50138396 0.6562339  0.58150816
 0.23279803 0.4447137  0.47154903 0.46713656 1.         0.56242055
 0.5629094  0.34744406 0.21751165 0.6800099  0.9398236  0.5813602
 0.7008908  0.16247764 0.48659265 0.48957214 0.6237857  0.46112517
 0.3124012  0.6507273  0.68407375 0.7774736  0.75266546 0.6479731
 0.59442776 0.44562492 0.6484417  0.6101024  0.27877712 0.7466399
 0.44530576 0.38538957 0.91142046 0.         0.4592111  0.61042166
 0.9096917  0.32777962 0.43947297 0.36032942 0.654138   0.36910394
 0.2674325  0.4466575  0.5329471  0.04705071 0.17310005 0.71281505
 0.38541663 0.48243254 0.45521608 0.38390172 0.41063058 0.51497227
 0.17831515 1.         0.71848774 0.41537663 0.3746077  0.48935118
 0.60774034 0.527822   0.4584364  0.6917137  0.61261296 0.23803686
 0.1678069  0.3591504  0.33546102 0.45293537 0.5401308  0.679032
 0.5240593  0.49094918 0.4602137  0.5060423  0.3653808  0.34645486
 0.36806083 0.40874296 0.2713376  0.5033881  0.7981296  0.8256186
 0.64562446 0.64208955 0.49592432 0.59361506 0.35658363 0.08635362
 0.         0.61663    0.4599186  0.6084307  0.5093941  0.5652583
 0.6072583  0.3717008  0.2907668  0.5357701  0.91208047 0.32389092
 0.5329456  0.45977852 0.36633047 0.44379616 0.6441724  0.7936168
 0.87779397 0.83608615 0.7708955  0.19290909 0.17974643 0.32731876
 0.66762    0.3802879  0.8708082  0.14641413 0.7262163 ]
2024-05-22 19:30:17[INFO] 
[ddpg][Episode: 7][Step: 0][Metric tpmC:0 tpmTotal:0 Transaction Count:0]Reward: -10000000.0 Score: -10000000.0 Done: True
2024-05-22 19:30:17[INFO] [ddpg][Episode: 7][Step: 0] Critic: 100000000376832.0 Actor: -0.01986708181599776
2024-05-22 19:30:17[INFO] [ddpg][Episode: 7][Step: 0] step: 75.25225901603699s env step: 75.19548225402832s train step: 0.01593482494354248s restart time: 75.19538521766663s action time: 0.003152132034301758s
2024-05-22 19:30:17[INFO] [ddpg][Episode: 7][Step: 0][Average] step: 75.25225901603699s env step: 75.19548225402832s train step: 0.01593482494354248s restart time: 75.19538521766663s action time: 0.0033965706825256348s
2024-05-22 19:30:53[INFO] 
[Env initialized][Metric tpmC: 7486.45 tpmTotal: 16501.21 Transaction Count: 16594]
2024-05-22 19:30:53[INFO] [ddpg] Action: [0.47687092 0.78428984 0.4931656  0.54902476 0.39377645 0.43941915
 0.49378067 0.89743274 0.         0.42828465 0.54249555 0.51481557
 0.6982124  0.60234773 0.5885318  0.5495124  0.15209182 0.25855505
 0.25927588 0.38686785 0.         0.2471722  0.54676366 0.44632056
 0.8157819  0.3788265  0.5207013  0.38372245 0.7572008  0.4563904
 0.6529218  0.12211442 0.56279355 0.6439351  0.09981234 0.574479
 0.38586953 0.2192346  0.60789675 0.70060295 0.169212   0.56862414
 0.2046397  0.52793205 0.4854708  0.5971047  0.35635525 0.479712
 0.27947593 0.4496174  0.52156454 0.79685295 0.4373952  0.1112997
 0.5958278  0.5246969  0.587746   0.42676806 0.58298856 0.2844882
 0.6760354  0.64046323 0.1083953  0.05114879 0.44055197 0.41295633
 0.66419053 0.59562093 0.31367534 0.7848404  0.32011083 0.3768402
 0.6874369  0.45947787 0.6694856  0.3372021  0.867349   0.26061842
 0.445116   0.45481354 0.6961712  0.6896394  0.24175541 0.45435077
 0.59859115 0.76547456 0.25593886 0.21154633 0.41201726 0.7325021
 0.7688053  0.34023434 0.4127593  0.29422832 0.52827865 0.24853589
 0.58230364 0.42116642 0.5912144  0.34574234 0.4181639  0.4891465
 0.41223407 0.43772912 0.65990806 0.7089228  0.28331363 0.15186463
 0.54895383 0.6213717  0.6806961  0.1830978  0.48758918 0.57795924
 0.43526375 0.54162467 0.24722633 0.9006899  0.5802382  0.68340904
 0.5061642  0.6959033  0.65132046 0.763346   0.5045507  0.462186
 0.46581578 0.37694126 0.44124085 0.5905328  0.5230276  0.46973732
 0.3585667  0.45714304 0.3679542  0.5762892  0.32009193 0.8445516
 0.69377995 0.46817195 0.78745365 0.6326065  0.41942137 0.33218905
 0.32564932 0.3293449  0.8404037  0.7681815  0.32456043 0.43357226
 0.7358855  0.3268396  0.74175423 0.45857129 0.7730384  0.3837021
 0.38099596 0.3212738  0.5335116  0.24795696 0.4548071  0.5171786
 0.31442142 0.6823347  0.6438399  0.27213106 0.15617505 0.4576792
 0.27052757 0.4335437  0.3920297  0.51093286 0.64478755 0.33977976
 0.38332194 0.7826862  0.601654   0.0244434  0.52693766 0.36506346
 0.48349363 0.4637395  0.91592467 0.8157794  0.4460853  0.20064788
 0.5665016  0.5559289  0.196745   0.54668826 0.59432083 0.5724271
 0.5669783  0.7677766  0.74596494 0.5366453  0.39058843]
2024-05-22 19:32:09[INFO] 
[ddpg][Episode: 8][Step: 0][Metric tpmC:0 tpmTotal:0 Transaction Count:0]Reward: -10000000.0 Score: -10000000.0 Done: True
2024-05-22 19:32:09[INFO] [ddpg][Episode: 8][Step: 0] Critic: 100000000376832.0 Actor: -0.019861117670578615
2024-05-22 19:32:09[INFO] [ddpg][Episode: 8][Step: 0] step: 75.25322079658508s env step: 75.19693779945374s train step: 0.015696406364440918s restart time: 75.19683599472046s action time: 0.0030701160430908203s
2024-05-22 19:32:09[INFO] [ddpg][Episode: 8][Step: 0][Average] step: 75.25322079658508s env step: 75.19693779945374s train step: 0.015696406364440918s restart time: 75.19683599472046s action time: 0.0033602979448106554s
2024-05-22 19:32:45[INFO] 
[Env initialized][Metric tpmC: 7486.45 tpmTotal: 16501.21 Transaction Count: 16594]
2024-05-22 19:32:45[INFO] [ddpg] Action: [0.83477145 0.50593126 0.24852476 0.6133013  0.27730742 0.6543853
 0.45913595 0.8170094  0.46266383 0.44460633 0.1999162  0.6475406
 0.5396872  0.6572397  0.40198344 0.15086994 0.83917123 0.58693326
 0.5225023  0.575366   0.38192594 0.24992447 0.7534057  0.31733528
 0.4049087  0.24636382 0.39675567 0.6597525  0.64696276 0.41431552
 0.38822457 0.3907679  0.         0.82887    0.25809065 0.4381662
 0.26663762 0.50729185 0.5677993  0.88975024 0.17115144 0.82582617
 0.32517648 0.74838257 0.46529594 0.6916647  0.84414166 0.4243501
 0.40743503 0.605961   0.4580496  0.5249546  0.13563478 0.6533865
 0.22092955 0.37457937 0.38936278 0.39200997 0.19186941 0.5848112
 0.3509417  0.44192535 0.40222138 0.36198676 0.36073682 0.5066382
 0.55511785 0.37782487 0.5632736  0.4942747  0.25290993 0.42539817
 0.6092663  0.55849457 0.74123234 0.78308326 0.24184397 0.7733921
 0.46196547 0.6044776  0.6510597  0.40210095 0.22069022 0.67657316
 0.32235134 0.33576494 0.55101    0.6412865  0.8724478  0.81863165
 0.5619098  0.4578319  0.2701828  0.76094925 0.         0.4227838
 0.31616414 0.5682933  0.30608436 0.38370043 0.6155785  0.6904136
 0.55669844 0.16951928 0.4352066  0.8603909  0.61331123 1.
 0.5280941  0.5235714  0.4511383  0.5101515  0.23259893 0.868134
 0.12455626 0.7733728  0.78944695 0.26704413 0.30892617 0.45680988
 0.5874568  0.5439175  0.36493054 0.61744434 0.41108468 0.70040697
 0.57205796 0.41073778 0.9238339  0.43305227 0.44065753 0.5943559
 0.74869055 0.03043332 0.6429964  0.04226962 0.6246629  0.81215763
 0.6533722  0.52315784 0.6672162  0.8482238  0.76603884 0.62571746
 0.5496753  0.40780905 0.47082987 0.63982594 0.98274904 0.6652273
 0.56199044 0.40227017 0.18270844 0.14822784 0.54597145 0.67445683
 0.7946469  0.40328214 0.44863    0.5668641  0.3195639  0.7851908
 0.515178   0.57614475 0.27955598 0.3595164  0.6594208  0.45533273
 0.48693767 0.31824592 0.54104173 0.4105453  0.77748126 0.32104498
 0.2621567  0.52763665 0.25365368 0.40652817 0.09091624 0.52386904
 0.3685384  0.22822648 0.4697228  0.29316798 0.39970303 0.28775954
 0.56981045 0.3055156  0.13831796 0.6449083  0.26946124 0.6613713
 0.6006776  0.3335348  0.9915145  0.09782975 0.4914609 ]
2024-05-22 19:34:00[INFO] 
[ddpg][Episode: 9][Step: 0][Metric tpmC:0 tpmTotal:0 Transaction Count:0]Reward: -10000000.0 Score: -10000000.0 Done: True
2024-05-22 19:34:00[INFO] [ddpg][Episode: 9][Step: 0] Critic: 100000000376832.0 Actor: -0.0198430068558082
2024-05-22 19:34:00[INFO] [ddpg][Episode: 9][Step: 0] step: 75.26176047325134s env step: 75.20640063285828s train step: 0.015467643737792969s restart time: 75.206307888031s action time: 0.0030565261840820312s
2024-05-22 19:34:00[INFO] [ddpg][Episode: 9][Step: 0][Average] step: 75.26176047325134s env step: 75.20640063285828s train step: 0.015467643737792969s restart time: 75.206307888031s action time: 0.003329920768737793s
2024-05-22 19:34:37[INFO] 
[Env initialized][Metric tpmC: 7486.45 tpmTotal: 16501.21 Transaction Count: 16594]
2024-05-22 19:34:37[INFO] [ddpg] Action: [0.5617935  0.57556915 0.70029706 0.30026752 0.4646669  0.24444526
 0.46053538 0.60130197 0.5580209  0.5875438  0.68867177 0.74553365
 0.49894792 0.64627856 0.3794404  0.6228074  0.52167386 0.44133157
 0.19259167 0.6598839  0.52494985 0.33467612 0.885272   0.31840703
 0.61166435 0.5076011  0.32659474 0.45753223 0.3027325  0.3528122
 0.7937387  0.65820396 0.33448058 0.36658835 0.481893   0.264921
 0.52407587 0.29132375 0.         0.5431651  0.05612624 0.21441063
 0.8527656  0.3408795  0.29291028 0.36484262 0.5846699  0.5916138
 0.48827717 0.20436989 0.8445749  0.         0.35703436 0.8536107
 0.32088318 0.9735001  0.6511729  0.42384785 0.41050464 0.5846283
 0.50972354 0.23090078 0.50666124 0.5667126  0.6530946  0.46248394
 0.5588623  0.27816185 0.5908275  0.6570219  0.16970141 0.22842067
 0.77763313 0.418464   0.42422265 0.63096184 0.55326015 0.6769194
 0.3017528  0.5867142  0.71784216 0.18847242 0.37021595 0.23748828
 0.8592593  0.26250654 0.5491772  0.46706945 1.         0.27768406
 0.7578339  0.35027674 0.3132114  0.56067127 0.4590834  0.27726316
 0.84314334 0.38986182 0.44062665 0.32053387 0.49590805 0.40110984
 0.45534408 0.39405546 0.754998   0.8077632  0.59465283 0.73388034
 0.20876546 0.61338854 0.40217957 0.78488165 0.5721364  1.
 0.4637006  0.22195928 0.7198502  0.4324198  0.5905939  0.4019157
 0.70751697 0.8460644  0.51070017 0.26782212 0.6311333  0.7327978
 0.71811646 0.5515842  0.4179239  0.40229288 0.5760835  0.89410955
 0.2916167  0.5141587  0.37306944 0.         0.12656327 0.
 0.26480782 0.55196166 0.40978956 0.42482823 0.97474205 0.7484684
 0.45081532 0.6528261  0.2590068  0.89013326 0.5350092  0.688496
 0.50441635 0.7415704  0.63350785 0.7851185  0.17809695 0.31597984
 0.3639688  0.5240311  0.5490196  0.44329843 0.6006858  0.36794913
 0.9970502  0.5768371  0.61049396 0.64867824 0.49666974 0.6612521
 0.804151   0.46872348 0.33321851 0.7105297  0.6418405  0.07758133
 0.9584846  0.67029136 0.5391649  0.7268109  0.5919534  0.8023477
 0.80475795 0.6034917  0.56337386 0.25474554 0.3242999  0.30292186
 0.5715079  0.6383562  0.5417481  0.63339597 0.49787238 0.31915185
 0.46352294 1.         0.7049691  0.09539042 0.4807312 ]
2024-05-22 19:35:52[INFO] 
[ddpg][Episode: 10][Step: 0][Metric tpmC:0 tpmTotal:0 Transaction Count:0]Reward: -10000000.0 Score: -10000000.0 Done: True
2024-05-22 19:35:52[INFO] [ddpg][Episode: 10][Step: 0] Critic: 100000000376832.0 Actor: -0.020080103125009272
2024-05-22 19:35:52[INFO] [ddpg][Episode: 10][Step: 0] step: 75.24412107467651s env step: 75.18722414970398s train step: 0.015985488891601562s restart time: 75.18712997436523s action time: 0.003115415573120117s
2024-05-22 19:35:52[INFO] [ddpg][Episode: 10][Step: 0][Average] step: 75.24412107467651s env step: 75.18722414970398s train step: 0.015985488891601562s restart time: 75.18712997436523s action time: 0.003310420296408913s
2024-05-22 19:36:28[INFO] 
[Env initialized][Metric tpmC: 7486.45 tpmTotal: 16501.21 Transaction Count: 16594]
2024-05-22 19:36:28[INFO] [ddpg] Action: [0.7650421  0.5088517  0.73756534 0.4311195  0.39038086 0.1619593
 0.3185217  0.37409338 0.4471508  0.34135893 0.62095445 0.57636166
 0.17548369 0.14046021 0.81250876 0.6201709  0.26546472 0.78219074
 0.392894   0.8744626  0.20803215 0.6473236  0.9661785  0.65767473
 0.47635126 0.70724607 0.44774246 0.28651884 0.46929505 0.5066578
 0.4905193  0.54072684 0.2885797  0.4354483  0.3450495  0.56444
 0.55290127 0.1407221  0.340072   0.55480665 0.42440036 0.4345949
 0.68351215 0.30625692 0.42441294 0.2980741  0.746991   0.20770441
 0.295826   0.589319   0.38149783 0.5487076  0.62753093 0.38498774
 0.51005584 0.6322892  0.41175598 0.5154923  0.45500818 0.49014944
 0.52948123 0.88031876 0.31038222 0.3434424  0.5220395  0.66022444
 0.49051887 0.21590978 0.32143953 0.6192041  0.35727602 0.4369419
 0.64273566 0.746159   0.42559323 0.22169657 0.16109835 0.69900745
 0.29247043 0.56882304 0.29163814 0.21698308 0.28853694 0.7749806
 0.3327793  0.8747533  0.19556516 0.27110577 0.67711747 0.4600777
 0.6358552  0.28078258 0.6862777  0.53797376 0.6147718  0.25194436
 0.6274715  0.859152   0.5293595  0.3517303  0.3477597  0.5760374
 0.2355508  0.6860311  0.21361335 0.43229058 0.45887783 0.03562341
 0.8621157  0.33855343 0.6273194  0.60521775 0.70626086 0.5147163
 0.616357   0.37621057 0.4195102  0.06024461 0.5124294  0.33987513
 0.34525114 0.25223306 0.4360281  0.5378931  0.3519031  0.611819
 0.6036835  0.5496544  0.9928459  0.40874225 0.22010365 0.89302415
 0.23872606 0.         0.63292867 0.04797881 0.44928026 0.64720255
 0.06473073 0.72336316 0.04211562 0.59838176 0.30881253 0.4815273
 0.39967576 0.30943504 0.6262061  0.7742267  0.2921362  0.24205513
 0.34768817 0.5953288  0.8835914  0.41405162 0.15896413 0.24486293
 0.76647323 0.637081   0.47477224 0.47131532 0.92013633 0.3668959
 0.26189718 0.5595552  0.70230997 0.26458302 0.34389898 0.5706875
 0.33539706 0.5599132  0.51366    0.52181524 0.51760215 0.5625523
 0.41650772 0.25257742 0.7803073  0.1764872  0.60036486 0.45962074
 0.20029958 0.6865547  0.10222137 0.5772428  0.16354404 0.31223395
 0.28348282 0.56081426 0.41674802 0.44701123 0.4731018  0.34077287
 0.64747494 0.72228163 0.99579716 0.38950133 0.48178598]
2024-05-22 19:37:43[INFO] 
[ddpg][Episode: 11][Step: 0][Metric tpmC:0 tpmTotal:0 Transaction Count:0]Reward: -10000000.0 Score: -10000000.0 Done: True
2024-05-22 19:37:43[INFO] [ddpg][Episode: 11][Step: 0] Critic: 100000000376832.0 Actor: -0.020428839791566133
2024-05-22 19:37:43[INFO] [ddpg][Episode: 11][Step: 0] step: 75.25161719322205s env step: 75.19426417350769s train step: 0.01604604721069336s restart time: 75.19416952133179s action time: 0.0029850006103515625s
2024-05-22 19:37:43[INFO] [ddpg][Episode: 11][Step: 0][Average] step: 75.25161719322205s env step: 75.19426417350769s train step: 0.01604604721069336s restart time: 75.19416952133179s action time: 0.0032833019892374673s
2024-05-22 19:38:20[INFO] 
[Env initialized][Metric tpmC: 7486.45 tpmTotal: 16501.21 Transaction Count: 16594]
2024-05-22 19:38:20[INFO] [ddpg] Action: [0.62152135 0.53614837 0.4003662  0.54216784 0.33063936 0.42244142
 0.38880372 0.63176703 0.7209927  0.31573325 0.55411094 0.538227
 1.         0.53755313 0.23060313 0.6087876  0.887459   0.490032
 0.43936425 0.90000266 0.35359597 0.93224955 0.5103191  0.81314677
 0.69557023 0.6114354  0.28826037 0.69770795 0.6175937  0.7072984
 0.5136142  0.20262751 0.6222193  0.4915866  0.93929213 0.31368262
 0.4476716  0.02248336 0.5713461  0.58505625 0.2985751  0.6063539
 0.34558004 0.38885376 0.22908658 0.24132511 0.5205393  0.57656807
 0.4144311  0.52794534 0.43857378 0.53555155 0.8070826  0.06130588
 0.23045485 0.7843109  0.71416575 0.5181548  0.35642412 0.80849534
 0.47771588 0.14129943 0.28679785 0.41173512 0.42635584 0.743587
 0.5582211  0.32087624 0.6845742  0.8211294  0.18136714 0.11747836
 0.7600062  0.66042894 0.5378836  0.26811662 0.11080322 0.7784251
 1.         0.94752115 0.35821262 0.38589606 0.45263308 0.60599786
 0.5101283  0.3978415  0.32109272 0.76258236 0.53524363 0.47437137
 0.41641524 0.7032498  0.4335541  0.5776045  0.9130785  0.19155346
 0.38789034 0.5874347  0.48840877 0.44946513 0.5642672  0.66722286
 0.25947168 0.5740447  0.45784736 0.7407449  0.51542413 0.52680695
 0.5477273  0.76977587 0.66160625 0.38319987 0.40492913 0.65554655
 0.58996576 0.39166507 0.6009503  0.37723023 0.37219763 0.83325046
 0.05672492 0.04846567 0.34210485 0.60970485 0.61081827 0.51469
 0.35782126 0.5318744  0.72423494 0.47583488 0.32353163 0.62827784
 0.44198895 0.4240233  0.7241481  0.3837856  0.7291516  0.49013168
 0.44107    0.3429362  0.45276484 0.19975482 0.5599761  0.2321582
 0.66309303 0.32880688 0.51152354 0.3074875  0.41008008 0.29052806
 0.6705711  0.6181079  0.6042469  0.9156782  0.29929733 0.38602453
 0.21060029 0.51326215 0.36883613 0.80479723 0.3033805  0.19550355
 0.3913111  0.4374653  0.3047097  0.73924446 0.9291888  0.6449179
 0.7707664  0.26751223 0.41368228 0.64599115 0.560942   0.870173
 0.7583085  0.6400025  0.16528414 0.13157365 0.5834472  0.52731836
 0.39928964 0.8254685  0.520169   0.32235542 0.6789437  0.6032037
 0.54889494 0.46984857 0.2988072  0.60590625 0.72725    0.25650042
 0.57705176 0.33458072 0.34621722 0.68752956 0.35305652]
2024-05-22 19:39:35[INFO] 
[ddpg][Episode: 12][Step: 0][Metric tpmC:0 tpmTotal:0 Transaction Count:0]Reward: -10000000.0 Score: -10000000.0 Done: True
2024-05-22 19:39:35[INFO] [ddpg][Episode: 12][Step: 0] Critic: 100000000376832.0 Actor: -0.02066834338686683
2024-05-22 19:39:35[INFO] [ddpg][Episode: 12][Step: 0] step: 75.25159788131714s env step: 75.19404411315918s train step: 0.01602768898010254s restart time: 75.19395470619202s action time: 0.0031731128692626953s
2024-05-22 19:39:35[INFO] [ddpg][Episode: 12][Step: 0][Average] step: 75.25159788131714s env step: 75.19404411315918s train step: 0.01602768898010254s restart time: 75.19395470619202s action time: 0.003274825903085562s
2024-05-22 19:40:11[INFO] 
[Env initialized][Metric tpmC: 7486.45 tpmTotal: 16501.21 Transaction Count: 16594]
2024-05-22 19:40:11[INFO] [ddpg] Action: [0.49387473 0.37579268 0.58421385 0.33418375 0.70227844 0.5303666
 0.32205185 1.         0.63600916 0.50843257 0.16957775 0.5963885
 0.41884407 0.7364634  0.65917265 0.38862073 0.         0.22600563
 0.65732914 0.73010015 0.24152976 0.64374256 0.14623903 0.49563888
 0.469109   0.         0.2722399  0.3087664  0.4621562  0.9374132
 0.68734306 0.31288654 0.5243362  0.50734806 0.48645288 0.45917135
 0.45220333 0.41707635 0.4306956  0.80429566 0.517101   0.484242
 0.09480397 0.55218655 0.7796519  0.46613118 0.8324392  0.6293743
 0.5481227  0.54345393 0.8382789  0.6719219  0.3855792  0.42639783
 0.5319619  0.9134468  0.56793743 0.36381596 0.5027235  0.3432251
 0.7220123  0.42725495 0.6959767  0.20710011 0.31778127 0.33639386
 0.26452962 0.20089209 0.32100782 0.30622014 0.41958347 0.7301256
 0.02321122 0.49210197 0.5622853  0.74452233 0.61613494 0.60105276
 0.3143532  0.37876394 0.17982529 0.55003905 0.33875605 0.48414233
 0.5806042  0.8661595  0.21849741 0.50319415 0.4584244  0.41762158
 0.5795593  0.18532862 0.42001402 0.2743012  0.2597264  0.44669464
 0.43108898 0.80991364 0.4897172  0.33037323 0.42554727 0.78083307
 0.905063   0.4363434  0.50456774 0.61462784 0.49898383 0.293681
 0.38290474 0.36900353 0.8845389  0.65761286 0.6130199  0.794362
 0.17006268 0.6069465  0.19769591 0.49311876 0.43125442 0.57744557
 0.400153   0.8366923  0.5387144  0.5977144  0.78905636 0.6378581
 0.4129599  0.587396   0.56519043 0.6633769  0.61733794 0.44330212
 0.44111288 0.5256071  0.60886735 0.4155232  0.7549174  0.16551027
 0.8859082  0.73366857 0.63634515 0.51690465 0.04420269 0.6328682
 0.35309985 0.2184255  0.34241068 0.6970873  0.9275485  0.4762945
 0.68817747 0.49620542 0.64556646 0.4202811  0.39542925 0.6417239
 0.8973157  0.9442399  0.64363307 0.28484404 0.15487355 0.46599013
 0.59388274 0.19359174 0.49316105 0.6068     0.64339405 0.1510485
 0.48607573 0.7850179  0.46523678 0.40511617 0.43170196 0.43549496
 0.34160224 0.5226453  0.5351542  0.6340038  0.4971361  0.44353524
 0.61121404 0.6201213  0.3951501  0.17005908 0.2572603  0.4389398
 0.3969023  0.91438854 0.46974698 0.45081493 0.22565977 0.6908801
 0.23826592 0.7408931  0.1917151  0.57486236 0.37198502]
2024-05-22 19:41:27[INFO] 
[ddpg][Episode: 13][Step: 0][Metric tpmC:0 tpmTotal:0 Transaction Count:0]Reward: -10000000.0 Score: -10000000.0 Done: True
2024-05-22 19:41:27[INFO] [ddpg][Episode: 13][Step: 0] Critic: 100000000376832.0 Actor: -0.020811873643348616
2024-05-22 19:41:27[INFO] [ddpg][Episode: 13][Step: 0] step: 75.26039576530457s env step: 75.20308828353882s train step: 0.01598513126373291s restart time: 75.20299625396729s action time: 0.0031838417053222656s
2024-05-22 19:41:27[INFO] [ddpg][Episode: 13][Step: 0][Average] step: 75.26039576530457s env step: 75.20308828353882s train step: 0.01598513126373291s restart time: 75.20299625396729s action time: 0.003268327031816755s
2024-05-22 19:42:03[INFO] 
[Env initialized][Metric tpmC: 7486.45 tpmTotal: 16501.21 Transaction Count: 16594]
2024-05-22 19:42:03[INFO] [ddpg] Action: [0.33269817 0.7906817  0.64055747 0.2066833  0.13163275 0.5092728
 0.44251034 0.27473786 0.61455256 0.44566604 0.34777802 0.5890054
 0.7755113  0.5872038  0.5509093  0.34597468 0.57364917 0.66958207
 0.11287509 0.24779558 0.58754975 0.62665313 0.76461476 0.30606383
 0.6391619  0.35511684 0.43015712 0.49647495 0.7350458  0.29377544
 0.3760515  0.37410665 0.60975987 0.8295506  0.47843075 0.19419993
 0.65283847 0.41274694 0.8411442  0.601325   0.25977206 0.9802748
 0.30623496 0.71630734 0.5018425  0.8878593  0.47383988 0.4241338
 0.3437715  0.7707019  0.4675941  0.6380305  0.55907434 0.38101408
 0.39263818 0.37705803 0.2958302  0.63316554 0.4988989  0.74599606
 0.7788849  0.15364365 0.54639214 0.36043683 0.61127776 0.41769192
 0.34153658 0.5645654  0.39880297 0.03968714 0.3322803  0.64647466
 0.568118   1.         0.3411811  0.14602463 0.43647915 0.42251155
 0.3590148  0.5841006  0.2451253  0.33055702 0.7630559  0.22975971
 0.5616971  0.75811744 0.47457132 0.42590183 0.47582436 0.6894654
 0.61798346 0.44452205 0.5081865  0.3699437  0.38150835 0.1568552
 0.4346134  0.5476765  0.68337375 0.854623   0.52690136 0.5175612
 0.643594   0.74781597 0.17650822 0.1355967  0.43876544 0.6144019
 0.7007749  0.743626   0.07946845 0.92106295 0.31709686 0.56998545
 0.59492105 0.21081237 0.12956673 0.3742643  0.30325744 0.46551022
 0.1177727  0.56111145 0.908907   0.67360425 0.16182685 0.46254933
 0.26452795 0.68620807 0.70048064 0.44930503 0.2775158  0.58058566
 0.6634795  0.32830858 0.7308398  0.0572925  0.3265173  0.42216885
 0.64208466 0.25835672 0.62106246 0.7285299  0.7033105  0.14204377
 0.30322945 0.24155003 0.48984715 0.6814721  0.6734512  0.6222384
 0.5975928  0.05735423 0.40100923 0.52661526 0.5540509  0.9434983
 0.36961517 0.3800807  0.5980828  0.24369587 0.5157172  0.5005582
 0.59632504 0.51198435 0.3120156  0.5616281  0.64100283 0.4677816
 0.2980647  0.17719756 0.1493159  0.6503557  0.20991357 0.5979538
 0.43198907 0.50882924 0.62655103 0.4894652  0.43796986 0.15427724
 0.30447817 0.7462202  0.47557697 0.5742231  0.52961564 0.72213554
 0.30253467 0.3018689  0.6570992  0.9801477  0.74511313 0.12851124
 0.4612147  0.06164319 0.45867583 0.8069543  0.57695466]
2024-05-22 19:43:18[INFO] 
[ddpg][Episode: 14][Step: 0][Metric tpmC:0 tpmTotal:0 Transaction Count:0]Reward: -10000000.0 Score: -10000000.0 Done: True
2024-05-22 19:43:18[INFO] [ddpg][Episode: 14][Step: 0] Critic: 100000000376832.0 Actor: -0.021099254847145997
2024-05-22 19:43:18[INFO] [ddpg][Episode: 14][Step: 0] step: 75.24895977973938s env step: 75.19332385063171s train step: 0.01550304889678955s restart time: 75.19322562217712s action time: 0.003306150436401367s
2024-05-22 19:43:18[INFO] [ddpg][Episode: 14][Step: 0][Average] step: 75.24895977973938s env step: 75.19332385063171s train step: 0.01550304889678955s restart time: 75.19322562217712s action time: 0.0032708485921223956s
2024-05-22 19:43:55[INFO] 
[Env initialized][Metric tpmC: 7486.45 tpmTotal: 16501.21 Transaction Count: 16594]
2024-05-22 19:43:55[INFO] [ddpg] Action: [0.47013864 0.75088125 0.7603642  0.4717791  0.6164434  0.35291374
 0.671499   0.06951256 0.49529704 0.17342393 0.2842695  0.30340767
 0.54464626 0.4366996  0.38375252 0.73516536 0.40223306 0.5451977
 0.37060603 0.32470852 0.5501705  0.7759161  0.6379444  0.04322392
 0.6267207  0.6772733  0.6217605  0.3655302  0.82908994 0.55452186
 0.704522   0.50977993 0.20527713 0.61705935 0.7555542  0.5899909
 0.5175525  0.60180265 0.35886696 0.78176147 0.38669857 0.474526
 0.40207416 0.55702436 0.40706664 0.61805826 0.2547322  0.6495122
 0.4345209  0.67208445 0.32192826 0.5624586  0.2721463  0.62886035
 0.63798195 0.3843182  0.74145067 0.42080593 0.5794923  0.655565
 0.5019872  0.6296467  0.5822205  0.597641   0.20407093 0.26553923
 0.6871719  0.42029852 0.         0.790309   0.6240671  0.52582914
 0.6196637  0.80492944 0.93742454 0.51949984 0.58739215 0.50078624
 0.14794855 0.4724683  0.43673015 0.6611324  0.4278051  0.10027237
 0.5970427  0.4593019  0.34254953 0.5904907  0.86929256 0.7367185
 0.21636486 0.         0.7285867  0.5119502  0.20732355 0.38856426
 0.56142235 0.8031217  0.4906981  0.29025877 0.5128319  0.26676178
 0.53441066 0.40447363 0.79906034 0.353148   0.47590292 0.11785883
 0.5047861  0.7938618  0.35099468 0.79678404 0.31839994 0.654122
 0.6715349  0.29246587 0.721586   0.41679767 0.34525076 0.55143595
 0.21787451 0.836329   0.628228   0.6668629  0.42775783 0.26101685
 0.87144953 0.5550617  0.38801637 0.49931616 0.61145014 0.29490733
 0.26399451 0.16245927 0.47409424 0.20388328 0.3562622  0.63869023
 0.49266353 0.99416006 0.05390624 0.752843   0.41507426 0.9489126
 0.45219067 0.11713233 0.40235046 0.41369495 0.3376768  0.7306093
 0.85336584 0.6048366  0.5588923  0.5274223  0.17616425 0.9239629
 0.37467048 0.4516971  0.89876044 0.55199546 0.38847125 0.53803116
 0.7692397  0.43316057 0.38282004 0.33335897 0.26622584 0.9494456
 0.37178895 0.50740224 0.42502493 0.9214792  0.51767325 0.293755
 0.77656853 0.29748788 0.6463179  0.7608918  0.60172725 0.6363902
 0.4621117  0.7518864  0.4527728  0.47886893 0.4051131  0.810698
 0.67622054 0.48053914 0.33289695 0.55540353 0.57200605 0.4675206
 0.6160307  0.36566338 0.72841537 0.31871107 0.2113589 ]
2024-05-22 19:45:10[INFO] 
[ddpg][Episode: 15][Step: 0][Metric tpmC:0 tpmTotal:0 Transaction Count:0]Reward: -10000000.0 Score: -10000000.0 Done: True
2024-05-22 19:45:10[INFO] [ddpg][Episode: 15][Step: 0] Critic: 100000000376832.0 Actor: -0.021205323681767498
2024-05-22 19:45:10[INFO] [ddpg][Episode: 15][Step: 0] step: 75.26430988311768s env step: 75.20622181892395s train step: 0.016036033630371094s restart time: 75.20612931251526s action time: 0.003294706344604492s
2024-05-22 19:45:10[INFO] [ddpg][Episode: 15][Step: 0][Average] step: 75.26430988311768s env step: 75.20622181892395s train step: 0.016036033630371094s restart time: 75.20612931251526s action time: 0.003272339701652527s
2024-05-22 19:45:46[INFO] 
[Env initialized][Metric tpmC: 7486.45 tpmTotal: 16501.21 Transaction Count: 16594]
2024-05-22 19:45:46[INFO] [ddpg] Action: [0.6289705  0.5021459  0.39348534 0.4073164  0.73436505 0.52600837
 0.50820076 0.4372236  0.4246847  0.261503   0.15382832 0.48788345
 0.27954218 0.83811146 0.66375655 0.53021914 0.5556376  0.5498975
 0.5704161  0.17181236 0.3916644  0.45399523 0.6416273  0.46149606
 0.32839823 0.49288607 0.27372563 0.76962173 0.52950317 0.6290535
 0.6237588  0.47965395 0.30539244 0.7761983  0.4990158  0.4090529
 0.35907245 0.44238728 0.5943265  0.35134175 0.54360867 0.28202224
 0.26152146 0.6786323  0.84263957 0.4725398  0.386155   0.61125803
 0.14462237 0.5534687  0.17238648 0.49776307 0.38655558 0.43223542
 0.4030059  0.39180416 0.865767   0.69574106 0.49356467 0.8029665
 0.3669391  0.7461257  0.78253806 0.27598086 0.5829688  0.7331101
 0.55662113 0.45718792 0.32905036 0.98902166 0.5848312  0.11450387
 0.23032936 0.37459993 0.97572494 0.41839066 0.29280373 0.29548788
 0.45187804 0.74081933 0.29718766 0.3645921  0.6825264  0.28820813
 0.60457313 0.58325946 0.6383494  0.38350782 0.2371837  0.34936386
 0.8898011  0.46396723 0.8433861  0.4108006  0.41701734 0.49013358
 0.44339797 0.5800336  0.4891308  0.48501694 0.40945175 0.14314453
 0.4056467  0.20172924 0.34339002 0.3893758  0.2949421  0.6504183
 0.69330925 0.1250992  0.06558258 0.9184876  0.52402925 0.49493673
 0.6643518  0.48413384 0.66753244 0.5605667  0.39432505 0.5943895
 0.24789156 0.49143878 0.51495093 0.33946624 0.12579633 0.6039667
 0.56251836 0.42028415 0.35420436 0.67443925 0.46033698 0.43761238
 0.5727473  0.8080528  0.62937933 0.81245345 0.4362663  0.68291324
 0.24823244 0.56179094 0.52307355 0.5449962  0.28966513 0.3343756
 0.4330906  0.16518746 0.525478   0.45974442 0.4142162  0.574163
 0.5037286  0.15096104 0.4218329  0.21730466 0.4120755  0.31901556
 0.67208284 0.36926365 0.5163029  0.3457204  0.18093596 0.36923733
 0.38868487 0.4804175  0.13669178 0.7432355  0.6275659  0.53688556
 0.5093222  0.6790219  0.41069388 0.32056686 0.7033826  0.5628584
 0.5965402  0.30128825 0.6122314  0.8984833  0.8568012  0.6709831
 0.41658905 0.42575228 0.22703576 0.35848802 0.38856545 0.34491718
 0.5835375  0.66698176 0.5552406  0.87290657 0.47510594 0.43106064
 0.49802142 0.1006677  0.7272015  0.76412755 0.63707614]
2024-05-22 19:47:02[INFO] 
[ddpg][Episode: 16][Step: 0][Metric tpmC:0 tpmTotal:0 Transaction Count:0]Reward: -10000000.0 Score: -10000000.0 Done: True
2024-05-22 19:47:02[INFO] [ddpg][Episode: 16][Step: 0] Critic: 100000000376832.0 Actor: -0.021073434067269168
2024-05-22 19:47:02[INFO] [ddpg][Episode: 16][Step: 0] step: 75.27162098884583s env step: 75.21441912651062s train step: 0.016135692596435547s restart time: 75.21433019638062s action time: 0.0030972957611083984s
2024-05-22 19:47:02[INFO] [ddpg][Episode: 16][Step: 0][Average] step: 75.27162098884583s env step: 75.21441912651062s train step: 0.016135692596435547s restart time: 75.21433019638062s action time: 0.003262042999267578s
2024-05-22 19:47:38[INFO] 
[Env initialized][Metric tpmC: 7486.45 tpmTotal: 16501.21 Transaction Count: 16594]
2024-05-22 19:47:38[INFO] [ddpg] Action: [0.44989812 0.5713165  0.60960555 0.38303486 0.48790658 0.77983624
 0.7931432  0.60979927 0.25546145 0.3317001  0.37772533 0.5575828
 0.5287627  0.7952882  0.7152487  0.33846313 0.19447565 0.11075132
 0.46271917 0.44425642 0.5746872  0.47210664 0.7100701  0.26554355
 0.7877258  0.83678657 0.3137493  0.18033104 0.3594872  0.5018031
 0.71621585 0.7093548  0.42387688 0.33114624 0.07144533 0.51428866
 0.7238751  0.5839291  0.59273976 0.17848027 0.61423045 0.53582144
 0.5211666  0.7621208  0.4768517  0.61919934 0.7952178  0.6587513
 0.2807263  0.42461357 0.43770975 0.8747256  0.29900682 0.30368564
 0.29617408 0.8063391  0.7960093  0.3399707  0.5928692  0.6650432
 0.3024854  0.5690174  0.45172074 0.44668677 0.6026439  0.386921
 0.55538327 0.5898163  0.41199875 0.6344549  0.3359103  0.4394433
 0.50770277 0.8993366  0.7988641  0.9112655  0.66369694 0.7351424
 0.5027157  0.60632944 0.46544525 0.14570856 0.47267294 0.53946054
 0.39122558 1.         0.52991414 0.29911333 0.45180503 0.46665165
 0.31374964 0.44912896 0.3697007  0.55389    0.97550654 0.45255458
 0.6395091  0.8335772  0.57673717 0.40861747 0.52897245 0.42529616
 0.55045795 0.57986385 0.35392275 0.6596997  0.762224   0.34917778
 0.54459965 0.5343002  0.24399994 0.38665277 0.43422362 0.57902056
 0.5671146  0.28989145 0.6429031  0.4861172  0.5615606  0.6388775
 0.3050844  0.38585952 0.33038452 0.31893247 0.3740278  0.43546012
 0.3730196  0.70806414 0.5305976  0.25522524 0.39057046 0.4758476
 0.         0.07273157 0.11961448 0.32414767 0.40974662 0.15732615
 0.36298564 0.91210985 0.6856204  0.6962639  0.733006   0.5350142
 0.3054658  0.6165723  0.5253021  0.6878852  0.         0.56822217
 0.38509142 0.73041016 0.2837733  0.44323072 0.41972327 0.38602194
 0.57535857 0.41240713 0.52751327 0.12815544 0.7618689  0.33491296
 0.51295227 0.36758122 0.44469458 0.6062797  0.5318077  0.66557264
 0.51518416 0.58728975 0.38380486 0.43752265 0.74078566 0.7099707
 0.45362592 0.6702507  0.53853357 0.47269666 0.9534148  0.36986184
 0.68070406 0.6504017  0.5245402  0.507874   0.87101924 0.5509672
 0.2510766  0.312978   0.6582062  0.86164594 0.22270522 0.79905534
 0.80491346 1.         1.         0.13351448 0.83743286]
2024-05-22 19:48:53[INFO] 
[ddpg][Episode: 17][Step: 0][Metric tpmC:0 tpmTotal:0 Transaction Count:0]Reward: -10000000.0 Score: -10000000.0 Done: True
2024-05-22 19:48:53[INFO] [ddpg][Episode: 17][Step: 0] Critic: 100000000376832.0 Actor: -0.020833784888964146
2024-05-22 19:48:53[INFO] [ddpg][Episode: 17][Step: 0] step: 75.26395726203918s env step: 75.20665431022644s train step: 0.01605534553527832s restart time: 75.20656180381775s action time: 0.0031533241271972656s
2024-05-22 19:48:53[INFO] [ddpg][Episode: 17][Step: 0][Average] step: 75.26395726203918s env step: 75.20665431022644s train step: 0.01605534553527832s restart time: 75.20656180381775s action time: 0.0032560030619303384s
2024-05-22 19:49:30[INFO] 
[Env initialized][Metric tpmC: 7486.45 tpmTotal: 16501.21 Transaction Count: 16594]
2024-05-22 19:49:30[INFO] [ddpg] Action: [0.6458608  0.8088675  0.44892806 0.5691509  0.4444451  0.49161416
 0.49737293 0.51511484 0.44550443 0.20996155 0.38471222 0.30814686
 0.56043357 0.6806548  0.4504931  0.6476782  0.1463742  0.5716826
 0.55449206 0.43624243 0.6968501  0.52749836 0.6145132  0.31724972
 0.60997355 0.6325457  0.72738034 0.13406715 0.38472664 0.7280124
 0.70510197 0.4166654  0.37006202 0.5938051  0.49634025 0.3439605
 0.11674801 0.35963693 0.7187283  0.47922856 0.41150615 0.6621067
 0.12191767 0.45774055 0.5710918  0.7323617  0.5107037  0.6843299
 0.4056859  0.62155634 0.5733449  0.757941   0.57145363 0.28740177
 0.66626805 0.9080968  0.32321036 0.3829741  0.30102804 0.6622721
 0.5078095  0.41598558 0.6092667  0.5056169  0.37324208 0.76911545
 0.24484545 0.3979414  0.64559114 1.         0.56327885 0.3360931
 0.5778605  0.8928045  0.90652263 0.74587554 0.72640246 0.2691581
 0.07509571 0.15690741 0.35419184 0.79115987 0.42178628 0.38089237
 0.6411168  0.65935075 0.46218854 0.5888328  0.2773197  0.648877
 0.5560974  0.55529225 0.32883295 0.46266624 0.18438804 0.14607634
 0.57094043 0.6495124  0.45305222 0.09292322 0.51013637 0.05101277
 0.37710145 0.471552   0.85289437 0.34972423 0.47844583 0.06965553
 0.310424   0.6428326  0.38881862 0.4719874  0.9094662  0.58893305
 0.41970018 0.37177515 0.89893526 0.28765643 0.55556613 0.56137663
 0.6258411  0.8673254  0.796356   0.583076   0.48230273 0.45996788
 0.4062865  0.65653425 0.         0.5971452  0.57651263 0.7934768
 0.3381976  0.5596039  0.5787764  0.78698915 0.44627848 0.42250133
 1.         0.5694939  0.20960747 0.64517415 0.5795298  0.6899231
 0.30401015 0.28306732 0.74328804 0.57186794 0.45322353 0.69739574
 0.43613648 0.45878586 0.98633325 0.8847682  0.3530002  0.5011676
 0.55280554 0.1523859  0.7136079  0.4557933  0.28120875 0.41429266
 0.2798321  0.6352642  0.09563418 0.         0.7368465  0.47006327
 0.84226793 0.5950696  0.25490057 0.6120533  0.55804527 0.27063105
 0.57041824 0.6918957  0.24483755 0.59738827 0.67651147 1.
 0.31683362 0.81690544 0.46069402 0.7670627  0.42976758 0.34606102
 0.3311729  0.16874357 0.7833287  0.70414025 0.20086794 0.17778622
 0.3023035  0.5426731  0.6591535  0.9211791  0.55500335]
2024-05-22 19:50:45[INFO] 
[ddpg][Episode: 18][Step: 0][Metric tpmC:0 tpmTotal:0 Transaction Count:0]Reward: -10000000.0 Score: -10000000.0 Done: True
2024-05-22 19:50:45[INFO] [ddpg][Episode: 18][Step: 0] Critic: 100000000376832.0 Actor: -0.020713892546208465
2024-05-22 19:50:45[INFO] [ddpg][Episode: 18][Step: 0] step: 75.27623534202576s env step: 75.21834254264832s train step: 0.016037583351135254s restart time: 75.21824932098389s action time: 0.0031867027282714844s
2024-05-22 19:50:45[INFO] [ddpg][Episode: 18][Step: 0][Average] step: 75.27623534202576s env step: 75.21834254264832s train step: 0.016037583351135254s restart time: 75.21824932098389s action time: 0.0032523556759482936s
