2024-05-31 10:51:41[INFO] 
[Env initialized][Metric tpmC: 10579.56 tpmTotal: 23344.56 Transaction Count: 23435]
2024-05-31 10:51:41[INFO] [ddpg] Action: [0.5062792  0.57870716 0.47659427 0.7716733  0.7336763  0.8271161
 0.5403093  0.72957027 0.39573026 0.6113012  0.59423333 0.52647805
 0.632306   0.52704024 0.3551928  0.22180574 0.5915761  0.564551
 0.37674028 0.7325573  0.60949683 0.5041176  0.3965358  0.5895828
 0.34282377 0.75027645 0.55177045 0.61882406 0.38589016 0.5374669
 0.6372352  0.4984562  0.66465515 0.35722545 0.16413285 0.7789517
 0.63344175 0.5691842  0.54839414 0.72049004 0.5467198  0.5567818
 0.8277762  0.6057916  0.5525131  0.47171348 0.7051391  0.10956348
 0.4864553  0.6321018  0.5550084  0.38977146 0.66472197 0.35289744
 0.37498015 0.44516593 0.22000499 0.5015983  0.07404181 0.43126842
 0.621849   0.45634523 0.7082248  0.6966154  0.62952703 0.8305764
 0.696413   0.54101914 0.32970113 0.67176366 0.60621697 0.26737547
 0.35423538 0.6591853  0.44213378 0.7142657  0.5159141  0.5475198
 0.6496613  0.28158483 0.4754433  0.5587297  0.58226985 0.15240742
 0.5603171  0.25456265 0.75763047 0.60984826 0.35083526 0.3254238
 0.34499177 0.4622094  0.7907297  0.1364074  0.8038285  0.29396418
 0.6985343  0.79710734 0.5119965  0.50233525 0.4259707  0.44074324
 0.73492813 0.44501558 0.4473241  0.517541   0.703541   0.7688783
 0.22727478 0.36364788 0.5116899  0.35084513 0.33747506 0.22785243
 0.8193156  0.60882735 0.55025893 0.4644259  0.27117193 0.42964762
 0.67776316 0.44721797 0.51119584 0.38740838 0.7788105  0.44622764
 0.63961965 0.7826627  0.47407922 0.7463744  0.56427115 0.30658007
 0.59999305 0.34898347 0.6825345  0.53199416 0.6039377  0.23818544
 0.27542862 0.5405043  0.49888998 0.46874103 0.6926784  0.29078913
 0.33087984 0.90693194 0.6607341  0.8910491  0.6039087  0.66750544
 0.32775846 0.34197795 0.67461294 0.5131058  0.45800292 0.4170773
 0.46706662 0.2749226  0.74297374 0.5187351  0.63083273 0.54107624
 0.3435941  0.21575241 0.23901702 0.1821223  0.8117376  0.37315714
 0.6466347  0.07326815 0.53284824 0.62168837 0.5037527  0.37634358
 0.2545168  0.84911263 0.251494   1.         0.5872589  0.34091905
 0.6890559  0.4684276  0.45565286 0.5185723  0.7195315  0.49660122
 0.53782564 0.45896    0.7267197  0.6542434  0.49087164 0.36740637
 0.5860462  0.4203447  0.7064248  0.23110603 0.52679527]
2024-05-31 10:53:29[INFO] 
[ddpg][Episode: 0][Step: 0][Metric tpmC:10417.64 tpmTotal:22984.76 Transaction Count:23214]Reward: -0.03131628137089177 Score: -0.03131628137089177 Done: False
2024-05-31 10:53:29[INFO] [ddpg][Episode: 0][Step: 0] step: 108.81743025779724s env step: 108.80806636810303s train step: 0.0s restart time: 44.66783809661865s action time: 0.0026721954345703125s
2024-05-31 10:53:29[INFO] [ddpg][Episode: 0][Step: 0][Average] step: 108.81743025779724s env step: 108.80806636810303s train step: 0.0s restart time: 44.66783809661865s action time: 0.0026721954345703125s
2024-05-31 10:53:29[INFO] [ddpg] Action: [0.25080994 0.51799357 0.60013473 0.9621457  0.7001389  0.94217056
 0.33807504 0.9131046  0.74818176 0.46362162 0.9568601  0.70660365
 0.8249219  0.7664378  0.34609255 0.21879081 0.46832883 0.5907385
 0.10788343 1.         0.22590172 0.7035089  0.33984247 0.82899725
 0.7589265  0.4996359  0.7400117  0.8636557  0.49996185 0.84016114
 0.5781184  0.48092315 0.7344798  0.13495985 0.38774744 0.56231344
 0.35201308 0.4946327  0.48163176 0.605118   0.89596236 0.9462944
 0.51168686 0.469133   0.42591706 0.26809442 0.5919136  0.
 0.5753868  0.6782059  0.576071   0.46276173 0.7273261  0.16510285
 0.7317025  0.44130147 0.2075645  0.80934733 0.33467796 0.23927091
 0.58135235 0.37205243 0.69126695 0.76289225 0.22097403 0.75130427
 0.45021448 0.449511   0.5854278  0.99235857 0.31125858 0.34498006
 0.22841613 0.58324635 0.18239573 0.46049467 0.61656046 0.7875529
 0.7375251  0.05158647 0.40424746 0.5006759  0.8604102  0.09877694
 0.8492849  0.40516722 0.8332288  0.64001215 0.52458096 0.38522512
 0.25473747 0.16769078 0.7785974  0.02907174 1.         0.2778627
 0.43260297 0.8497915  0.80776507 0.40471247 0.45554736 0.5448648
 0.69039255 0.15076365 0.36887217 1.         0.7014933  1.
 0.33350402 0.06890083 0.41890484 0.16063581 0.60212034 0.17147163
 0.5972736  0.5293274  0.45090392 0.39801842 0.38002577 0.38118023
 0.58916605 0.33811617 0.05370322 0.39464623 0.6976663  0.5715885
 0.62715477 0.3667571  0.39212704 0.9777393  0.42295638 0.38308334
 0.39002421 0.5354287  0.38019216 0.6069995  0.31292197 0.27247506
 0.31293315 0.6153625  0.42560625 0.19323131 1.         0.23626095
 0.29139176 1.         0.8489066  1.         0.47970676 0.9630517
 0.502923   0.6085055  0.22896229 0.3906376  0.6827785  0.57816577
 0.46926245 0.5423501  0.9088919  0.6479159  0.40467122 0.47077662
 0.4606453  0.18233463 0.45199335 0.         0.6536935  0.2812617
 0.6924274  0.24512224 0.360052   0.46772435 0.5071966  0.40302253
 0.06098782 0.80118406 0.33352122 1.         0.5016738  0.49922484
 0.1216563  0.7475477  0.40702078 0.42925227 0.60123557 0.63298357
 0.7687569  0.6046612  0.82338536 0.80875313 0.20761088 0.2675596
 0.5504645  0.6078003  0.90579945 0.         0.5289943 ]
2024-05-31 10:55:13[INFO] 
[ddpg][Episode: 0][Step: 1][Metric tpmC:10244.35 tpmTotal:23106.5 Transaction Count:23434]Reward: -0.0667116844520153 Score: -0.09802796582290707 Done: False
2024-05-31 10:55:13[INFO] [ddpg][Episode: 0][Step: 1] step: 103.97188210487366s env step: 103.96478366851807s train step: 0.0s restart time: 39.539209604263306s action time: 0.0009329319000244141s
2024-05-31 10:55:13[INFO] [ddpg][Episode: 0][Step: 1][Average] step: 103.97188210487366s env step: 103.96478366851807s train step: 0.0s restart time: 39.539209604263306s action time: 0.0018025636672973633s
2024-05-31 10:55:13[INFO] [ddpg] Action: [0.28347853 0.55156827 0.6106478  1.         0.9043818  1.
 0.43077192 0.93559474 0.5874762  0.39274797 1.         0.9079302
 0.70001996 0.5272468  0.5082081  0.5421784  0.18385363 0.77008826
 0.11099048 0.6195034  0.529629   0.9766863  0.21062769 1.
 0.89170414 0.83166665 0.5901699  1.         0.870401   1.
 0.5441317  0.21901627 0.9652862  0.61135226 0.17848638 0.54821515
 0.02822682 0.4614359  0.29539582 0.8014383  0.9606828  0.9394684
 0.04969879 1.         0.6552683  0.35877323 0.26126334 0.01826447
 0.94733715 0.7072473  0.99387515 0.67532647 0.6364007  0.33273587
 0.77768445 0.74960047 0.29405978 0.32322714 0.6929751  0.
 0.7545554  0.26268956 0.4137176  1.         0.2749409  0.8934467
 0.61961627 0.63536966 0.75060034 0.5933805  0.23014799 0.4730258
 0.11805452 0.708467   0.37835905 0.6101532  0.49349716 0.7186713
 0.6839889  0.1264296  0.1324001  0.8255768  0.8172068  0.19965395
 0.36493784 0.4522611  0.8829062  0.31313565 0.34012464 0.3291146
 0.71775466 0.         0.7876229  0.         0.95592713 0.
 0.4273474  0.8664715  0.62020606 0.5326576  0.29533017 0.6902383
 0.4857431  0.5873001  0.46684733 0.91927266 0.7783365  1.
 0.24318232 0.49621135 0.68731767 0.08973685 0.52391493 0.04036111
 0.62760866 0.5669089  0.15365279 0.6067646  0.21817553 0.68993515
 0.5005591  0.5295509  0.35619393 0.35775262 0.8303161  0.35137844
 0.77146965 0.57893175 0.6199968  0.54179424 0.30800304 0.06406013
 0.20913875 0.5073793  0.31236726 1.         0.0820957  0.5586845
 0.10509188 0.9219121  0.42491624 0.4660081  1.         0.46092957
 0.23654827 0.88501465 0.7173462  0.9011014  0.02615571 0.76218927
 0.56910807 0.40000612 0.15812631 0.06525671 0.54958826 0.37085742
 0.31953746 0.6568909  0.7459828  0.43676656 0.         0.48031068
 0.50404173 0.         0.38153625 0.         0.7351917  0.35327333
 0.5215747  0.35743195 0.64142823 0.3525181  0.5716121  0.3059694
 0.25090015 1.         0.35278103 1.         0.6008529  0.5964625
 0.         1.         0.         0.47504887 0.75128895 0.08111645
 0.901638   0.5177451  0.8124338  0.44070965 0.53616756 0.351394
 0.4959588  0.8549337  0.7014053  0.         0.5298162 ]
2024-05-31 10:57:02[INFO] 
[ddpg][Episode: 0][Step: 2][Metric tpmC:10137.07 tpmTotal:22571.7 Transaction Count:22860]Reward: -0.08936332042317668 Score: -0.18739128624608375 Done: False
2024-05-31 10:57:03[INFO] [ddpg][Episode: 0][Step: 2] Critic: 0.015394918853417039 Actor: 0.09205485880374908
2024-05-31 10:57:03[INFO] [ddpg][Episode: 0][Step: 2] step: 109.39262866973877s env step: 108.89184141159058s train step: 0.2461225986480713s restart time: 44.55829381942749s action time: 0.0008473396301269531s
2024-05-31 10:57:03[INFO] [ddpg][Episode: 0][Step: 2][Average] step: 109.39262866973877s env step: 108.89184141159058s train step: 0.2461225986480713s restart time: 44.55829381942749s action time: 0.0014841556549072266s
2024-05-31 10:57:03[INFO] [ddpg] Action: [4.1981125e-01 3.4278941e-01 2.1773395e-01 1.0000000e+00 9.4770288e-01
 1.0000000e+00 0.0000000e+00 6.3986641e-01 6.4330745e-01 5.7610506e-01
 8.1435513e-01 6.5648055e-01 5.4010528e-01 4.9033493e-01 5.6986248e-01
 5.1968163e-01 2.4510054e-01 9.0365243e-01 1.2724736e-01 6.4004922e-01
 6.3379091e-01 6.9403994e-01 2.6642087e-01 1.0000000e+00 7.0201010e-01
 1.0000000e+00 6.7132342e-01 5.4662198e-01 9.2639184e-01 1.0000000e+00
 2.0289670e-01 7.2990477e-02 7.0261872e-01 9.3050200e-01 1.8235092e-01
 1.7524530e-01 1.0909568e-01 0.0000000e+00 2.6758361e-01 5.5211866e-01
 8.7917382e-01 6.6038162e-01 0.0000000e+00 1.0000000e+00 1.0000000e+00
 2.4047410e-01 5.6751245e-01 2.5190650e-02 1.0000000e+00 5.6394637e-01
 1.0000000e+00 6.6277707e-01 3.6953723e-01 1.2730651e-01 6.4286059e-01
 8.2277018e-01 6.6745691e-02 5.6547868e-01 4.1209489e-01 1.7503014e-01
 1.0000000e+00 1.7208032e-01 3.8353354e-01 1.0000000e+00 3.4067836e-01
 1.0000000e+00 4.9406198e-01 7.2843081e-01 6.9559252e-01 5.1085347e-01
 2.3151372e-02 9.8682451e-01 5.6425273e-01 6.9715726e-01 1.9478610e-01
 6.5865719e-01 6.5223908e-01 8.7758994e-01 4.3001938e-01 2.9026830e-01
 1.8880926e-01 3.7756017e-01 5.9508133e-01 3.1697479e-01 4.4150934e-01
 5.3219831e-01 6.2430990e-01 1.1392853e-01 1.8682392e-01 3.1930310e-01
 8.8625675e-01 3.0636478e-02 9.0855682e-01 0.0000000e+00 8.8711494e-01
 7.6076232e-02 1.4690831e-01 1.0000000e+00 2.8986183e-01 6.6926777e-01
 1.5419628e-01 7.2227538e-01 1.6824134e-01 4.4453907e-01 4.5437798e-01
 7.8879654e-01 4.7165513e-01 6.9022185e-01 6.5034944e-01 2.4161541e-01
 8.9055157e-01 2.9729408e-01 6.3507450e-01 1.6888186e-01 1.0000000e+00
 9.0726054e-01 6.2895738e-02 8.8684934e-01 5.5296588e-01 5.3930014e-01
 5.0083959e-01 7.9384613e-01 7.7931446e-01 2.5517145e-01 8.4291887e-01
 3.4364340e-01 6.5718710e-01 5.2109712e-01 6.1275798e-01 4.5013872e-01
 2.0812087e-01 2.3937596e-01 4.0245470e-01 5.7933193e-01 6.5029430e-01
 1.0000000e+00 4.1635418e-01 5.2887213e-01 6.6583775e-02 7.4485552e-01
 3.7125394e-01 2.3169143e-01 9.4959199e-01 6.4863890e-01 2.7306998e-01
 5.1674432e-01 4.6706733e-01 1.0000000e+00 6.6465966e-02 7.8937250e-01
 7.0087117e-01 4.4398093e-01 3.8718045e-01 0.0000000e+00 4.1424412e-01
 6.4127910e-01 5.4483271e-01 5.1797634e-01 7.2418541e-01 5.0576776e-01
 3.0977112e-01 5.9644359e-01 5.2606589e-01 0.0000000e+00 3.7182239e-01
 8.1783943e-02 7.3096770e-01 6.8420714e-01 4.4815239e-01 3.3994833e-01
 5.3906190e-01 4.1375780e-01 1.6127205e-01 4.3121317e-01 5.4326046e-01
 1.0000000e+00 5.1179445e-01 1.0000000e+00 2.9579386e-01 8.8084805e-01
 4.3134815e-01 1.0000000e+00 5.9603259e-04 7.0451558e-02 1.0000000e+00
 2.3598872e-01 8.8810486e-01 6.4259434e-01 1.0000000e+00 3.4443194e-01
 6.6601157e-01 7.4938285e-01 0.0000000e+00 8.3087748e-01 7.0555454e-01
 1.9182409e-01 3.1900632e-01]
2024-05-31 10:58:51[INFO] 
[ddpg][Episode: 0][Step: 3][Metric tpmC:10307.95 tpmTotal:23167.57 Transaction Count:23333]Reward: -0.05358327712557285 Score: -0.2409745633716566 Done: False
2024-05-31 10:58:51[INFO] [ddpg][Episode: 0][Step: 3] Critic: 0.010317954292986542 Actor: 0.09267723001539707
2024-05-31 10:58:51[INFO] [ddpg][Episode: 0][Step: 3] step: 108.55951428413391s env step: 108.53485584259033s train step: 0.008868217468261719s restart time: 44.55431604385376s action time: 0.0007674694061279297s
2024-05-31 10:58:51[INFO] [ddpg][Episode: 0][Step: 3][Average] step: 108.55951428413391s env step: 108.53485584259033s train step: 0.008868217468261719s restart time: 44.55431604385376s action time: 0.0013049840927124023s
2024-05-31 10:58:51[INFO] [ddpg] Action: [0.47666773 0.00598766 0.7996715  0.7378911  0.9177481  0.57767487
 0.261705   1.         0.53885597 0.6229659  0.9107802  0.4234911
 0.8465443  0.5373535  0.3572922  0.42919037 0.00649015 1.
 0.         0.19448978 0.7319738  0.8725834  0.5221295  0.2914582
 0.53077716 0.62456167 0.4284067  0.6608691  1.         1.
 0.11797158 0.         0.8129452  0.92332256 0.11531933 0.2320475
 0.         0.         0.2602666  0.7049824  0.544607   0.46018636
 0.21286698 1.         0.8809909  0.67537457 0.24897489 0.10588969
 0.8837804  0.43206507 0.9269692  0.51509625 0.37486792 0.12610187
 0.6432715  0.62357855 0.         0.4321695  0.6110683  0.37628502
 0.85917765 0.31958273 0.36226603 1.         0.59180516 1.
 0.6628937  0.7767775  0.8845938  0.5395435  0.         0.5908565
 0.49333036 0.59295136 0.11587387 0.70938593 0.11004884 0.63088703
 0.21652591 0.27123418 0.17406487 0.32745498 0.6283493  0.07656174
 0.41680548 0.4318371  0.36705396 0.04281282 0.09364763 0.27729422
 0.6730847  0.         0.78891706 0.         0.67679006 0.45151845
 0.5673981  0.57193875 0.24266429 0.8619422  0.23930739 0.8769499
 0.19923925 0.51037085 0.6379657  0.85616326 0.65234774 0.93892616
 1.         0.51524717 0.643585   0.13361044 0.713197   0.23830783
 1.         0.4433123  0.02619077 0.76988363 0.7409777  0.4953031
 0.41454592 0.92349136 1.         0.6520088  0.67871106 0.48256
 0.47684994 0.6190421  0.6331744  0.8407065  0.06943307 0.17346115
 0.3341053  0.3315009  0.39232945 1.         0.         0.6403192
 0.4540977  0.7198086  0.49667522 0.17345776 0.7174759  0.5903936
 0.38532856 0.49005657 0.8168384  0.8034851  0.         0.4997639
 0.7275251  0.51458484 0.20384458 0.         0.26632872 0.51163495
 0.56862533 0.47049212 0.64093256 0.80648905 0.27097815 0.6724104
 0.3428918  0.         0.34273675 0.04493542 0.8831341  0.828534
 0.12709393 0.18046828 0.27524933 0.4296077  0.04246944 0.7158144
 0.14742692 1.         0.3563601  1.         0.6015004  1.
 0.3614424  1.         0.10002088 0.         0.95266324 0.2252375
 0.950104   0.70483    1.         0.11307152 0.6877476  0.7373365
 0.3683606  0.6597768  0.58705825 0.30177692 0.31784248]
