2024-05-22 16:15:46[INFO] 
[Env initialized][Metric tpmC: 7486.45 tpmTotal: 16501.21 Transaction Count: 16594]
2024-05-22 16:15:46[INFO] [ddpg] Action: [0.3511046  0.37345105 0.56767964 0.3334847  0.78159356 0.84072983
 0.83692664 0.50211006 0.6840848  0.0958994  0.1941686  0.4013655
 1.         0.4668704  0.523868   0.40624124 0.40769103 0.7095471
 0.30723238 0.63700604 0.38261434 0.57292813 0.57470405 0.5192859
 0.8243273  0.7804364  0.28482842 0.3890343  0.5770016  0.15053816
 0.65002143 0.29641518 0.6356063  0.7501935  0.7508912  0.7821534
 0.47613034 0.5181253  0.25454247 0.5685289  0.47543383 0.2621719
 0.453107   0.42086866 0.41256824 0.6161553  0.48282123 0.6341321
 0.48208895 0.59832597 0.49472645 0.54277354 0.31171596 0.79402834
 0.78836906 0.6375533  0.         0.57706743 0.55324817 0.4131244
 0.62770975 0.75843185 0.4281139  0.4144725  0.11545873 0.6860882
 0.291232   0.6037755  0.         0.618096   0.7463856  0.68935275
 0.73034537 0.44745877 0.43744832 0.32611933 1.         0.5287442
 0.27352664 0.7267039  0.7115132  0.46097732 0.37903732 0.9797571
 0.44341466 0.8429388  0.71856195 0.48276877 0.6594651  0.5247869
 0.7280752  0.36977196 0.6550133  0.58042306 0.6990576  0.3715942
 0.21497536 0.17666784 0.36995083 0.42239347 0.6210386  0.40172142
 0.790768   0.39552668 0.70114625 0.47729972 0.62845063 0.1841611
 0.4346839  0.18176463 0.5686047  0.30779767 0.34985533 1.
 0.40293398 0.81025183 0.49858314 0.5285624  0.48134008 0.47553125
 0.45206466 0.23092292 0.8489194  0.5801464  0.17621681 0.323643
 0.47563657 1.         0.33092493 0.73508006 0.51295996 0.7439219
 0.4949462  0.54297125 0.60947436 0.3966727  0.5335541  0.29373616
 0.15509257 0.7467691  0.08270665 0.35051844 0.6523134  1.
 0.77679205 0.578474   0.3909509  0.34353688 0.42225277 0.17271887
 0.73568475 0.3969922  0.4545084  0.43540394 0.47410136 0.35724473
 0.53054875 0.9074084  0.3795048  0.7769301  0.28086135 0.3000958
 0.71594113 0.5112968  0.45443437 0.42366955 0.5985699  0.51804596
 0.6676111  0.2772523  0.57813    0.25905493 0.28284585 1.
 0.47401887 0.8465656  0.56672573 0.739384   0.32613486 0.3639058
 0.3623247  0.11660405 0.54681194 0.6782295  0.35049057 0.33236098
 0.3125813  0.3587794  0.45215863 0.06594548 0.6186815  0.64879054
 0.09593187 0.6881767  0.5849616  0.5327797  0.3865603 ]
2024-05-22 16:17:01[INFO] 
[ddpg][Episode: 0][Step: 0][Metric tpmC:0 tpmTotal:0 Transaction Count:0]Reward: -10000000.0 Score: -10000000.0 Done: True
