2024-05-23 11:12:46[INFO] 
[Env initialized][Metric tpmC: 7486.45 tpmTotal: 16501.21 Transaction Count: 16594]
2024-05-23 11:12:46[INFO] [ddpg] Action: [0.813524   0.60162205 0.41319114 0.77365917 0.4362939  0.67521274
 0.4423779  0.5323726  0.56173974 0.6800159  0.6449681  0.5971471
 0.4920574  0.34349254 0.76376355 0.4427599  1.         0.4490261
 0.529542   0.20039394 0.5889756  0.42879412 0.8639836  0.7740315
 0.5187639  0.5310605  0.7845804  0.74297065 0.32758766 0.08663871
 0.5742535  0.4734864  0.5994562  0.6697027  0.3978145  0.81539243
 0.2625787  0.39501256 0.7274686  0.9867432  0.39216557 0.73275954
 0.64965165 0.31489912 0.44400546 0.2619474  0.30774906 0.21291155
 0.5322494  0.79396015 0.2518581  0.91644734 0.6784392  0.45030186
 0.6110077  0.51643044 0.5602128  0.35613036 0.63333726 0.46938437
 0.         0.67418164 0.71802133 0.4581222  0.62832254 0.3955998
 0.37237144 0.6545875  0.69485015 0.43285695 0.47585377 0.2544494
 0.48230264 0.2539534  0.54480195 0.64301306 0.52871764 0.7278844
 0.4992482  0.16542643 0.51082224 0.41488647 0.71248347 0.6605498
 0.9777754  0.32799423 0.6817796  0.47545823 0.37040055 0.50524616
 0.04721772 0.28021443 0.33265176 0.33155534 0.39537776 0.14802738
 0.58698535 0.7781749  0.75636786 0.441239   0.6986644  0.09295069
 0.2623579  0.5007081  0.6534567  0.2863384  0.50504464 0.46379322
 0.36959764 0.5091045  0.6373105  0.4905367  0.36445168 0.4779109
 0.28391832 0.3560515  0.19812228 0.5268567  0.17989363 0.54890794
 0.30511317 0.7100809  0.6182315  0.29931462 0.49107653 0.6399702
 0.5355009  0.38898134 0.6889559  0.48268348 0.24988925 0.19842316
 0.59146947 0.3150775  0.16884072 0.82011175 0.18936521 0.671795
 0.4251583  0.56975436 0.46177885 0.5489843  0.36969015 0.5251211
 0.65230894 0.61647314 0.38597754 0.42403823 0.6582008  0.2760944
 0.6835315  0.5948266  0.4607749  0.8020575  0.7591929  0.23988883
 0.6287438  0.6720051  0.6386512  0.26632044 0.39712054 0.49225047
 0.39222464 0.9336857  0.7671266  0.30055135 0.622818   0.45565787
 0.55721545 0.32541376 0.762196   0.6581837  0.270909   0.55659145
 0.39157152 0.50692594 0.7493857  1.         0.49965194 0.143142
 0.25576046 0.5012467  0.45978066 0.67093736 0.7432681  0.7589135
 0.5573143  0.17773493 0.3809335  0.45663252 1.         0.5526034
 0.38748205 0.28030962 0.6244571  0.4405054  0.4369759 ]
