2024-05-31 14:04:53[INFO] 
[Env initialized][Metric tpmC: 10047.15 tpmTotal: 22468.34 Transaction Count: 22713]
2024-05-31 14:04:53[INFO] [ddpg] Action: [0.9921998  0.5988166  0.7189478  0.6837235  0.2547578  0.497984
 0.46818778 0.25533772 0.22998026 0.41932145 0.56470907 0.5411698
 0.18005839 0.6476657  0.15237458 0.08964553 0.21697657 0.25087693
 0.20321514 0.5751022  0.45616937 0.4963044  0.41600955 0.49668548
 0.45545202 0.3991074  0.53699213 0.65473527 0.5859335  0.5359962
 0.57700753 0.5101945  0.439601   0.4559505  0.68097246 0.3671042
 0.5478402  0.49708074 0.74304724 0.33368853 0.26167515 0.42344898
 0.43595296 0.5461733  1.         0.49643415 0.9371235  0.7128101
 0.6261493  0.6073188  0.5972677  0.24392454 0.8023857  0.678228
 0.21714745 0.3859417  0.40864208 0.6570481  0.7056173  0.6614271
 0.74392515 0.31705558 0.5649641  0.30101988 0.6369512  0.58574915
 0.45718625 0.5986828  0.62893754 0.30767614 0.16024737 0.5046789
 0.5446852  0.6886719  0.19920883 0.506228   0.51248324 0.26912323
 0.62663215 0.49860606 0.48828828 0.4435225  0.9986026  0.6747938
 0.5692703  0.23643766 0.29637396 0.23027839 0.56209034 0.59552014
 0.42797613 0.59423786 0.40638933 0.49425867 0.67215663 0.41391733
 0.28283817 0.29488775 0.67054915 0.51147646 0.21875748 0.71386695
 0.72116995 0.3388095  0.56630933 0.08606462 0.64114743 0.09637091
 0.76837724 0.6296836  0.52863485 0.5872737  0.35650435 0.62834555
 0.36394113 0.58733034 0.59348613 0.7583909  0.48128152 1.
 0.27742124 0.44453448 0.28152835 0.79037863 0.0711473  0.6422417
 0.70590955 0.45461082 0.289428   0.77665365 0.19540375 0.38868192
 0.36427796 0.62361413 0.5366436  0.568836   0.3937026  0.37087613
 0.469625   0.6271559  0.67354053 0.5618127  1.         0.7235826
 0.659556   0.6047683  0.5545761  0.6754324  0.21548168 0.16417834
 0.59832215 0.8808606  0.75881857 0.6174832  0.7186577  0.31082392
 0.7162764  0.24214597 0.43649432 0.78624135 0.5497512  0.3891405
 0.6209291  0.6393014  0.9068383  0.3396386  0.5994515  0.5201558
 0.13366258 0.60981494 0.54843706 0.10757936 0.5681239  0.40734616
 0.7716322  0.7501011  0.49691626 0.41368032 0.3616971  0.9993231
 0.4122117  0.74432516 0.4049372  0.11886449 0.73170364 0.321628
 0.3571536  0.6731877  0.10353811 0.35293904 0.7702242  0.7390411
 0.6276694  0.44717965 0.48752248 0.5760576  0.51222926]
2024-05-31 14:06:41[INFO] 
[ddpg][Episode: 0][Step: 0][Metric tpmC:10077.76 tpmTotal:22472.51 Transaction Count:22588]Reward: 6121.144466264423 Score: 0.006121144466264422 Done: False
2024-05-31 14:06:41[INFO] [ddpg][Episode: 0][Step: 0] step: 108.44179606437683s env step: 108.43158507347107s train step: 0.0s restart time: 44.56743574142456s action time: 0.0026154518127441406s
2024-05-31 14:06:41[INFO] [ddpg][Episode: 0][Step: 0][Average] step: 108.44179606437683s env step: 108.43158507347107s train step: 0.0s restart time: 44.56743574142456s action time: 0.0026154518127441406s
2024-05-31 14:06:41[INFO] [ddpg] Action: [1.         0.5367326  0.62097657 0.83144885 0.6716715  0.712313
 0.2618412  0.5802614  0.30526283 0.52665496 0.4906287  0.7772268
 0.45786792 0.84138304 0.19702438 0.25474665 0.24111293 0.5241613
 0.423084   0.77508897 0.41232517 0.6983552  0.45966068 0.3754268
 0.4772481  0.4716952  0.714514   0.8465591  0.6087029  0.5990419
 0.3006964  0.7894088  0.23515125 0.6267216  0.32548758 0.44327208
 0.25804585 0.40888238 0.86975265 0.2591042  0.77825433 0.41445678
 0.32802266 0.39096212 0.4902679  0.61959416 0.98242533 0.6005906
 0.8390445  0.653456   0.87026304 0.1683014  0.66550785 0.8025834
 0.23231502 0.50105363 0.37638864 0.63535196 0.5232297  0.7865815
 0.93716735 0.42948216 0.696617   0.09704518 0.9191343  0.8751551
 0.49967006 0.5586572  0.8674368  0.33330923 0.3349726  0.4187479
 0.88414544 0.53120863 0.45136818 0.34324306 0.29853678 0.04346627
 0.9129047  0.4894045  0.67363554 0.0947754  1.         0.6369146
 0.7883077  0.26347598 0.44174775 0.         0.5615186  0.31887364
 0.39157283 0.5540129  0.5634309  0.33289286 0.7561595  0.21407408
 0.14102629 0.4787539  0.73165387 0.05327955 0.348279   0.44025514
 0.7957973  0.44586492 0.6246795  0.2183042  0.654904   0.17288326
 0.852955   0.39473265 0.01826013 0.8006254  0.4719292  0.3196849
 0.46919236 0.78524077 0.20306234 0.75494915 0.45237112 1.
 0.329308   0.41017458 0.21054211 0.86483127 0.5026472  0.44685358
 0.8204227  0.48330608 0.03108427 0.6573884  0.16660796 0.5326302
 0.19837268 0.4225387  0.6827696  0.59901965 0.7038718  0.31143415
 0.5225794  0.7012974  0.67477775 0.35327637 0.82598853 0.6703248
 0.4647359  0.35222533 0.7005285  0.82702774 0.         0.15269656
 0.63998294 0.57606065 0.3705724  0.59737957 0.6492232  0.26460844
 1.         0.29035392 0.8238266  0.700698   0.1418803  0.41414565
 0.4144902  0.5587812  0.6403534  0.4601921  0.8181186  0.6862225
 0.12803192 0.35409442 0.5573218  0.         0.19772084 0.14788406
 0.79484606 0.6357125  0.5735217  0.4663401  0.09949131 1.
 0.26844895 0.7918883  0.3286895  0.         0.542595   0.65201133
 0.1946561  0.330523   0.         0.4486881  1.         0.62995493
 0.47745907 0.30720237 0.7309839  0.5629743  0.58621943]
