2024-05-31 10:15:20[INFO] 
[Env initialized][Metric tpmC: 7594.78 tpmTotal: 16881.46 Transaction Count: 17141]
2024-05-31 10:15:20[INFO] [ddpg] Action: [0.39616737 0.6536488  0.5599042  0.7384099  0.4169357  0.6628913
 0.53203374 0.7065711  0.9163024  0.257207   0.23214985 0.32131222
 0.33755037 0.27784058 0.33381566 0.4062753  0.78594005 0.5205797
 0.39913812 0.4055042  0.73305565 0.28493106 0.619144   0.440361
 0.47849625 0.7799959  0.5265631  0.45182917 0.3276114  0.3255022
 0.5091294  0.5147719  0.79567444 0.71918476 0.32155788 0.6908195
 0.60285366 0.42373168 0.4479947  0.42715564 0.552855   0.346473
 0.44949406 0.6888554  0.4819389  0.21345565 0.3075113  0.50902164
 0.77082235 0.27993134 0.35655442 0.9340412  0.5604393  0.6631278
 0.61941224 0.6942562  0.54683083 0.5828332  0.6218951  0.42761812
 0.1548497  0.6162275  0.88066864 0.58632284 0.6063226  0.3577929
 0.39842778 0.31087244 0.27019772 0.2474705  0.4048862  0.2848828
 0.6099991  0.15127242 0.3378955  0.5756507  0.37806213 0.86966646
 0.73757255 0.5057528  0.19478655 0.604262   0.39690402 0.7784674
 0.77352214 0.62889284 0.75794065 0.36266163 0.37214074 0.7059445
 0.7497216  0.30999413 0.32770333 0.545493   0.8062557  0.6635809
 0.74725986 0.7582395  0.9040619  0.49680936 0.59077555 0.59397686
 0.3271796  0.69897246 0.57284606 0.67961293 0.489079   0.21049614
 0.697645   0.32078198 0.61855245 0.6520585  0.6225477  0.17609678
 0.36910915 0.37364206 0.63500047 0.4967636  0.55596644 0.5596723
 0.32813165 0.22822057 0.54869485 0.49895978 0.2868149  0.55814314
 0.18820123 0.717587   0.53978556 0.4940792  0.63801974 0.68447435
 0.54718715 0.43274307 0.62703127 0.42488822 0.7778144  0.36392793
 0.3990574  0.69634724 0.62061423 0.56950825 0.63198674 0.39532998
 0.33311036 0.32002163 0.61802125 0.43859112 0.58053803 0.44820607
 0.52623314 0.6240807  0.46405315 0.15543564 0.74580425 0.49839157
 0.5277326  0.63028216 0.7638503  0.5559739  0.5977975  0.20981641
 0.61355525 0.50183326 0.35023034 0.05530437 0.48084655 0.48840585
 0.6877715  0.51368916 0.21623626 0.13359772 0.80911946 0.4351644
 0.50936824 0.23883729 0.4349969  0.6790785  0.35826382 0.34812498
 0.24007602 0.529174   0.20021388 0.52346665 0.3964987  0.36102277
 0.58738273 0.14984319 0.71888673 0.5619696  0.16708304 0.43025944
 0.6040403  0.47473502 0.29100594 0.7920378  0.38719994]
2024-05-31 10:17:04[INFO] 
[ddpg][Episode: 0][Step: 0][Metric tpmC:10161.73 tpmTotal:22631.47 Transaction Count:22807]Reward: -0.21835247477388586 Score: -0.21835247477388586 Done: False
2024-05-31 10:17:04[INFO] [ddpg][Episode: 0][Step: 0] step: 103.56320548057556s env step: 103.55117702484131s train step: 0.0s restart time: 39.53576993942261s action time: 0.0024597644805908203s
2024-05-31 10:17:04[INFO] [ddpg][Episode: 0][Step: 0][Average] step: 103.56320548057556s env step: 103.55117702484131s train step: 0.0s restart time: 39.53576993942261s action time: 0.0024597644805908203s
2024-05-31 10:17:04[INFO] [ddpg] Action: [0.56147945 0.7770531  0.40163115 0.8217702  0.4567196  0.50067645
 0.57918495 1.         1.         0.69034046 0.         0.05535826
 0.9612372  0.3449512  0.5721671  0.45666927 0.7053328  0.14884187
 0.72152495 0.12083263 0.43962386 0.29383165 0.5340917  0.14188914
 0.5229743  0.7349346  0.5736037  0.31366408 0.75962734 0.235712
 0.7575981  0.6951102  0.36661482 0.52863085 0.15880819 0.89296246
 0.5453289  0.48843893 0.48770022 0.42571294 0.45786545 0.55098724
 0.4516036  0.63776076 0.75618273 0.22141965 0.4672051  0.75825924
 0.3818352  0.468701   0.20466259 0.9398525  0.7128667  0.9937233
 0.3769883  0.60575414 0.68377703 0.42023504 0.78468764 0.45771733
 0.14707035 0.7743654  0.7252454  0.61816126 0.6434793  0.5783374
 0.3086423  0.6630605  0.4596412  0.52374417 0.00825364 0.25470647
 0.7027522  0.430477   0.19771124 0.72529846 0.56185347 0.86738217
 0.64744306 0.50897837 0.04564019 0.44399762 0.3733723  0.56131256
 0.63520265 0.44936728 0.65069634 0.40477726 0.8046954  0.74372154
 0.5987147  0.2635961  0.61877114 0.5586531  1.         0.53741986
 0.66778356 0.7854143  0.96098316 0.38465762 0.6449805  0.9203552
 0.20261553 0.72367024 0.3596047  0.5169867  0.3909111  0.3217481
 0.3959269  0.36370552 0.36660394 0.6930234  0.6340127  0.21615231
 0.21514325 0.5179981  0.50757974 0.44672102 0.22223891 0.6430463
 0.43582308 0.03247894 0.7265627  0.4148987  0.06974468 0.53440356
 0.28539667 0.68985444 0.5169174  0.52494603 0.51081246 0.61253935
 0.80028224 0.7829426  0.8228671  0.3257417  0.7175605  0.62355584
 0.0690145  0.4699058  0.6591679  0.6329443  0.5034009  0.30421123
 0.32042885 0.4893649  0.19319588 0.610675   0.5479604  0.70216304
 0.80848503 0.8965021  0.69577694 0.2764624  0.703968   0.43891776
 0.5612629  0.43976426 0.9761177  0.7151699  0.55806595 0.18564299
 0.601234   0.46186247 0.57859504 0.         0.392582   0.63606316
 0.37393963 0.29380915 0.3033871  0.         0.9211725  0.61265546
 0.44387713 0.16873857 0.5367699  0.43647495 0.5787495  0.
 0.16517355 0.50079155 0.14574902 0.03105461 0.44770417 0.03401356
 0.3077784  0.         0.6675224  0.6970609  0.35112867 0.5210387
 0.3703018  0.37710413 0.40613264 0.84037316 0.29412767]
2024-05-31 10:18:53[INFO] 
[ddpg][Episode: 0][Step: 1][Metric tpmC:10704.49 tpmTotal:23905.95 Transaction Count:24250]Reward: -0.22231519426322588 Score: -0.44066766903711174 Done: False
2024-05-31 10:18:53[INFO] [ddpg][Episode: 0][Step: 1] step: 108.96366000175476s env step: 108.95670199394226s train step: 0.0s restart time: 44.557706117630005s action time: 0.0008716583251953125s
2024-05-31 10:18:53[INFO] [ddpg][Episode: 0][Step: 1][Average] step: 108.96366000175476s env step: 108.95670199394226s train step: 0.0s restart time: 44.557706117630005s action time: 0.0016657114028930664s
2024-05-31 10:18:53[INFO] [ddpg] Action: [0.70290864 0.66802496 0.3387162  0.9172421  0.6050285  0.30281922
 0.5951149  1.         0.7922523  0.91054976 0.0371055  0.29762864
 0.7650011  0.6591222  0.59792274 0.0396178  0.88704795 0.17801782
 0.62428534 0.03486232 0.23699424 0.19468032 0.77399206 0.10109957
 0.34005144 0.611744   0.72158563 0.14765841 0.8470104  0.15224978
 0.63914335 0.8249572  0.42907268 0.581414   0.18970582 1.
 0.37437242 0.54308856 0.51496994 0.2711476  0.5372601  0.41342938
 0.7932397  0.6134702  0.41608316 0.16224203 0.66466755 0.44019872
 0.26387128 0.7674021  0.36943662 0.8289604  0.54836285 1.
 0.4532043  0.48345414 0.73670024 0.55638546 0.649931   0.28697369
 0.         0.81518567 0.5612029  1.         0.83687866 0.42010304
 0.21732406 0.5130861  0.3772446  0.37835234 0.         0.07750223
 0.54463995 0.4435139  0.07910667 0.68370086 0.5945656  1.
 0.14461653 0.88081336 0.         0.6189667  0.63698643 0.6145038
 0.6590962  0.56771594 0.438019   0.40421528 0.6680698  0.71229863
 0.77960044 0.2695515  0.08570725 0.15379345 0.69679785 0.7327888
 0.52056545 0.2635885  1.         0.         0.29926082 0.91365534
 0.2601821  0.5228275  0.5125689  0.6360652  0.38093564 0.32623643
 0.04124656 0.14027846 0.6747896  0.52070963 0.5368516  0.31256407
 0.23380275 0.5323187  0.78207284 0.23981723 0.34091464 0.76493704
 0.51931894 0.10861029 0.7342921  0.3620825  0.18666793 0.32746282
 0.32931843 0.25176898 0.5858464  0.6875117  0.58849704 0.70658165
 0.8845668  0.8478514  0.86970717 0.11981219 1.         0.5029923
 0.27552208 0.7094692  0.8080569  0.5451302  0.27744356 0.332554
 0.3333615  0.52582014 0.06469932 0.5387146  0.40324232 0.5710056
 0.8459214  0.7961081  0.8549205  0.49002692 0.68603855 0.3888962
 0.21802817 0.49036527 1.         0.6273696  0.21353254 0.07051084
 0.783704   0.81772107 0.6945357  0.28740904 0.03288125 0.62240136
 0.73277396 0.30009326 0.5064478  0.24755771 1.         0.52889484
 0.5267048  0.21944036 0.38631144 0.47582203 0.31624138 0.06234865
 0.336027   0.32619372 0.20583798 0.         0.5299624  0.36990076
 0.5572946  0.13503873 0.7903807  0.31246656 0.20748891 0.34515357
 0.49960065 0.6427439  0.1134601  0.63084716 0.2933438 ]
2024-05-31 10:20:36[INFO] 
[ddpg][Episode: 0][Step: 2][Metric tpmC:10272.32 tpmTotal:23030.98 Transaction Count:23101]Reward: -0.5114299251968775 Score: -0.9520975942339892 Done: False
2024-05-31 10:20:36[INFO] [ddpg][Episode: 0][Step: 2] Critic: 0.09336080588400364 Actor: 0.03894013538956642
2024-05-31 10:20:36[INFO] [ddpg][Episode: 0][Step: 2] step: 103.66333341598511s env step: 103.33737230300903s train step: 0.15950584411621094s restart time: 39.53143334388733s action time: 0.0008685588836669922s
2024-05-31 10:20:36[INFO] [ddpg][Episode: 0][Step: 2][Average] step: 103.66333341598511s env step: 103.33737230300903s train step: 0.15950584411621094s restart time: 39.53143334388733s action time: 0.001399993896484375s
2024-05-31 10:20:36[INFO] [ddpg] Action: [0.5985282  0.80475765 0.99571586 0.82070166 0.6381942  0.13507317
 0.55908126 1.         0.66128176 0.82073265 0.         0.32607192
 0.2743946  0.53901196 0.48922208 0.01561309 0.86662364 0.5296196
 0.88206553 0.         0.27274588 0.6228739  0.8326134  0.19351916
 0.1830888  0.9433682  0.9261542  0.13035353 0.65073425 0.
 0.61749667 0.695767   0.47297913 0.70587754 0.         1.
 0.2778633  0.33966756 0.88226175 0.28812957 0.68765    0.29280496
 0.8637368  0.7053869  0.49812216 0.12746222 0.48177466 0.54369783
 0.51118475 1.         0.68244296 0.3063555  0.56635016 1.
 0.41459933 0.7581907  0.6615111  0.4703484  0.4070244  0.
 0.30574715 1.         0.34845233 1.         0.85028505 0.619768
 0.5454687  0.4494813  0.46720806 0.6135612  0.09760962 0.11895115
 0.9715945  0.60786504 0.08102047 0.9093954  0.46982646 0.6810197
 0.17740692 0.78930837 0.0962218  0.8635128  1.         0.26700887
 0.34177068 0.74733615 0.43004093 0.578992   0.9386831  0.22525375
 0.82650465 0.33019632 0.18396464 0.33537555 0.9558702  0.9168755
 0.44305444 0.3492586  1.         0.         0.3343378  0.8206808
 0.35157993 0.44591257 0.5800619  0.71724546 0.28646287 0.3977879
 0.44667882 0.1698601  0.87135196 0.18206437 0.53484905 0.41031003
 0.37982157 0.42588264 0.7720295  0.33176103 0.29382342 0.9911368
 0.6248805  0.16584368 0.6750754  0.47966138 0.2203041  0.17848016
 0.22741978 0.21720278 0.72545123 0.68550956 0.7169158  1.
 0.94880784 0.79824126 0.28950703 0.07161062 0.88260305 0.50280654
 0.32328463 0.7556358  0.7142261  0.68946344 0.12870005 0.39849517
 0.45444924 0.5358487  0.17616893 0.6883455  0.69553035 0.74031675
 0.44315368 0.8077652  0.884598   0.5901733  0.5875988  0.7343086
 0.11952081 0.6978083  1.         0.6636624  0.4867768  0.2669238
 0.4091931  1.         0.8911342  0.13941103 0.34501937 0.32805702
 0.585228   0.2791806  0.7463935  0.5392458  1.         0.14269444
 0.42692065 0.17847805 0.1410319  0.39705428 0.22258179 0.29357085
 0.22628304 0.21369012 0.31113505 0.         0.29790533 0.07292864
 0.41169727 0.13621715 1.         0.7119266  0.27425596 0.28923234
 0.39281243 0.8227715  0.         0.5532561  0.04521882]
2024-05-31 10:22:25[INFO] 
[ddpg][Episode: 0][Step: 3][Metric tpmC:11466.29 tpmTotal:25380.31 Transaction Count:25631]Reward: -0.2727791811204422 Score: -1.2248767753544314 Done: False
2024-05-31 10:22:25[INFO] [ddpg][Episode: 0][Step: 3] Critic: 0.08319659437984228 Actor: 0.0393685819581151
2024-05-31 10:22:25[INFO] [ddpg][Episode: 0][Step: 3] step: 108.78436470031738s env step: 108.75964307785034s train step: 0.008787751197814941s restart time: 44.58312964439392s action time: 0.0007457733154296875s
2024-05-31 10:22:25[INFO] [ddpg][Episode: 0][Step: 3][Average] step: 108.78436470031738s env step: 108.75964307785034s train step: 0.008787751197814941s restart time: 44.58312964439392s action time: 0.0012364387512207031s
2024-05-31 10:22:25[INFO] [ddpg] Action: [0.34383237 0.97299635 0.8584056  1.         0.725864   0.16563138
 0.40726992 0.75527525 0.773646   1.         0.         0.36849573
 0.29616383 0.42551506 0.2763069  0.3073457  0.99771714 0.5200499
 0.8824972  0.35905498 0.21332328 0.730519   0.6811262  0.2946127
 0.5090058  0.5580233  1.         0.         0.68222964 0.15387526
 0.8205041  0.57751846 0.28874987 0.7101028  0.20281799 1.
 0.         0.15600131 0.58319145 0.41216233 0.6638657  0.26818135
 0.41968462 0.7804437  0.9248284  0.         0.47503063 0.7048113
 0.4173774  1.         0.6321533  0.5437673  0.6447969  1.
 0.39482474 0.45550686 0.9343649  0.84730524 0.5638772  0.01215344
 0.28485402 1.         0.67953134 0.8007373  1.         0.63693756
 0.62080413 0.4107202  0.73647946 0.25566506 0.02836141 0.2729047
 1.         0.86646646 0.4139871  0.97674155 0.29193783 0.8341355
 0.29987392 0.80710804 0.12408283 0.9981855  1.         0.04744266
 0.33609387 0.49464378 0.61515605 0.6504049  0.9949219  0.3939449
 0.76217085 0.09904882 0.38833117 0.39866668 0.94770926 0.8080095
 0.71564686 0.10616624 1.         0.         0.01512165 0.7311642
 0.6192232  0.5811903  0.29043633 0.58346117 0.4689605  0.7704013
 0.35874018 0.         1.         0.45964304 0.6174994  0.2986664
 0.43674085 0.5828873  0.60226965 0.33932674 0.44797364 0.903442
 0.4266325  0.27756506 0.47343224 0.3521703  0.22584526 0.35135433
 0.28689012 0.12594387 0.57701796 1.         1.         0.68884414
 0.73085606 0.76041174 0.19310293 0.         0.729112   0.46049398
 0.24745308 0.3914338  0.69804204 0.5721831  0.31695285 0.02694066
 0.7783254  0.6275694  0.09874473 0.9491785  0.8637803  0.87235385
 0.19930628 0.69103867 0.8274529  0.89231944 0.83417606 0.72373277
 0.2727785  0.17539762 1.         0.62151116 0.71161157 0.4952345
 0.62029934 0.5566009  0.83714575 0.306518   0.6958106  0.45954746
 0.4680248  0.59849346 0.98068875 0.23671302 0.8923122  0.2726914
 0.4128218  0.3108975  0.01162328 0.4391426  0.4833419  0.35402784
 0.41684976 0.44709882 0.12679051 0.         0.6621614  0.
 0.45155445 0.14460313 1.         0.7097249  0.06599171 0.36100835
 0.36428612 0.80506957 0.         0.47275797 0.35285583]
2024-05-31 10:24:08[INFO] 
[ddpg][Episode: 0][Step: 4][Metric tpmC:10457.91 tpmTotal:23242.03 Transaction Count:23279]Reward: -0.5366523266333653 Score: -1.7615291019877968 Done: False
2024-05-31 10:24:09[INFO] [ddpg][Episode: 0][Step: 4] Critic: 0.09917484658459823 Actor: 0.0398324237515529
2024-05-31 10:24:09[INFO] [ddpg][Episode: 0][Step: 4] step: 103.32021713256836s env step: 103.29441547393799s train step: 0.009421706199645996s restart time: 39.598557233810425s action time: 0.0006871223449707031s
2024-05-31 10:24:09[INFO] [ddpg][Episode: 0][Step: 4][Average] step: 103.32021713256836s env step: 103.29441547393799s train step: 0.009421706199645996s restart time: 39.598557233810425s action time: 0.001126575469970703s
2024-05-31 10:24:09[INFO] [ddpg] Action: [0.23915035 0.568319   0.73973286 0.79260147 0.6383917  0.5996766
 0.60322165 0.83855623 0.6850177  1.         0.         0.24945323
 0.57649887 0.46328634 0.2924595  0.         0.9200886  0.36423314
 0.90509665 0.3502942  0.75592506 0.36153388 0.84202015 0.59834063
 0.31075224 0.31859735 0.9958447  0.10245814 0.968568   0.20418507
 0.6651846  0.9961976  0.36205763 0.69740176 0.16065153 1.
 0.         0.35233712 0.53290355 0.05912377 0.8695588  0.16666965
 0.8142099  0.59381366 0.85128665 0.71503335 0.72363156 0.5209231
 0.37126276 1.         0.74951994 0.01920445 0.6579751  0.93011653
 0.42847863 0.6385255  0.7247724  0.30200043 0.47538978 0.21400325
 0.3648463  0.86304885 0.7863661  0.84076685 1.         0.67261
 0.42693597 0.2507644  0.6374392  0.4025582  0.09564555 0.50185066
 1.         0.63479036 0.2235582  0.88121146 0.39777884 1.
 0.4201754  0.83174765 0.29045135 0.81418324 1.         0.13795686
 0.         0.36610425 0.86520064 0.9050569  0.9365009  0.5475629
 0.9200142  0.13627574 0.06734706 0.37809265 0.72755635 0.8566378
 0.23830101 0.02584288 1.         0.24747899 0.         0.7050432
 0.7466626  0.85442716 0.37492073 0.8880804  0.44673687 0.6455462
 0.86680704 0.2501161  1.         0.6024153  0.41731787 0.46772262
 0.20390593 0.37977657 0.45110297 0.41592592 0.6789587  0.8011983
 0.37748525 0.310124   0.31288242 0.24569067 0.21111639 0.5152629
 0.01933741 0.2724944  0.82171243 1.         0.8454179  0.6386338
 0.75317025 0.7631039  0.06450956 0.00151914 1.         0.65301436
 0.52334815 0.6729316  0.40072474 0.62497854 0.24985021 0.00991126
 0.6946536  0.6501157  0.19309674 0.6414114  1.         0.8245256
 0.         0.50397414 0.81689656 0.92741424 0.9795596  0.52594936
 0.40500394 0.         0.9938337  0.21340005 0.47240967 0.2299989
 0.61092013 0.3323787  0.9586938  0.5870432  0.7499312  0.268811
 0.46998754 0.6666657  1.         0.4309427  0.6130035  0.0108972
 0.3307857  0.40078798 0.15239897 0.52224624 0.14342235 0.27139676
 0.4910513  0.31637755 0.19603956 0.40703824 0.8121991  0.
 0.11878656 0.11135029 1.         0.17435399 0.         0.10710687
 0.35241222 0.71952343 0.31883806 0.42998803 0.30137932]
2024-05-31 10:25:57[INFO] 
[ddpg][Episode: 0][Step: 5][Metric tpmC:10426.01 tpmTotal:23111.22 Transaction Count:23272]Reward: -0.5209534480187016 Score: -2.2824825500064985 Done: False
2024-05-31 10:25:57[INFO] [ddpg][Episode: 0][Step: 5] Critic: 0.11417417554184794 Actor: 0.03997568553313613
2024-05-31 10:25:57[INFO] [ddpg][Episode: 0][Step: 5] step: 108.62579035758972s env step: 108.60155081748962s train step: 0.008548378944396973s restart time: 44.5561158657074s action time: 0.0010998249053955078s
2024-05-31 10:25:57[INFO] [ddpg][Episode: 0][Step: 5][Average] step: 108.62579035758972s env step: 108.60155081748962s train step: 0.008548378944396973s restart time: 44.5561158657074s action time: 0.001122117042541504s
2024-05-31 10:25:57[INFO] [ddpg] Action: [0.10961914 0.84577173 0.96886253 0.7488531  0.60102284 0.70618755
 0.4221832  0.63292027 0.50240046 1.         0.         0.
 0.67830205 0.37347934 0.5590471  0.15023841 0.92233837 0.5439161
 0.9141712  0.40655664 0.89678    0.32644224 0.89541703 0.3765929
 0.23750442 0.3345657  0.4057054  0.19814925 0.47658402 0.13027425
 0.49089548 0.75905895 0.25708374 0.50137955 0.17444812 1.
 0.5114289  0.         0.24147445 0.         0.9228399  0.24929035
 0.85320896 0.80160785 0.7875247  0.54101706 0.73767763 0.7223775
 0.7307178  1.         0.5815237  0.18692026 0.44994122 0.8023533
 0.7191564  0.735467   0.6881915  0.50750065 0.3786969  0.5135777
 0.4239217  0.64695495 0.43920657 1.         1.         0.5422464
 0.31431252 0.4082231  0.43353945 0.302613   0.2775278  0.43627045
 1.         0.7781057  0.07947017 0.5255236  0.19355871 1.
 0.36090055 0.7274755  0.12445873 0.8554164  1.         0.32228923
 0.10306027 0.32153103 0.76121753 1.         0.9117577  0.41575652
 1.         0.40312043 0.13182022 0.4169044  0.4747262  0.68192524
 0.20271744 0.0599699  0.9397466  0.27879825 0.05031752 0.89255214
 0.61855626 0.7405725  0.37891537 0.5077137  0.36001056 0.45550993
 0.6803466  0.2255723  1.         0.34768155 0.3215748  0.428978
 0.         0.6571917  0.7436948  0.28091046 0.90328395 1.
 0.34690118 0.4434349  0.4363429  0.6825252  0.02256511 0.78720844
 0.         0.15930429 0.83789426 1.         0.8133068  0.66870236
 0.7185756  0.8637253  0.34959766 0.24679898 1.         0.97152936
 0.63058573 1.         0.42070657 0.04566106 0.32229483 0.4832231
 0.7632289  0.6567615  0.02135057 0.47126544 1.         0.67730445
 0.         0.20124774 1.         1.         1.         0.6468976
 0.36225447 0.12008481 0.7919848  0.22330375 0.8689538  0.414841
 0.5165525  0.2792265  0.93328017 0.738463   0.76526046 0.6789296
 0.4622446  0.5402317  1.         0.33369914 0.07288469 0.08283706
 0.06910356 0.33294368 0.35778826 0.51465106 0.04571524 0.21832132
 0.41091412 0.32813445 0.15376532 0.7211984  0.7368158  0.
 0.19521146 0.32217127 0.91594243 0.54169405 0.01054733 0.0398506
 0.34117708 0.8675548  0.33913523 0.84108627 0.25464377]
2024-05-31 10:27:46[INFO] 
[ddpg][Episode: 0][Step: 6][Metric tpmC:10361.21 tpmTotal:23017.76 Transaction Count:23194]Reward: -0.5098686012246476 Score: -2.792351151231146 Done: False
2024-05-31 10:27:46[INFO] [ddpg][Episode: 0][Step: 6] Critic: 0.13620912693440915 Actor: 0.03987598419189453
2024-05-31 10:27:46[INFO] [ddpg][Episode: 0][Step: 6] step: 108.73862957954407s env step: 108.7128369808197s train step: 0.009234786033630371s restart time: 44.655232429504395s action time: 0.0007023811340332031s
2024-05-31 10:27:46[INFO] [ddpg][Episode: 0][Step: 6][Average] step: 108.73862957954407s env step: 108.7128369808197s train step: 0.009234786033630371s restart time: 44.655232429504395s action time: 0.001062154769897461s
2024-05-31 10:27:46[INFO] [ddpg] Action: [0.42546484 0.70878273 1.         0.7077837  0.6774831  0.38294008
 0.1488925  0.6208362  0.5398359  1.         0.         0.
 0.5806888  0.6452373  0.4806874  0.04966786 0.6965703  0.6616915
 1.         0.35192868 0.79742223 0.22671504 0.9500512  0.10803167
 0.50746757 0.22414427 0.33114904 0.06406418 0.18675387 0.01892248
 0.6690488  0.7112458  0.09902067 0.47930282 0.00696553 1.
 0.6203905  0.2885549  0.3884461  0.         1.         0.57605416
 0.5654914  0.6492231  0.66383165 0.8179584  0.29489243 0.5165252
 0.73466873 0.8736201  0.27967316 0.1599622  0.65272343 0.35934144
 1.         0.7304268  0.28814328 0.7278045  0.46427646 0.5885293
 0.6433977  0.47950718 0.3991446  1.         1.         0.40110508
 0.40504718 0.5712816  0.29275024 0.05925734 0.86781746 0.33571982
 1.         0.8529631  0.259186   0.         0.26748836 1.
 0.15574493 0.513939   0.88983864 0.70581913 1.         0.3148573
 0.2200824  0.28485644 0.42485568 0.5078283  1.         0.38010335
 1.         0.6853558  0.2972425  0.4681207  0.35331002 0.77452254
 0.         0.28038093 1.         0.         0.0164814  0.9047288
 0.7612991  0.68656266 0.6562642  0.6612728  0.22119193 0.6356912
 0.81759876 0.09161396 1.         0.65601057 0.33041692 0.5484979
 0.07401855 0.62039    1.         0.28104293 0.5836436  1.
 0.03723051 0.06296684 0.5958787  0.5856082  0.43209264 0.84311944
 0.         0.11882501 1.         1.         0.42175925 0.96747327
 0.3238605  0.80605155 0.41732934 0.10674228 1.         0.63399404
 0.65956277 1.         0.6583922  0.         0.3337532  0.1658051
 0.64191717 0.353164   0.         0.34350398 1.         0.8868504
 0.         0.4240764  0.98639977 0.9218707  1.         0.8029557
 0.48002544 0.588767   0.88116884 0.45589855 1.         0.0836456
 0.43266892 0.1829675  0.64782184 0.9501318  0.6636189  0.82760555
 0.6518764  0.85069305 0.81042826 0.16804059 0.         0.17469648
 0.5268476  0.57491595 0.29856306 0.93744624 0.15489861 0.20328027
 0.39754993 0.601788   0.3210702  0.80374765 0.81099266 0.
 0.01082126 1.         0.7598782  0.48403427 0.         0.
 0.6311354  0.8220357  0.1601817  0.89706254 0.03689158]
2024-05-31 10:29:35[INFO] 
[ddpg][Episode: 0][Step: 7][Metric tpmC:10711.3 tpmTotal:24212.49 Transaction Count:24360]Reward: -0.2613012956380487 Score: -3.0536524468691946 Done: False
2024-05-31 10:29:35[INFO] [ddpg][Episode: 0][Step: 7] Critic: 0.14453634961197773 Actor: 0.03974060248583555
2024-05-31 10:29:35[INFO] [ddpg][Episode: 0][Step: 7] step: 108.57482433319092s env step: 108.54890871047974s train step: 0.009529352188110352s restart time: 44.627349853515625s action time: 0.0007519721984863281s
2024-05-31 10:29:35[INFO] [ddpg][Episode: 0][Step: 7][Average] step: 108.57482433319092s env step: 108.54890871047974s train step: 0.009529352188110352s restart time: 44.627349853515625s action time: 0.0010233819484710693s
2024-05-31 10:29:35[INFO] [ddpg] Action: [0.4644558  0.95347667 1.         0.77757585 0.5819383  0.260481
 0.07713417 0.6099804  0.50056976 1.         0.         0.
 0.977142   0.42778155 0.6552629  0.08715085 0.76599914 0.26818964
 0.8904132  0.8986893  0.22932534 0.0737576  0.6642305  0.1395061
 0.9307531  0.         0.3402196  0.07008104 0.4014643  0.01094855
 0.37873998 0.735445   0.         0.14157549 0.20523271 0.98497933
 0.44994625 0.07863997 0.28101048 0.         1.         0.5982868
 0.38429976 0.6641473  0.7363975  1.         0.3965468  0.73498815
 0.5069455  0.9096377  0.7776751  0.06127134 0.37568134 0.30632612
 0.90701044 0.52104175 0.65837026 0.42315707 0.28284988 0.41204238
 0.5435775  0.81022894 0.3914367  0.8496952  1.         0.333728
 0.11593629 0.8157431  0.         0.         0.6815779  0.30525005
 0.91887796 0.8174615  0.32557166 0.04729548 0.21835925 1.
 0.3047385  0.05252952 1.         1.         1.         0.31651738
 0.5341207  0.4858513  0.12277129 0.6248412  0.7674112  0.27264768
 1.         0.47078943 0.43710974 0.7772742  0.36638293 0.79819703
 0.12989475 0.23636664 1.         0.12430485 0.         1.
 0.826875   0.6605244  0.60425264 0.62633735 0.31566083 0.78846836
 0.774231   0.         1.         0.4438643  0.35112706 0.5245315
 0.1739342  0.64606005 0.7958006  0.22011279 0.6465943  1.
 0.00428871 0.20958146 0.6598576  0.6825242  0.7701399  1.
 0.         0.         0.86138713 0.99972945 0.47859925 1.
 0.05733381 0.7866494  0.40588892 0.09018541 1.         0.27154353
 0.52596027 1.         0.537791   0.07888953 0.7503742  0.31175342
 0.52516603 0.49279156 0.31319177 0.         1.         0.7230207
 0.         0.10064092 1.         0.4717148  0.89190906 0.57922226
 0.6044866  0.6353288  0.76044405 0.4836008  1.         0.
 0.55436736 0.11107451 0.876259   0.66080385 0.8801484  0.8404729
 0.8872798  1.         0.72445416 0.30009025 0.         0.9777985
 0.5064998  0.8609495  0.         1.         0.         0.26543725
 0.58447444 0.313122   0.24368352 0.9251914  0.74068165 0.
 0.         0.9493451  1.         0.42388552 0.         0.
 0.41699696 0.7391275  0.1270159  0.84522504 0.06312098]
2024-05-31 10:31:23[INFO] 
[ddpg][Episode: 0][Step: 8][Metric tpmC:10484.66 tpmTotal:23514.07 Transaction Count:23691]Reward: -0.5699933642359802 Score: -3.623645811105175 Done: False
2024-05-31 10:31:23[INFO] [ddpg][Episode: 0][Step: 8] Critic: 0.148620908547725 Actor: 0.03939434167529855
2024-05-31 10:31:23[INFO] [ddpg][Episode: 0][Step: 8] step: 108.62335300445557s env step: 108.59852480888367s train step: 0.009148597717285156s restart time: 44.566210985183716s action time: 0.0006906986236572266s
2024-05-31 10:31:23[INFO] [ddpg][Episode: 0][Step: 8][Average] step: 108.62335300445557s env step: 108.59852480888367s train step: 0.009148597717285156s restart time: 44.566210985183716s action time: 0.0009864171346028645s
2024-05-31 10:31:23[INFO] [ddpg] Action: [0.7096256  0.5785704  1.         0.6041659  1.         0.25020674
 0.3717834  0.5545049  0.44665128 0.90647686 0.13935958 0.26797172
 0.7973154  0.3034979  0.6147726  0.         0.9096759  0.51256174
 0.7096962  0.60468745 0.39168218 0.         0.5283719  0.13964121
 0.88663757 0.         0.25155163 0.0986565  0.30726436 0.
 0.358209   0.6651713  0.         0.1617177  0.1705745  0.60031676
 0.68704736 0.01026818 0.30022147 0.1506198  1.         0.7083834
 0.30384535 0.58399045 0.646073   1.         0.24885386 0.5380578
 0.18098725 1.         0.7840871  0.21471924 0.50540656 0.723883
 0.7480646  0.5526122  0.73931897 0.04672123 0.10475124 0.14168613
 0.3301087  0.5125216  0.7740036  1.         1.         0.32216063
 0.13066979 0.82524854 0.         0.6044667  0.60843366 0.36313018
 1.         0.66914684 0.3347318  0.         0.1334     1.
 0.46875182 0.2527416  1.         0.95179737 1.         0.329286
 0.39110175 0.22735158 0.41704202 0.59211016 1.         0.
 1.         0.49902636 0.41019827 1.         0.00533563 0.90007615
 0.32300952 0.6847588  1.         0.15585592 0.04979639 0.90973085
 0.73103803 0.44780716 0.54930484 0.95395154 0.37166288 0.79733413
 0.7446356  0.1562426  1.         0.52787286 0.23189703 0.7616399
 0.18636888 0.47026813 1.         0.20888369 0.54392546 1.
 0.         0.53049845 0.866402   0.81970966 1.         0.9914315
 0.4864418  0.         0.7386165  0.79832137 0.5707108  0.9629214
 0.17085147 0.90243113 0.32394448 0.05312034 1.         0.2926694
 0.8722732  0.9702219  0.4225117  0.24637488 0.6870378  0.44634056
 0.55374086 0.53725886 0.36606354 0.         1.         0.7333896
 0.22056164 0.21908817 0.5126741  0.3606564  0.8087724  0.32998532
 0.717085   0.55616647 0.89904904 0.14737232 1.         0.
 0.49549478 0.15419999 0.7881321  1.         0.9300564  0.61259997
 0.8391606  0.990804   0.62835747 0.29672435 0.         0.93124014
 0.34012985 1.         0.08886331 1.         0.         0.
 0.8625986  0.00745819 0.2731078  0.75863117 0.5326646  0.12329114
 0.3163574  0.914015   1.         0.18818337 0.         0.21714818
 0.49716973 0.66214734 0.21897444 0.8425794  0.39053884]
2024-05-31 10:33:12[INFO] 
[ddpg][Episode: 0][Step: 9][Metric tpmC:10800.81 tpmTotal:23891.86 Transaction Count:24170]Reward: -0.20232395804528924 Score: -3.825969769150464 Done: False
2024-05-31 10:33:12[INFO] [ddpg][Episode: 0][Step: 9] Critic: 0.1620854481589049 Actor: 0.039284513564780354
2024-05-31 10:33:12[INFO] [ddpg][Episode: 0][Step: 9] step: 109.00185918807983s env step: 108.9775276184082s train step: 0.00879812240600586s restart time: 44.662540435791016s action time: 0.0007112026214599609s
2024-05-31 10:33:12[INFO] [ddpg][Episode: 0][Step: 9][Average] step: 109.00185918807983s env step: 108.9775276184082s train step: 0.00879812240600586s restart time: 44.662540435791016s action time: 0.0009588956832885742s
2024-05-31 10:33:12[INFO] [ddpg] Action: [0.62167215 0.5182945  1.         0.36182642 0.82954115 0.5129429
 0.08749464 0.242627   0.5421207  0.9160304  0.         0.17333645
 0.5833205  0.33631292 0.8855238  0.         0.74470663 0.6300353
 0.8194019  0.3396581  0.14442666 0.16873647 0.49652848 0.3942437
 0.8153379  0.         0.320739   0.36980772 0.18094508 0.32957572
 0.6030841  0.9654267  0.         0.2108406  0.5579223  0.68505895
 0.7870696  0.20799488 0.3374737  0.7504487  0.7298438  0.4237083
 0.08793224 0.7532047  0.5725624  1.         0.34083334 0.5393651
 0.17221886 1.         0.89325064 0.         0.7886569  0.69044936
 0.8780417  0.03558434 0.84964013 0.         0.         0.57070404
 0.48729986 0.52879333 0.8507807  1.         0.98583937 0.76886123
 0.2703026  0.6001807  0.         0.7837691  0.8660359  0.25704688
 1.         0.545477   0.06436047 0.22873427 0.09251818 1.
 0.26642644 0.2923192  0.77468    1.         0.7500787  0.71624047
 0.16705607 0.         0.17157584 0.3457779  0.84620947 0.
 1.         0.47497895 0.32160813 0.9648327  0.5043239  0.8142767
 0.634418   0.64238745 1.         0.05465322 0.         0.95833826
 0.37180427 0.47882074 0.42868504 1.         0.31260705 0.9096807
 0.570011   0.         0.96665597 0.7470988  0.25830844 0.40715024
 0.19485812 0.3648718  0.70757633 0.459346   0.618314   0.8221156
 0.         0.70091504 0.60921913 0.5599281  0.8407751  0.77792555
 0.5629384  0.         0.44537443 0.9226829  0.48814127 1.
 0.13964228 0.87398565 0.6422529  0.         1.         0.5251727
 1.         0.46832708 0.5354806  0.25437823 0.770896   0.44939837
 0.47692788 0.3460555  0.43338475 0.07266176 0.93326205 0.51440775
 0.05816208 0.         0.6042884  0.23158962 0.56327087 0.6123519
 0.69261783 0.40309387 1.         0.22220847 1.         0.
 0.5187936  0.05725025 1.         1.         0.32607725 0.816762
 0.87496245 0.77727914 0.8503636  0.3766213  0.18525611 0.98807204
 0.68216586 0.9788035  0.04304094 0.71130097 0.         0.21628259
 0.41335604 0.2955999  0.2363612  0.7938297  0.5111346  0.07398971
 0.2494392  0.73504436 1.         0.34525192 0.13058616 0.26073554
 0.5487633  0.65332955 0.51274824 0.97247076 0.11760633]
