2024-05-31 12:03:32[INFO] 
[Env initialized][Metric tpmC: 10430.77 tpmTotal: 23167.08 Transaction Count: 23402]
2024-05-31 12:03:32[INFO] [ddpg] Action: [0.9523941  0.44211635 0.7199824  0.6356898  0.3145354  0.72183114
 0.29270238 0.45342174 0.54481244 0.6751409  0.9474291  0.39294472
 0.47017235 0.32862663 0.3979652  0.54602134 0.47137448 0.8684797
 0.10917547 0.6990061  0.46278402 0.70289767 0.12290312 0.5591149
 0.6007088  0.51080567 0.6448398  0.33395055 0.78825843 0.21516119
 0.7512354  0.42002094 0.4407655  0.53667104 0.32673952 0.36798167
 0.24302377 0.40308055 0.61382294 0.7530826  0.5577427  0.29626167
 0.6423858  0.5004799  0.6745762  0.3699679  0.3252653  0.3386507
 0.48103568 0.17943917 0.43803293 0.5105141  0.5447316  0.4666704
 0.7334807  0.6540329  0.65973425 0.8910949  0.25390458 0.31884867
 0.5810985  0.68449366 0.09823071 0.05763517 0.31446093 0.69709903
 0.505395   0.7894965  0.94313794 0.50839007 0.4242973  0.7969389
 0.3078024  0.40119344 0.3533524  0.48087606 0.24451399 0.39641097
 0.39240754 0.4146789  0.532974   0.49799305 0.5127177  0.3987455
 0.580862   0.47307557 0.56773305 0.21956296 1.         0.5885909
 0.42302456 0.57716167 0.80395555 0.60072434 0.41988167 0.95611113
 0.42433882 0.3414565  0.30841467 0.56357884 0.89541435 0.5189989
 0.1434674  0.45227146 0.31717324 0.6530148  0.5387395  0.696439
 0.9536586  0.82754815 0.5137294  0.2320434  0.70848536 0.6623352
 0.65964043 0.7064554  0.25643402 0.5926088  0.64629936 0.01197809
 0.4594895  0.13259201 0.6999832  0.5806892  0.6622379  0.7777178
 0.451295   0.03705043 0.46735847 0.5896434  0.41188684 0.26784045
 0.20535442 0.4667195  0.47218737 0.26432967 0.32196552 0.74202675
 0.3188999  0.63916636 0.2798165  0.7724341  0.68799925 0.05672553
 0.36074635 0.4402224  0.34030086 0.7857704  0.45255885 0.5927437
 0.4637113  0.56402427 0.6336125  0.21161276 0.5951974  0.772501
 0.26071823 0.50325245 0.3385349  0.42679384 0.2264165  0.6977718
 0.3973297  0.6163948  0.69195646 0.8491163  0.284075   0.45863324
 0.20463662 0.6160838  0.3948136  0.18213625 0.5896705  0.5661514
 0.6323077  0.3151658  0.28155997 0.75450283 0.5478035  0.3611772
 0.5920105  0.49836195 0.37736762 0.5209418  0.8223948  0.26135764
 0.400715   0.5405434  0.49586064 0.5384007  0.7773858  0.49720344
 0.48970523 0.3804712  0.38808742 0.37722063 0.62263364]
2024-05-31 12:05:16[INFO] 
[ddpg][Episode: 0][Step: 0][Metric tpmC:10628.06 tpmTotal:23558.22 Transaction Count:23761]Reward: 38908.47429452036 Score: 0.038908474294520365 Done: False
2024-05-31 12:05:16[INFO] [ddpg][Episode: 0][Step: 0] step: 103.83681511878967s env step: 103.82646870613098s train step: 0.0s restart time: 39.55145883560181s action time: 0.0025169849395751953s
2024-05-31 12:05:16[INFO] [ddpg][Episode: 0][Step: 0][Average] step: 103.83681511878967s env step: 103.82646870613098s train step: 0.0s restart time: 39.55145883560181s action time: 0.0025169849395751953s
2024-05-31 12:05:16[INFO] [ddpg] Action: [0.82152194 0.84787333 0.953924   0.7654394  0.35351005 0.65934694
 0.28945035 0.75412583 0.5904227  0.4628749  0.9191221  0.48707706
 0.35827118 0.3300527  0.25404882 0.41031367 0.29322842 0.65303826
 0.         0.686682   0.77673364 0.7186672  0.33109108 0.48617503
 0.57946104 0.4312224  0.91354865 0.10825167 1.         0.24192499
 0.5561177  0.22446272 0.6365294  0.5364894  0.25257447 0.6297373
 0.19652155 0.77107525 0.53927374 0.63311386 0.37540042 0.4765377
 0.79005295 0.11280721 0.55420893 0.5355225  0.30950338 0.12424079
 0.35164142 0.44453922 0.3438198  0.7588946  0.8799061  0.39660683
 0.7972544  0.4790072  1.         0.6284747  0.05621146 0.73079234
 0.45346105 0.54121506 0.5554862  0.27758577 0.3184919  0.37771383
 0.59287864 1.         0.77720666 0.7084364  0.5692331  0.7370726
 0.4085142  0.23115303 0.2418725  0.53654534 0.299367   0.1576549
 0.75489694 0.6444566  0.67092484 0.47623074 0.96241015 0.49166963
 0.4076441  0.13608062 0.22931862 0.5872749  1.         0.43079537
 0.6574609  0.55306464 0.6804917  0.45563537 0.4369675  0.79012835
 0.63673913 0.48133126 0.04935034 0.79405767 1.         0.39596948
 0.04451372 0.5053734  0.55628604 0.9572743  0.7144956  0.7893334
 0.89734036 0.5049607  0.570661   0.44254515 0.5591934  0.88473153
 0.3747409  0.42075697 0.3212745  0.46688038 0.71618384 0.2852132
 0.2594973  0.31357434 0.7732954  0.78563076 0.73557824 0.7261452
 0.         0.         0.62473226 0.46287817 0.45208395 0.46029523
 0.27805904 0.3093001  0.69785124 0.32806918 0.13751951 0.6919511
 0.2492394  0.7509828  0.26719958 0.7721153  0.9349584  0.
 0.6175507  0.41588968 0.24329369 0.7400003  0.00464648 0.77120924
 0.39634627 0.82426095 0.5729144  0.0338171  0.48253113 0.5775788
 0.32081947 0.72536427 0.3283491  0.30301452 0.46308577 0.7896331
 0.29722553 0.44576237 0.9120806  1.         0.21224657 0.83710605
 0.13859078 0.5063003  0.12182532 0.21152838 0.69609237 0.59250337
 0.88027    0.6804135  0.06483293 0.60871106 0.7752148  0.41513252
 0.46727556 0.33819455 0.3213429  0.4577779  0.7572125  0.
 0.3496086  0.26198757 0.45255056 0.72755545 0.5988559  0.5120539
 0.40416372 0.37132064 0.6985768  0.19426629 0.6136347 ]
2024-05-31 12:07:00[INFO] 
[ddpg][Episode: 0][Step: 1][Metric tpmC:10662.19 tpmTotal:23564.59 Transaction Count:23877]Reward: 0 Score: 0.038908474294520365 Done: False
2024-05-31 12:07:00[INFO] [ddpg][Episode: 0][Step: 1] step: 103.92674136161804s env step: 103.91958618164062s train step: 0.0s restart time: 39.54320287704468s action time: 0.0010929107666015625s
2024-05-31 12:07:00[INFO] [ddpg][Episode: 0][Step: 1][Average] step: 103.92674136161804s env step: 103.91958618164062s train step: 0.0s restart time: 39.54320287704468s action time: 0.001804947853088379s
2024-05-31 12:07:00[INFO] [ddpg] Action: [0.45865852 0.6330286  0.9994651  1.         0.13756856 0.5594708
 0.34357977 1.         0.6810826  0.5998064  0.9280815  0.6273701
 0.5769755  0.30738276 0.19936836 0.4009027  0.5672793  0.5794847
 0.         0.62926525 0.7847253  0.6313679  0.4817662  0.3467758
 0.39817166 0.6850542  0.854265   0.08105651 0.8016078  0.48818994
 0.19623466 0.3838515  0.37105134 0.42333817 0.7466308  0.5078395
 0.34770632 0.8392403  0.39896047 0.774574   0.49837014 0.4293667
 0.98939943 0.0824847  0.50467426 0.6283438  0.306874   0.25236583
 0.         0.49966785 0.5793624  0.3374516  0.8091774  0.6817276
 0.2073349  0.52914757 0.96578425 1.         0.4264921  0.63697034
 0.5299371  0.3597809  0.38396117 0.33575937 0.21025074 0.587964
 0.8501566  0.90146744 0.90276223 0.64622843 0.6101383  0.33048388
 0.5574296  0.31677994 0.37782452 0.22738    0.45468864 0.10714469
 0.94799304 0.66292053 0.42515057 0.20708483 0.74392575 0.6308722
 0.44909889 0.18685028 0.15899968 0.42513287 1.         0.6647967
 0.85555065 0.41418698 0.6272934  0.27985704 0.6171733  0.4399055
 0.7471053  0.38528317 0.25652838 0.92991614 1.         0.22434397
 0.19156566 0.70462906 0.36835352 0.9801198  0.8272383  0.8899561
 0.5289808  0.3947444  0.9398603  0.70664287 1.         0.8429259
 0.39551046 0.05732939 0.2998553  0.318716   0.5263753  0.2501665
 0.02043162 0.50364864 0.568509   0.501753   0.8058507  0.47257096
 0.06057843 0.0794208  0.4631928  0.25832593 0.43899792 0.07719634
 0.15609397 0.4751537  0.72757    0.3758002  0.         0.6654455
 0.3304526  0.8200212  0.4269923  0.7665752  0.66704714 0.
 0.7926928  0.56706935 0.         0.7876453  0.2516083  0.8762065
 0.25108057 1.         0.4921927  0.00349724 0.3484405  0.8238633
 0.24209817 0.5728426  0.36641303 0.50423676 0.2633688  0.65750796
 0.38492244 0.28769544 0.5112376  0.9913273  0.17286009 0.72293967
 0.23015125 0.20064393 0.22991051 0.4317341  0.5730547  0.38850036
 0.9848371  0.68571794 0.         0.48326516 0.38559318 0.37659773
 0.         0.51978487 0.20282148 0.265956   0.         0.00861173
 0.58881503 0.6507067  0.37460196 0.85563254 0.6771365  0.7274011
 0.594385   0.52532095 0.6425359  0.31852433 0.63491744]
2024-05-31 12:08:44[INFO] 
[ddpg][Episode: 0][Step: 2][Metric tpmC:10127.61 tpmTotal:22772.95 Transaction Count:22901]Reward: -0.06530700673322556 Score: -0.0263985324387052 Done: False
2024-05-31 12:08:44[INFO] [ddpg][Episode: 0][Step: 2] Critic: 1513868672.0 Actor: -0.08700824901461601
2024-05-31 12:08:44[INFO] [ddpg][Episode: 0][Step: 2] step: 104.4543297290802s env step: 103.69893264770508s train step: 0.37407004833221436s restart time: 39.761297941207886s action time: 0.0008969306945800781s
2024-05-31 12:08:44[INFO] [ddpg][Episode: 0][Step: 2][Average] step: 104.4543297290802s env step: 103.69893264770508s train step: 0.37407004833221436s restart time: 39.761297941207886s action time: 0.0015022754669189453s
2024-05-31 12:08:44[INFO] [ddpg] Action: [0.5604128  0.48650575 1.         0.48915365 0.13334964 0.3640584
 0.36719257 0.96236974 0.59102744 0.52512544 0.7764173  0.8695687
 0.7585207  0.20596175 0.06466765 0.49229613 0.4062739  0.49218583
 0.         0.64848065 0.6471325  0.49319738 0.6012773  0.4121131
 0.72939175 0.5943791  0.8752203  0.00790372 0.69106156 0.18800369
 0.471462   0.37576318 0.35069987 0.66696256 1.         0.39560598
 0.17690831 0.8891082  0.5095762  0.7450427  0.66059715 0.6441389
 1.         0.17235106 0.5838412  0.7054079  0.21466428 0.
 0.         0.5877812  0.50750285 0.23432443 1.         0.8640857
 0.2121032  0.5854232  0.8167674  0.80778074 0.46208513 0.7309461
 0.55498093 0.01515165 0.48624948 0.18849444 0.32348204 0.67817473
 0.7387312  0.7744378  0.62058717 0.6268331  0.32581112 0.4657892
 0.38008323 0.30122852 0.54950166 0.1693171  0.45803538 0.23959383
 1.         0.39384907 0.8012402  0.         0.7616566  0.6191194
 0.7015618  0.29604313 0.47435197 0.18609057 1.         0.45242888
 0.8782849  0.57128453 0.56532764 0.15837783 0.6632554  0.2558687
 0.63034874 0.3125592  0.41745925 0.9068052  1.         0.31351894
 0.         0.4132924  0.31656155 0.76091975 0.5818931  1.
 1.         0.07858097 0.863049   0.733849   0.81974566 0.9366656
 0.20667231 0.         0.5676538  0.3115183  0.566242   0.31710157
 0.2700621  0.5872061  0.6012395  0.45935753 0.7941618  0.66108215
 0.61399853 0.         0.4607678  0.6342959  0.42987922 0.
 0.24822304 0.59269285 0.7084076  0.4409004  0.         0.6377495
 0.5641735  0.7206088  0.40662077 0.7320859  0.7074176  0.
 0.897845   0.63864744 0.         0.75461626 0.36248434 0.8188541
 0.03057801 1.         0.32118577 0.5205893  0.         0.7708275
 0.23919001 0.70930547 0.39009348 0.16964738 0.54402834 0.7445563
 0.45615324 0.84959495 0.7017458  1.         0.         0.32321972
 0.420824   0.18292628 0.76903284 0.4083055  0.56163085 0.74960345
 0.6662171  0.5669253  0.05425072 0.5535655  0.59387857 0.2491305
 0.08515969 0.67850214 0.         0.14673941 0.         0.
 0.51605076 0.7267357  0.16873403 1.         0.8250575  0.8602423
 0.4742267  0.74378264 0.5662997  0.5561558  0.77476394]
2024-05-31 12:10:28[INFO] 
[ddpg][Episode: 0][Step: 3][Metric tpmC:10039.38 tpmTotal:22359.04 Transaction Count:22424]Reward: -0.0852595827239433 Score: -0.1116581151626485 Done: False
2024-05-31 12:10:28[INFO] [ddpg][Episode: 0][Step: 3] Critic: 1513868608.0 Actor: -0.08734419383108616
2024-05-31 12:10:28[INFO] [ddpg][Episode: 0][Step: 3] step: 103.47858667373657s env step: 103.44982743263245s train step: 0.008564233779907227s restart time: 39.532708406448364s action time: 0.0007295608520507812s
2024-05-31 12:10:28[INFO] [ddpg][Episode: 0][Step: 3][Average] step: 103.47858667373657s env step: 103.44982743263245s train step: 0.008564233779907227s restart time: 39.532708406448364s action time: 0.0013090968132019043s
2024-05-31 12:10:28[INFO] [ddpg] Action: [0.58556056 0.59253323 0.75929344 0.64877    0.         0.50039375
 0.5480482  0.62951946 0.7943342  0.69162595 0.6229831  0.5900251
 0.8566644  0.35635358 0.         0.48387647 0.22908868 0.5696782
 0.         0.5081428  0.19852544 0.7093184  0.5711216  0.45741543
 0.45465502 0.79274374 1.         0.20101878 0.4953391  0.09770653
 0.4065717  0.46000874 0.         0.9436754  0.9792156  0.7229431
 0.30038688 1.         0.5233659  0.61166406 0.61158365 0.37578177
 0.8815915  0.13773893 0.73524594 0.9133062  0.         0.
 0.         0.6198616  0.7083543  0.13687478 0.8597241  0.461111
 0.2512703  0.7247813  0.7983671  1.         0.18053646 0.9154785
 0.72486985 0.         0.67179716 0.59919673 0.596503   0.8864444
 0.54222715 0.9195196  0.580227   0.88013107 0.3460634  0.47728986
 0.305279   0.18971662 0.71732897 0.25882068 0.4145818  0.16187283
 1.         0.41848212 0.60167205 0.         0.98684734 0.6078866
 0.7734314  0.         0.36976534 0.16302837 1.         0.3084283
 0.43786687 0.56878394 0.3212506  0.46889597 0.52904105 0.23629619
 0.37408164 0.0339936  0.34577203 0.8216843  0.926182   0.39884168
 0.         0.12816186 0.27601334 0.9036974  0.4753173  1.
 0.9559878  0.19785735 0.5839483  0.6304439  0.33211866 0.37641805
 0.6985271  0.         0.22750664 0.25790974 0.44506392 0.726158
 0.06901635 0.7817353  0.8897512  0.38883612 1.         0.6544484
 0.42490974 0.         0.6656044  0.37325257 0.43506145 0.
 0.27287996 0.68264556 0.52029866 0.22619173 0.         0.5549836
 0.22165848 0.5155217  0.4414317  0.71716785 0.40795526 0.
 0.727536   0.28623852 0.         0.7524869  0.19510621 0.6888914
 0.32298025 1.         0.11083149 0.24004218 0.20389211 0.99556965
 0.6621331  0.28253457 0.22311853 0.35744888 0.4656143  0.8293761
 0.5826218  0.97672176 0.3595424  1.         0.04445052 0.4293415
 0.4301418  0.18557478 0.6945481  0.6750738  0.38578656 0.69131917
 0.4752387  0.36898756 0.         1.         0.599587   0.27565616
 0.09908182 0.3440345  0.         0.         0.         0.45782456
 0.7946731  0.77625597 0.         1.         1.         0.92068356
 0.39010644 0.8848249  0.42946082 0.5901099  0.8007689 ]
2024-05-31 12:12:12[INFO] 
[ddpg][Episode: 0][Step: 4][Metric tpmC:10408.61 tpmTotal:23044.89 Transaction Count:23244]Reward: -0.004605007098467931 Score: -0.11626312226111643 Done: False
2024-05-31 12:12:12[INFO] [ddpg][Episode: 0][Step: 4] Critic: 1513868586.6666667 Actor: -0.08781729514400165
2024-05-31 12:12:12[INFO] [ddpg][Episode: 0][Step: 4] step: 103.63371992111206s env step: 103.60960268974304s train step: 0.008600831031799316s restart time: 39.54260468482971s action time: 0.000705718994140625s
2024-05-31 12:12:12[INFO] [ddpg][Episode: 0][Step: 4][Average] step: 103.63371992111206s env step: 103.60960268974304s train step: 0.008600831031799316s restart time: 39.54260468482971s action time: 0.0011884212493896485s
2024-05-31 12:12:12[INFO] [ddpg] Action: [0.37980998 0.75963897 0.71467155 0.4647769  0.         0.40422398
 0.4989588  0.7119145  0.76562715 0.7730825  0.48784262 0.6552631
 0.7127007  0.3213823  0.         0.40304136 0.6958682  0.37219098
 0.0493909  0.80016464 0.331717   0.7554388  0.18239541 0.
 0.83159125 0.9400692  0.73413354 0.19420199 0.28752634 0.30775467
 0.40624583 0.19440456 0.         0.8357489  1.         0.6120131
 0.3838734  0.90968126 0.5516328  0.66833353 0.6145262  0.7044495
 0.9370936  0.13259801 0.2632192  0.8523518  0.4742552  0.
 0.         0.76669437 0.682444   0.45179087 0.55750155 0.15326554
 0.01838452 0.47916746 0.5665981  1.         0.         0.72349584
 1.         0.09516364 0.34951594 0.623617   0.77291834 0.7339519
 0.4099466  0.46597    0.61841446 1.         0.4225346  0.32420662
 0.         0.6572598  0.6812627  0.03990693 0.8865923  0.
 1.         0.41416675 0.5587261  0.         0.9592235  0.73692244
 0.7506464  0.09964945 0.24515146 0.28758276 1.         0.36989674
 0.3324121  0.66519225 0.6336683  0.5934117  0.37583885 0.3011662
 0.23708086 0.4800369  0.01663645 0.88931215 0.91951495 0.03669364
 0.29789048 0.1942607  0.23393    0.91546154 0.7481293  0.6806571
 0.7847256  0.         0.62658215 0.53120744 0.4116268  0.6170801
 0.77840215 0.         0.         0.29607123 0.08333242 0.5765103
 0.17461438 0.79693663 0.8686761  0.19751233 0.87036747 0.7569381
 0.42431232 0.         0.67210317 0.5994514  0.5511345  0.18628913
 0.189426   0.56006825 0.45324153 0.5419142  0.         0.4289211
 0.24600087 0.59846425 0.31960067 0.70626247 0.54827136 0.
 1.         0.02855591 0.         0.5789743  0.02437672 0.8189006
 0.07114531 1.         0.11968954 0.16366379 0.32955942 0.8628331
 0.38823494 0.         0.         0.3472675  0.50165987 0.78657204
 0.59294873 0.9950911  0.35867804 0.99811053 0.3446955  0.55884403
 0.83194613 0.44458327 0.47325188 0.6910185  0.24493779 1.
 0.04280749 0.6070334  0.         0.8694693  0.75865036 0.20179467
 0.13093185 0.16029656 0.08326143 0.11192282 0.06201266 0.45113733
 0.38966292 0.82590353 0.         0.86975795 0.9827114  0.6722421
 0.48221865 1.         0.43237984 0.47143275 0.94768006]
2024-05-31 12:14:00[INFO] 
[ddpg][Episode: 0][Step: 5][Metric tpmC:11272.88 tpmTotal:24786.85 Transaction Count:24973]Reward: 0 Score: -0.11626312226111643 Done: False
2024-05-31 12:14:00[INFO] [ddpg][Episode: 0][Step: 5] Critic: 1513868592.0 Actor: -0.08826160337775946
2024-05-31 12:14:00[INFO] [ddpg][Episode: 0][Step: 5] step: 108.65897107124329s env step: 108.63197207450867s train step: 0.009652972221374512s restart time: 44.6346218585968s action time: 0.0007367134094238281s
2024-05-31 12:14:00[INFO] [ddpg][Episode: 0][Step: 5][Average] step: 108.65897107124329s env step: 108.63197207450867s train step: 0.009652972221374512s restart time: 44.6346218585968s action time: 0.001113136609395345s
2024-05-31 12:14:00[INFO] [ddpg] Action: [0.46765012 0.43155053 0.6290191  0.         0.         0.5679678
 0.25875512 0.6552594  0.6547281  0.7694     0.8027138  0.448361
 0.5671186  0.49681976 0.         0.21221735 1.         0.
 0.12399568 0.65602106 0.         0.56711775 0.6540203  0.
 0.8707723  0.8963275  0.9367219  0.41057134 0.24340907 0.20554887
 0.4994735  0.36386654 0.21160997 0.81370425 1.         0.4621116
 0.17597987 0.82696587 0.71129173 0.73025095 0.6318864  0.7537211
 0.61910987 0.36406913 0.14247301 1.         0.4202697  0.
 0.         0.47760496 0.7370822  0.13677484 0.58659697 0.26708338
 0.3611937  0.39819357 0.48007184 1.         0.21928102 0.6380308
 0.70798445 0.         0.5965079  0.79053    0.41758204 0.9443548
 0.13388307 0.2259015  0.45913202 0.7936032  0.60134035 0.0727758
 0.04307782 0.48093548 0.8254069  0.05927299 0.45448688 0.
 1.         0.08676091 0.26937854 0.         1.         0.41450408
 0.90972275 0.2148995  0.14720252 0.42293185 1.         0.30533615
 0.5509574  0.6467158  0.5854704  0.4026157  0.5326366  0.7979862
 0.32404655 0.5191193  0.04844709 1.         0.5849695  0.
 0.6313311  0.3546888  0.20824766 1.         0.7286303  0.9409513
 0.76284194 0.06457145 0.08861743 0.42586878 0.17522915 0.62789583
 0.77004343 0.         0.19219333 0.47278625 0.         0.40032136
 0.3066858  0.6825925  0.92170906 0.41151863 1.         0.827346
 0.7611156  0.         0.53770685 0.72966486 0.4515612  0.18694274
 0.5035996  0.83923215 0.6197072  1.         0.         0.5338618
 0.49310005 0.35213068 0.22506016 0.75336134 0.16535558 0.
 1.         0.35941982 0.         0.67910355 0.         0.8719488
 0.05361421 1.         0.         0.10079721 0.28929582 0.68278563
 0.6366927  0.28367165 0.41627017 0.5713286  0.01134998 0.990729
 0.66024655 0.86327523 0.3590226  0.9034329  0.48632786 0.56551117
 0.647511   0.5411266  0.4031881  0.7454467  0.25147796 0.7484491
 0.36226618 0.08854827 0.         0.6113597  0.38447672 0.14164943
 0.30866933 0.         0.01272768 0.05459312 0.48263374 0.66329163
 0.67162406 1.         0.179173   0.94013894 0.590168   0.78257096
 0.46979314 1.         0.5684912  0.27701727 0.8845977 ]
2024-05-31 12:15:44[INFO] 
[ddpg][Episode: 0][Step: 6][Metric tpmC:10343.52 tpmTotal:22917.14 Transaction Count:23059]Reward: -0.018284059393172968 Score: -0.1345471816542894 Done: False
2024-05-31 12:15:44[INFO] [ddpg][Episode: 0][Step: 6] Critic: 1513868582.4 Actor: -0.08859108462929725
2024-05-31 12:15:44[INFO] [ddpg][Episode: 0][Step: 6] step: 103.61062908172607s env step: 103.58601903915405s train step: 0.00870370864868164s restart time: 39.59820294380188s action time: 0.0009264945983886719s
2024-05-31 12:15:44[INFO] [ddpg][Episode: 0][Step: 6][Average] step: 103.61062908172607s env step: 103.58601903915405s train step: 0.00870370864868164s restart time: 39.59820294380188s action time: 0.0010864734649658203s
2024-05-31 12:15:44[INFO] [ddpg] Action: [0.7145622  0.58300436 0.5534679  0.0731573  0.07663359 0.6930441
 0.17383325 0.8454571  0.7828993  0.8654974  0.5272611  0.25915286
 0.6191654  0.42442322 0.         0.38633576 1.         0.
 0.22712576 0.603585   0.         0.08203437 0.29559904 0.
 0.78687674 0.7725239  0.50426733 0.4721713  0.15043657 0.1497386
 0.6550831  0.48095077 0.18451096 0.98698586 1.         0.6914751
 0.24181446 0.627519   0.8574439  0.9677253  0.8551632  0.44947937
 0.51569784 0.3862388  0.12567115 0.9991515  0.2758751  0.
 0.         0.6830881  0.58610994 0.2483078  0.42667    0.38188216
 0.49081877 0.56448245 0.30849835 0.9484218  0.5066452  0.5150745
 0.30717006 0.         0.51190233 0.6444492  0.41187704 0.71656454
 0.         0.2500386  0.36224487 0.77372956 0.411629   0.
 0.18148603 0.5555354  0.46563086 0.08777975 0.33583406 0.03753748
 0.7401682  0.         0.25480843 0.         0.95798486 0.50017667
 0.786747   0.34058228 0.         0.7906657  1.         0.44593233
 0.44264877 0.56131315 0.52448326 0.3908562  0.4479942  1.
 0.6547455  0.5196863  0.         1.         0.6571526  0.
 0.7969252  0.6666361  0.11401957 0.9491008  0.7300884  0.5800291
 0.38644293 0.         0.4176336  0.7674288  0.21459669 0.629325
 0.859751   0.         0.6590897  0.13887194 0.22325957 0.23858246
 0.15908164 0.5169409  0.41957453 0.54617125 1.         0.5448387
 0.4808632  0.15516073 0.8615425  0.47635153 0.7932515  0.33654872
 0.44217527 0.6721321  0.78723687 0.81066126 0.         0.62777376
 0.40475425 0.14117996 0.5962555  0.72094256 0.2507963  0.12565105
 1.         0.08678052 0.24338108 0.6241355  0.31296015 0.69823426
 0.04814573 0.77107704 0.07214188 0.15543684 0.         0.6663157
 0.4349632  0.48236075 0.39522457 0.5198662  0.         0.81424063
 0.6118107  0.6682718  0.51516026 0.9196897  0.5616666  0.69993085
 0.85374856 0.6325606  0.24965689 0.8723212  0.38657823 1.
 0.22440493 0.3593288  0.         0.38969466 0.4121156  0.14232236
 0.5621079  0.         0.15543358 0.47453123 0.44405434 0.5187082
 0.87270397 0.9748943  0.15126346 0.6843271  0.65470326 0.8234419
 0.5045568  1.         0.46369284 0.         1.        ]
2024-05-31 12:17:33[INFO] 
[ddpg][Episode: 0][Step: 7][Metric tpmC:10736.83 tpmTotal:23678.25 Transaction Count:24079]Reward: 0 Score: -0.1345471816542894 Done: False
2024-05-31 12:17:33[INFO] [ddpg][Episode: 0][Step: 7] Critic: 1513868576.0 Actor: -0.08881833342214425
2024-05-31 12:17:33[INFO] [ddpg][Episode: 0][Step: 7] step: 109.34021520614624s env step: 109.31548190116882s train step: 0.009009480476379395s restart time: 44.73795700073242s action time: 0.0007100105285644531s
2024-05-31 12:17:33[INFO] [ddpg][Episode: 0][Step: 7][Average] step: 109.34021520614624s env step: 109.31548190116882s train step: 0.009009480476379395s restart time: 44.73795700073242s action time: 0.0010394155979156494s
2024-05-31 12:17:33[INFO] [ddpg] Action: [0.61803067 0.66478425 0.48112535 0.         0.19652858 0.68292046
 0.02247684 0.5579929  0.32204208 0.8984132  0.5310096  0.36295447
 0.8762966  0.39701992 0.         0.24301666 1.         0.
 0.5709636  0.9226662  0.29897314 0.5538157  0.40427053 0.
 0.5464418  0.5637722  0.02851462 0.6293005  0.34441864 0.
 0.48189756 0.5292398  0.42482474 0.7532865  1.         0.33099976
 0.65900975 0.91953385 0.84145594 1.         0.7864948  0.24011327
 0.54638416 0.76676476 0.4458601  1.         0.42124206 0.
 0.10799206 1.         0.46802348 1.         0.5064589  0.38766816
 0.7008118  0.5758454  0.06646789 0.84961885 0.75288445 0.27388737
 0.2133455  0.07285424 0.5729825  0.5494236  0.34275767 0.8494644
 0.         0.05741412 0.44074205 0.5191003  0.66945565 0.07332519
 0.2880468  0.25532547 0.31810674 0.01948165 0.13767293 0.67129415
 0.68227184 0.12245996 0.51562893 0.         0.9570908  0.9118256
 0.9021001  0.513872   0.10381145 1.         1.         0.4783154
 0.48404118 0.5438727  0.5075007  0.3463767  0.30203313 1.
 0.6948099  0.         0.         0.81461424 0.31913242 0.
 0.95594877 0.5075138  0.14773476 0.99256784 1.         0.63400626
 0.07187828 0.06494522 0.4027921  0.7863762  0.2971169  0.5213613
 0.9591178  0.         0.8089491  0.27453893 0.4727386  0.1217856
 0.03141945 0.31807745 0.4789678  0.35133016 1.         0.6622295
 0.4850756  0.3535967  0.76793545 0.40389085 0.9833065  0.52929354
 0.56746787 0.7852964  0.22205125 0.74462795 0.05609466 0.43864745
 0.59542567 0.         0.59310067 0.7953735  0.21038818 0.10050635
 1.         0.34960896 0.37758654 0.6812934  0.3950124  0.43517172
 0.05222551 1.         0.04286359 0.20283362 0.26436475 0.8901985
 0.5151553  0.5401145  0.33038816 0.5831309  0.36672273 0.35726514
 0.5411339  0.76149863 0.3654135  0.84184027 0.32222614 0.7170851
 0.7217452  0.71118915 0.53680456 0.6937499  0.3485801  1.
 0.23645927 0.48058835 0.         0.4542905  0.43855014 0.14477937
 0.64652985 0.         0.65531176 0.63124114 0.20607536 0.73466283
 0.5879614  0.7280731  0.73552346 0.59639364 0.8031791  0.47659114
 0.87143826 1.         0.45981684 0.         1.        ]
