2024-05-30 23:12:47[INFO] 
[Env initialized][Metric tpmC: 8987.07 tpmTotal: 19948.78 Transaction Count: 19992]
2024-05-30 23:12:47[INFO] [ddpg] Action: [0.63155216 0.5213999  0.3536596  0.39195675 0.34220538 0.5577209
 0.2958947  0.34741166 0.58144754 0.5977276  0.19554172 0.923264
 0.4732008  0.32736763 0.7430359  0.55036265 0.51577234 0.53750545
 0.5296598  0.5119551  0.60229206 0.4251907  0.5525246  0.5099086
 0.49718016 0.58951783 1.         0.52611953 0.42902878 0.40761292
 0.30967733 0.66418725 0.8252732  0.7539597  0.23270273 0.5585894
 0.7177994  0.32211378 0.5312675  0.83847684 0.70940006 0.7172649
 0.3929649  0.53315955 0.34873223 0.40492415 0.4787269  0.7165815
 0.59786844 0.34713098 0.3338463  0.10679746 0.25719535 0.21057764
 0.690813   0.70836747 0.37512156 0.45450103 0.6367504  0.11198086
 0.29332265 0.7425658  0.64247614 0.71576375 0.11601367 0.57575065
 0.7823714  0.51993626 0.35545567 0.44202748 0.46296686 0.16836299
 0.28920224 0.56050485 0.41989368 0.70694536 0.6557004  0.4465104
 0.7569306  0.38697714 0.6455817  0.323126   0.33698082 0.08714727
 0.36308503 0.525809   0.5589833  0.5824879  0.5883259  0.6419403
 0.47853246 0.73854625 0.6259292  0.73581487 0.49465126 0.6797649
 0.33484653 0.2113061  0.73749375 0.         0.5899248  0.5698634
 0.63177323 0.5876107  0.41088355 0.4723493  0.7504592  0.5639182
 0.5090315  0.56089956 0.5280558  0.34138572 0.44357994 0.46785793
 0.5888498  0.24150564 0.38187176 0.19874622 0.88782793 0.28566033
 0.70404685 0.5177333  0.58555585 0.57337797 0.53769636 0.51069015
 0.5283388  0.7011025  0.65721786 0.5588011  0.4459213  0.6688728
 0.6808433  0.68884385 0.47661158 0.14200854 0.01606321 0.61177653
 0.4780628  0.5449688  0.47144082 0.         0.39752066 0.2852113
 0.         0.45780492 0.18461043 0.5729547  0.34442562 0.8151749
 0.265614   0.50879544 0.         1.         0.3223747  0.73317105
 0.9551791  0.40705794 0.7818082  0.5340607  0.2294818  0.37590587
 0.835531   0.37699333 1.         0.6433171  0.846611   0.44061008
 0.59864694 0.84751064 0.46571618 0.24832633 0.21047068 0.38732
 0.440282   0.34697658 0.82111156 0.25919014 0.21165526 0.15684319
 0.5183797  0.6452793  0.31939292 0.6488677  0.45438394 0.53252846
 0.4016775  0.5603047  0.37890896 0.5607946  0.74195373 0.63258576
 0.4108792  0.38319588 0.40680945 0.5913418  0.6040935 ]
2024-05-30 23:14:30[INFO] 
[ddpg][Episode: 0][Step: 0][Metric tpmC:10543.21 tpmTotal:23342.56 Transaction Count:23454]Reward: -0.08262265565203236 Score: -0.08262265565203236 Done: False
2024-05-30 23:14:30[INFO] [ddpg][Episode: 0][Step: 0] step: 103.7201292514801s env step: 103.36654210090637s train step: 0.0s restart time: 39.54242420196533s action time: 0.0026819705963134766s
2024-05-30 23:14:30[INFO] [ddpg][Episode: 0][Step: 0][Average] step: 103.7201292514801s env step: 103.36654210090637s train step: 0.0s restart time: 39.54242420196533s action time: 0.0026819705963134766s
2024-05-30 23:14:30[INFO] [ddpg] Action: [0.48193884 0.51089185 0.27008456 0.33734035 0.46726274 0.43894824
 0.         0.5200601  0.5782519  0.21701165 0.2965825  0.71861523
 0.24263644 0.4348403  0.6882549  0.7946368  0.6881567  1.
 0.47286645 0.48670152 0.26166943 0.46489123 0.6344842  0.9898413
 0.5089661  0.79657704 1.         0.49596968 0.3889216  0.4822047
 0.10764481 0.47860888 1.         0.83138186 0.5432423  0.6464705
 0.6362368  0.5077089  0.7325293  1.         0.7361094  0.5594968
 0.35236478 0.36876297 0.23356085 0.03798492 0.28416443 0.5448909
 0.6944474  0.28754735 0.30103046 0.12632142 0.2738711  0.32504433
 0.70600766 0.5011399  0.18439558 0.5429979  0.90704614 0.
 0.04703285 1.         0.44712278 0.4602913  0.50359017 0.8848706
 0.7835849  0.49825314 0.2372565  0.70593846 0.45239654 0.22917417
 0.23030682 0.63834125 0.2216014  0.6334816  0.52292097 0.5539655
 0.40474862 0.20005345 0.9034843  0.41501257 0.1385359  0.05682686
 0.5560896  0.5227358  0.87789845 0.67021143 0.6153626  0.591856
 0.6079568  0.49207827 0.65759045 0.5244085  0.60953385 0.6927406
 0.10457019 0.         0.49508312 0.         0.6471345  0.43340048
 0.70266837 0.30781737 0.5691244  0.48123446 0.68428093 0.7237145
 0.5993036  0.2492811  0.8709348  0.45172504 0.53265387 0.4916706
 0.43627667 0.59439784 0.55267525 0.         0.6941192  0.44470435
 0.32628164 0.6542017  0.916381   0.7857505  0.4437349  0.2603564
 0.67896104 0.94083285 0.73807746 0.2696803  0.5279616  0.3372722
 0.68384445 0.63024545 0.8871912  0.30800667 0.21411851 0.58046293
 0.4148921  0.5984992  0.54389197 0.         0.5534779  0.06420749
 0.         0.19440429 0.06265152 0.7457755  0.31295496 0.72186565
 0.         0.42380378 0.         0.8315987  0.5584709  1.
 0.67980754 0.48127052 1.         0.47554445 0.44947243 0.46859756
 0.7748458  0.4882833  1.         0.83934253 0.71195525 0.39675435
 0.75274944 0.93979764 0.4759913  0.42701113 0.         0.
 0.35936767 0.24336831 0.6372475  0.31521544 0.2340003  0.02423684
 0.4529321  0.88548505 0.44921556 0.40984643 0.36112756 0.31719053
 0.40595156 0.4622655  0.44487557 0.2678568  0.64274895 0.4540934
 0.4668295  0.4024244  0.23333794 0.45271316 0.49956688]
2024-05-30 23:16:19[INFO] 
[ddpg][Episode: 0][Step: 1][Metric tpmC:10559.93 tpmTotal:23548.25 Transaction Count:23592]Reward: -0.23887370612315822 Score: -0.3214963617751906 Done: False
2024-05-30 23:16:19[INFO] [ddpg][Episode: 0][Step: 1] step: 108.29959154129028s env step: 108.29227685928345s train step: 0.0s restart time: 44.592684745788574s action time: 0.0009546279907226562s
2024-05-30 23:16:19[INFO] [ddpg][Episode: 0][Step: 1][Average] step: 108.29959154129028s env step: 108.29227685928345s train step: 0.0s restart time: 44.592684745788574s action time: 0.0018182992935180664s
2024-05-30 23:16:19[INFO] [ddpg] Action: [0.01822612 0.7362481  0.35319003 0.2808638  0.28932834 0.22921668
 0.         0.5718139  0.6926205  0.0865123  0.33856496 0.508045
 0.09302421 0.12792327 0.85257745 1.         0.5070099  1.
 0.517469   0.47459868 0.47046444 0.25750336 0.5112263  0.65606064
 0.5662394  0.91918826 1.         0.49658626 0.40231088 0.26423055
 0.34723747 0.29560515 1.         1.         0.49458367 0.699661
 0.823574   0.528134   0.72243464 0.76364994 0.7674484  0.75027233
 0.69047505 0.28287512 0.16608344 0.36217847 0.3257259  0.38798863
 0.51324904 0.32948273 0.39501825 0.40710762 0.2562024  0.16305672
 0.89471316 0.509758   0.23319244 0.6125328  0.6751632  0.04380447
 0.         0.85626024 0.25707144 0.5324082  0.37342936 1.
 0.58784395 0.28618288 0.30498382 0.5371438  0.7619721  0.27043265
 0.4890963  0.59136075 0.5316177  0.31130448 0.7624314  0.68218976
 0.06056288 0.19287333 0.8532239  0.26055017 0.45926085 0.1963167
 0.7913717  0.75492936 1.         0.63937324 0.6462821  0.5468683
 0.68372446 0.46662328 0.52955115 0.5910753  0.7782472  0.6934992
 0.         0.         0.36734918 0.         0.9169062  0.4070503
 0.9777104  0.3729504  0.45749807 0.597686   0.9527857  0.818802
 0.23619574 0.43306342 1.         0.61804694 0.36269298 0.17118427
 0.5222258  0.46520463 0.8807078  0.15235907 0.5668573  0.3524066
 0.359648   0.81165457 0.6492771  1.         0.08428545 0.36731592
 0.4833325  1.         0.857986   0.4620033  0.2493979  0.53618944
 0.16726781 0.16208969 0.6248817  0.6290637  0.35461405 0.26795
 0.45002568 0.80815697 0.71162045 0.         1.         0.
 0.         0.24553613 0.51645344 0.84960264 0.88338214 0.86118186
 0.46426326 0.3817884  0.         0.6251032  0.72222424 1.
 0.5001446  0.54508805 0.83632845 0.         0.18285713 0.43689066
 0.8982483  0.5464044  0.9084286  1.         0.5157455  0.56577915
 0.5486663  0.95464754 0.61512506 0.535269   0.         0.32769647
 0.50808513 0.43987685 0.81959635 0.2901197  0.11409723 0.
 0.52037424 1.         0.9846139  0.16803819 0.0701779  0.20473726
 0.43102598 0.613718   0.48238242 0.26333463 0.5197079  0.35469753
 0.6464203  0.42184675 0.29366553 0.8300571  0.7275296 ]
2024-05-30 23:18:02[INFO] 
[ddpg][Episode: 0][Step: 2][Metric tpmC:10093.78 tpmTotal:22531.63 Transaction Count:22703]Reward: -0.1601740080657257 Score: -0.48167036984091627 Done: False
2024-05-30 23:18:02[INFO] [ddpg][Episode: 0][Step: 2] Critic: 0.03636484593153 Actor: 0.08495940268039703
2024-05-30 23:18:02[INFO] [ddpg][Episode: 0][Step: 2] step: 103.84054636955261s env step: 103.5695219039917s train step: 0.13194656372070312s restart time: 39.540483713150024s action time: 0.0008945465087890625s
2024-05-30 23:18:02[INFO] [ddpg][Episode: 0][Step: 2][Average] step: 103.84054636955261s env step: 103.5695219039917s train step: 0.13194656372070312s restart time: 39.540483713150024s action time: 0.0015103816986083984s
2024-05-30 23:18:02[INFO] [ddpg] Action: [0.01157865 0.8827049  0.2828632  0.34756735 0.23042746 0.39234367
 0.         0.667712   0.35558143 0.         0.19349737 0.550651
 0.         0.444538   0.8328111  1.         0.46845174 1.
 0.60691303 0.42197964 0.39059243 0.26758564 0.5609847  0.8002625
 0.53785974 0.6691298  1.         0.32937363 0.5603386  0.2898442
 0.33289465 0.5138063  1.         1.         0.36341482 0.67287236
 0.5322809  0.29081565 0.729116   0.8336544  0.6224462  1.
 0.7509851  0.03185854 0.25957346 0.4273242  0.35003468 0.3226406
 0.5211725  0.05443734 0.45793092 0.48256546 0.5856871  0.17061853
 0.94948375 0.32247528 0.06692596 0.40375033 0.75907916 0.10870896
 0.06127157 0.63527745 0.02092905 0.15672894 0.01813998 1.
 0.2691829  0.23636739 0.64284337 0.6307694  1.         0.46221453
 0.5910548  0.74146295 0.50772876 0.3580389  0.6581269  0.4294835
 0.08057298 0.19871344 1.         0.5603539  0.49734923 0.24218377
 0.6976078  0.29498684 1.         0.84798235 0.5520512  0.52461874
 0.68480307 0.6078083  0.40000018 0.6046385  0.9688103  0.9941798
 0.0302911  0.         0.52784175 0.         0.9437795  0.00863294
 0.6497892  0.1821377  0.80401254 0.38278377 0.9774901  0.78177696
 0.31315053 0.41944936 0.7762826  0.9052493  0.6607558  0.30742702
 0.5813255  0.3496131  0.90201193 0.50800204 0.46311522 0.46300384
 0.         0.4682397  0.21186794 1.         0.09093677 0.13827662
 0.52677727 0.75281197 0.7091401  0.422321   0.19548547 0.17707187
 0.5704725  0.00248673 0.7218582  0.8307285  0.16171114 0.2478013
 0.4674063  0.8966436  0.5971952  0.         1.         0.
 0.12834617 0.13820639 0.33661914 0.7408006  1.         0.5027284
 0.31593865 0.60353005 0.         0.5596304  1.         1.
 0.62033516 0.76818347 0.7398325  0.24014707 0.2544403  0.34183004
 0.93417054 0.60070974 1.         0.7864452  0.7233962  0.5250752
 0.86758333 1.         0.3975357  0.43038917 0.         0.19874707
 0.5431702  0.3172837  0.71601874 0.         0.42257923 0.
 0.8025417  1.         0.9776513  0.         0.15183103 0.3950576
 0.6690487  0.9942234  0.6525359  0.6350791  0.57126796 0.15667053
 0.75646526 0.76612884 0.         0.78173    0.53889763]
2024-05-30 23:19:51[INFO] 
[ddpg][Episode: 0][Step: 3][Metric tpmC:10562.18 tpmTotal:23365.22 Transaction Count:23689]Reward: -0.22401830774385997 Score: -0.7056886775847763 Done: False
2024-05-30 23:19:51[INFO] [ddpg][Episode: 0][Step: 3] Critic: 0.0454574404284358 Actor: 0.08515555784106255
2024-05-30 23:19:51[INFO] [ddpg][Episode: 0][Step: 3] step: 109.06575751304626s env step: 109.04049181938171s train step: 0.00924372673034668s restart time: 44.596585512161255s action time: 0.0007455348968505859s
2024-05-30 23:19:51[INFO] [ddpg][Episode: 0][Step: 3][Average] step: 109.06575751304626s env step: 109.04049181938171s train step: 0.00924372673034668s restart time: 44.596585512161255s action time: 0.0013191699981689453s
2024-05-30 23:19:52[INFO] [ddpg] Action: [0.         0.8671462  0.18783155 0.27249125 0.53231204 0.2609928
 0.03512913 0.60937333 0.33542988 0.21085362 0.6624073  0.66427785
 0.         0.42793244 0.9565209  0.7914716  0.18221419 1.
 0.5827484  0.4800865  0.3245971  0.19830681 0.3913893  0.88418126
 0.47994334 0.6895097  1.         0.53011197 0.57654524 0.23782124
 0.4732948  0.7555668  1.         0.85168785 0.81455934 0.32729277
 0.         0.43920162 0.43061617 0.8072433  0.41687134 0.8648528
 0.79239464 0.5764571  0.3643684  0.23343433 0.         0.47639525
 0.5590741  0.0293493  0.5601397  0.7549299  0.88007444 0.
 0.79166347 0.28399247 0.         0.805964   1.         0.38213792
 0.         0.7375806  0.2763389  0.12441681 0.06792918 1.
 0.5796145  0.2912827  0.7015291  0.7001664  1.         0.5421069
 0.34285778 0.56690896 0.2964953  0.42619336 0.49414957 0.24391498
 0.48177457 0.4279539  1.         0.64700544 0.697653   0.21085048
 0.8412995  0.24883005 1.         0.9307912  0.8411398  0.3894253
 0.79812807 0.38749325 0.3113162  0.37884623 0.6362532  1.
 0.         0.         0.07172145 0.         0.75828487 0.3852343
 0.63365006 0.32657734 0.9167085  0.72914803 0.9461673  0.912466
 0.23845732 0.33582628 0.6765999  0.8942685  0.65283537 0.48157424
 0.88600683 0.42386973 0.80326587 0.60681653 0.7702461  0.54624057
 0.02882805 0.65996057 0.26537922 1.         0.17686804 0.22937773
 0.00681342 0.7265729  0.60830635 0.47776204 0.33838588 0.
 0.29827768 0.26870114 0.51711285 0.5571518  0.26555595 0.3790356
 0.07445207 0.8322315  0.60487694 0.         1.         0.
 0.23120816 0.2206127  0.3015596  1.         0.99008024 0.54781497
 0.12995479 0.11621528 0.         0.9872153  1.         0.90496224
 0.5622027  0.81901276 0.7599555  0.15558188 0.09169588 0.3932119
 0.7296263  0.32181373 1.         0.8247499  0.878821   0.26723415
 0.7554163  0.992777   0.27677608 0.3732076  0.         0.37035355
 0.5461922  0.50163174 0.75529253 0.07953274 0.39149594 0.03971129
 0.4392356  1.         0.48490724 0.         0.42905864 0.12311252
 0.41172525 0.6760022  0.75891376 0.60611635 0.05348798 0.3344845
 0.82589334 1.         0.23944618 0.46823967 0.47676876]
2024-05-30 23:21:35[INFO] 
[ddpg][Episode: 0][Step: 4][Metric tpmC:10721.09 tpmTotal:23587.0 Transaction Count:23632]Reward: -0.07136778598167054 Score: -0.7770564635664468 Done: False
2024-05-30 23:21:35[INFO] [ddpg][Episode: 0][Step: 4] Critic: 0.042393264981607594 Actor: 0.0851864255964756
2024-05-30 23:21:35[INFO] [ddpg][Episode: 0][Step: 4] step: 103.29776263237s env step: 103.27327227592468s train step: 0.008702516555786133s restart time: 39.54202723503113s action time: 0.0007531642913818359s
2024-05-30 23:21:35[INFO] [ddpg][Episode: 0][Step: 4][Average] step: 103.29776263237s env step: 103.27327227592468s train step: 0.008702516555786133s restart time: 39.54202723503113s action time: 0.0012059688568115234s
2024-05-30 23:21:35[INFO] [ddpg] Action: [6.68193176e-02 7.18188286e-01 1.66313916e-01 2.55230755e-01
 5.72017729e-01 7.51194805e-02 1.51635170e-01 3.24476302e-01
 5.28674006e-01 1.00306146e-01 4.80936050e-01 5.45021594e-01
 0.00000000e+00 4.75516289e-01 6.56630933e-01 1.00000000e+00
 4.19892848e-01 1.00000000e+00 3.02819133e-01 2.96581835e-01
 0.00000000e+00 3.92185479e-01 3.90292108e-01 6.03302956e-01
 6.34527266e-01 6.22438967e-01 9.56362367e-01 3.32721740e-01
 2.89196372e-01 5.52095890e-01 3.90658855e-01 9.90415215e-01
 1.00000000e+00 9.88581896e-01 8.68456542e-01 3.16869557e-01
 2.41696835e-01 4.67765957e-01 5.03863990e-01 2.65601784e-01
 4.34013128e-01 9.73495424e-01 8.61398697e-01 6.64515734e-01
 8.85880649e-01 9.10558105e-02 5.03040887e-02 1.00000000e+00
 4.13730383e-01 2.19684467e-01 4.16699797e-01 5.02362728e-01
 5.43553770e-01 7.35969990e-02 1.00000000e+00 3.06600034e-01
 0.00000000e+00 7.91476071e-01 1.00000000e+00 2.93937922e-01
 5.39823016e-03 3.13704818e-01 1.93499893e-01 3.41997415e-01
 4.57506190e-04 9.91896391e-01 5.72145820e-01 5.88109136e-01
 4.63411838e-01 8.88076067e-01 8.76321316e-01 9.09758687e-01
 7.41377532e-01 2.28055909e-01 7.30861068e-01 3.70450407e-01
 5.15387058e-01 4.86907303e-01 1.22046813e-01 1.67323291e-01
 1.00000000e+00 3.04597855e-01 6.58815682e-01 2.11121514e-01
 6.42823815e-01 5.30209877e-02 7.47711062e-01 6.52551532e-01
 5.58623195e-01 5.57909369e-01 4.97355133e-01 3.81443024e-01
 6.56779110e-01 6.86147094e-01 6.47266328e-01 8.85465801e-01
 0.00000000e+00 0.00000000e+00 0.00000000e+00 0.00000000e+00
 8.45645308e-01 6.96050823e-01 8.46680582e-01 8.95521939e-01
 1.00000000e+00 1.00000000e+00 9.98885810e-01 1.00000000e+00
 5.34060299e-01 3.04350525e-01 5.61186135e-01 7.90168703e-01
 9.19510603e-01 9.53579918e-02 7.90834010e-01 1.14605859e-01
 6.57402575e-01 6.70105636e-01 9.37493980e-01 6.47317648e-01
 0.00000000e+00 5.32422066e-01 1.90729424e-01 6.74358606e-01
 0.00000000e+00 5.67520976e-01 0.00000000e+00 7.09441781e-01
 5.15022457e-01 5.20014286e-01 2.61402935e-01 0.00000000e+00
 2.75034785e-01 4.50156331e-01 4.37623948e-01 4.81534034e-01
 2.02253997e-01 4.72148269e-01 0.00000000e+00 5.89263737e-01
 7.45529056e-01 0.00000000e+00 9.66937959e-01 0.00000000e+00
 7.22831666e-01 4.46136445e-01 3.67961407e-01 9.48587179e-01
 1.00000000e+00 6.71233952e-01 2.41469502e-01 4.97793794e-01
 2.05538943e-01 1.00000000e+00 6.28586113e-01 4.35458809e-01
 6.70932531e-01 1.00000000e+00 6.27395034e-01 0.00000000e+00
 0.00000000e+00 4.10944909e-01 3.74731928e-01 5.34180582e-01
 6.53680623e-01 9.21682894e-01 7.99566746e-01 2.76068062e-01
 9.46307361e-01 7.89201438e-01 2.45780665e-02 5.37065506e-01
 9.17885005e-02 2.59367436e-01 2.40755588e-01 4.18235809e-01
 4.85988617e-01 2.41289303e-01 2.68116355e-01 1.56579137e-01
 3.23085845e-01 8.59944522e-01 9.91553366e-02 0.00000000e+00
 5.73103368e-01 8.38608667e-03 4.81902570e-01 4.85948890e-01
 9.83335733e-01 2.58329898e-01 1.09623067e-01 3.34321141e-01
 8.00776005e-01 1.00000000e+00 8.07735845e-02 7.51181245e-01
 4.07950073e-01]
2024-05-30 23:23:23[INFO] 
[ddpg][Episode: 0][Step: 5][Metric tpmC:11569.07 tpmTotal:25937.15 Transaction Count:26001]Reward: -0.17570024266779116 Score: -0.9527567062342379 Done: False
2024-05-30 23:23:23[INFO] [ddpg][Episode: 0][Step: 5] Critic: 0.044190004700794816 Actor: 0.08530937321484089
2024-05-30 23:23:23[INFO] [ddpg][Episode: 0][Step: 5] step: 108.29896211624146s env step: 108.2744734287262s train step: 0.008725762367248535s restart time: 44.55550503730774s action time: 0.0008864402770996094s
2024-05-30 23:23:23[INFO] [ddpg][Episode: 0][Step: 5][Average] step: 108.29896211624146s env step: 108.2744734287262s train step: 0.008725762367248535s restart time: 44.55550503730774s action time: 0.0011527140935262044s
2024-05-30 23:23:23[INFO] [ddpg] Action: [0.0383007  0.91858196 0.         0.4388096  0.36920196 0.09803713
 0.1249033  0.3129909  0.55247426 0.206814   0.6327552  0.8906463
 0.         0.8063375  0.40585917 0.88925743 0.13292773 1.
 0.35048884 0.7449688  0.08225988 0.14071459 0.02458498 0.7570803
 0.3062396  0.71421677 0.8391365  0.14708722 0.18639013 0.62245953
 0.16235232 1.         1.         0.89269394 0.96409225 0.64675593
 0.262854   0.5080806  0.9930798  0.5492799  0.         1.
 0.8743043  0.5933452  1.         0.14888565 0.32887572 0.91076684
 0.5212828  0.13836913 0.37738112 0.652879   0.7281148  0.03102283
 0.7803037  0.2163986  0.         1.         0.87143046 0.39892137
 0.         0.41526797 0.16092928 0.27138653 0.         0.9479393
 0.2666829  0.6431496  0.12159958 0.92500204 0.6371867  0.9536174
 0.8208161  0.23161979 0.4685537  0.45736614 0.8017389  0.50899136
 0.16114786 0.35110432 1.         0.37197697 0.63934827 0.13288145
 0.96393526 0.         0.9808847  0.47992897 0.6490215  0.59888786
 0.39026758 0.13824798 0.5723206  0.12722796 0.8635382  0.7991565
 0.         0.         0.         0.         0.6020167  0.518783
 0.94348514 1.         0.95898294 0.72665113 0.83140963 0.85737866
 0.54904604 0.5175459  0.25539494 0.4248018  0.71161747 0.06720852
 0.7247288  0.         0.67132866 0.79724455 1.         0.47948766
 0.         0.44789475 0.25487864 0.71992457 0.         0.49331042
 0.         0.8310812  0.7418782  0.74230385 0.4530899  0.
 0.6475208  0.7946625  0.20251249 0.40282702 0.29515392 0.29899418
 0.         0.8814173  0.78215426 0.         0.73159575 0.
 0.9032032  0.3888263  0.8022365  0.62115353 1.         0.92873704
 0.5655869  0.7244412  0.17310071 0.8652052  0.79471004 0.39008546
 0.4322618  0.98155016 0.7163844  0.01153081 0.         0.3782897
 0.11877196 0.5164455  0.9268653  0.8224977  0.8437698  0.2654707
 0.6098305  0.62241125 0.22176579 0.6305041  0.5295934  0.20114605
 0.         0.25906134 0.66407955 0.10164633 0.3893801  0.
 0.1610322  1.         0.04570632 0.         0.5632596  0.
 0.8331542  0.05960075 0.96755344 0.2245564  0.38709027 0.3768268
 0.7388043  1.         0.14066865 0.87286395 0.5402195 ]
2024-05-30 23:25:12[INFO] 
[ddpg][Episode: 0][Step: 6][Metric tpmC:10988.42 tpmTotal:24456.53 Transaction Count:24577]Reward: -0.11252015767965942 Score: -1.0652768639138974 Done: False
2024-05-30 23:25:12[INFO] [ddpg][Episode: 0][Step: 6] Critic: 0.04432133585214615 Actor: 0.08536059334874153
2024-05-30 23:25:12[INFO] [ddpg][Episode: 0][Step: 6] step: 108.56343126296997s env step: 108.53892254829407s train step: 0.008778810501098633s restart time: 44.64677810668945s action time: 0.0007829666137695312s
2024-05-30 23:25:12[INFO] [ddpg][Episode: 0][Step: 6][Average] step: 108.56343126296997s env step: 108.53892254829407s train step: 0.008778810501098633s restart time: 44.64677810668945s action time: 0.001099893024989537s
2024-05-30 23:25:12[INFO] [ddpg] Action: [0.28220776 0.91867965 0.         0.45367947 0.3301062  0.05357971
 0.17246217 0.6341184  0.5847362  0.29044706 1.         1.
 0.         1.         0.6467711  1.         0.01170332 1.
 0.41410935 0.8110764  0.         0.13152434 0.19564    0.7967458
 0.29709688 1.         0.63205856 0.41948926 0.3775413  0.7737307
 0.02118128 1.         1.         0.7484142  0.69464993 0.7796345
 0.31605345 0.55515826 1.         0.3894748  0.         1.
 0.8258613  0.2541927  1.         0.18185325 0.183528   1.
 0.5665492  0.518572   0.3850827  0.9794556  0.54332554 0.
 0.71732736 0.31406182 0.09003069 1.         0.52781737 0.42126328
 0.         0.57990336 0.46846363 0.21402869 0.         0.47549793
 0.         0.5043643  0.09973838 0.85723877 0.37459648 1.
 1.         0.1043706  0.25572607 0.8019078  0.8316244  0.48827136
 0.03970487 0.4423003  1.         0.24610846 0.60903996 0.3246372
 1.         0.         0.7923066  0.62403566 0.76088154 0.8219911
 0.27215624 0.         0.26897654 0.         1.         0.6358636
 0.         0.         0.         0.         0.75056726 0.37064624
 1.         0.9231167  0.83728814 0.9578267  1.         0.59067416
 0.6314486  0.7654328  0.22033525 0.7594604  0.2797173  0.04703001
 0.98837185 0.19880562 0.5606285  0.87977004 1.         0.36328685
 0.         0.35399514 0.3231209  0.6555156  0.45242855 0.781818
 0.         0.7826594  0.51456636 0.65628743 0.28083995 0.
 0.9248489  0.61901385 0.40894616 0.71086544 0.55562484 0.38782248
 0.         0.91605824 0.63476723 0.09521439 0.61709225 0.
 0.7791288  0.39739454 0.8614427  0.02541646 0.96530217 1.
 0.6251675  0.7792971  0.3287337  0.4757473  0.9468245  0.67538565
 0.45191547 0.78785175 0.32280952 0.30637577 0.         0.18766414
 0.10814728 0.94602066 0.95688283 0.8567148  0.49343413 0.42476302
 0.42571804 0.79358506 0.29823992 0.5872874  0.8186235  0.04984656
 0.         0.         0.42140508 0.32197493 0.1444614  0.
 0.57533216 0.81784326 0.         0.         0.84872824 0.
 1.         0.5350784  1.         0.07773404 0.29752645 0.6614041
 0.5810432  0.98506665 0.00840091 0.8052459  0.59267926]
2024-05-30 23:27:01[INFO] 
[ddpg][Episode: 0][Step: 7][Metric tpmC:10946.35 tpmTotal:24379.0 Transaction Count:24738]Reward: -0.11102369475917095 Score: -1.1763005586730684 Done: False
2024-05-30 23:27:01[INFO] [ddpg][Episode: 0][Step: 7] Critic: 0.03882795052292446 Actor: 0.08543442624310653
2024-05-30 23:27:01[INFO] [ddpg][Episode: 0][Step: 7] step: 108.99901413917542s env step: 108.97380590438843s train step: 0.009057164192199707s restart time: 44.551764249801636s action time: 0.0007855892181396484s
2024-05-30 23:27:01[INFO] [ddpg][Episode: 0][Step: 7][Average] step: 108.99901413917542s env step: 108.97380590438843s train step: 0.009057164192199707s restart time: 44.551764249801636s action time: 0.0010606050491333008s
2024-05-30 23:27:01[INFO] [ddpg] Action: [0.5005449  1.         0.         0.5373138  0.52172625 0.
 0.14595702 0.4498519  0.6301432  0.25184718 1.         1.
 0.         0.7909414  0.76617223 1.         0.4318042  1.
 0.630767   1.         0.23596907 0.         0.         0.6370675
 0.16194376 0.77599686 0.71437335 0.32858193 0.28330413 0.62287724
 0.20086253 0.9527473  0.80090266 0.7225658  0.7795858  0.85988855
 0.3139684  0.8345489  0.9304552  0.7300135  0.         1.
 0.61100566 0.31726062 1.         0.35090742 0.21273072 1.
 0.6612978  0.42994362 0.42486796 0.8974922  0.42440996 0.
 0.49206463 0.3163026  0.32175946 0.84602267 0.8434492  0.1894385
 0.         0.17584403 0.44830626 0.41052255 0.         0.27979383
 0.26541132 0.5273561  0.         1.         0.24997008 1.
 1.         0.0990811  0.6365134  0.78718644 0.5328332  0.7933676
 0.         0.74432945 1.         0.13905933 0.20823713 0.32563502
 0.87265986 0.         0.95067376 0.92722875 1.         0.7818568
 0.069891   0.12157197 0.3396552  0.102423   1.         0.7862154
 0.         0.         0.         0.         0.48281792 0.
 1.         0.8779028  0.70715624 0.86549497 0.6748347  0.52024007
 0.6327921  0.6977784  0.21784559 0.6971016  0.0214512  0.10704605
 0.7690694  0.05158933 0.39308256 1.         0.8673654  0.2541654
 0.0374427  0.29719427 0.49970973 0.58684117 0.45277187 0.73665684
 0.         0.86462355 0.4198564  0.7356303  0.32247487 0.06904674
 1.         0.49005657 0.65614384 0.77800626 0.46782336 0.18337683
 0.         0.58835244 0.49018034 0.05161221 0.53877157 0.
 0.6705917  0.06335992 1.         0.44506863 0.72898704 1.
 0.6254918  0.63258064 0.52437073 0.40750688 0.984256   0.3327603
 0.42284244 1.         0.19203699 0.2972999  0.         0.2322114
 0.         0.7692415  0.9927071  1.         0.4973936  0.4233887
 0.3464686  0.75958276 0.31232738 0.44686347 0.69746745 0.41200438
 0.         0.         0.8703873  0.25309277 0.20143679 0.
 0.5904204  0.96739364 0.17289421 0.         0.8988165  0.
 1.         0.1803832  1.         0.21354815 0.55077785 0.6536741
 0.21710975 0.88859016 0.         0.6576521  0.8429803 ]
