2024-05-29 15:20:16[INFO] 
[Env initialized][Metric tpmC: 6977.27 tpmTotal: 15467.41 Transaction Count: 15519]
2024-05-29 15:20:16[INFO] [ddpg] Action: [0.7146165  0.30823803 0.68004614 0.5442166  0.5224875  0.70188034
 0.47437552 0.6454564  0.74857587 0.6644806  0.4018692  0.738721
 0.2798344  0.58453256 0.3595881  0.22333507 0.39400414 0.36667958
 0.288349   0.29026973 0.1479232  0.53668    0.45468897 0.3814836
 1.         0.36212763 0.55488044 0.32273072 0.62247646 0.35643354
 0.13344061 0.7157688  0.6541236  0.62163943 0.7735824  0.8311481
 0.15713917 0.6534039  0.40671003 0.60676664 0.2524461  0.4981657
 0.7518448  0.1516541  0.8429265  0.32761824 0.54261994 0.5429082
 0.5222338  0.24868906 0.07026662 0.26560724 0.6619066  0.52326006
 0.5417509  0.6795903  0.2938537  0.3912326  0.39975852 0.6065449
 0.3486178  0.04205135 0.40719786 0.42061132 0.2186569  0.6824221
 0.4004822  0.3378377  0.60517496 0.52364266 0.5726789  0.38437298
 0.7452166  0.40037867 0.6438506  0.6429621  0.27130204 0.5021164
 0.42721185 0.13624905 0.52316636 0.27697057 0.47123787 0.54292005
 0.6837341  0.4718843  0.7532726  0.34358236 0.94469494 0.18210168
 0.6337374  0.50482655 0.43050358 0.61517316 0.29969975 0.545112
 0.2869639  0.10628985 0.7713908  0.6538127  0.14589445 0.6870902
 0.16568655 0.41939047 0.6934566  0.7085589  0.63349795 0.611113
 0.02800624 0.18756644 0.19986127 0.6077746  0.15320486 0.35731742
 0.67939234 0.80349296 0.5096863  0.3613576  0.23944907 0.5096769
 0.21639486 0.7862104  0.3909554  0.7532154  0.6772046  0.7326258
 0.6823475  0.6262785  0.77602947 0.382503   0.34638038 0.8273096
 0.53606105 0.47768152 0.17696854 0.54284346 0.5184591  0.510965
 0.4469761  0.3227642  0.63440853 0.4015324  0.37095246 0.24555475
 0.32066008 0.36273482 0.8894411  0.         0.21529649 0.3951362
 0.31957352 0.6196259  0.5018767  0.31718907 0.7750423  0.60013616
 0.7227478  0.48054656 0.7743583  0.2524185  0.91765225 1.
 0.65606385 0.36428228 0.93507713 0.12811619 0.3786421  0.6977084
 0.7874808  0.43943846 0.96212864 0.6369202  0.28570843 0.01272693
 0.29829246 0.61621207 0.5716217  0.7002667  0.9143226  0.40455142
 0.8126865  0.3758547  0.36098415 0.4997185  0.6945638  0.8202524
 0.27219132 0.20101923 0.38457346 0.68293834 0.6238566  0.2882906
 0.6179917  0.96951634 0.7175527  0.35024413 0.88254195]
2024-05-29 15:21:52[INFO] 
[ddpg][Episode: 0][Step: 0][Metric tpmC:0 tpmTotal:0 Transaction Count:0]Reward: -10000000.0 Score: -10000000.0 Done: True
2024-05-29 15:21:52[INFO] [ddpg][Episode: 0][Step: 0] step: 95.73551964759827s env step: 95.7247965335846s train step: 0.0s restart time: 95.72469210624695s action time: 0.003220796585083008s
2024-05-29 15:21:52[INFO] [ddpg][Episode: 0][Step: 0][Average] step: 95.73551964759827s env step: 95.7247965335846s train step: 0.0s restart time: 95.72469210624695s action time: 0.003220796585083008s
