2024-05-22 17:32:21[INFO] 
[Env initialized][Metric tpmC: 7486.45 tpmTotal: 16501.21 Transaction Count: 16594]
2024-05-22 17:33:47[INFO] [ddpg] Action: [0.3392118  0.40422812 0.5858188  0.40726554 0.5512891  0.5030313
 0.48600945 0.28882053 0.61374176 0.54118025 0.69341373 0.77485615
 0.79580086 0.5662693  0.17960216 0.34199342 0.07434595 0.6865305
 0.33766875 0.2615999  0.6250442  1.         0.29618934 0.684632
 0.539516   0.22305173 0.18880528 0.64484674 0.09622665 0.27930266
 0.6267884  0.77539366 0.41470543 0.36397162 0.387555   0.49856406
 0.72799844 0.6905185  0.5904949  0.4742502  0.5272575  0.20689484
 0.31852216 0.5383095  1.         0.5516028  0.49817854 0.59665346
 0.36360183 0.6464773  0.3705978  0.29939032 0.84324867 0.23184195
 0.8014508  0.61208045 0.6232611  0.58514005 0.57732165 0.3277256
 0.4010275  0.07057594 0.595479   0.7253426  0.46855956 0.89865977
 0.83240587 0.5513637  0.67397606 0.6646992  0.21981268 0.55706704
 0.7058726  0.4322489  0.13037746 0.6969049  0.6443506  0.30049822
 0.5271479  0.7381808  0.5990387  0.5398027  0.5639532  0.64487016
 0.35183978 0.6863243  1.         0.7246966  0.24611    0.75031155
 0.5473012  0.6599982  0.5397319  0.3314777  0.46998674 0.6858311
 0.35489726 0.6298069  0.625052   0.7870023  0.73339444 0.44863093
 0.44497997 0.67673814 0.28759575 0.6287999  0.29845962 0.63960004
 0.7231607  0.97776854 0.65254    0.0131149  0.2579256  0.5776057
 0.5412089  0.7355989  0.5517175  0.27354744 0.19340815 0.6350819
 0.35701966 0.6159332  0.6007659  0.43039066 0.48437032 0.38943523
 0.67904866 0.5736364  0.27811867 0.33093035 0.27074122 0.34023672
 0.5884748  0.6416939  0.18201916 0.4049419  0.48680604 0.6022026
 0.3990264  0.33773792 0.6290546  0.3399261  0.40830657 0.24978772
 0.6425172  0.38961133 0.59293234 0.33560768 0.45148054 0.14682674
 0.5233653  0.5012605  0.9502491  0.6943597  0.5459346  0.3559745
 0.4804848  0.7299506  0.59062874 0.71703017 0.42395455 0.48318455
 0.38658094 0.38311192 0.6731259  0.49541163 0.4450122  0.66631156
 0.71680534 0.5223861  0.8108131  0.31207603 0.49824506 0.39769807
 0.28897378 0.43411747 0.14790772 0.8064245  0.7697882  0.44159156
 0.4801128  0.33803898 1.         0.8328932  0.39622736 0.44071218
 0.57583153 0.47035265 0.4890809  0.6250183  0.5748898  0.570379
 0.4564817  0.37663284 0.4870996  0.25940964 0.45408618]
2024-05-22 17:35:02[INFO] 
[ddpg][Episode: 0][Step: 0][Metric tpmC:0 tpmTotal:0 Transaction Count:0]Reward: -10000000.0 Score: -10000000.0 Done: True
2024-05-22 17:35:02[INFO] [ddpg][Episode: 0][Step: 0] step: 161.41984677314758s env step: 75.18685269355774s train step: 0.0s restart time: 75.1867196559906s action time: 86.2105438709259s
2024-05-22 17:35:02[INFO] [ddpg][Episode: 0][Step: 0][Average] step: 161.41984677314758s env step: 75.18685269355774s train step: 0.0s restart time: 75.1867196559906s action time: 86.2105438709259s
2024-05-22 17:35:38[INFO] 
[Env initialized][Metric tpmC: 7486.45 tpmTotal: 16501.21 Transaction Count: 16594]
2024-05-22 17:35:38[INFO] [ddpg] Action: [0.6726202  0.28313816 0.68392754 0.5622681  0.6281037  0.59472334
 0.5668591  0.2532369  0.5855984  0.71671975 0.36654735 0.4807264
 0.33205312 0.38304564 0.45132133 0.42725477 0.68910414 0.2217496
 0.46815634 0.60425496 0.5884994  0.18304889 0.73020226 0.47087476
 0.7086479  0.9058439  0.2048395  0.5967383  0.8360789  0.3139699
 0.33117834 0.14296961 0.51788443 0.14650506 0.24118489 0.36587578
 0.49647045 0.6120488  0.66933465 0.35184395 0.45289657 0.6721493
 0.5462966  0.3306448  0.6975376  0.2583837  0.7274101  0.63173574
 0.7925281  0.18189056 0.5815152  0.74226326 0.42462438 0.60014933
 0.74675673 0.5151803  0.5764711  0.28285345 0.37787724 0.59021664
 0.45978653 0.8057379  0.14825927 0.5066767  0.3830511  1.
 0.4648478  0.6803814  0.8728144  0.5814001  0.38603687 0.46845442
 0.6344357  0.7235629  0.581458   0.4451479  0.7390362  0.25479275
 0.5497882  0.4089342  0.5873884  0.5318843  0.6866738  1.
 0.49882582 0.47472438 0.54404676 0.8580732  0.42544916 0.6499387
 0.39741823 0.5636599  0.45612597 0.5435252  0.7478723  0.65404695
 0.3524477  0.5613531  0.34799996 0.7804463  0.7391268  0.32280937
 0.47860563 0.3279491  0.64365214 0.5959371  0.5439048  0.3754814
 0.57854515 0.65346795 0.49446225 0.23044826 0.3317936  0.56874514
 0.35021898 0.5604322  0.6237062  0.25217032 0.2155606  0.04242989
 0.758802   0.59313613 0.55996525 0.3049331  0.09902626 0.7062369
 0.6457389  0.47849116 0.6469526  0.13705188 0.88968337 0.6413256
 0.5681294  0.40609333 0.18668467 0.728074   0.46505234 0.73777777
 0.36266515 0.29122806 0.6356368  0.4442841  0.15257347 0.4063585
 0.40910345 0.413455   0.58562756 0.6880306  0.60671794 0.39992654
 0.8168531  0.74377036 0.43606022 0.50127375 0.82571125 0.4579857
 0.24527441 0.8035941  0.2290093  0.5338906  0.52955425 0.6110503
 0.6093213  0.58423406 1.         0.69653445 0.275719   0.4455313
 0.73347765 1.         0.5969529  0.6177299  0.799933   0.62408686
 0.4589745  0.5242267  0.22707927 0.5836164  0.43790552 0.3345848
 0.393384   0.32824564 0.43850076 0.71534854 0.6914308  0.44393042
 0.6929699  0.48183328 0.53364825 0.5462539  0.3561128  0.3331328
 0.4788826  0.6601818  0.8021518  0.68666637 0.3088546 ]
2024-05-22 17:36:54[INFO] 
[ddpg][Episode: 1][Step: 0][Metric tpmC:0 tpmTotal:0 Transaction Count:0]Reward: -10000000.0 Score: -10000000.0 Done: True
