2024-05-29 19:46:16[INFO] 
[Env initialized][Metric tpmC: 11440.61 tpmTotal: 25345.59 Transaction Count: 25454]
2024-05-29 19:46:16[INFO] [ddpg] Action: [7.7502263e-01 3.0616277e-01 4.3259385e-01 5.5780107e-01 2.0827155e-01
 6.8321443e-01 4.0325940e-01 4.6091491e-01 8.4378505e-01 4.2465580e-01
 4.2357561e-01 9.2122835e-01 9.1732061e-01 7.9215772e-02 4.9209529e-01
 9.4401401e-01 5.4305416e-01 3.4900227e-01 5.8617330e-01 4.5659810e-01
 7.3302728e-01 3.3881831e-01 5.2335113e-01 0.0000000e+00 7.7997148e-01
 4.5068461e-01 4.4085497e-01 6.8345028e-01 3.9178488e-01 2.4934578e-01
 4.7002438e-01 7.9223132e-01 5.1133633e-01 8.0829751e-01 8.1627905e-01
 4.4742545e-01 9.6557774e-02 1.0000000e+00 5.1825601e-01 2.7261761e-01
 4.6232331e-01 5.5059159e-01 4.8329246e-01 9.6915537e-01 3.9735591e-01
 1.0000000e+00 1.3339631e-01 2.2831541e-01 2.5019786e-01 6.0600299e-01
 4.8232371e-01 4.7495458e-01 6.7265791e-01 4.0535933e-01 9.2154789e-01
 6.0388285e-01 7.8310883e-01 4.5359868e-01 4.0918702e-01 9.1456753e-01
 4.2033288e-01 4.8898178e-01 7.2042179e-01 3.5015517e-01 5.9904361e-01
 6.0806048e-01 5.1558888e-01 8.1553888e-01 6.0270560e-01 2.7466711e-01
 5.4114866e-01 4.7340867e-01 4.6564931e-01 3.6515993e-01 6.3151211e-01
 4.3604651e-01 7.8532541e-01 1.6408597e-01 3.3606645e-01 4.5767581e-01
 7.2907007e-01 3.7312472e-01 0.0000000e+00 3.6848974e-01 3.8616407e-01
 4.1911778e-01 0.0000000e+00 5.0231075e-01 3.6413786e-01 5.5199361e-01
 7.9681766e-01 5.3335392e-01 6.9697458e-01 5.4471385e-01 7.9057676e-01
 8.6446249e-01 3.9941686e-01 5.0993162e-01 7.0592141e-01 7.2984123e-01
 5.1160401e-01 4.3216577e-01 0.0000000e+00 6.1799663e-01 7.5617152e-01
 6.9872618e-01 3.9649680e-01 6.8352222e-01 6.1055863e-01 4.4261178e-01
 5.8479416e-01 4.6667540e-01 2.2279562e-01 5.7941294e-01 7.7067393e-01
 5.7994443e-01 7.4931639e-01 5.7234472e-01 3.6019018e-01 6.9376564e-01
 5.7672971e-01 6.7403597e-01 6.5195715e-01 5.6103849e-01 7.0630062e-01
 6.3033980e-01 6.8975759e-01 4.0884519e-01 4.7687584e-01 2.3533316e-01
 2.9441702e-01 2.1800624e-01 6.0238874e-01 7.9551977e-01 2.9609200e-01
 6.6965210e-01 3.0727270e-01 3.4252146e-01 3.1178862e-01 5.5579340e-01
 5.4449934e-01 5.7108980e-01 6.1009252e-01 3.9174634e-01 4.1274515e-01
 1.3049798e-01 2.3093282e-01 6.9734329e-01 1.0872810e-01 5.6237036e-01
 2.5535002e-01 4.6051782e-01 3.8607011e-04 4.5229524e-01 4.8480928e-01
 4.1231322e-01 6.1422777e-01 4.8608360e-01 4.7922513e-01 3.2672909e-01
 7.6608086e-01 7.3006994e-01 4.2128184e-01 6.0182524e-01 5.5641055e-01
 3.6073914e-01 6.8516934e-01 7.0224696e-01 5.9807473e-01 5.1244706e-01
 5.7636124e-01 3.5799932e-01 3.7129837e-01 4.0143701e-01 7.0294273e-01
 0.0000000e+00 4.9608347e-01 2.8740770e-01 5.8377606e-01 3.2564411e-01
 7.4568743e-01 4.3193686e-01 5.6288010e-01 5.0909090e-01 5.0982946e-01
 4.1690603e-01 6.1781406e-01 6.1709130e-01 3.7271246e-01 2.3010767e-01
 2.2293717e-01 4.9537134e-01 4.4081482e-01 6.3005197e-01 4.7380802e-01
 3.8658914e-01 6.5348291e-01]
2024-05-29 19:48:05[INFO] 
[ddpg][Episode: 0][Step: 0][Metric tpmC:11543.28 tpmTotal:25402.72 Transaction Count:25729]Reward: 4562.2680951430275 Score: 0.0045622680951430275 Done: False
2024-05-29 19:48:05[INFO] [ddpg][Episode: 0][Step: 0] step: 108.9560067653656s env step: 108.94718098640442s train step: 0.0s restart time: 44.60642457008362s action time: 0.002450704574584961s
2024-05-29 19:48:05[INFO] [ddpg][Episode: 0][Step: 0][Average] step: 108.9560067653656s env step: 108.94718098640442s train step: 0.0s restart time: 44.60642457008362s action time: 0.002450704574584961s
2024-05-29 19:48:05[INFO] [ddpg] Action: [0.8195878  0.29383743 0.7219662  0.6550182  0.1914214  0.7023634
 0.5560401  0.5663076  1.         0.83584017 0.5725045  0.63316923
 1.         0.43252525 0.32290486 0.7172254  0.32819983 0.1306955
 0.29404545 0.5744648  0.5399382  0.3633695  0.7890343  0.00437577
 0.5945387  0.26027173 0.81969655 0.45399493 0.14640999 0.42539054
 0.5481974  0.81320024 0.         0.47450373 0.89471865 0.30442575
 0.04839795 0.8127341  0.76340544 0.38315034 0.54977995 0.41485175
 0.47838548 0.9571727  0.53333354 0.97990155 0.29117963 0.34442323
 0.12161531 0.7025143  0.5238489  0.2687582  0.32951623 0.6848308
 0.94398224 0.8473356  0.5950868  0.4174063  0.6506034  0.8404215
 0.27083126 0.69319975 0.8495507  0.4855974  0.65782225 0.626723
 0.5194677  0.5945087  0.40709552 0.5250163  0.78465015 0.62476045
 0.6104572  0.5599322  0.34875274 0.4113373  0.8743932  0.12676767
 0.4207113  0.46723005 1.         0.66210264 0.         0.34313023
 0.26065078 0.6110059  0.05644125 0.2538875  0.34975082 0.6371775
 0.8937768  0.5852158  0.7986543  0.6320448  0.8095908  0.66726935
 0.5455003  0.2921349  0.97099555 0.50272447 0.19094424 0.59048474
 0.         0.45149052 0.46387213 0.6166379  0.8037352  0.38995638
 0.79031366 0.38135856 0.4936274  0.7186275  0.50884    0.67609775
 0.40435475 0.4265289  0.92388177 0.38891894 0.2871092  0.4872617
 0.13916923 0.86943555 0.9801015  0.72082394 0.60720104 0.9593224
 0.5860685  0.4452904  0.42784786 0.40508565 0.12270152 0.18872549
 0.87886775 0.5855511  0.31903392 0.7827231  0.18979336 0.15531991
 0.44901597 0.60854167 0.576844   0.7590591  0.61891603 0.6103096
 0.22100207 0.04052215 0.50635093 0.65124    0.49497646 0.79958344
 0.43159997 0.48938653 0.40000424 0.437076   0.         0.7044382
 0.84270984 0.31968412 0.47053915 0.5245049  0.8173328  0.7435987
 0.30526307 0.7579368  0.49708092 0.23043457 0.37308156 0.56861645
 0.43992978 0.39397645 0.05585968 0.50998455 0.37298474 0.0770392
 0.7467711  0.36780974 0.72987705 0.25159052 0.7096658  0.29754934
 0.99544406 0.51091975 0.75705856 0.32587814 0.46046293 0.39391902
 0.15217598 0.5265184  0.44081128 0.25950778 0.03923151 0.73482955
 0.61596024 0.7567984  0.39047638 0.33249724 0.7541285 ]
2024-05-29 19:49:49[INFO] 
[ddpg][Episode: 0][Step: 1][Metric tpmC:11376.67 tpmTotal:25573.91 Transaction Count:25740]Reward: -0.015640119595510926 Score: -0.0110778515003679 Done: False
2024-05-29 19:49:49[INFO] [ddpg][Episode: 0][Step: 1] step: 103.65002799034119s env step: 103.64300513267517s train step: 0.0s restart time: 39.6740984916687s action time: 0.0008404254913330078s
2024-05-29 19:49:49[INFO] [ddpg][Episode: 0][Step: 1][Average] step: 103.65002799034119s env step: 103.64300513267517s train step: 0.0s restart time: 39.6740984916687s action time: 0.0016455650329589844s
2024-05-29 19:49:49[INFO] [ddpg] Action: [1.         0.         0.42992148 0.40081972 0.         0.5039598
 0.18476798 0.39929855 0.80319816 0.9536118  0.77020156 0.4915896
 0.9035079  0.5688125  0.23113786 0.5245632  0.11540862 0.31209284
 0.52512807 0.39678007 0.41558683 0.27218443 0.7252873  0.
 0.6698224  0.52883255 0.63907045 0.08639497 0.5130743  0.6205844
 0.3598668  0.4338171  0.         0.34333277 0.6989259  0.41757298
 0.         1.         0.8519626  0.5795093  0.12862185 0.5806764
 0.07084774 0.81171155 0.3761699  0.8297859  0.53720206 0.09358906
 0.09003526 0.98667824 0.5783295  0.26738816 0.4696513  0.8044053
 0.9126634  0.63463897 0.8168475  0.62232906 0.29946375 0.90258366
 0.04093116 0.78070575 0.8541693  0.2324702  0.62847626 0.34228736
 0.42958343 0.84058124 0.29502913 0.56759703 0.6985212  0.4752148
 0.59240234 0.8565571  0.4794663  0.8637885  0.8355149  0.21799779
 0.66946965 0.16753209 0.93467855 0.78577054 0.         0.45540664
 0.46339965 0.4171127  0.36132202 0.16011538 0.5173749  0.8497654
 1.         0.43103886 0.53099316 0.7544054  0.67956054 0.80102265
 0.59984547 0.48529977 1.         0.1616715  0.24937852 0.49755585
 0.         0.45103726 0.51877576 0.4744638  1.         0.36110404
 0.75104153 0.853193   0.1673044  1.         0.45342395 0.9761335
 0.2625353  0.63113326 0.8105693  0.45509565 0.26642784 0.48976305
 0.62752795 0.8747546  1.         0.60537225 0.6990445  0.90862644
 0.65103155 0.51829636 0.49618188 0.46208218 0.38466012 0.15136969
 1.         0.82368135 0.         0.6410295  0.38093856 0.10319416
 0.5246662  0.         0.7160214  1.         0.6701197  0.38353732
 0.1103629  0.23305844 0.59184796 0.60329956 0.4172567  1.
 0.1992749  0.18871146 0.17569922 0.13540405 0.1950265  0.61034954
 0.54510474 0.2588857  0.5901907  0.52958995 1.         1.
 0.06601316 0.293214   0.49019343 0.3424603  0.5150034  0.5969545
 0.30899584 0.40832016 0.13425352 0.3867476  0.42366287 0.10529175
 0.48023394 0.2734466  0.32133397 0.27366734 0.73763233 0.5874355
 1.         0.23937045 0.6466403  0.28325808 0.74988025 0.2789366
 0.34464067 0.48182586 0.37373453 0.0072952  0.3269288  0.8524061
 0.76533735 0.34586784 0.45775774 0.45406467 0.70793027]
2024-05-29 19:51:32[INFO] 
[ddpg][Episode: 0][Step: 2][Metric tpmC:11825.05 tpmTotal:26231.36 Transaction Count:26299]Reward: -0.01652868303115631 Score: -0.02760653453152421 Done: False
2024-05-29 19:51:33[INFO] [ddpg][Episode: 0][Step: 2] Critic: 20814371.0 Actor: 0.07413596659898758
2024-05-29 19:51:33[INFO] [ddpg][Episode: 0][Step: 2] step: 103.96544933319092s env step: 103.4177565574646s train step: 0.2703136205673218s restart time: 39.54001045227051s action time: 0.0008704662322998047s
2024-05-29 19:51:33[INFO] [ddpg][Episode: 0][Step: 2][Average] step: 103.96544933319092s env step: 103.4177565574646s train step: 0.2703136205673218s restart time: 39.54001045227051s action time: 0.001387198766072591s
2024-05-29 19:51:33[INFO] [ddpg] Action: [0.92556864 0.05708409 0.2559105  0.5297598  0.0417714  0.2873314
 0.03126796 0.5070614  0.693751   0.9320122  0.9887351  0.8969537
 0.9688991  0.303671   0.         0.64032394 0.04525058 0.43371496
 0.5846426  0.18453507 0.5084788  0.24488196 0.69641846 0.
 0.802855   0.5377343  0.99707854 0.0752138  0.19306193 0.7110431
 0.37955394 0.44416073 0.00419675 0.16170722 0.5550417  0.5623859
 0.         0.63282907 1.         0.57827824 0.376316   0.7182048
 0.15471917 0.8100715  0.30967793 1.         0.45109734 0.22156547
 0.06886985 0.99018085 0.14613646 0.4780319  0.55465305 0.72711587
 0.75909436 0.6363926  0.9521524  0.41426563 0.44324577 1.
 0.2138808  0.70594054 0.98391765 0.47877562 0.7086927  0.00968572
 0.7121924  0.69855577 0.3537323  0.5964021  0.43071452 0.12368266
 0.5719211  0.5996887  0.4723305  0.9152502  0.36812037 0.45871916
 0.35967916 0.51332533 1.         0.78161764 0.         0.7561374
 0.6133963  0.58034736 0.13438958 0.54302704 0.6029918  0.7394697
 1.         0.3097443  0.46633688 0.97380215 0.60702777 0.82105595
 0.5906762  0.37449348 1.         0.11776109 0.51223636 0.82698363
 0.         1.         0.3796208  0.39581987 1.         0.56726706
 0.96041137 1.         0.20390071 1.         0.7436224  1.
 0.08436573 0.5947725  0.9168825  0.3165291  0.09314964 0.643692
 0.47942767 0.94651264 0.86406463 0.6530054  0.40492862 0.6891606
 0.57356703 0.8308382  0.27748454 0.1181869  0.38789192 0.
 1.         0.80704415 0.         0.7372756  0.37583005 0.30330274
 0.4380734  0.03314966 0.8805827  0.8013261  0.46364072 0.07684285
 0.17584231 0.5821088  0.83104336 0.55749047 0.7013174  0.4396654
 0.01754646 0.50509477 0.29487106 0.21864514 0.22898506 0.50193346
 1.         0.31040013 0.8707472  0.31195742 0.94523734 1.
 0.4732006  0.17771503 0.69556046 0.45481086 0.48443738 0.9134114
 0.20812237 0.4842173  0.759653   0.         0.59696245 0.24200165
 0.46465465 0.43951824 0.5775409  0.358304   0.9127964  0.31159803
 0.69015014 0.09579873 0.8665558  0.         0.56543577 0.
 0.456574   0.4161061  0.40713784 0.         0.05694158 0.8813904
 0.7540153  0.25543186 0.4996061  0.49398026 0.69042546]
