2024-05-31 13:49:08[INFO] 
[Env initialized][Metric tpmC: 9168.96 tpmTotal: 20187.07 Transaction Count: 20250]
2024-05-31 13:49:08[INFO] [ddpg] Action: [0.3597739  0.39101148 0.02215481 0.37167478 0.8479311  0.40837905
 0.65614283 0.32451835 0.60487175 0.4804083  0.4803459  0.53660345
 0.37466362 0.28456768 0.34389916 0.4366106  0.51128656 0.8278432
 0.47482735 0.44700828 0.5510153  0.5930675  0.508643   0.19066869
 0.4192271  0.4364906  0.6584304  0.3461507  0.53033024 0.4118054
 0.46603614 0.10796027 0.08232594 0.31372312 0.6013496  0.9205725
 0.36538824 0.41417295 0.47895217 0.30581298 0.56090444 0.39959025
 0.51268315 0.3686784  0.32134616 0.45938092 0.19686088 0.02560041
 0.65010804 0.36079672 0.69684273 0.5327556  0.45491716 0.3546334
 0.73002166 0.34014645 0.5680499  0.10546587 0.10293652 0.75051904
 0.5793033  0.73105955 0.3447096  0.47515267 0.14665914 0.5127641
 0.77149457 0.08247709 0.22847559 0.64822036 0.54842013 0.7608295
 0.7914802  0.38380644 0.67031837 0.46420234 0.5221446  0.41652855
 0.16997024 0.73792946 0.5439312  0.3547802  0.5099082  0.58064514
 0.3350141  0.67845607 0.81115645 0.45574948 0.731541   0.5931917
 0.4157531  0.15382327 0.76372534 0.46335423 0.45501503 0.46256292
 0.87486184 0.5681229  0.18430257 0.65925956 0.4163885  0.5426906
 0.38596788 0.44916406 0.2198661  0.5479559  0.71211165 0.4196803
 0.7096517  0.5932459  0.5093339  0.5178687  0.5538231  0.3922422
 0.6372319  0.12764753 0.30603492 0.3260705  0.54478294 0.3530989
 0.54985195 0.8299101  0.5199786  0.5214438  0.59378815 0.09767391
 0.5393432  0.7320902  0.3911575  0.4493082  0.45747697 0.31199566
 0.6495724  0.36137062 0.4125882  0.51450557 0.83344054 0.35307562
 0.3992532  0.31237903 0.40083227 0.38515085 0.38094488 0.71437156
 0.58151484 0.42900363 0.40905675 0.45695832 0.4788823  0.12673055
 0.51747626 0.3000712  0.5670586  0.38541132 0.6428045  0.40010285
 0.3108969  0.6956189  0.6827052  0.59942734 0.5045245  0.43700016
 0.6623921  0.5991431  0.7305522  0.6941807  0.5255415  0.57607293
 0.5087498  0.50527704 0.38215    0.4268542  0.70556474 0.6353033
 0.37810242 0.29171947 0.33045968 0.9381148  0.47225657 0.
 0.74445283 0.3823965  0.36517352 0.18676607 0.44027558 0.30916888
 0.1351155  0.4450378  0.6362745  0.21177077 0.38967508 0.50422895
 0.32904333 0.47327965 0.5718085  0.4555942  0.41137052]
2024-05-31 13:50:52[INFO] 
[ddpg][Episode: 0][Step: 0][Metric tpmC:10687.95 tpmTotal:24151.23 Transaction Count:24304]Reward: 418216.1130259659 Score: 0.41821611302596595 Done: False
2024-05-31 13:50:52[INFO] [ddpg][Episode: 0][Step: 0] step: 103.5118567943573s env step: 103.50249648094177s train step: 0.0s restart time: 39.54309844970703s action time: 0.0025048255920410156s
2024-05-31 13:50:52[INFO] [ddpg][Episode: 0][Step: 0][Average] step: 103.5118567943573s env step: 103.50249648094177s train step: 0.0s restart time: 39.54309844970703s action time: 0.0025048255920410156s
2024-05-31 13:50:52[INFO] [ddpg] Action: [0.06845413 0.3779869  0.17993861 0.31726465 0.63034916 0.39473134
 0.69482404 0.22634308 0.6851507  0.4203985  0.6168548  0.68178904
 0.05964736 0.4159151  0.22693798 0.7225007  0.14618503 0.7069986
 0.51744235 0.82689756 0.42493537 0.6701806  0.5482964  0.16896263
 0.37964654 0.53925145 0.72019434 0.24120012 0.41887486 0.62017083
 0.0841082  0.18781324 0.18813352 0.510717   0.         0.8762569
 0.38179174 0.2245106  0.46758115 0.3849662  0.45988494 0.28228024
 0.29198417 0.4286564  0.4640922  0.39230374 0.         0.
 0.57272846 0.40047097 0.7975795  0.358645   0.74737847 0.00495527
 0.29062596 0.64728165 0.53203654 0.         0.5343766  0.8038485
 0.65429556 0.92724806 0.34870654 0.80988955 0.01996777 0.45812213
 0.5438025  0.30020458 0.02517466 0.39105386 0.6430381  0.5517557
 1.         0.648662   0.83447444 0.36714715 0.8203838  0.32465762
 0.15298164 0.5979702  0.5787702  0.08779296 0.32374054 0.67555
 0.33963713 0.58062166 0.8838938  0.45118606 0.6995637  0.44027618
 0.7797268  0.49991128 0.5413104  0.5332485  0.725529   0.64576185
 1.         0.6537918  0.         0.47103253 0.23215508 0.732484
 0.19593072 0.4666373  0.7952044  0.7041384  0.37637404 0.4483617
 0.579328   0.95301896 0.68870234 0.33014223 0.3062411  0.2579995
 0.5101821  0.         0.19547006 0.43613803 0.46764117 0.
 0.64574426 1.         0.108087   0.3688787  0.7020112  0.
 0.32480586 0.8462236  0.41431803 0.5528161  0.42721203 0.26588193
 0.6817105  0.13074423 0.2880346  0.91364294 1.         0.4958987
 0.37121496 0.3980235  0.29672956 0.31729734 0.21041249 0.34411237
 0.74898916 0.37271345 0.43284315 0.48913035 0.55982745 0.28404772
 0.66914344 0.3981318  0.22766313 0.47755328 0.9338007  0.3713371
 0.87479025 0.8275861  0.7200183  0.39574498 0.32214504 0.2756834
 0.34839505 0.4708554  0.6749136  0.28068253 0.56647104 0.61385244
 0.1824023  0.58103824 0.6792734  0.84974664 0.7374998  0.02815158
 0.39474532 0.12637159 0.47802502 0.7124085  0.5790851  0.
 0.71457106 0.16238141 0.         0.5100745  0.5566854  0.5166344
 0.42205894 0.5865672  0.69471055 0.1539998  0.20740864 0.5086939
 0.4533305  0.46563998 0.5823251  0.5776377  0.17258139]
2024-05-31 13:52:35[INFO] 
[ddpg][Episode: 0][Step: 1][Metric tpmC:10605.87 tpmTotal:23408.07 Transaction Count:23489]Reward: 0 Score: 0.41821611302596595 Done: False
2024-05-31 13:52:35[INFO] [ddpg][Episode: 0][Step: 1] step: 103.46837878227234s env step: 103.46096539497375s train step: 0.0s restart time: 39.65505290031433s action time: 0.0009310245513916016s
2024-05-31 13:52:35[INFO] [ddpg][Episode: 0][Step: 1][Average] step: 103.46837878227234s env step: 103.46096539497375s train step: 0.0s restart time: 39.65505290031433s action time: 0.0017179250717163086s
2024-05-31 13:52:35[INFO] [ddpg] Action: [0.0000000e+00 0.0000000e+00 3.2346150e-01 5.4683328e-01 7.0480627e-01
 3.5369545e-01 5.3994012e-01 3.3170885e-01 8.0224997e-01 6.5579456e-01
 7.7981603e-01 5.4871511e-01 2.1792662e-01 4.9671647e-01 4.4911852e-01
 4.2173350e-01 3.1703389e-01 8.4279341e-01 7.4697214e-01 3.7331572e-01
 4.3568283e-01 5.3435880e-01 5.2963871e-01 3.7160489e-01 1.6200355e-01
 7.1823108e-01 1.0000000e+00 7.5737178e-02 2.7511163e-02 4.6749845e-01
 0.0000000e+00 2.8412071e-01 1.4874211e-01 4.8022419e-01 0.0000000e+00
 9.4497836e-01 5.8177251e-01 1.6452871e-01 2.4253702e-01 4.7738990e-01
 5.4863042e-01 2.4638006e-01 4.0450060e-01 5.8595425e-01 7.1666658e-01
 5.7824165e-01 2.8648815e-01 0.0000000e+00 5.8446306e-01 4.9983609e-01
 7.6571298e-01 3.8865784e-01 6.5525144e-01 2.6352888e-01 1.3571413e-01
 9.1373807e-01 1.7287011e-01 0.0000000e+00 4.9987552e-01 7.5261766e-01
 5.6600583e-01 4.8205787e-01 7.5683427e-01 7.1060181e-01 0.0000000e+00
 4.2605117e-01 5.5388868e-01 3.4614033e-01 0.0000000e+00 0.0000000e+00
 4.8962250e-01 8.3157974e-01 7.9476702e-01 5.3723931e-01 6.8279243e-01
 2.6642177e-01 7.5378853e-01 2.6452887e-01 2.5068739e-04 5.8057564e-01
 3.7012202e-01 9.9793769e-02 0.0000000e+00 5.1394588e-01 5.4738468e-01
 3.7595558e-01 8.4071457e-01 1.2226591e-01 5.5013406e-01 3.4843490e-01
 7.0224571e-01 8.3840400e-01 4.6580246e-01 5.3870475e-01 9.3965799e-01
 4.1317385e-01 8.2414114e-01 8.8560027e-01 1.8639347e-01 7.6711422e-01
 2.1903194e-01 5.5205733e-01 3.2538140e-01 4.6816501e-01 6.7104602e-01
 6.5050739e-01 1.5003859e-01 9.0201157e-01 3.7402105e-01 8.7881291e-01
 4.3211502e-01 1.8594055e-01 5.7715940e-01 1.8897749e-02 6.8846011e-01
 1.5884195e-01 5.4570580e-01 5.8373934e-01 6.3258481e-01 0.0000000e+00
 7.7219379e-01 9.6172541e-01 1.4589541e-02 3.9222953e-01 8.1586814e-01
 1.0107311e-01 1.9590166e-01 8.3859760e-01 1.4355822e-01 4.5927274e-01
 3.6525348e-01 5.1193880e-03 5.0874871e-01 2.7787170e-01 5.3445745e-01
 8.2515371e-01 7.0332748e-01 7.5716609e-01 3.2399553e-01 3.4887272e-01
 5.7275045e-01 4.9917147e-01 3.4065995e-01 6.1885172e-01 4.5923805e-01
 2.7507755e-01 1.4302124e-01 6.7659879e-01 4.2235062e-01 4.3276218e-01
 9.4416904e-01 0.0000000e+00 3.3110121e-01 5.6962609e-01 9.9670571e-01
 4.4754642e-01 5.7450986e-01 6.1368728e-01 5.7655466e-01 9.1855235e-02
 2.4864721e-01 3.2153413e-01 4.1312262e-01 5.7904792e-01 4.4760612e-01
 1.2659484e-01 4.4187179e-01 8.5387206e-01 3.5801971e-01 8.7115538e-01
 8.8047284e-01 6.4471900e-01 4.7739518e-01 2.5401500e-01 3.1281346e-01
 2.9153040e-01 9.0770102e-01 8.1574422e-01 5.8100176e-01 3.7225306e-01
 5.8225304e-01 4.9176589e-01 0.0000000e+00 4.1082993e-01 7.6300174e-01
 8.7476677e-01 7.9930067e-01 6.9579017e-01 3.8846061e-01 0.0000000e+00
 6.5106221e-02 4.0346813e-01 2.8115216e-01 4.4653249e-01 5.9881026e-01
 5.5100846e-01 0.0000000e+00]
