2024-05-29 19:37:03[INFO] 
[Env initialized][Metric tpmC: 9321.28 tpmTotal: 20583.55 Transaction Count: 20657]
2024-05-29 19:37:03[INFO] [ddpg] Action: [0.8247857  0.47995764 0.45627466 0.7520604  0.65529007 0.590762
 0.56709284 0.3320107  0.5946855  0.46274218 0.37497213 0.7530662
 0.36392954 0.24494131 0.55618596 0.65904754 0.8659207  0.46386227
 0.20799693 0.52484196 0.5299914  0.32041398 0.53937304 0.37840468
 0.646887   0.32747012 0.4307209  0.53684247 0.89097375 0.333855
 0.4029909  0.72509676 0.5853873  0.6269583  0.42057887 0.5868161
 0.7788261  0.26808208 0.37319776 0.08870947 0.8604182  0.88323575
 0.1992674  0.43373016 0.20481773 0.7930717  0.7156403  0.5297183
 0.70563245 0.01660247 0.4319141  0.25908983 0.49085826 0.6711278
 0.506227   0.13274427 0.52919364 0.276053   0.9833723  0.19187197
 0.25649878 0.31959236 0.89159715 0.7771637  0.38046822 0.29553095
 0.48753467 0.45960635 0.51167333 0.23172396 0.3469389  0.6813104
 0.14271422 0.3863186  0.19745044 0.56109434 0.5570771  0.8552222
 0.7562179  0.5202525  0.40098342 0.58941233 0.41913205 0.63033694
 0.3490873  0.75131965 0.5246549  0.65130115 0.6284866  0.37656033
 0.8457174  0.60610175 0.48826268 0.2223955  0.617621   0.62779033
 0.35791302 0.5284475  0.56555146 0.83147824 0.34563807 0.72009116
 0.1798288  0.29515758 0.8523584  0.5704797  0.44691786 0.70538956
 0.37897316 0.62457114 0.32904294 0.60890204 0.636093   0.76043826
 0.55412114 0.73071766 0.6510264  0.44576868 0.7053264  0.17291738
 0.44319284 0.35749757 0.3967062  0.5878539  0.657916   0.48438463
 0.17549719 0.80603456 0.46075514 0.66965175 0.6260417  0.5762403
 0.5692286  0.76601654 0.5728998  0.37729582 0.2496283  0.5663931
 0.8457689  0.6934816  0.66953593 0.4538116  0.5934215  0.51369655
 0.7859548  0.344947   0.5327247  0.8410916  0.71470267 0.56338143
 0.8314543  0.23769693 0.5512668  0.5103174  0.19399664 0.13040799
 0.5716404  0.20022123 0.34581554 0.09057714 0.69266474 0.40524724
 0.50310606 0.39099443 0.73975414 0.51781416 0.38269854 0.31957254
 0.4141962  0.5387385  0.49705276 0.619763   0.33837095 0.34614304
 0.6466996  0.5066015  0.3320441  0.7549554  0.57713145 0.6628259
 0.43491042 0.7083579  0.4584372  0.4330625  0.60408443 0.4062541
 0.44825178 0.47493052 0.4197978  0.24076205 0.66459477 0.5652951
 0.68697304 0.53391963 0.58001506 0.45209458 0.12665182]
2024-05-29 19:38:47[INFO] 
[ddpg][Episode: 0][Step: 0][Metric tpmC:11572.68 tpmTotal:25783.86 Transaction Count:25993]Reward: -0.1588715692442917 Score: -0.1588715692442917 Done: False
2024-05-29 19:38:47[INFO] [ddpg][Episode: 0][Step: 0] step: 103.67112636566162s env step: 103.66227769851685s train step: 0.0s restart time: 39.53351974487305s action time: 0.002294301986694336s
2024-05-29 19:38:47[INFO] [ddpg][Episode: 0][Step: 0][Average] step: 103.67112636566162s env step: 103.66227769851685s train step: 0.0s restart time: 39.53351974487305s action time: 0.002294301986694336s
2024-05-29 19:38:47[INFO] [ddpg] Action: [0.7722675  0.54479486 0.6246167  0.8063139  0.1555293  0.57080877
 0.5862231  0.5194299  0.61735535 0.22347042 0.38381615 0.78887874
 0.1983321  0.16016877 0.7232388  0.34949294 0.44306096 0.3194085
 0.         0.54291195 0.8212701  0.5588488  0.58587545 0.12905844
 0.5982823  0.40045884 0.4257922  0.62457275 0.9077515  0.43046176
 0.39442226 1.         0.46682602 0.6636058  0.75313467 0.66502696
 0.7321642  0.26560915 0.584003   0.32015485 0.9500572  1.
 0.28294846 0.74975765 0.         0.5832393  0.92641574 0.72504574
 0.80730224 0.12380312 0.5700906  0.         0.5298401  0.80273604
 0.5901745  0.19317201 0.3087615  0.16893628 0.8473993  0.4175898
 0.12735872 0.2884614  0.61263895 0.66459763 0.33074555 0.38961214
 0.8697075  0.09003861 0.69030005 0.0727671  0.60051006 0.79973996
 0.37191808 0.21918836 0.31582874 0.6859007  0.52621114 1.
 0.4480813  0.55195975 0.         0.5923991  0.         0.5893721
 0.77840555 0.79856485 0.7199513  0.8380945  0.53126293 0.40938047
 0.85659695 0.49232677 0.61574656 0.         0.32470098 0.76574177
 0.54300606 0.8784298  0.8826916  0.9608936  0.27507007 0.8895732
 0.3735717  0.48748127 0.89655435 0.59910786 0.4606943  0.7262118
 0.8107296  0.76056504 0.0853011  0.4115205  0.6080571  0.29628628
 0.55505943 0.91079295 0.30329588 0.5771034  0.41856104 0.4618292
 0.46328017 0.35057563 0.25597572 0.539211   0.88490397 0.57792497
 0.47146323 0.74731684 0.43763298 0.76335967 0.70237136 0.40263224
 0.         0.752502   0.5529262  0.39104682 0.2959191  1.
 0.72167677 0.66196716 0.6508654  0.6320718  0.5831808  0.5410387
 0.86416173 0.50942045 0.3815751  0.7566617  0.6262181  0.5062544
 0.868457   0.17584027 0.10692986 0.43494114 0.06559107 0.06075068
 0.77474433 0.15728402 0.09898844 0.20892407 0.6117077  0.32590196
 0.57771116 0.31792787 0.6245422  0.38342568 0.3272424  0.2750317
 0.7142496  0.41561794 0.6381677  0.48376822 0.53356856 0.62350714
 0.6249834  0.58641744 0.6065759  0.8166325  0.5496575  0.7294295
 0.77729607 0.81197053 0.7711454  0.48549452 0.81556684 0.5354448
 0.5215653  0.         0.40868443 0.7096495  0.6380033  0.32776242
 0.62167186 0.6830514  0.4210775  0.38593358 0.07665443]
2024-05-29 19:40:36[INFO] 
[ddpg][Episode: 0][Step: 1][Metric tpmC:11166.23 tpmTotal:24767.1 Transaction Count:24892]Reward: -0.26763235611280684 Score: -0.4265039253570985 Done: False
2024-05-29 19:40:36[INFO] [ddpg][Episode: 0][Step: 1] step: 108.43437361717224s env step: 108.42764592170715s train step: 0.0s restart time: 44.55084300041199s action time: 0.0008265972137451172s
2024-05-29 19:40:36[INFO] [ddpg][Episode: 0][Step: 1][Average] step: 108.43437361717224s env step: 108.42764592170715s train step: 0.0s restart time: 44.55084300041199s action time: 0.0015604496002197266s
2024-05-29 19:40:36[INFO] [ddpg] Action: [0.8324417  0.8550177  0.5148076  0.4979057  0.4086408  0.4721004
 0.42525548 0.6213624  0.41155034 0.16614965 0.6750427  0.8363578
 0.15630321 0.         0.32389632 0.27873075 0.49053848 0.24200779
 0.         0.69527614 0.81909585 0.2872401  0.5463762  0.20850264
 0.4275468  0.38865894 0.1821556  0.4860694  0.5546513  0.4170888
 0.640326   1.         0.63997394 0.27743372 0.82972246 0.39647445
 0.9025403  0.10960944 0.77395236 0.18110919 1.         1.
 0.33638778 0.7913574  0.15852784 0.82307017 0.84876454 0.28593522
 0.77886873 0.         0.61465883 0.24323583 0.5075589  1.
 0.40769514 0.01214742 0.2983206  0.1054136  0.89859486 0.25934258
 0.15386647 0.4384517  0.6424494  0.6848287  0.16866845 0.08774721
 0.787461   0.         0.559375   0.21457273 0.7942379  0.8294267
 0.6646611  0.291421   0.36402088 1.         0.6325652  1.
 0.2158423  0.315689   0.         0.8042245  0.         0.13690741
 0.81253946 0.9581069  0.93357235 0.7950997  0.24076934 0.27481806
 0.41441798 0.23672727 0.5321134  0.04922841 0.13442358 0.8748506
 0.4302399  0.9038899  0.5262616  1.         0.15253997 0.7691921
 0.37450597 0.37803906 0.83723533 0.32340807 0.31918365 0.7848021
 0.8363243  0.80606264 0.08404732 0.2547435  0.29498255 0.3684034
 0.8441553  0.8476213  0.51361465 0.74477226 0.23312892 0.59281766
 0.5821937  0.25219473 0.20972395 0.81919056 0.8500257  0.40359056
 0.274871   1.         0.14944878 0.57536566 0.7430568  0.43180034
 0.         1.         0.5959992  0.24849997 0.45352346 1.
 0.5478437  0.35566387 0.5843188  0.9670353  0.61068803 0.22021168
 1.         0.5264384  0.6912392  0.7052035  0.8011653  0.30622575
 0.92448944 0.18506418 0.5788281  0.5418717  0.24180087 0.21668117
 0.72412467 0.42959985 0.08277247 0.42098892 0.5809031  0.21170673
 0.48214838 0.27079093 0.5753211  0.43202758 0.59579706 0.17377609
 0.66483945 0.51731277 0.45566735 0.5911475  0.55438715 0.6215574
 0.6813499  0.38567743 0.8035576  0.7250224  0.415748   0.8365345
 0.4164112  0.5897338  0.7676885  0.2697261  0.8996751  0.25266153
 0.4947481  0.24763693 0.39081672 0.5749196  0.66494215 0.
 0.6860041  0.4746085  0.1519284  0.36575758 0.11290009]
2024-05-29 19:42:19[INFO] 
[ddpg][Episode: 0][Step: 2][Metric tpmC:11648.84 tpmTotal:25667.3 Transaction Count:25757]Reward: -0.11303620980978307 Score: -0.5395401351668816 Done: False
2024-05-29 19:42:20[INFO] [ddpg][Episode: 0][Step: 2] Critic: 0.051079340279102325 Actor: -0.032696228474378586
2024-05-29 19:42:20[INFO] [ddpg][Episode: 0][Step: 2] step: 104.57670783996582s env step: 103.42338418960571s train step: 0.5729560852050781s restart time: 39.573521852493286s action time: 0.0008504390716552734s
2024-05-29 19:42:20[INFO] [ddpg][Episode: 0][Step: 2][Average] step: 104.57670783996582s env step: 103.42338418960571s train step: 0.5729560852050781s restart time: 39.573521852493286s action time: 0.0013237794240315754s
2024-05-29 19:42:20[INFO] [ddpg] Action: [0.87433755 0.3374726  0.82364404 0.6389433  0.5510738  0.44395208
 0.4482647  0.81207657 0.8311236  0.14885065 0.7899408  0.42867982
 0.2279128  0.         0.615045   0.7005714  0.7204516  0.
 0.         0.8909926  0.9132181  0.23946327 0.283161   0.22892888
 0.63349885 0.5337455  0.         0.7914843  0.91478014 0.22558314
 0.32792467 0.89049184 0.79288256 0.20497052 0.48391703 0.6556856
 0.861051   0.1463234  0.7173971  0.00925692 1.         0.9167129
 0.38841057 0.7088887  0.         0.67073864 0.45822343 0.3508908
 0.72684956 0.         0.832157   0.05556381 0.38973534 1.
 0.34725508 0.28753215 0.23190372 0.22247522 0.9376928  0.14033154
 0.5399743  0.98154753 0.18292905 0.57526535 0.39449596 0.14271657
 0.5773878  0.45708498 0.23687421 0.         0.7609188  1.
 0.28234535 0.19708799 0.71625924 0.8555636  0.7469838  0.88503414
 0.05116941 0.4772611  0.         0.78078294 0.         0.30510795
 0.6369741  0.98405933 0.85449785 0.8634123  0.36550274 0.30166352
 0.72183716 0.43879017 0.14479788 0.12576143 0.68797207 0.68232083
 0.31006643 1.         0.6750778  0.87355673 0.02412251 0.8673489
 0.62052023 0.29955807 0.43841445 0.8444191  0.08432625 0.82356805
 0.66899836 0.8310501  0.13695717 0.13541216 0.21752805 0.7694398
 0.62428105 0.6791972  0.6492026  0.7269412  0.39999545 0.32064757
 0.5086665  0.40277904 0.         0.68264115 0.5580408  0.50369924
 0.52870446 0.8802851  0.10798722 0.8349696  1.         0.4823551
 0.         1.         0.57939905 0.30866197 0.42323515 1.
 0.59021693 0.75993854 0.5550537  0.49716976 0.6290562  0.32806188
 0.64390904 0.83598226 0.6373485  0.54014665 0.6917929  0.302641
 0.7489251  0.44113997 0.26026708 0.4469208  0.19359888 0.2401472
 0.64420706 0.47457492 0.09151908 0.68156284 0.7884565  0.26720417
 0.25301227 0.15290774 0.7334446  0.3026536  0.6376102  0.30654407
 0.6701767  0.45113456 0.7095242  0.5137027  0.39315253 0.635565
 0.5796446  0.29352146 0.8570818  0.64835054 0.6251484  0.94305557
 0.3915928  0.6735377  0.6160889  0.4237436  0.7509177  0.22254936
 0.42968172 0.38167015 0.32583916 0.39984336 0.4437912  0.26681715
 0.81439555 0.4845709  0.20160499 0.10151365 0.01729143]
