2024-05-22 15:51:08[INFO] 
[Env initialized][Metric tpmC: 7486.45 tpmTotal: 16501.21 Transaction Count: 16594]
2024-05-22 15:51:42[INFO] [ddpg] Action: [0.49981877 0.46000585 0.46494102 0.36913514 0.36771238 0.508731
 0.65578836 0.7964084  0.66977084 0.41355082 0.5129868  0.6062021
 0.65760124 0.82436967 0.6981383  0.489492   0.7566033  0.55280125
 0.534173   0.6370896  0.3682606  0.6478685  0.7369628  0.50708055
 0.7548689  0.40825593 0.24693377 0.33963373 0.58757824 0.87107414
 0.6276394  0.32682365 0.40119442 0.57024497 0.61170006 0.5437163
 0.77835137 0.72487146 0.38441128 0.05586061 0.15940069 0.6893624
 0.53426427 0.6709803  0.26058722 0.5465747  0.4406369  0.31624192
 0.34711188 0.40745947 0.7142322  0.8454123  0.5015308  0.8147491
 0.41318426 0.5919925  0.38844854 0.5666371  0.6602947  0.41330662
 0.8422681  0.11281105 0.40331137 0.32933837 0.53294355 0.6467531
 0.2454881  0.7675557  0.5183287  0.57454634 0.52424335 0.66677415
 0.5419219  0.4358836  0.         0.58519435 0.41521153 0.5870218
 0.85317826 0.32645425 0.29471123 0.62809443 0.3710204  0.21576068
 0.6304767  0.50838107 0.14628509 0.6923598  0.5660064  0.20866922
 0.87732923 0.5321249  0.5038087  0.36132693 0.54611206 0.5928431
 0.53361046 0.447199   0.67127025 0.75349456 0.5245697  0.5863028
 0.7839323  0.6727686  0.54942757 0.45140076 0.51914704 0.5793592
 0.6559362  0.4605073  0.47357696 0.37121212 0.5014991  0.88915247
 0.73954093 0.5463858  0.48452795 0.3815019  0.83287066 0.43938112
 0.23342307 0.74199593 0.7834199  0.38540328 0.51541376 0.70978016
 0.61046475 0.4660874  0.598846   0.48574746 0.06217355 0.883723
 0.2687144  0.63252896 0.4864854  0.42693332 0.17633213 0.36294034
 0.1633485  0.37567642 0.577426   0.5793783  0.6301331  0.2567799
 0.8060284  0.8879394  0.710767   0.47386086 0.5911272  0.39345253
 0.60460365 0.4613679  0.39164385 0.5996797  0.7760951  0.25281
 0.3899367  0.6396273  0.29827714 0.5116983  0.81868094 0.6879642
 0.3237246  0.5951954  0.4037194  0.6937098  0.81594825 0.37688717
 0.39585894 0.15530957 0.39832044 0.38465142 0.5813177  0.6943462
 0.3543157  0.24104795 0.72695684 0.4733696  0.59959185 0.18743208
 0.5257266  0.23467518 0.18355341 0.6307455  0.36955497 0.74955213
 0.34667692 0.29195866 0.7080385  0.20310542 0.6190496  0.65114594
 0.4275438  0.17482479 0.66346806 0.80049396 0.6708336 ]
