2024-05-29 19:29:47[INFO] 
[Env initialized][Metric tpmC: 10811.45 tpmTotal: 24111.16 Transaction Count: 24379]
2024-05-29 19:29:47[INFO] [ddpg] Action: [0.49860492 0.423692   0.9020841  0.7607258  0.40408763 0.31284118
 0.5333356  0.7487332  0.51440144 0.04373336 0.53696316 0.11396965
 0.32350585 0.46927541 0.2643412  0.94768226 0.19464879 0.2765845
 0.47260907 0.28577986 0.479983   0.6875774  0.2701591  0.4073433
 0.75821245 0.69357055 0.63966584 0.33217746 0.6402576  0.38296807
 0.15615949 0.2894063  0.29635078 0.67739993 0.6696197  0.722439
 0.30505463 0.36837512 0.5855517  0.5496962  0.3396014  0.91785765
 0.30535504 0.8966614  0.6206754  0.5052479  0.6567915  0.14594793
 0.6432177  0.2966573  0.5264326  0.4208362  0.28891173 0.5721871
 0.67402893 0.39211622 0.34018326 0.71289635 0.51580983 0.4872976
 0.61345476 0.36734954 0.44659808 0.41261098 0.79106015 0.6532678
 0.44455042 0.34508348 0.50402504 0.44910005 0.44574413 0.7184296
 0.6599996  0.42914766 0.3366062  0.57659274 0.30354038 0.18637866
 0.557025   0.6419403  0.63315576 0.6942099  0.47409803 0.16884206
 0.50823325 0.5495577  0.4314478  0.33598295 0.68268436 0.5576667
 0.64292514 0.4536701  0.699766   0.27673763 0.40971157 0.75167805
 0.99819475 0.9052323  0.8231156  0.6645763  0.33587316 0.3366016
 0.57939357 0.42537436 0.31786263 0.47971055 0.5504273  0.42295432
 0.7798061  0.36644277 0.5752055  0.3550163  0.0657308  0.3805497
 0.41453296 0.35545054 0.44838753 0.44815198 0.59384066 0.63619614
 0.6935188  0.39557555 0.9293429  0.05062891 0.47378933 0.6810545
 0.37314707 0.45085135 0.03875777 0.77588856 0.3300974  0.5556364
 0.6944924  0.7129243  0.6038488  0.5563294  0.5847547  0.9336864
 0.25798452 0.459848   0.52896684 0.4508143  0.47794634 0.06644773
 0.50821346 0.25827083 0.8564208  0.47929817 0.863674   0.6339696
 0.52027994 0.47594544 0.4093907  0.34785792 0.39467058 0.3048605
 0.9902942  0.4885407  0.39646554 0.7707713  0.45850137 0.6858623
 0.3273495  0.56805056 0.3752069  0.4852658  0.71478    0.65871537
 0.72681236 0.6094028  0.7418573  0.32618067 0.37799206 0.45419675
 0.3365903  0.9418635  0.19183482 0.9334325  0.26558542 0.70369613
 0.2645095  0.6033013  0.7257039  0.9053418  0.3726184  0.41758198
 0.14874423 0.57971334 0.44461095 0.5179813  0.886601   0.56703866
 0.87250817 0.38504046 0.33068877 0.6160051  0.31036523]
2024-05-29 19:31:18[INFO] 
[ddpg][Episode: 0][Step: 0][Metric tpmC:0 tpmTotal:0 Transaction Count:0]Reward: -10000000.0 Score: -10000000.0 Done: True
2024-05-29 19:31:18[INFO] [ddpg][Episode: 0][Step: 0] step: 90.94456052780151s env step: 90.93545007705688s train step: 0.0s restart time: 90.935373544693s action time: 0.0024857521057128906s
2024-05-29 19:31:18[INFO] [ddpg][Episode: 0][Step: 0][Average] step: 90.94456052780151s env step: 90.93545007705688s train step: 0.0s restart time: 90.935373544693s action time: 0.0024857521057128906s
2024-05-29 19:32:56[INFO] 
[Env initialized][Metric tpmC: 9281.39 tpmTotal: 20570.23 Transaction Count: 20657]
2024-05-29 19:32:56[INFO] [ddpg] Action: [0.37778065 0.42261055 0.3458596  0.43229857 0.461161   0.4075411
 0.28136095 0.392067   0.45669335 0.50174505 0.65461355 0.4810146
 0.10497652 0.43504667 0.57507974 0.47794974 0.27444097 0.39525002
 0.7649406  0.6533274  0.34249815 0.51083446 0.44670048 1.
 0.00130047 0.41573027 0.72526467 1.         0.31908318 0.4241511
 0.47979778 0.77001923 0.3930525  0.51825255 0.7671503  0.00442136
 0.4234828  0.40400952 0.48165184 0.3840883  0.2927     0.7408035
 0.30780366 0.49924853 0.39674535 0.50450253 0.47415867 0.8343384
 0.4463173  0.8080661  0.5402634  0.5788197  0.43488637 0.53305805
 0.629245   0.7329707  0.9223314  0.4541974  0.43704823 0.7156953
 0.9270362  0.32131317 0.5210352  0.17558025 0.2184247  0.27356485
 0.82459784 0.3649007  0.4971831  0.41729945 0.4588123  0.701253
 0.35991317 0.5234876  0.90285516 0.4816925  0.02701869 0.5507745
 0.47785044 0.6214504  0.4834164  0.679536   0.75051963 0.37769458
 0.68522954 0.5627486  0.49400407 0.57581764 0.6728123  0.51295847
 0.84490603 0.70353127 0.347068   0.3935249  0.5138005  0.05662408
 0.61082524 0.62490344 0.75123733 0.15410905 0.5493865  0.4714915
 0.39194983 0.5565044  0.24121237 0.6702983  0.59213185 0.7533143
 0.1702602  0.74718565 0.33574766 0.7537884  0.4870534  0.3835552
 0.6854965  0.52157825 0.50464255 0.71622753 0.79037184 0.4000244
 0.4846099  0.80051565 0.18120016 0.5511072  0.663852   0.48942965
 0.51461583 0.45407233 0.6870269  0.22416148 0.13209917 0.8148446
 0.23148613 0.37630337 0.5390386  0.31099138 0.31023598 0.33262637
 0.47926247 0.24139586 0.88534534 0.44688687 0.65589315 0.4094677
 0.60480046 0.24717154 0.33443475 0.6023341  0.5445113  0.43633512
 0.32542711 0.32482088 0.97750145 0.5603183  0.6447144  0.30544117
 0.40450504 0.4699959  0.39438292 0.65253365 0.4063866  0.63189757
 0.28408343 0.7832097  0.45477682 0.4742428  0.45043916 0.4808056
 0.250256   0.31648034 0.48524037 0.13743173 0.8751484  0.99230886
 0.61647534 0.6530522  0.4321664  0.438919   0.11802052 0.59633225
 0.769394   0.34955525 0.643116   0.20195304 0.33439738 0.7175832
 0.4552444  0.9198167  0.5585071  0.7126218  0.6703641  0.6341347
 0.30692244 0.64265525 0.86254525 0.26928207 0.5477235 ]
