2024-05-29 10:09:56[INFO] 
[Env initialized][Metric tpmC: 8822.12 tpmTotal: 19444.99 Transaction Count: 19479]
2024-05-29 10:09:56[INFO] [ddpg] Action: [0.6196363  0.70880014 0.22950017 0.7308562  0.5633219  0.6250058
 0.43100056 0.4790773  0.45518318 0.35201585 0.28231645 0.4248801
 0.6279891  0.3800568  0.59902257 0.59916973 0.6856756  0.6969839
 0.30573162 0.01844885 0.5146874  0.71787834 0.50805676 0.18204348
 0.7567749  0.31238255 0.18182714 0.2827832  0.26582897 0.56507206
 0.3192929  0.5374227  0.29743257 0.7012717  0.49485835 0.68109304
 0.30916935 0.5358737  0.08813085 0.2542824  0.37959078 0.5483325
 0.6321749  0.4408469  0.5788103  0.48631066 0.76829463 0.80731785
 0.47089764 0.41325632 0.13132377 0.57155097 0.55289805 0.76356834
 0.42071477 0.2952498  0.62977594 0.57364523 0.31716865 0.33970624
 0.5540138  0.4834585  0.64590544 0.44657794 0.3472047  0.27321735
 0.46535462 0.39057532 0.35832754 0.5688719  0.7358889  0.82123935
 0.58014387 0.13055961 0.39861214 0.42619658 0.53351027 0.5387072
 0.5624623  0.2866397  0.523732   0.7979314  0.52741426 0.4878635
 0.41189662 0.44647828 0.66836214 0.4753225  0.6189553  0.36428502
 0.661159   0.02250737 0.71291757 0.6959804  0.5133476  0.3107019
 0.3606115  0.3876011  0.266808   0.5084977  0.5372782  0.41623387
 0.6251259  0.41105202 0.49649173 0.7234533  0.68090796 0.118063
 0.3338112  0.5285389  0.5003943  0.46290588 0.69052523 0.7526333
 0.81887126 0.5540692  0.48881307 0.0693047  0.66852486 0.40593308
 0.61467284 0.86063206 0.42086816 0.35585007 0.45889765 0.35158283
 1.         0.6741912  0.6675665  0.1002749  0.631414   0.37495527
 0.306285   0.34014857 0.19962671 0.75157154 0.592863   0.5480868
 0.55926615 0.3079583  0.2063634  0.4581255  0.6401705  0.5168993
 0.26203465 0.48986745 0.3283015  0.05969032 0.29493186 0.28951
 0.44492453 0.53874975 1.         0.5805387  0.41361395 0.79203874
 0.20203508 0.5123887  0.35226664 0.7621313  0.24872148 0.19729303
 0.42563027 0.37166682 0.6755415  0.94987637 0.625664   0.8655514
 0.6885013  0.5659421  1.         0.35990646 0.37853652 0.44948205
 0.49999905 0.1491941  0.7911405  0.52723646 0.46839732 0.32000887
 0.5836048  1.         0.77038443 0.21862294 0.5065229  0.36897483
 0.56334966 0.62533116 0.2686804  0.7615247  0.2525325  0.3094133
 0.972625   0.44872937 0.52742684 0.52954787 0.5293454 ]
2024-05-29 10:11:39[INFO] 
[ddpg][Episode: 0][Step: 0][Metric tpmC:10759.22 tpmTotal:24120.94 Transaction Count:24171]Reward: -0.16324746972071025 Score: -0.16324746972071025 Done: False
2024-05-29 10:11:39[INFO] [ddpg][Episode: 0][Step: 0] step: 103.37293887138367s env step: 103.27757620811462s train step: 0.0s restart time: 39.57768177986145s action time: 0.08885622024536133s
2024-05-29 10:11:39[INFO] [ddpg][Episode: 0][Step: 0][Average] step: 103.37293887138367s env step: 103.27757620811462s train step: 0.0s restart time: 39.57768177986145s action time: 0.08885622024536133s
2024-05-29 10:11:39[INFO] [ddpg] Action: [0.6899561  0.3770674  0.57538825 0.81171554 0.6609226  0.93552583
 0.2843629  0.68641406 0.3384717  0.5975834  0.38419688 0.53641087
 0.3308984  0.15358952 0.87699246 0.7963114  0.71693987 0.6019092
 0.232752   0.         0.58031744 0.7242706  0.5814269  0.
 0.47643274 0.56499904 0.29867122 0.73167616 0.583837   0.27193618
 0.89453524 0.41062057 0.31887567 0.88576996 0.44032717 0.59285617
 0.02475136 0.918881   0.04603659 0.42001137 0.6432109  0.45104015
 0.7197673  0.68607944 0.784485   0.76767224 0.6647568  0.8502412
 0.33293512 0.19895558 0.35849065 0.38342813 1.         0.90393466
 0.07016432 0.25669986 0.46152374 0.71485037 0.3153186  0.5862886
 0.72728235 0.3450516  0.4503687  0.5980988  0.53484035 0.32039648
 0.33999008 0.56310016 0.4754889  0.3645027  0.5379411  0.7271003
 1.         0.12826319 0.09573585 0.29327288 0.5305654  0.5125749
 0.45330325 0.3188798  0.48383015 0.5988512  0.550121   0.67500055
 0.4637933  0.6177162  0.7343917  0.18274847 0.41047522 0.69335943
 0.6892146  0.0500008  0.82701606 1.         0.2504151  0.12268414
 0.43351188 0.35309467 0.308374   0.48476112 0.13438763 0.29653296
 0.5258651  0.46431845 0.38576525 0.49269915 0.9134248  0.
 0.35412958 0.44508782 0.6008335  0.56561375 0.22527406 0.8287848
 1.         0.76395434 0.24526496 0.358554   0.8626853  0.96837366
 0.52851075 1.         0.42504895 0.         0.6687225  0.14534573
 1.         0.7632494  0.26229483 0.1306974  0.5332418  0.14677095
 0.414085   0.4229539  0.46298867 0.88575697 1.         0.34555128
 0.50731343 0.4541646  0.1040032  0.44883192 1.         0.8095755
 0.14617507 0.64381903 0.270252   0.         0.         0.3721963
 0.4539904  0.42271626 1.         0.84613484 0.5765593  0.8830633
 0.29554185 0.3373259  0.6481483  0.8602346  0.313313   0.12362544
 0.38521802 0.45472062 0.8716487  1.         0.6467543  0.58844906
 0.950096   0.5862727  1.         0.2530631  0.20763786 0.48859864
 0.49003196 0.04064309 0.61729616 0.22154453 0.5658723  0.3725134
 0.41744378 1.         0.8358236  0.2314276  0.40315688 0.3902206
 0.23886992 0.92558104 0.33055606 0.87200636 0.23858823 0.41499165
 0.92646277 0.39478618 0.77947503 0.6897423  0.5420334 ]
2024-05-29 10:13:28[INFO] 
[ddpg][Episode: 0][Step: 1][Metric tpmC:10694.56 tpmTotal:23901.11 Transaction Count:24024]Reward: -0.30143492223629414 Score: -0.4646823919570044 Done: False
2024-05-29 10:13:28[INFO] [ddpg][Episode: 0][Step: 1] step: 108.52018761634827s env step: 108.51266956329346s train step: 0.0s restart time: 44.603912591934204s action time: 0.0008740425109863281s
2024-05-29 10:13:28[INFO] [ddpg][Episode: 0][Step: 1][Average] step: 108.52018761634827s env step: 108.51266956329346s train step: 0.0s restart time: 44.603912591934204s action time: 0.04486513137817383s
2024-05-29 10:13:28[INFO] [ddpg] Action: [0.5609735  0.68160754 0.23017503 0.5734535  0.38930336 0.62041
 0.20308404 0.6002332  0.25650874 0.7895493  0.37119648 0.545348
 0.09253478 0.47325793 0.9222038  0.98789054 0.66406095 0.3050221
 0.22054245 0.06635688 0.869694   0.6527662  0.62463295 0.
 0.7774939  0.53854406 0.5105123  0.7499256  0.50505    0.3010236
 0.7064807  0.33919418 0.39680088 0.7923044  0.47250172 0.55001867
 0.04014801 1.         0.2012739  0.5492077  0.38701487 0.51233315
 1.         0.70215493 0.56947935 0.61935633 0.83022654 1.
 0.17176434 0.52776086 0.10789593 0.         0.47805464 0.6255768
 0.22038317 0.08257613 0.47144246 0.9460263  0.19821621 0.76257485
 0.69095975 0.6203781  0.27480847 0.4087125  0.21755132 0.
 0.47105765 0.44192252 0.33678856 0.30031055 0.43059    0.7207302
 0.54743385 0.50459737 0.20660067 0.36558914 0.65749353 0.40109766
 0.28660226 0.03285876 0.49607325 0.66611385 0.09811738 0.55531317
 0.8145425  0.681833   0.7265717  0.6426469  0.12699595 0.55692637
 0.6557717  0.34272814 0.96993196 0.8344206  0.39398447 0.08783329
 0.48410684 0.3773474  0.26626694 0.8220042  0.05165652 0.47470838
 0.20371416 0.51846296 0.48484164 0.353743   0.8142894  0.19083081
 0.35315216 0.5523879  1.         0.5116103  0.10994545 0.6309313
 0.9165006  0.8634801  0.33303088 0.40494373 0.74866164 0.7457672
 0.4611017  0.8900531  0.6010702  0.         0.9332104  0.14329639
 1.         0.8460926  0.30052087 0.39350247 0.42468783 0.11025436
 0.26489767 0.7278284  0.4441574  0.6216016  1.         0.31456327
 0.54820424 0.44929788 0.18749316 0.32772273 0.9971282  0.6835428
 0.29632676 0.88728976 0.22835499 0.         0.         0.07278672
 0.48425853 0.43903852 1.         0.46780977 0.6199884  0.9892237
 0.19126876 0.28379536 0.53892124 0.3883249  0.47857678 0.08802053
 0.31102008 0.40334183 0.9056811  1.         1.         0.86514455
 1.         0.23486972 1.         0.01139148 0.02619105 0.45909908
 0.5054641  0.         0.28869504 0.13933583 0.5281656  0.526866
 0.4935952  1.         0.64918065 0.20546694 0.31006524 0.09384866
 0.35180795 0.61007273 0.18275553 0.7407279  0.49930617 0.5397608
 0.73352253 0.38787553 0.7901942  0.56217283 0.3989134 ]
2024-05-29 10:15:16[INFO] 
[ddpg][Episode: 0][Step: 2][Metric tpmC:10717.69 tpmTotal:23498.01 Transaction Count:23638]Reward: -0.2670366066940425 Score: -0.7317189986510468 Done: False
2024-05-29 10:15:17[INFO] [ddpg][Episode: 0][Step: 2] Critic: 0.0671212449669838 Actor: 0.015961721539497375
2024-05-29 10:15:17[INFO] [ddpg][Episode: 0][Step: 2] step: 109.21285510063171s env step: 108.57398724555969s train step: 0.3149075508117676s restart time: 44.61934566497803s action time: 0.000978231430053711s
2024-05-29 10:15:17[INFO] [ddpg][Episode: 0][Step: 2][Average] step: 109.21285510063171s env step: 108.57398724555969s train step: 0.3149075508117676s restart time: 44.61934566497803s action time: 0.030236164728800457s
2024-05-29 10:15:17[INFO] [ddpg] Action: [0.55914867 0.76672685 0.22308823 0.4687015  0.5200972  0.22506075
 0.2114453  0.28032395 0.4768219  0.651949   0.1655945  0.38495824
 0.24975103 0.5880542  0.7790491  0.8780846  0.6063994  0.09530405
 0.47872096 0.25521407 0.76805353 0.4373526  0.6663366  0.
 1.         0.8539016  0.40574667 0.61121976 0.29085433 0.39826375
 0.68087155 0.42545065 0.11869067 0.6897327  0.48932022 0.34648854
 0.07389312 0.7113157  0.4417546  0.5091319  0.90453    0.67511976
 1.         0.45968232 0.15867473 0.68003434 0.7342806  1.
 0.01586553 0.6637111  0.23873219 0.05238366 0.6997413  0.27410132
 0.32006043 0.09716816 0.5854995  0.8560308  0.2192388  0.7716568
 0.5856338  0.3370251  0.6690936  0.41301906 0.37934953 0.
 0.46597376 0.0774285  0.29500857 0.00821477 0.44104606 0.7217291
 0.48431137 0.44116703 0.07531076 0.6901183  0.5743575  0.4103047
 0.4467756  0.10035366 0.580004   0.5904352  0.22380973 0.63958716
 0.46371418 0.71815425 0.4408479  0.6948324  0.04711279 0.3963791
 0.80674726 0.25460783 1.         0.8731581  0.22859524 0.3009073
 0.6379642  0.5268847  0.03988285 0.52741957 0.         0.42445114
 0.3253707  0.671792   0.88330513 0.28508162 0.9412831  0.5670504
 0.8042957  0.72081196 1.         0.62914646 0.32229188 0.93991333
 0.968554   0.751221   0.49028575 0.20871209 0.5791535  0.5921561
 0.69274354 0.58777696 0.46133363 0.         0.8153551  0.31705207
 1.         0.82895243 0.51713234 0.43631878 0.5269757  0.3941523
 0.3030214  0.560986   0.35530087 0.5305838  1.         0.37360096
 0.81853354 0.05272447 0.05539194 0.         0.5151308  0.8039516
 0.3683651  0.6122638  0.30509216 0.         0.         0.56456107
 0.8128666  0.49630907 1.         0.5854034  0.45601884 1.
 0.601008   0.21397457 0.9645     0.3053902  0.27541536 0.3804311
 0.24456273 0.60885763 0.9865144  0.95489174 1.         0.945692
 0.8676789  0.26235253 0.7796483  0.         0.         0.21430625
 0.32578608 0.         0.4365818  0.00424134 0.41440845 0.7118268
 0.14537768 1.         0.6699999  0.17895116 0.19953233 0.00590582
 0.50987643 0.28440332 0.08929381 0.5162455  0.5495488  0.49738398
 0.85955    0.52661204 0.6817721  0.54053664 0.5186035 ]
2024-05-29 10:17:06[INFO] 
[ddpg][Episode: 0][Step: 3][Metric tpmC:10684.87 tpmTotal:23625.78 Transaction Count:23813]Reward: -0.2777766485260325 Score: -1.0094956471770793 Done: False
2024-05-29 10:17:06[INFO] [ddpg][Episode: 0][Step: 3] Critic: 0.06771109905093908 Actor: 0.016104421112686396
2024-05-29 10:17:06[INFO] [ddpg][Episode: 0][Step: 3] step: 108.68654465675354s env step: 108.6618299484253s train step: 0.008724212646484375s restart time: 44.58140730857849s action time: 0.0007836818695068359s
2024-05-29 10:17:06[INFO] [ddpg][Episode: 0][Step: 3][Average] step: 108.68654465675354s env step: 108.6618299484253s train step: 0.008724212646484375s restart time: 44.58140730857849s action time: 0.02287304401397705s
2024-05-29 10:17:06[INFO] [ddpg] Action: [0.43574637 0.44171005 0.34489882 0.21633744 0.5150092  0.23922513
 0.0897287  0.47814402 0.49193573 0.59462607 0.12369884 0.25464037
 0.46609035 0.7714998  0.8067086  0.54585934 0.42389813 0.19535509
 0.52820945 0.17129555 0.7936466  0.7701678  0.55374897 0.
 1.         0.88476765 0.17462449 0.28583997 0.         0.3493477
 0.18467472 0.60176826 0.3942535  0.3830761  0.47359836 0.33946058
 0.01816326 1.         0.492979   0.57225806 1.         0.7659953
 1.         0.19588222 0.06954134 0.7907395  0.7431065  1.
 0.0231026  0.26859352 0.23051319 0.         0.5691401  0.
 0.4497437  0.37966886 0.41643968 0.89881647 0.4095044  0.9750425
 0.85791475 0.6625211  0.8046139  0.58385235 0.21941832 0.
 0.4095823  0.13604705 0.         0.22817697 0.22003639 0.8117361
 0.2853834  0.5211332  0.3985667  0.90175164 0.44098216 0.11261946
 0.4071984  0.         0.64519644 0.54527855 0.39465764 1.
 0.6155195  0.6067465  0.37790757 0.78536475 0.         0.35240957
 0.74457383 0.33887386 1.         0.8892878  0.55548316 0.25273493
 0.54581153 0.5833281  0.30880702 0.69473314 0.         0.6129763
 0.47152016 0.7621306  0.7680994  0.         0.8310003  0.6841154
 0.76967084 1.         0.84336454 0.5783472  0.4237357  0.6275442
 0.941726   0.6149321  0.20274024 0.5696123  0.49302706 0.06393059
 0.72818404 0.5956258  0.7263383  0.         0.8438858  0.56744975
 1.         0.93289286 0.3176039  0.64452875 0.67233086 0.36124098
 0.3554747  0.8141391  0.45690948 0.57003146 1.         0.6409586
 0.7467593  0.         0.30096832 0.05062574 0.72999704 0.34472588
 0.30564266 0.51900655 0.4018429  0.         0.         0.3553684
 0.593707   0.5324163  1.         0.7741388  0.32695648 0.928204
 0.32201934 0.3318923  0.76357704 0.4512429  0.5188689  0.7638
 0.43147185 0.9085361  1.         0.73830473 0.859594   0.5027564
 0.49424282 0.09291999 0.484435   0.2993447  0.06695295 0.27701223
 0.58866185 0.0178844  0.43372288 0.13522774 0.2339767  0.5248888
 0.11362245 1.         0.65571755 0.22481997 0.5716762  0.
 0.46159366 0.         0.17662486 0.         0.57971984 0.3851568
 0.6042964  0.53912836 0.70590764 0.57913727 0.8019054 ]
2024-05-29 10:18:54[INFO] 
[ddpg][Episode: 0][Step: 4][Metric tpmC:11346.32 tpmTotal:24864.27 Transaction Count:25005]Reward: -0.12204107172319356 Score: -1.1315367189002727 Done: False
2024-05-29 10:18:54[INFO] [ddpg][Episode: 0][Step: 4] Critic: 0.06266418658196926 Actor: 0.015995791958024103
2024-05-29 10:18:54[INFO] [ddpg][Episode: 0][Step: 4] step: 108.52861523628235s env step: 108.50102615356445s train step: 0.010128021240234375s restart time: 44.58577013015747s action time: 0.0007731914520263672s
2024-05-29 10:18:54[INFO] [ddpg][Episode: 0][Step: 4][Average] step: 108.52861523628235s env step: 108.50102615356445s train step: 0.010128021240234375s restart time: 44.58577013015747s action time: 0.018453073501586915s
2024-05-29 10:18:54[INFO] [ddpg] Action: [0.732864   0.596565   0.7229805  0.4156286  0.15681615 0.12015714
 0.3413716  0.17400582 0.26263726 0.41215247 0.27566358 0.58952385
 0.33145624 0.65364057 1.         0.39192343 0.429373   0.26503527
 0.5240879  0.28560752 0.8791529  0.6733615  0.8277154  0.
 1.         0.85751176 0.3003821  0.43096578 0.         0.47143403
 0.45035607 0.46086428 0.4209662  0.5976518  0.         0.44435838
 0.00792398 0.9063413  0.7747759  0.71323633 1.         1.
 0.74226576 0.         0.         0.63794893 0.6831062  1.
 0.23006389 0.43726093 0.25093365 0.18100463 0.31361395 0.
 0.32264578 0.5955845  0.801888   0.9350855  0.61434996 0.41288602
 0.7637078  0.4182527  0.85053754 0.7485957  0.08598136 0.
 0.5982439  0.         0.         0.21365233 0.53158724 0.8671513
 0.26673076 0.6581104  0.45390767 0.3507487  0.5953155  0.10663995
 0.5254089  0.05862436 0.46454287 0.71272284 0.49342912 0.73678434
 0.89261025 0.3616385  0.19017793 0.7560389  0.         0.2784029
 0.8432206  0.26431227 1.         0.9866517  0.31149825 0.72087324
 0.5178904  0.36021757 0.6456995  0.3677485  0.04814694 0.41038954
 0.         0.7769308  0.65763825 0.14153509 0.62849504 0.6286541
 0.6276632  0.9930742  0.62427324 0.38182163 0.0870785  0.70127857
 0.6228904  0.57097834 0.4822907  0.6810729  0.6593945  0.04247469
 0.74234873 0.36239764 0.6131506  0.         0.9041944  0.7754691
 0.66697615 0.4748058  0.11703745 0.7907675  1.         0.4388843
 0.04682007 0.47745976 0.6111559  0.62247527 0.7654019  0.36257997
 0.71007824 0.17643155 0.4659812  0.20075475 1.         0.3844406
 0.6944911  0.40987408 0.5436415  0.         0.07838277 0.37895915
 0.4710307  0.26580933 1.         0.84839934 0.14754248 0.8972548
 0.23985142 0.45467967 0.79294    0.20459493 0.5964856  0.6586174
 0.31465137 0.25955102 1.         0.7120803  1.         0.4079075
 0.36602953 0.07693002 0.3999319  0.29188144 0.         0.10958729
 0.7825376  0.         0.4125065  0.2149574  0.08668156 0.7041604
 0.01027874 0.4909428  0.33997437 0.34349206 0.625164   0.
 0.3645963  0.01268903 0.03050729 0.         0.6260896  0.44440234
 0.6392313  0.66251576 0.73765814 0.7353007  0.9900905 ]
2024-05-29 10:20:43[INFO] 
[ddpg][Episode: 0][Step: 5][Metric tpmC:10607.63 tpmTotal:23597.78 Transaction Count:23760]Reward: -0.26919774610979297 Score: -1.4007344650100657 Done: False
2024-05-29 10:20:43[INFO] [ddpg][Episode: 0][Step: 5] Critic: 0.0689252414740622 Actor: 0.015974635491147637
2024-05-29 10:20:43[INFO] [ddpg][Episode: 0][Step: 5] step: 108.61028552055359s env step: 108.58480954170227s train step: 0.0088120698928833s restart time: 44.578980922698975s action time: 0.0012624263763427734s
2024-05-29 10:20:43[INFO] [ddpg][Episode: 0][Step: 5][Average] step: 108.61028552055359s env step: 108.58480954170227s train step: 0.0088120698928833s restart time: 44.578980922698975s action time: 0.015587965647379557s
2024-05-29 10:20:43[INFO] [ddpg] Action: [0.72367936 0.9231023  0.857404   0.42449734 0.         0.16325255
 0.5189847  0.25072417 0.2043599  0.24037863 0.34694737 0.8785763
 0.73065877 0.7539231  0.83313715 0.62212545 0.88355696 0.29528582
 0.5324093  0.11916756 0.811766   0.3031333  0.8648647  0.
 0.79467493 0.5138088  0.39235818 0.5098326  0.33846024 0.579061
 0.35376477 0.47969827 0.40649465 0.4811597  0.20642446 0.35660267
 0.09075584 0.9212002  0.5595513  0.8808516  1.         1.
 0.6818351  0.         0.         0.71218604 0.9298826  1.
 0.4021111  0.3635358  0.00687643 0.91544384 0.18414679 0.
 0.4909125  0.733186   0.8886722  1.         0.7314132  0.4671374
 1.         0.17481275 0.5622349  1.         0.20055129 0.29240718
 0.23988342 0.05673238 0.         0.25256735 0.4368224  0.74818873
 0.33417696 0.68348163 0.51302695 0.30933097 0.9404422  0.15387578
 0.4209795  0.         0.523835   0.32857686 0.6620223  0.43707636
 0.605178   0.59239763 0.1531743  0.8530185  0.24261193 0.31021938
 0.3036169  0.5390547  1.         0.7989636  0.35922864 0.62895036
 0.45224515 0.47130403 1.         0.43130508 0.02511053 0.33558246
 0.         0.6830956  0.5894552  0.6349578  0.7220219  0.74185663
 0.6403307  0.53800654 0.79303175 0.69020903 0.1839173  0.8391745
 0.684252   0.7041259  0.54457486 0.86370796 0.9872501  0.2387602
 1.         0.3849577  0.53478897 0.07773557 1.         0.85975784
 0.94373447 0.61225396 0.3718476  0.7423784  1.         0.3145734
 0.35664317 0.7011515  0.5150502  0.80487925 0.61894906 0.36057562
 0.8253575  0.10031608 0.47882754 0.16613752 1.         0.7313393
 0.7801023  0.37370214 0.5284116  0.         0.07651926 0.18024424
 0.21841098 0.05228432 1.         1.         0.07417517 0.7172072
 0.09728852 0.7492551  0.504749   0.17720035 0.16101225 0.6830714
 0.4482398  0.24718346 1.         0.8652846  1.         0.40840483
 0.23521759 0.36414593 0.4620574  0.3203818  0.07223719 0.08529356
 0.9162823  0.         0.32888007 0.11548246 0.46307647 0.59162575
 0.         0.47152326 0.04987913 0.36055437 0.47656453 0.
 0.47861806 0.11278286 0.14055523 0.         0.6132602  0.19489501
 0.55422974 0.65588737 0.69010687 0.75208133 0.8465729 ]
2024-05-29 10:22:32[INFO] 
[ddpg][Episode: 0][Step: 6][Metric tpmC:11849.26 tpmTotal:26433.2 Transaction Count:26619]Reward: -0.20500116798300821 Score: -1.6057356329930739 Done: False
2024-05-29 10:22:32[INFO] [ddpg][Episode: 0][Step: 6] Critic: 0.06849318630993366 Actor: 0.016142889484763147
2024-05-29 10:22:32[INFO] [ddpg][Episode: 0][Step: 6] step: 108.64171433448792s env step: 108.61697959899902s train step: 0.008948922157287598s restart time: 44.58548331260681s action time: 0.0007650852203369141s
2024-05-29 10:22:32[INFO] [ddpg][Episode: 0][Step: 6][Average] step: 108.64171433448792s env step: 108.61697959899902s train step: 0.008948922157287598s restart time: 44.58548331260681s action time: 0.01347041130065918s
2024-05-29 10:22:32[INFO] [ddpg] Action: [1.         0.8697609  0.8675377  0.190653   0.15172343 0.43005323
 0.2306938  0.11855672 0.22310874 0.51576656 0.53751904 0.8478621
 0.85574716 0.7517105  0.7445274  0.87685364 0.9097869  0.29570794
 0.5385424  0.04883591 1.         0.2704275  0.8296326  0.
 0.50717044 0.71010274 0.48663524 0.59074    0.44962093 0.12699454
 0.9307318  0.22513886 0.48184574 0.6629267  0.63258183 0.6024086
 0.03137407 1.         0.5268844  0.7664478  0.90787363 1.
 0.9478992  0.         0.         0.7934276  0.7932139  1.
 0.63754016 0.45975927 0.4265262  1.         0.35661396 0.
 0.4822507  0.7310069  0.62238693 1.         0.7280153  0.5499552
 0.7754486  0.24784349 0.5588545  1.         0.00729843 0.23675805
 0.1903152  0.         0.         0.40393305 0.22176553 0.9210761
 0.20922056 0.6824601  0.5356788  0.09205335 0.7421767  0.32916272
 0.41892758 0.         0.6896271  0.11432744 0.64962846 0.7849684
 0.5570216  0.33288538 0.2752834  1.         0.42124942 0.65019965
 0.483235   0.15478097 1.         0.49777108 0.69404984 0.55819166
 0.03057624 0.35781482 1.         0.5851815  0.28679416 0.46618846
 0.         0.57913446 0.4325076  0.46846622 0.39496118 1.
 0.83030313 0.29022685 0.7697056  0.28433442 0.16737813 0.41502085
 0.59320503 0.9407193  0.48647326 1.         0.8351509  0.
 0.8668376  0.3100301  0.34015656 0.         1.         0.92870575
 1.         0.6845006  0.7687094  0.59154534 1.         0.3163492
 0.39557973 0.43486467 0.4755953  0.6648446  0.80190855 0.64535517
 0.8090955  0.         0.9632023  0.36737758 1.         0.52202487
 0.6285786  0.37760344 0.07225654 0.         0.         0.32374394
 0.11842541 0.13071685 0.83731246 0.9907534  0.09224416 0.4838818
 0.         1.         0.40267494 0.23171425 0.02895558 0.488392
 0.95500326 0.5596784  1.         0.69583416 0.9685204  0.57790995
 0.29964432 0.48353854 0.68876016 0.10740943 0.46442118 0.07656503
 1.         0.         0.01587513 0.         0.37538096 0.37573102
 0.         0.8476587  0.07140609 0.22469607 0.9038755  0.
 0.35646597 0.07444355 0.25635633 0.03477754 0.7149059  0.17896643
 0.65755504 0.66699713 0.63556755 0.84274215 0.7338792 ]
2024-05-29 10:24:20[INFO] 
[ddpg][Episode: 0][Step: 7][Metric tpmC:11457.32 tpmTotal:25612.13 Transaction Count:25787]Reward: -0.17686672888494526 Score: -1.7826023618780191 Done: False
2024-05-29 10:24:20[INFO] [ddpg][Episode: 0][Step: 7] Critic: 0.06947642875214417 Actor: 0.016456349131961662
2024-05-29 10:24:20[INFO] [ddpg][Episode: 0][Step: 7] step: 108.79394793510437s env step: 108.76832938194275s train step: 0.00939786434173584s restart time: 44.64485239982605s action time: 0.0007123947143554688s
2024-05-29 10:24:20[INFO] [ddpg][Episode: 0][Step: 7][Average] step: 108.79394793510437s env step: 108.76832938194275s train step: 0.00939786434173584s restart time: 44.64485239982605s action time: 0.011875659227371216s
2024-05-29 10:24:20[INFO] [ddpg] Action: [1.         0.7050853  0.9439916  0.27307007 0.         0.45759997
 0.33564588 0.186013   0.43489566 0.4400727  0.931187   0.9767086
 0.76391417 1.         0.42424    1.         0.7197901  0.11917496
 0.3324211  0.         0.9630936  0.56124794 0.8450532  0.
 0.8131366  0.685986   0.5682381  0.508664   0.6683387  0.
 1.         0.508935   0.40984428 0.36480558 1.         0.69803715
 0.2563303  0.9396999  0.73446846 0.7824913  0.6941012  1.
 0.46707717 0.         0.         1.         0.97855604 0.94576716
 0.5170489  0.32859665 0.6429044  0.93302315 0.70593816 0.23308691
 0.4935314  0.54430103 0.86858964 1.         0.7208272  0.5728149
 0.6370656  0.25709066 0.6849206  1.         0.48541477 0.40585288
 0.45555204 0.05825857 0.18517025 0.8550721  0.08713393 1.
 0.04503447 0.42597762 1.         0.36484206 0.5492248  0.0243753
 0.20447771 0.         0.91338986 0.08075202 0.7759095  0.67501265
 0.54013366 0.30317488 0.4143944  0.74602705 0.2451488  0.581432
 0.33066103 0.06764618 0.6882357  0.5112822  0.71349174 0.66195977
 0.         0.38858083 1.         1.         0.2326764  0.39521924
 0.         0.79044664 0.39898208 0.34944457 0.24838378 1.
 0.7604788  0.48817563 0.8630137  0.14451076 0.24031173 0.31428435
 0.7242065  0.8938798  0.56493706 0.8981583  0.9340368  0.20812792
 0.84376407 0.32852405 0.34430617 0.         1.         0.95403445
 1.         0.84839654 0.8068687  0.43446767 0.78216535 0.3808742
 0.5376434  0.4942905  0.45333278 0.4469969  0.7397773  0.6916846
 0.7094325  0.04500079 0.8016953  0.61997    1.         0.51414835
 0.6106341  0.2189353  0.25697523 0.         0.         0.5533191
 0.41272983 0.2723374  0.52070475 0.92956525 0.2120337  0.34776673
 0.         1.         0.8019572  0.2460734  0.         0.50522155
 0.85401505 0.48765776 1.         0.34969336 0.9000888  0.41915187
 0.19982758 0.24001093 0.94966805 0.11151245 0.6528734  0.
 0.9860243  0.23621511 0.06853505 0.         0.         0.1929959
 0.         0.74462396 0.18513356 0.26370588 0.80386895 0.04429937
 0.41729283 0.5274119  0.30898622 0.14427447 0.59917676 0.
 0.3717777  0.5656613  0.4292691  0.6817836  0.5189436 ]
2024-05-29 10:26:09[INFO] 
[ddpg][Episode: 0][Step: 8][Metric tpmC:11378.32 tpmTotal:25224.55 Transaction Count:25480]Reward: -0.1494842276692407 Score: -1.9320865895472599 Done: False
2024-05-29 10:26:09[INFO] [ddpg][Episode: 0][Step: 8] Critic: 0.06475803402385541 Actor: 0.016700423987848417
2024-05-29 10:26:09[INFO] [ddpg][Episode: 0][Step: 8] step: 109.04988527297974s env step: 109.0237340927124s train step: 0.009008288383483887s restart time: 44.7606737613678s action time: 0.0007894039154052734s
2024-05-29 10:26:09[INFO] [ddpg][Episode: 0][Step: 8][Average] step: 109.04988527297974s env step: 109.0237340927124s train step: 0.009008288383483887s restart time: 44.7606737613678s action time: 0.010643853081597222s
2024-05-29 10:26:09[INFO] [ddpg] Action: [1.         0.6562153  1.         0.18920043 0.         0.5718773
 0.6376939  0.09560147 0.3594208  0.47304147 0.481036   0.8176799
 0.5129646  0.95663464 0.29860443 0.96308476 0.8290871  0.03056096
 0.3046237  0.         0.7482681  0.3114208  0.7609733  0.
 0.9735447  0.6461054  0.2300918  0.2723141  0.7029594  0.01851072
 1.         0.30328715 0.54154044 0.4927146  0.94197124 0.7040486
 0.4713098  1.         0.681208   1.         0.25797272 1.
 0.7023155  0.         0.         0.89667135 0.8992441  1.
 0.61008203 0.24287617 0.5698258  1.         1.         0.26050293
 0.1390174  0.58127576 0.8929488  0.48168504 0.5853234  0.
 0.30732727 0.2057425  0.6650058  1.         0.20599914 0.49622807
 0.6827379  0.1959708  0.0885565  0.9716367  0.14323963 0.95512223
 0.00472234 0.28445044 1.         0.40848613 0.17436244 0.09562702
 0.4937966  0.         0.50547296 0.45950347 0.9729856  0.56593776
 0.6005217  0.3708714  0.         0.5049401  0.         0.5920596
 0.5414305  0.         0.7443286  0.91123223 0.8650413  0.7410211
 0.         0.21346971 0.8301714  0.8134508  0.16147907 0.46378917
 0.         0.6087488  0.26540345 0.73664397 0.34332767 1.
 0.47761506 0.71565276 0.67678434 0.04183064 0.160905   0.4143941
 0.48377478 0.83953935 0.94857514 1.         0.6766597  0.26651534
 0.81786317 0.48191458 0.         0.14305103 1.         0.9447357
 0.9203996  0.5086498  0.6738331  0.6329193  0.7250154  0.65804803
 0.3422928  0.7663321  0.2743241  0.5388246  0.51721346 0.51478714
 0.8428481  0.         0.7348853  0.33020207 1.         0.7018271
 0.81973577 0.20148219 0.6437125  0.31905213 0.         0.4563657
 0.4622982  0.11408236 0.8815635  0.9498304  0.         0.46179792
 0.10711054 0.7668572  0.36658546 0.13893689 0.08724625 0.48033708
 0.68403524 0.49912712 1.         0.1791577  0.8229287  0.65958416
 0.35634398 0.25549877 1.         0.29534984 0.6123496  0.
 1.         0.3588146  0.         0.         0.12507744 0.45252553
 0.         0.7512579  0.15613927 0.7806516  1.         0.13420068
 0.5295496  0.6092443  0.19295879 0.         0.5592218  0.
 0.42511103 0.36098942 0.82931805 0.59641135 0.56232774]
2024-05-29 10:27:58[INFO] 
[ddpg][Episode: 0][Step: 9][Metric tpmC:11923.34 tpmTotal:26373.4 Transaction Count:26699]Reward: -0.18685152600130744 Score: -2.118938115548567 Done: False
2024-05-29 10:27:58[INFO] [ddpg][Episode: 0][Step: 9] Critic: 0.061946136178448796 Actor: 0.01702355034649372
2024-05-29 10:27:58[INFO] [ddpg][Episode: 0][Step: 9] step: 108.91870331764221s env step: 108.89420557022095s train step: 0.008766531944274902s restart time: 44.579286336898804s action time: 0.0007748603820800781s
2024-05-29 10:27:58[INFO] [ddpg][Episode: 0][Step: 9][Average] step: 108.91870331764221s env step: 108.89420557022095s train step: 0.008766531944274902s restart time: 44.579286336898804s action time: 0.009656953811645507s
2024-05-29 10:27:59[INFO] [ddpg] Action: [0.81711876 0.8299184  1.         0.08714154 0.21979831 0.7339829
 0.8146359  0.52127206 0.3045521  0.5265286  0.6340863  0.91688
 0.5894145  0.6896744  0.31536633 0.65263885 0.9757422  0.26122496
 0.37338594 0.         0.7223729  0.20704064 0.82523084 0.
 0.6772437  0.33710933 0.         0.01718471 0.70397913 0.
 1.         0.37064072 0.14991695 0.7473712  1.         0.48534465
 0.13829    0.97860086 0.5826405  0.8111286  0.45992723 0.98834085
 0.6332595  0.         0.         0.8739661  0.7600847  0.88388616
 0.45493263 0.3210604  0.60415715 1.         1.         0.16368271
 0.17079167 0.6178495  0.7015405  0.67369854 0.7859573  0.05751553
 0.14714527 0.3638509  0.60783625 1.         0.16096255 0.6012289
 0.75063217 0.07570579 0.12545986 1.         0.12924454 0.9363202
 0.2513425  0.48389414 0.8185867  0.8433293  0.40577286 0.00760986
 0.14402415 0.02822015 0.26419297 0.1610512  1.         0.13546933
 0.7912505  0.63941866 0.         0.2436172  0.1424706  0.37898767
 0.32469073 0.         1.         0.9820507  1.         0.54527587
 0.13010521 0.0022805  0.8655275  0.7358218  0.23188548 0.4156991
 0.         0.92795295 0.60593134 0.39280635 0.36206654 0.7975417
 0.25601822 0.7855464  0.40388176 0.32516286 0.12488472 0.79078716
 0.73720896 1.         1.         0.8644644  0.65630317 0.14938906
 0.728034   0.46579075 0.         0.         0.86775947 0.5048686
 0.89257705 0.         0.94145846 0.60446644 0.60635275 0.6498875
 0.3317342  0.9886554  0.24323896 0.37977362 0.3747874  0.6346408
 0.7509144  0.         0.8252732  0.46631718 0.94430727 0.8524398
 0.7529104  0.2660071  0.6198184  0.25787893 0.43058106 0.36634582
 0.3152576  0.18230775 0.8577754  0.86228746 0.         0.5388532
 0.         0.9555182  0.14973955 0.31391338 0.5127041  0.13086054
 0.9767865  0.30996245 0.8646518  0.45438236 0.92232525 0.41152894
 0.638239   0.10145689 0.991286   0.666471   0.7105025  0.
 1.         0.5023238  0.10946547 0.         0.0278858  0.16827567
 0.         0.5117256  0.26693708 0.9362365  0.86208016 0.07323076
 0.29523006 0.47039926 0.2993054  0.         0.80004793 0.04925815
 0.30223876 0.43981054 1.         0.48290357 0.6563504 ]
2024-05-29 10:29:47[INFO] 
[ddpg][Episode: 0][Step: 10][Metric tpmC:10842.44 tpmTotal:24325.29 Transaction Count:24422]Reward: -0.3316224778094136 Score: -2.450560593357981 Done: False
2024-05-29 10:29:47[INFO] [ddpg][Episode: 0][Step: 10] Critic: 0.06039531673822138 Actor: 0.017343945594297513
2024-05-29 10:29:47[INFO] [ddpg][Episode: 0][Step: 10] step: 108.45276856422424s env step: 108.42762899398804s train step: 0.008906841278076172s restart time: 44.58988547325134s action time: 0.0010678768157958984s
2024-05-29 10:29:47[INFO] [ddpg][Episode: 0][Step: 10][Average] step: 108.45276856422424s env step: 108.42762899398804s train step: 0.008906841278076172s restart time: 44.58988547325134s action time: 0.008876128630204634s
2024-05-29 10:29:47[INFO] [ddpg] Action: [0.62796235 0.53863037 0.9402268  0.26471466 0.40778667 0.8073347
 0.49167717 0.8639129  0.5002417  0.48009485 0.53694546 0.79081064
 0.79682016 0.48897883 0.57922524 0.8764411  0.9558378  0.07500874
 0.31278223 0.         0.56542456 0.25210604 0.6174678  0.
 0.75798815 0.         0.         0.16502142 0.38358235 0.1264925
 1.         0.48523113 0.32336697 1.         1.         0.7797717
 0.36737886 0.92009276 0.5084953  0.42181408 0.7045417  1.
 0.8369761  0.         0.         0.8350228  0.95119065 0.90629834
 0.6088088  0.09662423 0.56095773 1.         1.         0.
 0.35271186 0.38270772 0.5805946  1.         0.7843389  0.07693885
 0.08815119 0.3092151  0.82680935 1.         0.2174804  0.9378915
 0.91336673 0.         0.36272448 0.9853511  0.40310797 0.71280783
 0.55231154 0.41136807 0.9554702  0.48818666 0.37686917 0.25062343
 0.01432281 0.         0.375984   0.37620938 0.9071754  0.01836621
 0.9925752  0.4358947  0.13726182 0.3660167  0.24500573 0.
 0.3573404  0.04107898 0.9299597  1.         0.5850267  0.7281306
 0.         0.         0.55959374 0.4405123  0.67231077 0.40663737
 0.13080464 0.579696   0.720817   0.6116411  0.47151455 1.
 0.7057539  0.4187305  0.2353504  0.101158   0.0060919  0.92102873
 0.45007837 0.71709305 0.74543256 0.76241344 0.39772815 0.4433875
 0.2725479  0.653995   0.00617096 0.00505155 0.933092   0.90068525
 1.         0.         1.         0.25552908 0.49223614 0.6994994
 0.29033548 0.9455687  0.75744116 0.4533156  0.24211961 0.70084786
 0.723932   0.15838104 0.79061645 0.4969116  0.9513699  0.6882674
 0.86748224 0.3797811  0.53840536 0.1192873  0.61189115 0.7203245
 0.40257153 0.24525174 0.5446768  0.85491997 0.         0.61002684
 0.         0.6212895  0.13157663 0.47033507 1.         0.30259225
 0.6913333  0.3419938  0.7342246  0.63365304 0.2559972  0.25874195
 0.42382088 0.08840271 0.7534315  0.76398104 0.7454558  0.
 1.         0.6912959  0.         0.         0.         0.4825805
 0.15992752 0.4421804  0.5624628  1.         0.7517321  0.55103326
 0.         0.4428053  0.25069365 0.         0.77491367 0.
 0.12785195 0.6766187  0.98984694 0.28859752 0.6621074 ]
2024-05-29 10:31:36[INFO] 
[ddpg][Episode: 0][Step: 11][Metric tpmC:11485.92 tpmTotal:25626.48 Transaction Count:25851]Reward: -0.1742175890111392 Score: -2.62477818236912 Done: False
2024-05-29 10:31:36[INFO] [ddpg][Episode: 0][Step: 11] Critic: 0.06094884984195233 Actor: 0.017794682923704386
2024-05-29 10:31:36[INFO] [ddpg][Episode: 0][Step: 11] step: 108.84875893592834s env step: 108.82052540779114s train step: 0.010379433631896973s restart time: 44.58209252357483s action time: 0.0007669925689697266s
2024-05-29 10:31:36[INFO] [ddpg][Episode: 0][Step: 11][Average] step: 108.84875893592834s env step: 108.82052540779114s train step: 0.010379433631896973s restart time: 44.58209252357483s action time: 0.008200367291768393s
2024-05-29 10:31:36[INFO] [ddpg] Action: [0.5507672  0.3955454  1.         0.53925335 0.48790944 0.33706322
 0.29538167 0.84369487 0.52827054 0.48497206 0.40025455 0.83115965
 0.9637529  0.15801288 0.5626644  0.691517   1.         0.
 0.20327231 0.         0.38916457 0.09326862 0.80471957 0.
 0.5725838  0.20681442 0.0925861  0.00390218 0.3271986  0.15764432
 1.         0.32072577 0.477709   1.         1.         0.44579664
 0.4157645  0.44589967 0.28385717 0.44907966 0.75350946 1.
 0.89795583 0.         0.         0.75620544 0.93648875 0.35737813
 0.65427977 0.22049163 0.72164184 1.         1.         0.
 0.39568308 0.25104028 0.59494495 0.99922585 1.         0.
 0.4798777  0.5096406  0.8027218  1.         0.2223784  0.5072973
 0.8349924  0.02770856 0.13097781 1.         0.6576429  0.67475384
 0.62667036 0.8809692  1.         0.42062712 0.29632974 0.4190416
 0.21553348 0.21157084 0.19741121 0.4003031  0.7396414  0.
 0.6770027  0.41928586 0.3719437  0.79143476 0.4606594  0.20429108
 0.3177596  0.         0.71450126 1.         0.44272628 0.47412512
 0.         0.00950033 0.73207814 0.3430864  0.66875476 0.48762032
 0.18648286 1.         0.72692126 0.7602885  0.35201177 1.
 0.39923456 0.8795991  0.         0.373593   0.27008545 0.92883366
 0.34864756 0.61675894 0.64726883 0.4038711  0.6716124  0.20816015
 0.18162982 0.41101134 0.32607383 0.         0.97011185 0.7951756
 0.9186798  0.         0.8752997  0.37210873 0.15284221 0.579946
 0.5629285  0.757475   0.7027684  0.9537266  0.3148256  0.6187729
 0.873946   0.33558026 0.7554464  0.3067994  0.80706555 0.53368574
 0.45795444 0.40216887 0.40203387 0.50413585 0.8868657  0.7861044
 0.31162593 0.74270344 0.85685104 0.6543879  0.03757662 0.56299406
 0.         0.63997805 0.10319362 0.4024902  1.         0.37108493
 0.8403875  0.27132094 0.72290605 0.6839853  0.35910895 0.11063572
 0.270728   0.         0.8970648  0.7929322  0.6044509  0.
 1.         0.92020446 0.00377993 0.         0.15574968 0.7845444
 0.31028444 0.68496007 0.5955299  1.         0.5923786  0.62934816
 0.         0.48826805 0.38667428 0.         0.45908055 0.01310099
 0.33989966 0.85787046 0.649424   0.14094315 0.5498002 ]
2024-05-29 10:33:25[INFO] 
[ddpg][Episode: 0][Step: 12][Metric tpmC:11418.34 tpmTotal:25463.11 Transaction Count:25836]Reward: -0.1674106709687586 Score: -2.7921888533378785 Done: False
2024-05-29 10:33:25[INFO] [ddpg][Episode: 0][Step: 12] Critic: 0.06396278230981393 Actor: 0.018270821141248398
2024-05-29 10:33:25[INFO] [ddpg][Episode: 0][Step: 12] step: 109.10897159576416s env step: 109.08394289016724s train step: 0.008756756782531738s restart time: 44.615352630615234s action time: 0.0009739398956298828s
2024-05-29 10:33:25[INFO] [ddpg][Episode: 0][Step: 12][Average] step: 109.10897159576416s env step: 109.08394289016724s train step: 0.008756756782531738s restart time: 44.615352630615234s action time: 0.007644488261296199s
2024-05-29 10:33:25[INFO] [ddpg] Action: [2.62205034e-01 4.76343960e-01 1.00000000e+00 4.16616499e-01
 3.04963887e-01 1.08774684e-01 0.00000000e+00 5.59913099e-01
 1.71600431e-02 7.84946203e-01 8.04959536e-02 1.00000000e+00
 8.99247289e-01 0.00000000e+00 6.50970459e-01 6.02259874e-01
 9.32591915e-01 1.22762255e-01 1.71005040e-01 0.00000000e+00
 2.10439414e-01 1.94795728e-02 9.31775868e-01 2.52201796e-01
 6.59231007e-01 5.15072465e-01 3.00534964e-01 0.00000000e+00
 4.24069345e-01 0.00000000e+00 8.24928403e-01 5.49450397e-01
 4.18572694e-01 1.00000000e+00 1.00000000e+00 3.50404680e-01
 8.79019797e-01 4.52853113e-01 8.68829316e-04 4.17880297e-01
 5.06247163e-01 1.00000000e+00 8.34504902e-01 0.00000000e+00
 1.75360814e-01 3.82890731e-01 8.54041874e-01 2.78089911e-01
 3.63121003e-01 2.91809648e-01 8.20954919e-01 1.00000000e+00
 8.76027703e-01 0.00000000e+00 3.13856363e-01 0.00000000e+00
 7.28520215e-01 1.00000000e+00 8.97428572e-01 0.00000000e+00
 6.22117102e-01 5.57271183e-01 8.18082035e-01 1.00000000e+00
 6.61987737e-02 6.72967196e-01 9.48735058e-01 2.36559659e-01
 0.00000000e+00 1.00000000e+00 5.59737027e-01 3.09130073e-01
 7.06185400e-01 8.05116951e-01 1.00000000e+00 3.68123174e-01
 7.03243986e-02 4.86928254e-01 8.25571895e-01 3.89259756e-01
 4.89244193e-01 6.25165641e-01 7.68000722e-01 4.75081727e-02
 5.46357751e-01 4.33553427e-01 4.14882720e-01 5.70989549e-01
 7.87004828e-01 1.36553138e-01 5.01646161e-01 0.00000000e+00
 5.54338396e-01 8.89914095e-01 2.90333718e-01 6.30502284e-01
 6.00784421e-02 1.92524552e-01 7.59370744e-01 6.42545104e-01
 6.31910026e-01 2.82946497e-01 2.42255852e-01 1.00000000e+00
 9.03626084e-01 7.95960665e-01 2.26364970e-01 8.06210876e-01
 9.99501050e-02 7.21344173e-01 2.95903891e-01 1.48104593e-01
 3.68693322e-01 8.07356000e-01 2.92128414e-01 5.66745937e-01
 5.52351356e-01 2.22940311e-01 7.80959487e-01 4.09464300e-01
 3.15722495e-01 5.93302906e-01 2.65535802e-01 1.56941026e-01
 7.11330533e-01 6.79119408e-01 7.30433345e-01 0.00000000e+00
 9.48311985e-01 1.99258357e-01 3.41461629e-01 5.70015848e-01
 7.62464762e-01 7.88001001e-01 6.86709702e-01 5.30083477e-01
 8.21649134e-01 4.48789477e-01 9.79437768e-01 1.95198998e-01
 5.30770063e-01 3.02537382e-01 5.58803260e-01 4.34823394e-01
 3.15145880e-01 5.56429446e-01 6.19935870e-01 5.61765134e-01
 8.76811922e-01 6.00170672e-01 5.36803842e-01 8.28050792e-01
 4.67023969e-01 8.85265470e-01 0.00000000e+00 6.64115906e-01
 4.62655723e-01 9.35302317e-01 0.00000000e+00 4.70144331e-01
 5.96270621e-01 5.95124543e-01 8.81218672e-01 2.45406359e-01
 7.07315445e-01 3.56498659e-01 1.05245806e-01 1.59818485e-01
 1.63181499e-01 0.00000000e+00 1.00000000e+00 3.12121749e-01
 3.65727425e-01 0.00000000e+00 6.73498690e-01 8.01739335e-01
 0.00000000e+00 0.00000000e+00 0.00000000e+00 8.58866394e-01
 3.28224629e-01 5.42056382e-01 7.62640893e-01 9.82579172e-01
 9.94557440e-01 4.40477133e-01 1.89323485e-01 6.47569418e-01
 1.84042320e-01 4.67935093e-02 9.32283103e-01 1.24425426e-01
 2.57473826e-01 8.81888926e-01 5.39375186e-01 2.23517239e-01
 7.23681629e-01]
2024-05-29 10:35:08[INFO] 
[ddpg][Episode: 0][Step: 13][Metric tpmC:11224.81 tpmTotal:24664.15 Transaction Count:24791]Reward: -0.3623726761055988 Score: -3.1545615294434772 Done: False
2024-05-29 10:35:08[INFO] [ddpg][Episode: 0][Step: 13] Critic: 0.06365154295538862 Actor: 0.018672131390000384
2024-05-29 10:35:08[INFO] [ddpg][Episode: 0][Step: 13] step: 103.47284364700317s env step: 103.44886493682861s train step: 0.008569478988647461s restart time: 39.57136511802673s action time: 0.0007157325744628906s
2024-05-29 10:35:08[INFO] [ddpg][Episode: 0][Step: 13][Average] step: 103.47284364700317s env step: 103.44886493682861s train step: 0.008569478988647461s restart time: 39.57136511802673s action time: 0.0071495771408081055s
2024-05-29 10:35:08[INFO] [ddpg] Action: [0.18646666 0.60761887 1.         0.39360005 0.4716618  0.
 0.10717774 0.87398493 0.06846281 0.8973928  0.         0.87453496
 0.83815366 0.         0.27052888 0.57813823 1.         0.4345623
 0.11939117 0.2546848  0.18622157 0.26196778 0.7950347  0.22138245
 0.63898385 0.08114295 0.16321215 0.05426572 0.40198174 0.14928196
 0.9545841  0.42020595 0.47300553 1.         1.         0.22269788
 0.49322194 0.31419703 0.41298553 0.8753669  0.         0.94373083
 0.74717444 0.         0.09698471 0.3808666  0.904983   0.21925224
 0.6650574  0.31375474 0.6438887  0.88895124 0.70076203 0.
 0.33712196 0.         0.8316823  1.         0.7726648  0.
 0.5122028  0.7858512  1.         1.         0.11698075 0.7150545
 0.7906306  0.30820343 0.         1.         0.71817136 0.34018105
 0.845871   0.8685025  0.77258515 0.5095683  0.         0.45518777
 0.6012893  0.46559107 0.33591086 0.76406646 0.782798   0.26911798
 0.6270432  0.33134225 0.44892973 0.6365928  0.7628854  0.22215165
 0.44561768 0.07533709 0.3569501  1.         0.57137334 0.4122647
 0.         0.28514183 0.7964053  0.6494055  0.57418376 0.47206074
 0.47477883 1.         0.59137726 0.71321154 0.01623522 0.9943898
 0.48681968 0.5811634  0.3159904  0.         0.35187384 0.66189456
 0.46030256 0.4787187  0.68419033 0.59989196 0.59304154 0.50138766
 0.32567823 0.5137217  0.51003397 0.03586595 0.96757936 0.87783575
 0.6774774  0.05181567 0.80708736 0.         0.48714864 0.67324775
 0.8080611  0.84750533 0.47585067 0.6806522  0.66047883 0.40695047
 0.8545603  0.46012834 0.89003664 0.44676158 0.49763137 0.31676105
 0.5844703  0.7104902  0.93489325 0.8941284  0.5799152  0.47853398
 0.45409247 0.80648375 1.         0.54300135 0.         0.79858464
 0.47731477 0.82917434 0.         0.14709479 0.57998616 0.7384657
 1.         0.514136   0.62697196 0.33473343 0.03214002 0.2141596
 0.03958507 0.07123498 1.         0.45735788 0.4461809  0.01128414
 0.56387836 0.95923156 0.10277675 0.20544505 0.         0.7901095
 0.39208502 0.5106779  0.67552674 1.         0.67510104 0.4356253
 0.23080933 0.5140671  0.07020865 0.07449324 0.81337893 0.23496915
 0.         0.7504268  0.39440134 0.01408226 0.66046125]
2024-05-29 10:36:57[INFO] 
[ddpg][Episode: 0][Step: 14][Metric tpmC:11929.43 tpmTotal:26440.79 Transaction Count:26676]Reward: -0.19326035330376456 Score: -3.3478218827472417 Done: False
2024-05-29 10:36:57[INFO] [ddpg][Episode: 0][Step: 14] Critic: 0.06479619916241902 Actor: 0.01902466697188524
2024-05-29 10:36:57[INFO] [ddpg][Episode: 0][Step: 14] step: 108.75594925880432s env step: 108.72633862495422s train step: 0.008646488189697266s restart time: 44.60124397277832s action time: 0.0007174015045166016s
2024-05-29 10:36:57[INFO] [ddpg][Episode: 0][Step: 14][Average] step: 108.75594925880432s env step: 108.72633862495422s train step: 0.008646488189697266s restart time: 44.60124397277832s action time: 0.0067207654317220054s
2024-05-29 10:36:57[INFO] [ddpg] Action: [0.7021833  0.92307776 1.         0.50762457 0.57517534 0.08354673
 0.15217477 0.8867277  0.         0.99380857 0.         1.
 0.5405375  0.         0.35938203 0.86201644 1.         0.64292943
 0.         0.25061086 0.17479862 0.4038045  1.         0.44667482
 0.52376735 0.32215708 0.18503311 0.41457283 0.189403   0.5698734
 1.         0.44102782 0.39448392 1.         1.         0.15076865
 0.46649364 0.39598858 0.26714218 1.         0.         0.55172884
 0.77625674 0.         0.21999682 0.31141123 0.9377941  0.19349493
 0.74953    0.4866856  0.63264877 1.         0.5624794  0.
 0.0876814  0.         0.9104143  1.         0.6237881  0.01579764
 0.63745016 0.98442376 1.         0.97792244 0.27331543 0.57498056
 0.8057442  0.54948735 0.04791874 1.         0.8072887  0.4992168
 0.3227672  0.79069334 0.79695827 0.48155934 0.08951532 0.5138847
 0.52809155 0.12584844 0.2623075  0.65315366 0.66945356 0.10133743
 0.73658043 0.22171217 0.5571707  0.8987858  0.61244476 0.40800166
 0.4467259  0.38439828 0.3779934  0.87795025 0.38807967 0.44919553
 0.         0.29101878 0.66453195 0.5924355  1.         0.73492247
 0.75686073 1.         0.8008298  0.45512378 0.02776849 0.75210917
 0.23164417 0.65216404 0.37318477 0.         0.22313198 0.84886914
 0.2303015  0.309885   0.6976506  0.23412941 0.69998974 0.47593126
 0.10374269 0.6979834  0.48974183 0.         0.8908519  0.5629694
 0.6451666  0.39685252 0.95434564 0.         0.6134882  0.7447026
 0.613416   0.6000124  0.4161513  0.62128454 0.81269985 0.233039
 0.78711545 0.1648345  1.         0.4049362  0.67107034 0.41545135
 0.5442062  0.9126263  1.         0.49472135 0.44343573 0.20242436
 0.502201   0.6127771  1.         0.3699972  0.         0.58427113
 0.8343707  0.6171402  0.         0.         1.         0.79591584
 1.         0.4788836  0.5826976  0.25540292 0.04945746 0.36972365
 0.1724617  0.23798925 1.         0.36332935 0.47967216 0.05254998
 0.6984937  1.         0.         0.31920826 0.08587774 0.6245965
 0.9362682  0.63025963 0.6685383  1.         1.         0.26548883
 0.3070892  0.38898864 0.         0.07326109 0.56582415 0.352145
 0.18020988 0.7942528  0.41067177 0.         0.5522378 ]
2024-05-29 10:38:46[INFO] 
[ddpg][Episode: 0][Step: 15][Metric tpmC:11383.86 tpmTotal:25359.55 Transaction Count:25419]Reward: -0.1619809661135308 Score: -3.5098028488607724 Done: False
2024-05-29 10:38:46[INFO] [ddpg][Episode: 0][Step: 15] Critic: 0.06374092000935759 Actor: 0.019295138040823594
2024-05-29 10:38:46[INFO] [ddpg][Episode: 0][Step: 15] step: 108.85779190063477s env step: 108.83323621749878s train step: 0.008849263191223145s restart time: 44.61615204811096s action time: 0.0007543563842773438s
2024-05-29 10:38:46[INFO] [ddpg][Episode: 0][Step: 15][Average] step: 108.85779190063477s env step: 108.83323621749878s train step: 0.008849263191223145s restart time: 44.61615204811096s action time: 0.006347864866256714s
2024-05-29 10:38:46[INFO] [ddpg] Action: [0.74867606 0.97229016 0.91976416 0.         0.8447705  0.4397619
 0.4120595  1.         0.         0.87490505 0.         0.87157947
 0.60163975 0.03504473 0.12722775 0.82922894 1.         0.55462795
 0.         0.42699248 0.35715088 0.27191764 0.8045516  0.6243144
 0.24555513 0.3409902  0.09288975 0.66323125 0.17385368 0.48802975
 0.94480264 0.15806653 0.22229876 1.         1.         0.31131205
 0.16595647 0.86085296 0.39066216 0.9759455  0.         0.49013883
 0.81172436 0.00133081 0.3297257  0.25161314 0.89370763 0.38381493
 0.65981025 0.40488786 0.8502104  0.9738967  0.50878215 0.
 0.03880763 0.         0.63180685 1.         0.6548283  0.
 0.745115   1.         0.98577666 0.8026324  0.23861757 0.47107714
 0.66864526 0.38936308 0.03906417 0.8244499  0.8617933  0.72276646
 0.23915191 0.7675398  0.7245474  0.5489443  0.32198492 0.48351052
 0.53665715 0.5862931  0.08734234 0.9433456  0.80035377 0.45130733
 0.81182456 0.37346497 0.6317871  1.         0.3797666  0.35348135
 0.43362457 0.60592383 0.9495243  0.522279   0.2301975  0.88714516
 0.11220104 0.5901763  0.6115137  0.76494575 1.         0.84774977
 0.7155424  1.         0.3717142  0.5125227  0.01680777 0.6378808
 0.37051103 0.56026655 0.37549415 0.         0.12552767 0.85605013
 0.5171581  0.16375105 0.891479   0.0634022  0.67601544 0.38467312
 0.03779741 0.5612011  0.6639761  0.         0.9772418  0.69018495
 0.5717234  0.558977   1.         0.11977983 0.6806923  0.4807947
 0.7401385  0.6731852  0.70500505 0.7489584  0.8950795  0.21627265
 1.         0.13239102 1.         0.         0.5379379  0.62224746
 0.7560153  0.80962276 1.         0.4699876  0.4418925  0.20917259
 0.48976895 0.5026335  0.9892558  0.5830961  0.         0.78932077
 0.851289   0.97699666 0.11066455 0.02816294 1.         0.8961867
 1.         0.47405717 0.47620493 0.59135973 0.28008258 0.34266663
 0.22176345 0.2311044  1.         0.2540491  0.31097937 0.
 1.         0.7629529  0.         0.52385074 0.00282809 0.71728086
 0.6534661  0.54277986 0.7597983  1.         0.7724278  0.5063576
 0.4831465  0.61939466 0.         0.27505338 0.55118424 0.5967843
 0.09686967 0.5356948  0.33166137 0.16816531 0.39494327]
2024-05-29 10:40:35[INFO] 
[ddpg][Episode: 0][Step: 16][Metric tpmC:11877.67 tpmTotal:26466.33 Transaction Count:26524]Reward: -0.20420740898034723 Score: -3.7140102578411196 Done: False
2024-05-29 10:40:35[INFO] [ddpg][Episode: 0][Step: 16] Critic: 0.06457035318017006 Actor: 0.019781767080227535
2024-05-29 10:40:35[INFO] [ddpg][Episode: 0][Step: 16] step: 108.54491472244263s env step: 108.52054047584534s train step: 0.008801102638244629s restart time: 44.604923248291016s action time: 0.0007648468017578125s
2024-05-29 10:40:35[INFO] [ddpg][Episode: 0][Step: 16][Average] step: 108.54491472244263s env step: 108.52054047584534s train step: 0.008801102638244629s restart time: 44.604923248291016s action time: 0.006019452038933249s
2024-05-29 10:40:35[INFO] [ddpg] Action: [6.81387484e-01 9.87271130e-01 5.74758887e-01 4.92655847e-04
 8.10365140e-01 7.78688669e-01 4.18394059e-01 1.00000000e+00
 4.81777303e-02 6.69569612e-01 0.00000000e+00 1.00000000e+00
 8.16863358e-01 3.46920818e-01 0.00000000e+00 6.92899227e-01
 1.00000000e+00 8.80326867e-01 1.81240618e-01 2.79225916e-01
 7.23232806e-01 1.82146609e-01 4.93879318e-01 7.41622627e-01
 2.92876631e-01 2.21210718e-01 0.00000000e+00 5.92771113e-01
 1.45773768e-01 3.62805694e-01 1.00000000e+00 0.00000000e+00
 1.52334839e-01 1.00000000e+00 7.02175856e-01 4.34973210e-01
 9.82082635e-02 1.00000000e+00 4.03759778e-01 3.78286302e-01
 0.00000000e+00 3.08768809e-01 5.77115536e-01 0.00000000e+00
 1.81910157e-01 4.18290377e-01 1.00000000e+00 4.01043087e-01
 7.69722521e-01 8.22365403e-01 8.12703371e-01 7.72761881e-01
 4.99514461e-01 3.11771393e-01 1.29452452e-01 0.00000000e+00
 8.52263391e-01 9.34531808e-01 7.56662846e-01 0.00000000e+00
 6.62411094e-01 1.00000000e+00 1.00000000e+00 5.41688263e-01
 2.38819003e-01 4.31717008e-01 8.77479613e-01 3.85691196e-01
 0.00000000e+00 1.00000000e+00 1.00000000e+00 6.17540538e-01
 4.85501856e-01 1.00000000e+00 6.30360007e-01 5.84450066e-01
 5.23265064e-01 2.18107939e-01 8.20330143e-01 4.82438982e-01
 0.00000000e+00 1.00000000e+00 3.75106126e-01 2.49347344e-01
 8.61326575e-01 4.07056153e-01 1.00000000e+00 9.76469934e-01
 4.78716642e-01 5.28837860e-01 8.84257481e-02 7.93008089e-01
 9.25018072e-01 2.14029297e-01 3.75679642e-01 1.00000000e+00
 4.32922214e-01 5.30903339e-01 3.89964193e-01 7.35553503e-01
 1.00000000e+00 7.27029920e-01 7.95163810e-01 1.00000000e+00
 3.93209249e-01 5.81222594e-01 6.27492815e-02 3.71019453e-01
 2.34397188e-01 4.70647514e-01 3.64239961e-01 7.76861683e-02
 1.38227001e-01 8.74011695e-01 6.35573149e-01 4.01426911e-01
 9.22940254e-01 0.00000000e+00 7.33034968e-01 3.69532526e-01
 1.82904750e-02 6.48956239e-01 6.58895433e-01 4.36508656e-03
 1.00000000e+00 6.07066154e-01 5.24289966e-01 8.73497963e-01
 7.62015820e-01 2.79839724e-01 5.32693684e-01 5.55948853e-01
 9.48391676e-01 5.57447672e-01 5.71577370e-01 6.88451827e-01
 8.48596513e-01 5.68922400e-01 1.00000000e+00 2.62720674e-01
 9.29690659e-01 0.00000000e+00 5.76048493e-01 4.73169446e-01
 9.58485186e-01 5.29479265e-01 1.00000000e+00 4.70490575e-01
 4.37891006e-01 4.30346072e-01 5.44117630e-01 2.56074876e-01
 8.87564957e-01 5.31292737e-01 0.00000000e+00 9.92920637e-01
 8.26625168e-01 9.27065074e-01 1.67818218e-01 1.04999401e-01
 1.00000000e+00 7.68984556e-01 1.00000000e+00 3.26001167e-01
 4.13077801e-01 9.23470020e-01 1.22024482e-02 1.17759936e-01
 0.00000000e+00 4.12788466e-02 1.00000000e+00 4.47851002e-01
 7.01489985e-01 1.54695809e-01 8.61559510e-01 6.12194300e-01
 4.07806002e-02 3.61629516e-01 3.46370637e-01 3.33305806e-01
 6.82482600e-01 6.87878370e-01 9.29044962e-01 1.00000000e+00
 1.00000000e+00 4.04052019e-01 3.06434155e-01 3.15499634e-01
 0.00000000e+00 6.12529099e-01 6.94052577e-01 6.63227439e-01
 7.00564310e-02 8.42737317e-01 5.81894934e-01 3.77762437e-01
 5.05209744e-01]
2024-05-29 10:42:24[INFO] 
[ddpg][Episode: 0][Step: 17][Metric tpmC:11599.43 tpmTotal:25621.11 Transaction Count:26083]Reward: -0.15712286172407108 Score: -3.8711331195651906 Done: False
2024-05-29 10:42:24[INFO] [ddpg][Episode: 0][Step: 17] Critic: 0.0640743913827464 Actor: 0.020232447364833206
2024-05-29 10:42:24[INFO] [ddpg][Episode: 0][Step: 17] step: 109.26850628852844s env step: 109.24431014060974s train step: 0.00856161117553711s restart time: 44.59891080856323s action time: 0.0007348060607910156s
2024-05-29 10:42:24[INFO] [ddpg][Episode: 0][Step: 17][Average] step: 109.26850628852844s env step: 109.24431014060974s train step: 0.00856161117553711s restart time: 44.59891080856323s action time: 0.005725860595703125s
2024-05-29 10:42:24[INFO] [ddpg] Action: [0.40350133 0.8512801  0.46770954 0.06001167 0.8143287  0.9149703
 0.34880853 0.8946581  0.15774193 0.3213663  0.         0.9823741
 0.8164556  0.56819135 0.06582122 0.30880514 0.51143086 0.59581906
 0.3690364  0.38708347 0.7337018  0.         0.5250203  0.5047296
 0.02507671 0.35875204 0.01693475 0.7074991  0.         0.6731179
 0.91147554 0.         0.         1.         0.6167822  0.56438535
 0.         1.         0.1333589  0.6089422  0.         0.23827484
 0.6302014  0.         0.6375034  0.3137298  0.99706167 0.36510032
 0.6231525  1.         0.5889219  0.79778665 0.3750258  0.3606519
 0.26222506 0.         1.         1.         0.9736363  0.02645525
 0.50747687 0.8738033  1.         0.6122144  0.40185905 0.79403585
 1.         0.20815715 0.10242461 1.         1.         0.63931364
 0.47683784 1.         0.7292875  0.6023905  0.6389688  0.07454184
 0.91236866 0.4318532  0.         1.         0.65512246 0.38540122
 0.52458185 0.11363922 0.85241985 0.9081757  0.5828939  0.61963534
 0.14990711 0.86357087 0.81482506 0.42828232 0.45401686 0.5984406
 0.36790174 0.5628889  0.23034264 0.649073   1.         0.37666172
 0.7737715  0.9489424  0.29159096 0.51757336 0.34417456 0.58962077
 0.09408426 0.47102332 0.5301508  0.11218114 0.37946206 0.86201096
 0.50799    0.32356283 1.         0.         0.85476744 0.
 0.26528952 0.7777615  0.2932071  0.41948324 1.         0.6329474
 0.2263799  0.75465083 0.9414167  0.36490747 0.48143473 0.7807186
 1.         0.72134846 0.63425136 0.6869496  0.65091884 0.5446456
 1.         0.         1.         0.04205935 0.34476557 0.5503898
 0.8678465  0.580047   1.         0.3796195  0.57418627 0.2564543
 0.7157338  0.         0.9589109  0.51650184 0.         0.8100453
 0.7211454  0.89153945 0.3504448  0.         0.78749186 0.79702336
 1.         0.18331476 0.21303038 0.60788816 0.1203595  0.16327125
 0.         0.         1.         0.40317357 0.79451996 0.05839438
 0.8427025  0.5941753  0.22199237 0.5751372  0.44519776 0.21316567
 0.5686286  0.5611152  0.8240754  1.         0.95917296 0.4887778
 0.48608544 0.95197904 0.01752215 0.64378387 0.5661089  0.9425386
 0.02400389 0.9156305  0.64003396 0.22656266 0.09918473]
2024-05-29 10:44:08[INFO] 
[ddpg][Episode: 0][Step: 18][Metric tpmC:11788.94 tpmTotal:26198.21 Transaction Count:26464]Reward: -0.18883779202294754 Score: -4.059970911588138 Done: False
2024-05-29 10:44:08[INFO] [ddpg][Episode: 0][Step: 18] Critic: 0.06277596216429682 Actor: 0.020596465534147096
2024-05-29 10:44:08[INFO] [ddpg][Episode: 0][Step: 18] step: 103.78796482086182s env step: 103.75699019432068s train step: 0.011988282203674316s restart time: 39.55629754066467s action time: 0.000736236572265625s
2024-05-29 10:44:08[INFO] [ddpg][Episode: 0][Step: 18][Average] step: 103.78796482086182s env step: 103.75699019432068s train step: 0.011988282203674316s restart time: 39.55629754066467s action time: 0.005463248804995888s
2024-05-29 10:44:08[INFO] [ddpg] Action: [4.63051289e-01 6.59444034e-01 4.83459830e-01 2.01178879e-01
 7.10385144e-01 8.98809254e-01 4.43314344e-01 6.53115034e-01
 3.71186674e-01 1.31527781e-01 0.00000000e+00 7.07627833e-01
 4.82024431e-01 4.63971585e-01 0.00000000e+00 1.78029463e-01
 6.13520503e-01 1.00000000e+00 5.24664938e-01 3.74945492e-01
 6.95603132e-01 7.54813924e-02 4.06136155e-01 5.77545583e-01
 2.43763527e-04 2.75021851e-01 1.38579667e-01 7.79325664e-01
 2.36154974e-01 7.56304383e-01 7.99128354e-01 4.19378787e-01
 0.00000000e+00 1.00000000e+00 8.85773182e-01 0.00000000e+00
 2.36287832e-01 1.00000000e+00 0.00000000e+00 9.55948532e-01
 1.11252651e-01 0.00000000e+00 8.70967984e-01 0.00000000e+00
 6.94650233e-01 2.24121034e-01 6.84124529e-01 6.20331705e-01
 6.11713052e-01 1.00000000e+00 5.26909351e-01 1.00000000e+00
 7.48771966e-01 7.59039164e-01 3.90508652e-01 0.00000000e+00
 6.29797161e-01 1.00000000e+00 9.08201635e-01 4.51513797e-01
 6.48994923e-01 6.23254359e-01 1.00000000e+00 7.04595864e-01
 5.17619014e-01 8.63831162e-01 7.00555682e-01 0.00000000e+00
 5.46377420e-01 9.38481629e-01 1.00000000e+00 7.64071405e-01
 3.87686789e-01 1.00000000e+00 9.33324099e-01 5.57265997e-01
 6.92667425e-01 2.45171189e-01 7.20659196e-01 3.89286041e-01
 3.35916549e-01 1.00000000e+00 5.56522548e-01 2.06892565e-01
 7.27909982e-01 1.12303674e-01 5.85559785e-01 8.66713464e-01
 8.34980011e-01 4.73333150e-01 1.23153001e-01 7.06613362e-01
 8.43994856e-01 3.51303965e-01 3.39529604e-01 3.36008549e-01
 3.56510550e-01 2.24382460e-01 4.17499244e-01 5.61753869e-01
 1.00000000e+00 1.61967427e-01 6.09212041e-01 6.89265728e-01
 3.41224253e-01 5.09829149e-02 4.96817708e-01 7.60990560e-01
 2.05728784e-01 2.02812895e-01 2.27085844e-01 0.00000000e+00
 5.13666570e-01 9.39321339e-01 3.44050884e-01 9.41822752e-02
 1.00000000e+00 5.18611111e-02 1.00000000e+00 2.60261208e-01
 4.18559134e-01 6.20932817e-01 3.79820526e-01 2.94782430e-01
 1.00000000e+00 7.04058766e-01 5.62171787e-02 8.23874414e-01
 1.00000000e+00 1.46719620e-01 5.58204889e-01 1.00000000e+00
 1.00000000e+00 7.38153517e-01 7.45149195e-01 8.07457924e-01
 6.42859757e-01 6.42951071e-01 9.06649351e-01 0.00000000e+00
 1.00000000e+00 0.00000000e+00 4.80002761e-01 4.97097969e-01
 9.27685797e-01 6.91745341e-01 8.18920910e-01 6.98542476e-01
 4.92388904e-01 1.59676652e-02 6.18139088e-01 8.33565220e-02
 8.04082453e-01 7.15365887e-01 0.00000000e+00 3.50454688e-01
 6.77187145e-01 9.74979281e-01 4.79123682e-01 4.84881222e-01
 6.15981758e-01 7.67677188e-01 8.71461749e-01 4.54250693e-01
 1.30754963e-01 3.93350214e-01 1.18824363e-01 8.21300820e-02
 0.00000000e+00 0.00000000e+00 1.00000000e+00 8.63159776e-01
 7.36161590e-01 0.00000000e+00 9.79834199e-01 7.17913926e-01
 3.65065455e-01 5.07539392e-01 5.41919231e-01 3.24472636e-01
 6.68546975e-01 6.76069379e-01 1.00000000e+00 1.00000000e+00
 1.00000000e+00 0.00000000e+00 6.80830061e-01 6.48881793e-01
 0.00000000e+00 5.67227185e-01 1.16109192e-01 9.73115683e-01
 0.00000000e+00 1.00000000e+00 7.29907334e-01 5.74814916e-01
 0.00000000e+00]
2024-05-29 10:45:56[INFO] 
[ddpg][Episode: 0][Step: 19][Metric tpmC:11898.91 tpmTotal:26456.54 Transaction Count:26538]Reward: -0.19980077841929478 Score: -4.259771690007433 Done: False
2024-05-29 10:45:56[INFO] [ddpg][Episode: 0][Step: 19] Critic: 0.061846000556316644 Actor: 0.020872100359863706
2024-05-29 10:45:56[INFO] [ddpg][Episode: 0][Step: 19] step: 108.49227380752563s env step: 108.46756482124329s train step: 0.0087432861328125s restart time: 44.64214468002319s action time: 0.0009436607360839844s
2024-05-29 10:45:56[INFO] [ddpg][Episode: 0][Step: 19][Average] step: 108.49227380752563s env step: 108.46756482124329s train step: 0.0087432861328125s restart time: 44.64214468002319s action time: 0.005237269401550293s
2024-05-29 10:45:56[INFO] [ddpg] Action: [0.31491756 0.30307156 0.74546146 0.4276643  0.505787   0.89700115
 0.35773906 1.         0.20252892 0.34002626 0.12393592 0.43393084
 0.30716264 0.82935613 0.07243241 0.19870774 0.38797423 0.5855381
 0.69612277 0.3852655  0.72890955 0.25147477 0.23403196 0.58017045
 0.04762276 0.23816931 0.12991169 0.6046342  0.33263776 0.88995594
 0.6249294  0.4421816  0.05985972 1.         0.56034255 0.1815743
 0.0985895  1.         0.24922998 0.77116424 0.         0.09557852
 0.7829665  0.         0.89732134 0.21210927 0.856973   0.41786838
 0.80600166 0.89578605 0.58179975 0.69872403 0.67480195 1.
 0.18446256 0.         0.3950936  1.         0.8738405  0.58800805
 0.8684345  0.7496623  1.         0.15451623 0.34629506 0.9394172
 0.83734417 0.23162402 0.6250906  0.99706554 0.74360293 0.35480252
 0.4118696  1.         0.66723347 0.4518406  0.44652727 0.7639522
 0.82141936 0.45688444 0.31052208 1.         0.5725795  0.21438731
 0.7368189  0.6218149  0.4582803  0.79238987 0.6481786  0.65276515
 0.         0.65848905 0.90072376 0.37179062 0.17391148 0.6630618
 0.6158665  0.6421084  0.21014455 0.46105993 1.         0.1732477
 0.3237501  0.5101923  0.43267846 0.         0.30932105 0.05561751
 0.01944635 0.42991138 0.2709411  0.         0.21737751 0.8115575
 0.31812206 0.14227687 1.         0.         1.         0.38806048
 0.33154076 0.9885015  0.39396542 0.19345583 1.         0.47363755
 0.05021949 0.8554915  1.         0.17770961 0.77251124 1.
 0.80834097 0.7075078  0.3988572  1.         0.38201052 0.65209705
 0.7060785  0.04523933 0.9175585  0.17953286 0.6070039  0.48456457
 1.         0.32998112 0.8380427  0.4856043  0.17166522 0.3615956
 0.74079055 0.         0.89805555 0.61434126 0.         0.5208872
 0.5937404  0.8393085  0.9064941  0.24120595 0.7461977  0.6570507
 0.6968037  0.49223202 0.         0.63357705 0.5149951  0.
 0.         0.         0.9117274  0.86468524 1.         0.17469786
 0.8927069  0.88270354 0.4616981  0.76186794 0.4321719  0.393669
 0.5018438  0.77426815 0.73614013 1.         1.         0.
 0.679626   0.47774655 0.         0.52994466 0.27806404 1.
 0.         1.         0.49843124 0.49228808 0.        ]
2024-05-29 10:47:45[INFO] 
[ddpg][Episode: 0][Step: 20][Metric tpmC:11391.58 tpmTotal:25210.46 Transaction Count:25383]Reward: -0.14624064120585906 Score: -4.406012331213292 Done: False
2024-05-29 10:47:45[INFO] [ddpg][Episode: 0][Step: 20] Critic: 0.06152076440814294 Actor: 0.0209652547675528
2024-05-29 10:47:45[INFO] [ddpg][Episode: 0][Step: 20] step: 108.75937557220459s env step: 108.73512935638428s train step: 0.00870358943939209s restart time: 44.64645552635193s action time: 0.0008127689361572266s
2024-05-29 10:47:45[INFO] [ddpg][Episode: 0][Step: 20][Average] step: 108.75937557220459s env step: 108.73512935638428s train step: 0.00870358943939209s restart time: 44.64645552635193s action time: 0.005026578903198242s
2024-05-29 10:47:45[INFO] [ddpg] Action: [3.3166158e-01 2.2566170e-01 1.0000000e+00 4.5746967e-01 5.8673066e-01
 9.8322541e-01 2.1400049e-01 6.9257241e-01 4.4802961e-01 2.0528695e-01
 3.3310702e-01 4.8481926e-01 3.2073376e-01 5.9034014e-01 3.7657720e-01
 8.3974928e-02 2.8038356e-01 7.4377775e-01 4.7913378e-01 4.8878437e-01
 7.3141766e-01 4.0894315e-01 1.2592515e-02 7.8616923e-01 4.4593593e-01
 0.0000000e+00 3.8300321e-01 3.7964979e-01 6.1588156e-01 8.0591625e-01
 1.2935899e-01 6.2340695e-01 0.0000000e+00 9.4492853e-01 6.3788819e-01
 5.3175960e-02 0.0000000e+00 8.2087040e-01 3.5324869e-01 9.0763676e-01
 0.0000000e+00 5.4632372e-01 7.1782911e-01 0.0000000e+00 8.2615727e-01
 5.3188801e-02 4.0705690e-01 5.7371384e-01 1.0000000e+00 7.8709996e-01
 8.5060847e-01 7.1902502e-01 6.0054660e-01 9.4856566e-01 4.0809417e-01
 0.0000000e+00 2.7400056e-01 8.4260917e-01 6.5588599e-01 5.6557846e-01
 5.5626971e-01 5.1721370e-01 1.0000000e+00 0.0000000e+00 3.0240351e-01
 5.9114569e-01 6.0951185e-01 4.0831766e-01 5.1612681e-01 7.9366630e-01
 6.9924879e-01 4.0601003e-01 6.1088413e-01 1.0000000e+00 8.5350102e-01
 3.6190176e-01 2.0047900e-01 7.9468095e-01 6.3744855e-01 2.5080147e-01
 1.4969166e-01 9.2959720e-01 5.5197781e-01 0.0000000e+00 6.9733799e-01
 8.1906706e-01 4.7879857e-01 5.2905363e-01 8.5459912e-01 5.8533037e-01
 0.0000000e+00 7.6323670e-01 9.6844423e-01 3.8287261e-01 3.2657227e-01
 1.1629309e-01 6.6389591e-01 8.5232013e-01 9.4330162e-01 1.7579725e-01
 9.2985499e-01 3.7818694e-01 5.6045884e-01 4.5366606e-01 4.3860114e-01
 0.0000000e+00 5.4118985e-01 1.1740116e-01 0.0000000e+00 5.9892124e-01
 6.9023383e-01 3.4145763e-04 1.3632432e-01 6.9760513e-01 0.0000000e+00
 1.5530539e-01 9.5754576e-01 1.4485402e-01 8.4710187e-01 1.4865510e-01
 3.0227441e-01 7.6558489e-01 4.7021827e-01 4.0780339e-01 1.0000000e+00
 3.9988419e-01 6.6536449e-02 7.3122728e-01 6.4655644e-01 7.2860074e-01
 1.0000000e+00 1.0000000e+00 1.0000000e+00 6.9805664e-01 8.8040978e-01
 8.9801931e-01 4.4805881e-01 5.7495207e-01 9.4594365e-01 3.0808069e-03
 1.0000000e+00 1.6642244e-01 7.1610683e-01 2.6679373e-01 1.0000000e+00
 0.0000000e+00 7.4135596e-01 4.1449797e-01 1.3596056e-01 2.4558993e-01
 1.5376547e-01 3.6117148e-02 7.2374272e-01 4.7494578e-01 0.0000000e+00
 6.5949786e-01 5.1918280e-01 6.6588414e-01 8.0894363e-01 1.7129797e-01
 6.9379741e-01 1.0000000e+00 4.3157142e-01 2.9864213e-01 7.7446043e-02
 6.4656496e-01 2.3300016e-01 1.7315884e-01 3.5128182e-01 0.0000000e+00
 9.7879452e-01 1.0000000e+00 6.7325270e-01 4.7481778e-01 9.4646883e-01
 8.0015558e-01 2.8055233e-01 7.8004730e-01 2.9545747e-02 4.4891056e-01
 3.4588915e-01 9.5313454e-01 8.9705902e-01 9.4015396e-01 1.0000000e+00
 0.0000000e+00 4.9194950e-01 6.9426262e-01 0.0000000e+00 5.9315407e-01
 6.1859024e-01 1.0000000e+00 3.4116060e-02 9.6993142e-01 6.5692574e-01
 2.8257406e-01 1.2938881e-01]
2024-05-29 10:49:34[INFO] 
[ddpg][Episode: 0][Step: 21][Metric tpmC:12255.17 tpmTotal:27223.08 Transaction Count:27566]Reward: -0.22897895214882374 Score: -4.634991283362115 Done: False
2024-05-29 10:49:34[INFO] [ddpg][Episode: 0][Step: 21] Critic: 0.06125140972435474 Actor: 0.021035465877503157
2024-05-29 10:49:34[INFO] [ddpg][Episode: 0][Step: 21] step: 108.9780580997467s env step: 108.9495747089386s train step: 0.010557413101196289s restart time: 44.582236528396606s action time: 0.0007474422454833984s
2024-05-29 10:49:34[INFO] [ddpg][Episode: 0][Step: 21][Average] step: 108.9780580997467s env step: 108.9495747089386s train step: 0.010557413101196289s restart time: 44.582236528396606s action time: 0.0048320726914839315s
2024-05-29 10:49:34[INFO] [ddpg] Action: [0.4727377  0.25621298 0.8828321  0.4181128  0.52076775 1.
 0.15428765 0.93660384 0.64059275 0.         0.36540103 0.5360616
 0.51648915 0.26708233 0.         0.28245935 0.97372305 0.59707654
 0.22480677 0.6840955  0.5133015  0.49916604 0.01595798 0.4823994
 0.29749626 0.278941   0.32015276 0.5168134  0.29970914 0.9497093
 0.10172145 0.70644623 0.         0.90648955 0.73771137 0.03254334
 0.         0.89716846 0.0588223  0.89482296 0.07699047 0.6700486
 0.5720723  0.         0.99306595 0.09840507 0.46871406 0.82954323
 1.         0.8417304  0.78337705 0.43516412 0.92297393 1.
 0.02860701 0.         0.1025356  0.5704585  0.48024023 0.
 0.7543573  0.770422   1.         0.30225334 0.10033776 0.37005708
 0.4125395  0.6714248  0.5349664  0.77517194 0.57551247 0.5225954
 0.9628798  1.         0.71365404 0.5017696  0.18043187 0.6820675
 0.9229684  0.25817686 0.4398166  0.8785192  0.21506004 0.11983777
 0.7761357  0.4888623  0.457087   0.70088315 0.4187216  0.46044093
 0.         0.5562562  0.8232302  0.32849187 0.6222056  0.
 0.9454708  0.84875494 0.8295903  0.3029815  0.9871356  0.34289935
 0.79382664 0.50412863 1.         0.         0.6996339  0.
 0.02639296 0.44225714 0.867113   0.18897265 0.         0.64627147
 0.         0.07484995 0.6729788  0.00797641 0.8358935  0.2630519
 0.37629986 0.88914555 0.60227746 0.4024621  1.         0.691016
 0.1359349  1.         0.68615216 0.7410584  1.         0.84173733
 0.6955565  0.8300888  0.82175    0.7144367  0.35158995 0.4436292
 0.7364151  0.17763834 0.87847984 0.09655765 0.7397997  0.10631907
 0.8808441  0.15350305 0.21813244 0.37639943 0.18495211 0.24707024
 0.         0.56689954 0.1190827  0.55642974 0.         0.8193496
 0.34624183 0.6102715  0.67582786 0.5800783  0.28462866 1.
 0.55327535 0.18867522 0.         0.46982846 0.0668234  0.2396743
 0.14421228 0.09227242 1.         1.         0.7479568  0.89043564
 0.98760366 0.8156528  0.16862732 0.7512389  0.36873308 0.8186476
 0.31877917 0.9919517  1.         0.9917063  1.         0.
 0.8373091  0.7954075  0.20433931 0.622801   0.36986002 1.
 0.42529672 0.97973025 0.52142644 0.29982868 0.09330204]
2024-05-29 10:51:23[INFO] 
[ddpg][Episode: 0][Step: 22][Metric tpmC:11348.94 tpmTotal:25281.33 Transaction Count:25550]Reward: -0.15916643800915414 Score: -4.79415772137127 Done: False
2024-05-29 10:51:23[INFO] [ddpg][Episode: 0][Step: 22] Critic: 0.06098467235763868 Actor: 0.021090805840988953
2024-05-29 10:51:23[INFO] [ddpg][Episode: 0][Step: 22] step: 108.9936454296112s env step: 108.96931099891663s train step: 0.008650541305541992s restart time: 44.796478033065796s action time: 0.0008020401000976562s
2024-05-29 10:51:23[INFO] [ddpg][Episode: 0][Step: 22][Average] step: 108.9936454296112s env step: 108.96931099891663s train step: 0.008650541305541992s restart time: 44.796478033065796s action time: 0.004656853883162788s
2024-05-29 10:51:23[INFO] [ddpg] Action: [0.5400614  0.23883669 0.8986367  0.46818522 0.33144203 0.8126404
 0.31362605 0.7125758  0.6720272  0.         0.55571645 0.70579296
 0.24181189 0.15883327 0.         0.29801795 0.89759356 0.5667626
 0.5175408  0.34452242 0.5436905  0.47841117 0.42844015 0.58932227
 0.3870296  0.28844902 0.40171084 0.29835105 0.41141295 0.8384141
 0.34674776 0.38614842 0.         0.9569734  0.34030083 0.16801818
 0.         0.71450543 0.3637322  0.8890858  0.1350567  0.30159447
 0.5169281  0.         0.9407569  0.18713728 0.3026033  0.62391657
 1.         1.         0.89131695 0.61125994 0.92174995 1.
 0.30406392 0.         0.37334645 0.37151837 0.53406984 0.04749051
 0.74545443 0.92870784 1.         0.80315804 0.0963987  0.2994266
 0.24192166 0.89138156 0.55550706 1.         0.7825092  0.45673835
 0.9251586  1.         1.         0.43667182 0.25374702 0.60233355
 1.         0.19493963 0.0813035  0.8837653  0.         0.32251012
 0.6068985  0.73079854 0.5619827  0.7817075  0.5870513  0.8971419
 0.10924682 0.74934494 0.89714456 0.04575557 0.6393841  0.
 0.8236433  0.69282097 0.9325098  0.4482748  0.42711812 0.63205665
 0.6104043  0.4912322  0.70627326 0.         0.35557157 0.10173669
 0.2000495  0.57339275 0.9944022  0.00676483 0.         0.7124681
 0.         0.14832379 0.42795345 0.         0.9754631  0.4301499
 0.6420861  0.62077576 0.62015384 0.13828939 1.         0.9749948
 0.15423164 1.         0.5022688  0.6912879  1.         0.71921384
 0.7784116  0.46534747 0.8697191  0.51789296 0.01322043 0.51979285
 1.         0.40926215 0.76260626 0.         0.55974233 0.06684536
 0.69961995 0.54413056 0.429799   0.389695   0.54294276 0.52816
 0.12022951 0.6333159  0.19339615 0.6485163  0.05057241 0.6366794
 0.40398502 0.44356075 0.5503875  0.40533507 0.37887922 1.
 0.8380526  0.2762756  0.         0.55730563 0.08638776 0.45630375
 0.13575101 0.12933663 0.7476403  1.         0.79977894 0.7120726
 0.9574092  1.         0.25420046 0.6743102  0.4048263  1.
 0.58405346 0.8713947  1.         0.98253417 1.         0.
 1.         0.64552826 0.4103658  0.51682687 0.50550187 1.
 0.3547151  1.         0.48975793 0.22482067 0.23432508]
2024-05-29 10:53:12[INFO] 
[ddpg][Episode: 0][Step: 23][Metric tpmC:11590.95 tpmTotal:26015.51 Transaction Count:26266]Reward: -0.1991923452724227 Score: -4.993350066643693 Done: False
2024-05-29 10:53:12[INFO] [ddpg][Episode: 0][Step: 23] Critic: 0.060586649501188236 Actor: 0.021252724511379547
2024-05-29 10:53:12[INFO] [ddpg][Episode: 0][Step: 23] step: 108.86316227912903s env step: 108.83853769302368s train step: 0.00899362564086914s restart time: 44.606537103652954s action time: 0.0007271766662597656s
2024-05-29 10:53:12[INFO] [ddpg][Episode: 0][Step: 23][Average] step: 108.86316227912903s env step: 108.83853769302368s train step: 0.00899362564086914s restart time: 44.606537103652954s action time: 0.004493117332458496s
2024-05-29 10:53:12[INFO] [ddpg] Action: [7.9256761e-01 3.9269263e-01 1.0000000e+00 3.5084677e-01 2.9037502e-01
 9.7955185e-01 7.6405150e-01 6.5259445e-01 4.4547620e-01 1.5826941e-02
 6.0186952e-01 5.9243578e-01 3.7949374e-01 7.9932891e-02 2.3835291e-01
 2.5368255e-01 7.6651657e-01 8.1631607e-01 5.6972975e-01 3.6629379e-01
 4.3256077e-01 4.5943588e-01 1.0258889e-01 7.3323959e-01 4.4190052e-01
 4.0486482e-01 7.4477464e-01 2.1523193e-01 4.6562427e-01 7.2297049e-01
 4.0258864e-01 5.6698012e-01 0.0000000e+00 9.5965385e-01 1.8792748e-02
 0.0000000e+00 0.0000000e+00 4.7045285e-01 5.0049168e-01 7.1149820e-01
 0.0000000e+00 3.1299463e-01 6.0963887e-01 0.0000000e+00 8.3365583e-01
 6.0023338e-01 1.6467024e-01 5.7586294e-01 9.6096033e-01 5.6156534e-01
 7.7941507e-01 6.2640226e-01 6.1932218e-01 1.0000000e+00 2.0693728e-01
 0.0000000e+00 0.0000000e+00 4.8394328e-01 4.4749746e-01 8.7860212e-02
 8.7560004e-01 5.2534819e-01 1.0000000e+00 3.4354836e-01 0.0000000e+00
 3.0669829e-01 2.2870304e-01 7.9757041e-01 4.7180007e-04 1.0000000e+00
 8.8940722e-01 5.1011491e-01 8.1575394e-01 1.0000000e+00 1.0000000e+00
 3.4125569e-01 6.1629158e-01 6.4860898e-01 5.7573831e-01 2.1123959e-01
 0.0000000e+00 8.1174982e-01 2.5536579e-01 4.5352146e-01 9.2384177e-01
 6.7747474e-01 2.9110920e-01 4.8248798e-01 4.3431312e-01 5.2044135e-01
 1.9163738e-01 7.9001546e-01 5.9966022e-01 2.3292924e-01 6.0935891e-01
 6.4613402e-02 7.7947545e-01 7.2656095e-01 7.6422387e-01 4.1798788e-01
 3.6371282e-01 5.5856073e-01 7.9146773e-01 6.6612452e-01 5.1814473e-01
 3.0068159e-01 3.4419695e-01 0.0000000e+00 2.5900871e-01 6.4841139e-01
 9.5208526e-01 0.0000000e+00 0.0000000e+00 6.6604608e-01 0.0000000e+00
 4.3040055e-01 6.4459777e-01 0.0000000e+00 8.6414820e-01 4.5875564e-01
 4.2307606e-01 5.2652329e-01 5.7710648e-01 2.4242376e-01 1.0000000e+00
 1.0000000e+00 2.5632966e-01 1.0000000e+00 2.4654719e-01 4.5073044e-01
 1.0000000e+00 1.0000000e+00 7.8608835e-01 7.1761471e-01 8.3873779e-01
 5.4811996e-01 1.4510937e-01 3.1266481e-01 9.5770437e-01 4.6088296e-01
 6.3667518e-01 1.2373668e-01 6.1703777e-01 1.5169144e-01 6.6181332e-01
 6.4195818e-01 6.5102619e-01 3.8498101e-01 3.5974211e-01 3.0274126e-01
 3.1303841e-01 5.5899799e-01 9.6684374e-02 7.3912293e-01 3.6817979e-02
 6.5231925e-01 6.2216341e-01 3.8799986e-01 4.4241667e-01 4.5160255e-01
 1.4493302e-01 1.0000000e+00 4.3351176e-01 5.2220869e-01 0.0000000e+00
 4.9727646e-01 3.2325077e-01 6.0280269e-01 3.7229100e-01 0.0000000e+00
 6.7785728e-01 6.6437680e-01 1.0000000e+00 8.7198889e-01 7.7136838e-01
 1.0000000e+00 6.2016797e-01 5.2929908e-01 3.1379640e-01 9.4932854e-01
 2.8934771e-01 7.8022897e-01 1.0000000e+00 7.4750745e-01 1.0000000e+00
 0.0000000e+00 1.0000000e+00 4.2960656e-01 2.7228752e-01 9.0073586e-01
 3.8035768e-01 1.0000000e+00 5.4917991e-01 1.0000000e+00 7.0995361e-01
 4.6876684e-01 3.6677155e-01]
2024-05-29 10:55:00[INFO] 
[ddpg][Episode: 0][Step: 24][Metric tpmC:11596.59 tpmTotal:25703.76 Transaction Count:25830]Reward: -0.16596869211091564 Score: -5.159318758754608 Done: False
2024-05-29 10:55:00[INFO] [ddpg][Episode: 0][Step: 24] Critic: 0.059604891697349754 Actor: 0.021542466407560783
2024-05-29 10:55:00[INFO] [ddpg][Episode: 0][Step: 24] step: 108.57185196876526s env step: 108.54747295379639s train step: 0.00868082046508789s restart time: 44.58797764778137s action time: 0.0007216930389404297s
2024-05-29 10:55:00[INFO] [ddpg][Episode: 0][Step: 24][Average] step: 108.57185196876526s env step: 108.54747295379639s train step: 0.00868082046508789s restart time: 44.58797764778137s action time: 0.004342260360717773s
2024-05-29 10:55:00[INFO] [ddpg] Action: [0.7022017  0.56837636 1.         0.41495356 0.4676811  0.8632529
 0.6734557  0.8397304  0.8432049  0.2571634  0.47882035 1.
 0.27512902 0.10983464 0.58976763 0.53505677 0.6952901  0.74358714
 1.         0.7174609  0.86812556 0.77991307 0.40434682 0.7542162
 0.05922986 0.69848883 0.7043591  0.28163204 0.3309146  0.83586276
 0.17212722 0.44408184 0.33842322 0.8972504  0.3793536  0.
 0.13569173 0.3942601  0.808348   0.8292601  0.         0.2398478
 0.48124105 0.         1.         0.5742852  0.47813755 0.37684113
 0.6147632  0.8023544  0.51789093 0.5520804  0.63233024 1.
 0.3701073  0.         0.         0.48336777 0.48622072 0.03578774
 1.         0.4677603  1.         0.54583806 0.19185942 0.
 0.3418298  1.         0.1288648  1.         0.9088166  0.53092396
 0.41978845 1.         0.90015525 0.329074   0.30326644 0.36821955
 0.737581   0.11611759 0.25948378 0.8348648  0.19975343 0.46420926
 0.78080505 0.50634795 0.68535775 0.61693513 0.2013952  0.8492083
 0.3578814  0.43975335 0.16466275 0.44033477 0.6765754  0.17373449
 0.5695153  0.75488806 0.28690788 0.1685899  0.22262168 0.49384168
 0.40615728 0.7932439  0.5403366  0.57351804 0.4621584  0.05920452
 0.06066663 0.42788112 0.9046918  0.         0.         0.97013646
 0.11297225 0.24282818 0.46535748 0.         0.7903667  0.5960563
 0.5688476  0.79637635 0.54379076 0.19181979 1.         0.94864386
 0.31943247 0.8020951  0.02913405 0.6099651  1.         0.5968755
 0.48806348 0.8544372  0.79887795 0.77592593 0.32735896 0.37203196
 1.         0.7132943  0.5104139  0.15325396 0.92653173 0.2530985
 0.89155906 0.75491774 0.89449674 0.22668545 0.33970812 0.
 0.63554794 0.7959379  0.37609828 0.91494995 0.         0.4811066
 0.4201714  0.15666503 0.5051265  0.4517159  0.20249958 1.
 0.36795616 0.58978    0.         0.3739934  0.02858027 0.503823
 0.01581885 0.         0.586324   0.3430399  1.         0.88503784
 1.         0.4916663  0.5283228  0.48377892 0.7011598  1.
 0.3410984  0.43862486 0.9256437  0.8641362  1.         0.12595122
 0.9575783  0.34736437 0.1228644  0.65135485 0.4209572  0.97456115
 0.579993   1.         0.8856769  0.60534626 0.5740068 ]
2024-05-29 10:56:49[INFO] 
[ddpg][Episode: 0][Step: 25][Metric tpmC:11430.23 tpmTotal:25232.32 Transaction Count:25286]Reward: -0.14289942047471405 Score: -5.302218179229323 Done: False
2024-05-29 10:56:49[INFO] [ddpg][Episode: 0][Step: 25] Critic: 0.059288645861670375 Actor: 0.021841070498339832
2024-05-29 10:56:49[INFO] [ddpg][Episode: 0][Step: 25] step: 108.39797329902649s env step: 108.3727753162384s train step: 0.00910329818725586s restart time: 44.58693242073059s action time: 0.0007822513580322266s
2024-05-29 10:56:49[INFO] [ddpg][Episode: 0][Step: 25][Average] step: 108.39797329902649s env step: 108.3727753162384s train step: 0.00910329818725586s restart time: 44.58693242073059s action time: 0.00420533693753756s
2024-05-29 10:56:49[INFO] [ddpg] Action: [0.97502965 0.7805881  1.         0.4615182  0.40042585 0.9420502
 0.67410237 0.8460868  0.74354446 0.3109088  0.42546773 1.
 0.12162463 0.23700482 1.         0.8788068  0.48086485 0.71543586
 1.         0.81055945 0.6732063  0.89244443 0.25143817 0.91388404
 0.07156071 0.6772612  1.         0.17207555 0.5913284  1.
 0.12151775 0.3525954  0.59716684 0.7779553  0.2358085  0.07007659
 0.06051731 0.29012722 0.6383284  0.8000631  0.         0.4341275
 0.38680783 0.         0.9630328  0.67088336 0.3227161  0.13338727
 0.44795722 0.917712   0.6836024  0.616591   0.26024884 1.
 0.45095497 0.         0.00722356 0.08980566 0.16615008 0.18803695
 0.9788031  0.34189633 1.         1.         0.38472623 0.02896307
 0.21624336 1.         0.27328762 0.93592674 1.         0.22141126
 0.21031296 0.6008824  0.9503478  0.4412033  0.6595675  0.45954174
 0.36757508 0.19069648 0.5526099  0.6771525  0.4136803  0.56886685
 0.69417673 0.8524875  0.3943067  0.8391806  0.2730433  0.8826384
 0.54316765 0.37292704 0.         0.30082452 0.35715896 0.
 0.20495842 0.756772   0.3930605  0.12549272 0.7057563  0.37684274
 0.46475554 0.5934809  0.13897164 0.5044142  0.32960913 0.32064298
 0.149431   0.7809658  0.580431   0.         0.         0.6520053
 0.37254775 0.47970924 0.70056176 0.19551021 0.7052623  0.8181243
 0.3754226  0.7006802  0.6825162  0.50502545 1.         0.8810437
 0.59908485 0.88655335 0.         0.5629199  0.9824778  0.48344535
 0.43584937 0.65772605 0.5919282  1.         0.37257293 0.5734205
 1.         0.72530717 1.         0.35321617 0.6686104  0.20131718
 0.64093935 0.5207449  0.59335285 0.13431111 0.2272541  0.
 0.6686768  0.8354855  0.56115115 0.89438415 0.         0.48460385
 0.4423993  0.415587   0.49317968 0.55932903 0.         1.
 0.13413003 0.42231    0.         0.28131977 0.         0.44117036
 0.08008283 0.         0.48502254 0.40308687 1.         0.84585667
 0.96671796 0.38778293 0.52870196 0.27561325 0.68225616 0.996439
 0.0359566  0.22594893 0.6043733  0.471286   1.         0.20811917
 1.         0.6456765  0.4035984  0.7413228  0.59692365 1.
 0.6171253  1.         0.50546646 0.3866717  0.43574727]
