2024-05-31 11:04:12[INFO] 
[Env initialized][Metric tpmC: 10822.71 tpmTotal: 23818.05 Transaction Count: 24139]
2024-05-31 11:04:12[INFO] [ddpg] Action: [0.5613644  0.33631027 0.4566857  0.76799124 0.4666395  0.13482828
 0.7069415  0.38869512 0.47834545 0.52272797 0.27364856 0.40961394
 0.5401112  0.49019617 0.55490845 0.48351797 0.8813574  0.4912479
 0.70315105 0.78849345 0.428127   0.6755695  0.48001388 0.4394153
 0.65365285 0.90051556 0.71694523 0.6026387  0.31309623 0.51468784
 0.7256575  0.37669325 0.659904   0.57940865 0.52427477 0.73923844
 0.43744856 0.4876241  0.4430622  0.30957454 0.43958247 0.67336994
 0.8814172  0.3944624  0.64170176 0.53030133 0.4375925  0.14998311
 0.24949317 0.33578384 0.7325681  0.04467829 0.7701096  0.33703753
 0.569939   0.78787524 0.65064967 0.31979936 0.77861226 0.3793632
 0.4319653  0.5009744  0.3648524  0.595054   0.17746451 0.15735662
 0.48053005 0.04606031 0.5113249  0.2147045  0.4775967  0.6973633
 0.38813436 0.6734017  0.43765408 0.7670449  0.65234876 0.73960674
 0.52149916 0.24211413 0.79867136 0.5989972  0.6860023  0.319062
 0.6532169  0.37442195 0.39167655 0.47740978 0.9318584  0.6593247
 0.35469905 0.6346605  0.58140194 0.63942045 0.42309105 0.41709805
 0.83134866 0.444808   0.49940532 0.40145248 0.6142658  0.67638147
 0.37591648 0.20922127 0.4794026  0.7526739  0.48175165 0.4039186
 0.4557224  0.38483533 0.9104204  0.4761749  0.8704976  0.7175027
 0.47843653 0.11878512 0.54451454 0.5358207  0.2835674  0.5552159
 0.         0.58744836 0.23188624 0.46012104 0.41451564 0.43463805
 0.4591384  0.12377551 0.9529232  0.36178148 0.51938665 0.28988883
 0.57903445 0.8238918  0.499279   0.5714542  0.7550247  0.8368114
 0.66766864 0.45825094 0.16034095 0.7447069  0.49440196 0.47350702
 0.6279802  0.2580341  0.40014058 0.4497419  0.33794093 0.25314263
 0.61504304 0.14555222 0.7132398  0.78156453 0.73665154 0.51707584
 0.46690178 0.39100307 0.6944779  0.34355068 0.45648983 0.5144931
 0.24788557 0.74693066 0.891314   0.6679839  0.09770256 0.84575987
 0.7712573  0.45574483 0.31371167 0.37601468 0.47542015 0.43163142
 0.21313554 0.71643436 0.40382525 0.89877695 0.5150806  0.40341598
 0.8245421  0.38388437 0.6911378  0.5107986  0.6889098  0.02522848
 0.07313868 0.5302902  0.2807534  0.36602738 0.57670194 0.4960092
 0.37380162 0.8740795  0.5477309  0.48267275 0.8318005 ]
2024-05-31 11:06:02[INFO] 
[ddpg][Episode: 0][Step: 0][Metric tpmC:10296.67 tpmTotal:22721.52 Transaction Count:23039]Reward: -0.10441262788646093 Score: -0.10441262788646093 Done: False
2024-05-31 11:06:02[INFO] [ddpg][Episode: 0][Step: 0] step: 109.22510814666748s env step: 109.21612930297852s train step: 0.0s restart time: 44.685829401016235s action time: 0.0026111602783203125s
2024-05-31 11:06:02[INFO] [ddpg][Episode: 0][Step: 0][Average] step: 109.22510814666748s env step: 109.21612930297852s train step: 0.0s restart time: 44.685829401016235s action time: 0.0026111602783203125s
2024-05-31 11:06:02[INFO] [ddpg] Action: [0.78757757 0.44757915 0.42790768 0.5051159  0.980323   0.42352906
 0.66953653 0.58764505 0.42658988 0.46269536 0.3043048  0.37584132
 0.         0.6824016  0.40207887 0.5583024  0.8618151  0.5463984
 0.47925863 0.720907   0.4149625  0.6431367  0.5389006  0.81127334
 0.7928886  1.         0.42757893 0.600647   0.4369341  0.5665226
 0.688094   0.3665373  0.733091   0.35709652 0.3105652  0.92102855
 0.44317988 0.3830302  0.6498591  0.12282014 0.2062787  0.6066815
 0.7993785  0.01551734 0.5213779  0.5416942  0.2593772  0.14465077
 0.20964737 0.47717062 0.92256814 0.51972616 0.75093585 0.06871338
 0.01357569 0.76658523 0.78522754 0.3085261  0.65463805 0.5210477
 0.5063     0.22014068 0.8814512  0.16868487 0.35904178 0.496329
 0.40451685 0.16182964 0.551352   0.         0.49059102 0.77226365
 0.54021305 0.6028704  0.29461482 0.61458325 0.92058086 0.6444413
 0.48768246 0.01032276 0.66225356 0.4497876  0.58253574 0.29242188
 0.9300222  0.6263652  0.04652692 0.40207353 0.7628931  0.901667
 0.15398407 0.50262606 0.23619688 0.48369405 0.35911325 0.08225463
 0.96808213 0.10165711 1.         0.06499503 0.6772123  0.6519931
 0.42221436 0.1759549  0.51497597 0.90357924 0.54924434 0.39662397
 0.26505682 0.51788324 1.         0.6054294  1.         0.7188807
 0.84921163 0.2956069  0.36032137 0.92060244 0.08901235 0.4378222
 0.         0.35176033 0.5435701  0.14764903 0.41636246 0.70494187
 0.28995928 0.2604853  0.66863555 0.39303753 0.5068391  0.3453906
 0.75436944 1.         0.3272957  0.461585   0.3740999  0.8243446
 0.71458465 0.8015473  0.5323767  0.5780173  0.77079797 0.42992765
 0.6107235  0.272399   0.6980724  0.79051024 0.6772165  0.33619258
 0.25700936 0.25445873 0.629418   0.48814654 0.8104825  0.3691854
 0.69222337 0.35748556 0.5244858  0.29664364 0.22202612 0.54310435
 0.38399273 0.61621976 1.         0.5249156  0.         0.574462
 0.92724687 0.57561177 0.12341925 0.28583828 0.47674245 0.608544
 0.11440997 1.         0.9035363  0.5459976  0.62750643 0.75917834
 1.         0.4277592  0.7450894  0.6810362  0.56078374 0.
 0.         0.5319796  0.65397847 0.42610586 0.4086061  0.21871337
 0.37606084 0.874441   0.77613556 0.453472   0.4965074 ]
2024-05-31 11:07:46[INFO] 
[ddpg][Episode: 0][Step: 1][Metric tpmC:10591.35 tpmTotal:23554.98 Transaction Count:23998]Reward: -0.04337070873792823 Score: -0.14778333662438917 Done: False
2024-05-31 11:07:46[INFO] [ddpg][Episode: 0][Step: 1] step: 104.26087808609009s env step: 104.25378966331482s train step: 0.0s restart time: 39.531004667282104s action time: 0.0008454322814941406s
2024-05-31 11:07:46[INFO] [ddpg][Episode: 0][Step: 1][Average] step: 104.26087808609009s env step: 104.25378966331482s train step: 0.0s restart time: 39.531004667282104s action time: 0.0017282962799072266s
2024-05-31 11:07:46[INFO] [ddpg] Action: [1.         0.73614544 0.7276059  0.54115534 0.91207886 0.48778012
 0.47007278 0.46518308 0.5749233  0.7426038  0.5663786  0.27544945
 0.         0.7882394  0.4291639  0.57135487 0.9082829  0.48249823
 0.34984347 0.60140085 0.5136133  0.51339924 0.5447101  0.53149134
 0.8263604  1.         0.27057102 0.57462645 0.5132512  0.9733269
 0.87685305 0.1955636  0.8349695  0.47675046 0.57146007 0.89349765
 0.03027002 0.18172608 0.61000603 0.24451897 0.21153848 0.6673164
 0.50054425 0.         0.59235    0.18710592 0.1772694  0.46209493
 0.14135756 0.24437831 0.7988655  0.48000085 0.6938455  0.11055977
 0.         0.82142115 0.7624331  0.56422347 0.71671355 0.62238085
 0.32491082 0.17923377 0.92146754 0.07645428 0.74730265 0.59941465
 0.22648783 0.16271348 0.6221231  0.00776012 0.5783239  0.29129136
 0.3393272  0.5403467  0.         0.3951373  0.94140106 0.23148891
 0.23356201 0.08025688 0.500784   0.6831917  0.44004506 0.08812235
 0.7814816  0.75683445 0.36954296 0.60583204 0.6782218  1.
 0.13463752 0.15512334 0.3496802  0.60101783 0.2828722  0.5311802
 0.93796647 0.05921254 0.9908388  0.         0.7833932  0.5240619
 0.5565286  0.36863896 0.7029779  1.         0.5179207  0.37750494
 0.27862424 0.49929363 1.         0.47413975 0.831343   0.6981011
 0.9339242  0.49087915 0.8030583  0.28844437 0.02493278 0.25610465
 0.2955589  0.1303782  0.5383324  0.29733968 0.5128086  0.5846285
 0.2854383  0.39401776 0.74475443 0.23570278 0.67363334 0.21365091
 0.9242934  1.         0.1117107  0.26683152 0.55390704 0.89644843
 0.6554506  0.47143272 0.52688915 0.41644675 1.         0.20999235
 0.9045252  0.39274558 0.5890669  0.673533   0.9975119  0.41260216
 0.57699776 0.50845736 0.36151    0.5400585  0.5912412  0.2879712
 1.         0.20927708 0.3495311  0.18601534 0.28528008 0.7688939
 0.5498974  0.45360205 1.         0.2221379  0.         0.58216906
 0.7147938  0.9191279  0.         0.08919137 0.42982695 0.3261311
 0.13299589 1.         0.91678053 0.47983363 0.6549098  0.6265444
 1.         0.2565009  0.5813205  0.323049   0.59201974 0.05268824
 0.3874351  0.34550697 0.57822996 0.3896309  0.6610573  0.65489584
 0.35628334 0.66993934 0.5966782  0.45033678 0.61451393]
2024-05-31 11:09:34[INFO] 
[ddpg][Episode: 0][Step: 2][Metric tpmC:10272.81 tpmTotal:22993.95 Transaction Count:23065]Reward: -0.10770749812478479 Score: -0.25549083474917395 Done: False
2024-05-31 11:09:35[INFO] [ddpg][Episode: 0][Step: 2] Critic: 0.025602014735341072 Actor: 0.03722691535949707
2024-05-31 11:09:35[INFO] [ddpg][Episode: 0][Step: 2] step: 108.90649271011353s env step: 108.31160044670105s train step: 0.2933112382888794s restart time: 44.55730700492859s action time: 0.0015380382537841797s
2024-05-31 11:09:35[INFO] [ddpg][Episode: 0][Step: 2][Average] step: 108.90649271011353s env step: 108.31160044670105s train step: 0.2933112382888794s restart time: 44.55730700492859s action time: 0.001664876937866211s
2024-05-31 11:09:35[INFO] [ddpg] Action: [0.9523356  0.66460437 0.4853108  0.5495133  0.43821052 0.9033783
 0.75883645 0.54024106 0.5072895  0.66737485 0.63643324 0.17168675
 0.         0.5489174  0.38414153 0.5384546  0.6422702  0.70314044
 0.13789228 0.29806766 0.5576441  0.2546145  0.37665066 0.60196733
 0.67889965 1.         0.40119228 0.2203126  0.9039958  0.74500555
 0.98015577 0.20225424 0.9127417  0.2416     0.81803715 0.4837541
 0.         0.04178745 0.7609363  0.46448675 0.18273583 0.8833766
 0.79940015 0.         0.4433147  0.22184141 0.6176784  0.5021448
 0.         0.371834   0.5049415  0.38411826 0.14500318 0.08131051
 0.         0.619794   0.42767674 0.26881626 0.53835255 0.43380907
 0.24408907 0.         0.7706201  0.         0.8386822  0.43088183
 0.35259542 0.         0.678955   0.16982628 0.36279818 0.40861237
 0.49077374 0.94224495 0.01474281 0.23755454 0.9727791  0.3918923
 0.38068366 0.         0.28570572 0.7440297  0.26973787 0.4230312
 0.88953996 0.9017877  0.5219709  0.20168073 0.5318435  0.92616194
 0.         0.27896494 0.6710502  0.45769775 0.4452177  0.3724039
 0.6445009  0.         1.         0.         1.         0.7207898
 0.5176802  0.56396407 0.7642603  1.         0.41864341 0.25679848
 0.03768463 0.23565924 1.         0.49222118 1.         0.719173
 0.5055697  0.67310065 1.         0.4045486  0.         0.
 0.25617957 0.3619655  0.28705502 0.5123386  0.7353699  0.58744305
 0.47264814 0.48232216 0.6727877  0.659661   0.5695824  0.22405031
 1.         1.         0.39512178 0.5528471  0.87143695 0.8868105
 0.78402853 0.64599144 0.34413537 0.19253103 0.66992116 0.500655
 1.         0.13410737 0.79589516 0.88480544 1.         0.27088174
 0.55737484 0.61698276 0.30814028 0.55685365 0.5461773  0.17259869
 1.         0.35897556 0.43936208 0.14817296 0.2328707  0.8054099
 0.4447993  0.50380963 0.8944995  0.41875833 0.         0.5682611
 0.62974066 0.44694132 0.         0.05494132 0.5200429  0.
 0.29464638 0.6831732  0.6733593  0.5031651  0.5406894  0.47282854
 1.         0.37180465 0.68701977 0.29306164 0.73355395 0.
 0.4545781  0.20968805 0.3554078  0.33833668 0.7387575  0.5440695
 0.5001792  0.7621463  0.60295206 0.58737993 0.87591064]
