2024-05-22 17:59:30[INFO] 
[Env initialized][Metric tpmC: 7486.45 tpmTotal: 16501.21 Transaction Count: 16594]
2024-05-22 17:59:30[INFO] [ddpg] Action: [0.34723914 0.36839256 0.53285867 0.4443242  0.6435588  0.61877686
 0.6312203  0.47467962 0.7593637  0.5734335  0.41268063 0.62660325
 0.79590607 0.6174445  0.0504021  0.30297458 0.4862825  0.479921
 0.6822727  0.24509299 0.6584739  0.713952   0.7671361  0.24082921
 0.5766052  0.7938497  0.21084182 0.4940073  0.5929614  0.46571353
 0.9392648  0.51654494 0.8792733  0.41721618 0.3966095  0.3003114
 0.629236   0.2813042  0.4426514  0.54766476 0.25697675 0.6391168
 0.70579267 0.43749192 0.4823361  0.4396525  0.76162475 0.25010526
 0.4856024  0.59867597 0.44925803 0.41450545 0.3693282  0.5543105
 0.4704811  0.301548   0.5657577  0.84903103 0.7269041  0.33785367
 0.31717154 0.2130081  0.24690746 0.99702495 0.56349695 0.67108285
 0.49002397 0.60333943 0.60300213 0.30356178 0.34829196 0.6390022
 0.73132557 0.2823678  0.26689017 0.64748824 0.38625258 0.32955417
 0.7322658  0.6639943  0.57865876 1.         0.46117362 0.47194454
 0.47012872 0.30131257 0.5757219  0.6404722  1.         0.7129314
 0.3968935  0.58419216 0.75604504 0.61613137 0.51726925 0.78654414
 0.7549108  0.19247098 0.63451684 0.27767327 0.42240757 0.3449324
 0.6439611  0.93050677 0.4941473  0.5779267  0.47290087 0.42025942
 0.31027803 0.7275265  0.5101754  0.50805914 0.3698504  0.8300152
 0.58034253 0.6216497  0.3671349  0.46343446 0.61998    0.7327395
 0.4422089  0.82154274 0.14294457 0.5816808  0.62035626 0.5086056
 0.6008216  0.34688798 0.36175433 0.48318726 0.263675   0.6259166
 0.46366528 0.34416288 0.6832386  0.5858729  0.54677016 0.5066844
 0.52207154 0.26424664 0.25901353 0.67599106 0.45706335 0.84891254
 0.51193064 0.7930847  0.2812333  0.8260208  0.53913313 0.38925248
 1.         0.49907622 0.39023864 0.03095823 0.5221725  0.619586
 0.47948742 0.8724064  0.3755432  0.58984923 0.26582828 0.6473165
 0.7876265  0.6163981  0.95445794 0.3476808  0.6869933  0.721844
 0.5566112  0.56223583 0.7224481  0.4936167  0.50338835 0.3721598
 0.3222253  0.43586114 0.6901379  0.55599356 0.44346043 0.33024675
 0.8913505  0.5927667  0.41764596 0.8964038  0.44228762 0.60931134
 0.89230436 0.40023044 0.6348425  0.6714293  0.77737296 0.18056844
 0.6120995  0.841428   0.29195157 0.29224828 0.7582402 ]
2024-05-22 18:00:45[INFO] 
[ddpg][Episode: 0][Step: 0][Metric tpmC:0 tpmTotal:0 Transaction Count:0]Reward: -10000000.0 Score: -10000000.0 Done: True
2024-05-22 18:00:45[INFO] [ddpg][Episode: 0][Step: 0] step: 75.21655249595642s env step: 75.19002771377563s train step: 0.0s restart time: 75.18991684913635s action time: 0.004272937774658203s
2024-05-22 18:00:45[INFO] [ddpg][Episode: 0][Step: 0][Average] step: 75.21655249595642s env step: 75.19002771377563s train step: 0.0s restart time: 75.18991684913635s action time: 0.004272937774658203s
2024-05-22 18:01:22[INFO] 
[Env initialized][Metric tpmC: 7486.45 tpmTotal: 16501.21 Transaction Count: 16594]
2024-05-22 18:01:22[INFO] [ddpg] Action: [0.31131396 0.22776124 0.7955471  0.6170573  0.48208117 0.49152005
 0.65698314 0.7127552  0.49483034 0.66756934 0.3015557  0.40878212
 0.30541167 0.40751928 0.66758436 0.6138008  0.89546245 0.3010422
 0.6758596  0.43532825 0.47503358 0.00362485 0.02827198 0.34982142
 0.7342822  0.3209892  0.9563851  0.4070161  0.14418182 0.2826611
 0.7441701  0.15732257 0.5596717  0.4187194  0.5620526  0.5732821
 0.44647014 0.86732256 0.35466713 0.69787717 0.5674651  0.53643465
 0.55869555 0.15990493 0.39276895 0.65360075 0.35857645 0.2397698
 0.47093046 0.5314799  0.5516219  0.6497164  0.19306055 0.55584073
 0.68982863 0.16555277 0.5027378  0.6175585  0.15481614 0.18845329
 0.36090928 0.58607584 0.3441893  0.3238863  0.574408   0.4743837
 0.5845967  0.20204793 0.62680846 0.58717537 0.4389535  0.19309494
 0.8598544  0.658264   0.48695675 0.8202358  0.22013965 0.6850051
 0.40616584 0.63923144 0.06238655 0.31939742 0.5460363  0.48098838
 0.62415195 0.4174047  0.2542242  0.35284716 0.40290514 0.5358342
 0.70805335 0.09797849 0.7124586  0.5885474  0.75114775 0.4173899
 0.36822698 0.3630899  0.556397   0.2956732  0.479577   0.3776313
 0.3423687  0.6805713  0.6356933  0.44635916 0.6239502  0.48252285
 0.46018445 0.02389387 0.6658609  0.53585774 0.91553545 0.43121457
 0.5416205  0.71484417 0.3959614  0.5058719  0.         0.71277606
 0.3974803  0.5835305  0.9588004  0.8430733  0.36976007 0.57890683
 0.4487767  0.8983984  0.5763834  0.56535    0.46662316 0.60591465
 0.49778876 0.8229277  0.5646304  0.37726343 0.5915655  0.7955987
 0.47548816 0.39656532 0.41395587 0.42988905 0.1528469  0.2622369
 0.97452366 0.5427923  0.87543213 0.69747    0.41920143 0.8588401
 0.5680444  0.45426056 0.6448844  0.4681362  0.13012454 0.1559831
 0.4845914  0.7286423  0.44429135 0.61054856 0.46732625 0.47190422
 0.25560567 0.5508773  0.8753555  0.66676515 0.08156873 0.80770963
 0.4535853  0.6241723  0.6272113  0.50487256 0.55274606 0.6441071
 0.7810147  0.44301757 0.5223318  0.6343695  0.21637332 0.12581356
 0.47131136 0.54742426 0.33256996 0.6068432  0.37535372 0.80446994
 0.5454795  0.79028624 0.89968956 0.6962789  0.469232   0.19281566
 0.10614737 0.67754745 0.8474628  0.5906086  0.5830687 ]
2024-05-22 18:02:37[INFO] 
[ddpg][Episode: 1][Step: 0][Metric tpmC:0 tpmTotal:0 Transaction Count:0]Reward: -10000000.0 Score: -10000000.0 Done: True
