2024-05-22 16:33:45[INFO] 
[Env initialized][Metric tpmC: 7486.45 tpmTotal: 16501.21 Transaction Count: 16594]
2024-05-22 16:33:45[INFO] [ddpg] Action: [0.32321706 0.81589144 0.8923571  0.19551095 0.8575156  0.31114662
 0.26461738 0.35418373 0.732601   0.71867144 0.69028854 0.5165787
 0.31800693 0.40510637 0.3717838  0.568988   0.61164075 0.4982424
 0.7435706  0.44977185 0.95405674 0.6835239  0.49913585 0.716159
 0.12694634 0.53960586 0.40798417 0.37757975 0.60930395 0.
 0.25910547 0.9792807  0.66359127 0.33014205 0.01106651 0.85875833
 0.61678225 0.67080283 0.47196138 0.6688864  0.70438987 0.2799509
 0.59770036 0.70941085 0.6456551  0.25696146 0.37271976 0.880029
 0.5788275  0.40572917 0.6848874  0.57639027 0.71228486 0.4210613
 0.0919016  0.33828795 0.30799785 0.31038436 0.61211616 0.49318346
 0.86781764 0.3756337  0.4937666  0.30854225 0.3118157  0.570724
 0.5869484  0.60745996 0.5016637  0.8110273  0.31462532 0.09768151
 0.5457172  0.40939525 0.23338358 0.43297243 0.05216371 0.40325361
 0.21493457 0.45629638 0.22202615 0.52831316 0.3296759  0.15569505
 1.         0.4004885  0.37133998 0.48904964 0.20906736 0.36544675
 0.0668314  0.38507837 0.29127645 0.7207671  0.4804237  0.50641394
 0.425654   0.39741558 0.34935594 1.         0.40073705 0.33569092
 0.23927948 0.6184371  0.3395045  0.55959314 0.5866269  0.24841845
 0.5139052  0.8954278  0.62161577 0.68185216 0.38244206 0.601084
 0.5633549  0.30267337 0.5767269  0.46939614 0.53835016 0.10746825
 0.63611627 0.66972303 0.01997621 0.43420208 0.53280956 0.48988247
 0.69745964 0.3812935  0.45614654 0.63040704 0.8068027  0.39103147
 0.5938622  0.5013055  0.6795584  0.5129173  0.6699578  0.28045976
 0.65769684 0.45079368 0.5607867  0.494378   0.9340137  0.30971396
 0.65692085 0.91737086 0.17217325 0.62593895 0.63092875 0.3915985
 0.6854221  0.3987507  0.2986393  0.54590017 0.42605174 0.6302738
 0.7285427  0.6961133  0.7175681  0.3943768  0.50575805 0.74798685
 0.15825987 0.21057434 0.3312765  0.4903842  0.6066977  0.3789158
 0.60197425 0.33421633 0.42413452 0.32892925 0.58449125 0.74688864
 0.37082663 0.6334918  0.35756078 0.6023936  0.34226876 0.4035227
 0.8935051  0.78451735 0.7687688  0.45423454 0.4500215  0.56321865
 0.6107655  0.69273263 0.4386044  0.3551004  0.28520298 0.5804155
 0.64869833 0.6249815  0.3935714  0.69756514 0.50077814]
2024-05-22 16:35:00[INFO] 
[ddpg][Episode: 0][Step: 0][Metric tpmC:0 tpmTotal:0 Transaction Count:0]Reward: -10000000.0 Score: -10000000.0 Done: True
2024-05-22 16:35:40[INFO] [ddpg][Episode: 0][Step: 0] step: 111.18734788894653s env step: 75.19725465774536s train step: 0.0s restart time: 75.19710278511047s action time: 0.004183769226074219s
2024-05-22 16:35:44[INFO] [ddpg][Episode: 0][Step: 0][Average] step: 111.18734788894653s env step: 75.19725465774536s train step: 0.0s restart time: 75.19710278511047s action time: 0.004183769226074219s
2024-05-22 16:36:22[INFO] 
[Env initialized][Metric tpmC: 7486.45 tpmTotal: 16501.21 Transaction Count: 16594]
2024-05-22 16:36:22[INFO] [ddpg] Action: [0.7232427  0.7242449  0.33046654 0.55118656 0.46824735 0.43980646
 0.465886   0.18351008 0.5259924  0.11456606 0.6796433  0.88990766
 0.4540781  0.22754495 0.47410426 0.3076507  0.5742004  0.7065411
 0.95089906 0.4546439  0.48269525 0.6854929  0.7353282  0.5736827
 0.4200823  0.5378445  0.26773164 0.4885917  0.57560045 0.22522639
 0.08111992 0.2666668  0.76349396 0.5584921  0.45228335 0.20477682
 0.5613979  0.5470611  0.52734447 0.09871835 0.5507326  0.76351917
 1.         0.74164456 0.47688332 0.5511379  0.4805206  0.5818685
 0.764143   0.3191325  0.3061821  0.21461962 0.64336    0.40923417
 0.17787652 0.6046457  0.24470071 0.52016294 0.77387816 0.09040003
 0.59975123 0.6490306  0.51491195 0.49315012 0.6196761  0.7975055
 0.70046264 0.30620223 0.84622735 0.4688087  0.5491825  0.7238678
 0.3535904  0.44039348 0.30322266 0.32455042 0.5215807  0.63856643
 0.4574722  0.47361916 0.55776894 0.65182704 0.605157   0.29777294
 0.39274952 0.62310994 0.36152408 0.28529713 0.51125175 0.20956351
 0.5895933  0.16266105 0.5262109  0.0779943  0.42448694 0.3878896
 0.4453044  0.6798456  0.51578844 0.57759863 0.4330434  0.6177107
 0.27093992 0.46040252 0.95741886 0.18290958 0.7593258  0.50264186
 0.41603678 0.88453597 0.         0.79326123 0.68202716 0.31500462
 0.4739865  0.3971946  0.4524756  0.28616142 0.42139864 0.29524186
 0.36132416 0.16652541 0.53284997 0.43961737 0.4205838  0.5350276
 0.2748709  0.6314177  0.2725815  0.75035584 0.11195217 0.5725876
 0.47170612 0.14376304 0.6683858  0.628029   0.4167095  0.80762625
 0.53201944 0.55771625 0.7547175  0.33212367 0.4101372  0.6007855
 0.6729648  0.13788272 0.5974692  0.46762168 0.75878394 0.2436756
 0.4670123  0.3761644  0.49366495 0.793446   0.5285758  0.9511258
 0.5981391  0.5612354  0.5175084  0.30012688 0.4910132  0.7197434
 0.5064495  0.82383096 0.21623854 0.21289046 0.8196769  0.31407368
 1.         0.35409254 0.6163985  0.4537055  0.         0.5111508
 0.20740381 0.1747191  0.48864308 0.5954453  0.47056508 0.17656559
 0.5687239  0.4575301  0.33890703 0.58481073 0.3807814  0.5513699
 0.30870986 0.31620058 0.47357705 0.7602484  0.21682763 0.6295139
 0.16414511 0.41557088 0.20253587 0.20780943 0.25733432]
2024-05-22 16:37:38[INFO] 
[ddpg][Episode: 1][Step: 0][Metric tpmC:0 tpmTotal:0 Transaction Count:0]Reward: -10000000.0 Score: -10000000.0 Done: True
2024-05-22 16:48:04[INFO] [ddpg][Episode: 1][Step: 0] step: 701.2891807556152s env step: 75.20917344093323s train step: 0.0s restart time: 75.2090711593628s action time: 0.003278493881225586s
2024-05-22 16:48:04[INFO] [ddpg][Episode: 1][Step: 0][Average] step: 701.2891807556152s env step: 75.20917344093323s train step: 0.0s restart time: 75.2090711593628s action time: 0.0037311315536499023s
2024-05-22 16:48:40[INFO] 
[Env initialized][Metric tpmC: 7486.45 tpmTotal: 16501.21 Transaction Count: 16594]
2024-05-22 16:48:40[INFO] [ddpg] Action: [0.82216525 0.4003082  0.6102493  0.5263651  0.41125998 0.32597238
 0.5452246  0.37215954 0.02122297 0.47395417 0.39378133 0.5709068
 0.44656965 0.30314615 0.75451034 0.5411876  0.27064306 0.7328109
 0.40400824 0.46721792 0.3365153  0.49395102 0.50196457 0.35454163
 0.48733985 0.6110611  0.81871134 0.6419015  0.41989177 0.32956254
 0.20961732 0.38233244 0.19688597 0.71646506 0.65899926 0.34656093
 0.44379768 0.69369763 0.6048983  0.8652091  0.4910821  0.31399336
 0.14164466 0.5279924  0.30007783 0.72957385 0.30404684 0.4720383
 0.39734057 0.3089676  0.5534372  0.0665492  0.47565228 0.8749485
 0.59693336 0.34079143 0.5740365  0.21950124 0.82178015 0.45761323
 0.43710974 0.79022497 0.4595382  0.525528   0.8617701  0.39371216
 0.37894094 0.5306851  0.4186844  0.4970957  0.645193   0.67585146
 0.4021908  0.50897086 0.4507839  0.5837736  0.533342   0.6741431
 0.32285005 0.6535143  0.727991   0.5347909  0.5371811  0.28990194
 0.6524698  0.76218486 0.20921387 0.6163639  0.4395638  0.7211796
 0.4284982  0.867607   0.84549606 0.4147474  0.47811165 0.29911777
 0.34653306 0.55325204 0.3408144  0.31668326 0.8181422  0.49796692
 0.58059615 0.39269757 0.4022855  0.68399227 0.7484062  0.13565011
 0.5094509  0.26833078 0.55457866 0.19357175 0.5615291  0.5193147
 0.16695584 0.17868106 0.60690624 0.08016476 0.08936113 0.29296032
 0.5963854  0.2865226  0.5440071  0.8101225  0.537075   0.15457372
 0.28080058 0.74725085 0.351875   0.6866391  0.59804827 0.599246
 0.44021046 0.9283917  0.513687   0.70449144 0.8364586  0.5443258
 0.6820002  0.749094   0.8572222  0.5799035  0.70394933 0.62680346
 0.5610163  0.6354786  0.55750746 0.19692196 0.27627882 0.3528101
 0.31749356 0.37293974 0.46654308 0.15251516 0.3618694  0.51833314
 0.5018901  0.5893942  0.78078675 0.7364798  0.8723824  0.18282436
 0.5510558  0.64905167 0.28842726 0.580555   0.3376359  0.7332638
 0.62139195 0.15947556 0.38714656 0.49212584 0.39946982 0.41380113
 0.11655837 0.09500682 0.55356956 0.39409754 0.08582649 0.32055697
 0.66014725 0.81820536 0.2858355  0.6544631  0.4774871  0.42706093
 0.3920281  0.33290768 0.63316566 0.45840004 0.7730746  0.73415035
 0.5891821  0.3204154  0.77001506 0.52006793 0.77304596]
2024-05-22 16:49:55[INFO] 
[ddpg][Episode: 2][Step: 0][Metric tpmC:0 tpmTotal:0 Transaction Count:0]Reward: -10000000.0 Score: -10000000.0 Done: True
2024-05-22 16:49:55[INFO] [ddpg][Episode: 2][Step: 0] step: 75.22383141517639s env step: 75.19839382171631s train step: 0.0s restart time: 75.19828724861145s action time: 0.0033164024353027344s
2024-05-22 16:49:55[INFO] [ddpg][Episode: 2][Step: 0][Average] step: 75.22383141517639s env step: 75.19839382171631s train step: 0.0s restart time: 75.19828724861145s action time: 0.003592888514200846s
2024-05-22 16:50:32[INFO] 
[Env initialized][Metric tpmC: 7486.45 tpmTotal: 16501.21 Transaction Count: 16594]
2024-05-22 16:50:32[INFO] [ddpg] Action: [0.53182614 0.41223243 0.28192776 0.5662078  0.7011357  0.8194929
 0.85273635 0.5287357  0.6230108  0.517193   0.5386345  0.71219593
 0.40188763 0.         0.5896641  0.21627125 0.18287368 0.54569614
 0.6281308  0.32202163 0.3753801  0.5861238  0.7187884  0.39290392
 0.23971835 0.8023704  0.7742872  0.5090722  0.33806622 0.29113182
 0.81347036 0.671008   0.79751754 0.44977337 0.5922988  0.59647983
 0.5157752  0.40451965 0.27234477 0.5145442  0.44341677 0.82677865
 0.3702761  0.5170402  0.51319593 0.15433595 0.21987754 0.38688466
 0.21153733 0.17152752 0.75173396 0.6137014  0.8375521  0.6545372
 0.57189333 0.17798296 0.22110662 0.5121513  0.7240644  0.6787379
 0.32222015 0.33053696 0.51483655 0.94569063 0.3901108  0.4102876
 0.46174783 0.71370834 0.3598142  0.46738157 0.28029457 0.43592334
 0.52148616 0.59509677 0.71077096 0.3051021  0.51681036 0.87571734
 0.33972034 0.1626548  0.6065942  0.37060043 0.4434635  0.49035227
 0.64650583 0.45214292 0.57326734 0.34345403 0.18112917 0.48806444
 0.9391285  0.4486566  0.74332744 0.8771806  0.6495244  0.51706773
 0.57213    0.5842139  0.4662577  0.6765928  0.35810855 0.43646964
 0.19694677 0.5919387  0.7245611  0.5977539  0.36787048 0.8260572
 0.07881995 0.4544089  0.794866   0.23683736 0.5192514  0.65967375
 0.42356658 0.63307726 0.48836184 0.35426372 0.767906   0.5106084
 0.3531289  0.1995713  0.60134417 0.7434564  0.2403519  0.46013921
 0.7575089  0.3756948  0.4769303  0.33858505 0.24734183 0.
 0.62684983 0.15520419 0.69851595 0.32152462 0.4659122  0.6550519
 0.5280108  0.4249595  0.6621039  0.49782088 0.25076705 0.47060004
 0.58026016 0.40225586 0.6843624  0.5639162  0.5230411  0.36345115
 0.30071604 0.4729215  0.46209    0.7498698  0.6111994  0.47067723
 0.6038012  0.2949822  0.39597508 0.7142138  0.6528657  0.4872382
 0.7224201  0.32680136 0.7075722  0.64627814 0.71366984 0.430198
 0.42725465 0.6550041  0.5211342  0.25052103 0.33400252 0.32738236
 0.3879364  0.12255807 0.3606345  0.8270922  0.40963128 0.9351596
 0.82895607 0.8104365  0.14430419 0.29986003 0.65465534 0.61543673
 0.65302753 0.4409302  0.5963638  0.5069371  0.3932883  0.78057075
 0.6726142  0.47759858 0.45279032 0.40908653 0.5985454 ]
2024-05-22 16:51:47[INFO] 
[ddpg][Episode: 3][Step: 0][Metric tpmC:0 tpmTotal:0 Transaction Count:0]Reward: -10000000.0 Score: -10000000.0 Done: True
2024-05-22 16:51:47[INFO] [ddpg][Episode: 3][Step: 0] step: 75.2216579914093s env step: 75.1966724395752s train step: 0.0s restart time: 75.19658589363098s action time: 0.0031151771545410156s
2024-05-22 16:51:47[INFO] [ddpg][Episode: 3][Step: 0][Average] step: 75.2216579914093s env step: 75.1966724395752s train step: 0.0s restart time: 75.19658589363098s action time: 0.0034734606742858887s
2024-05-22 16:52:23[INFO] 
[Env initialized][Metric tpmC: 7486.45 tpmTotal: 16501.21 Transaction Count: 16594]
2024-05-22 16:52:23[INFO] [ddpg] Action: [0.42193738 0.5038364  0.26928023 0.28427738 0.64521027 0.60548514
 0.69014084 0.9373975  0.64411765 0.34059757 0.28181446 0.58168864
 0.17838433 0.59557766 0.77449286 0.24049619 0.37843242 0.01406219
 0.6168372  0.8770568  0.21235816 0.56047225 0.80031824 0.59337056
 0.24256265 0.37441126 0.26604825 0.42032135 0.29261965 0.2974632
 0.56778246 0.38974687 0.7651447  0.5906725  0.23177679 0.298608
 0.93086356 0.6186302  0.47459784 0.71738255 0.7400429  0.7640204
 0.8228136  0.65788347 0.5376899  0.46809453 0.35223627 0.750617
 0.7050483  0.41509366 0.5818075  0.48184553 0.4358122  0.76812166
 0.4155142  0.42285344 0.4585427  0.10588702 0.34617564 0.6355339
 0.58928365 0.44951186 0.24745482 0.84767157 0.38511866 0.21985346
 0.20629942 0.5593684  0.30815974 0.48873326 0.8934172  0.5468749
 0.28710613 0.5731213  0.50099045 0.5916486  0.40854734 0.2454998
 0.25019476 0.589491   0.         0.3756276  0.36031085 0.7221537
 0.3370142  0.47015363 0.5893036  0.4236495  0.3113056  0.46047103
 0.48327616 0.9212376  0.70863366 0.5117309  0.41983733 0.44980142
 0.47685605 0.35939258 0.5095342  0.3727225  0.6212361  0.33465815
 0.6721486  0.549836   0.5891721  0.47556618 0.71729696 0.5463872
 0.16298094 0.55907625 0.49418008 0.25121918 0.6022954  0.77062887
 0.4292831  0.3287514  0.6256832  0.3901258  0.4113026  0.213207
 0.22126682 0.8144471  0.30501992 0.7484231  0.8539396  0.27765578
 0.3814216  0.28464124 0.1760349  0.27090818 0.45812878 0.6289853
 0.7128334  0.26292482 0.16315894 0.64807475 0.77430844 0.10843921
 0.21262112 0.1066715  0.30869618 1.         0.732514   0.06373557
 0.5279733  0.7281632  0.5408197  0.28121877 0.62719953 0.74650633
 0.57151365 0.3579655  0.9710341  0.5124394  0.5223536  0.6562917
 0.33178756 0.62554413 0.5970175  0.3958578  0.52409106 0.85173017
 0.07551674 0.45734584 0.55791706 0.3951674  0.46992636 0.73301184
 0.48967195 0.5200645  0.67478806 0.3781954  0.6413771  0.3147525
 0.9589059  0.32564473 0.77772105 0.30924186 0.5151646  0.48068646
 0.57266074 0.15152128 0.90302145 0.69482213 0.43520007 0.5101993
 0.46771884 0.28212124 0.64364344 0.37105605 0.2460339  0.5155037
 0.5735306  0.40052947 1.         0.63917464 0.5671524 ]
2024-05-22 16:53:38[INFO] 
[ddpg][Episode: 4][Step: 0][Metric tpmC:0 tpmTotal:0 Transaction Count:0]Reward: -10000000.0 Score: -10000000.0 Done: True
2024-05-22 16:53:38[INFO] [ddpg][Episode: 4][Step: 0] step: 75.217440366745s env step: 75.19259262084961s train step: 0.0s restart time: 75.19243860244751s action time: 0.0030868053436279297s
2024-05-22 16:53:38[INFO] [ddpg][Episode: 4][Step: 0][Average] step: 75.217440366745s env step: 75.19259262084961s train step: 0.0s restart time: 75.19243860244751s action time: 0.003396129608154297s
2024-05-22 16:54:15[INFO] 
[Env initialized][Metric tpmC: 7486.45 tpmTotal: 16501.21 Transaction Count: 16594]
2024-05-22 16:54:15[INFO] [ddpg] Action: [0.5496062  0.7384651  0.46914145 0.34432858 0.37350228 0.24624778
 0.42305154 0.04162457 0.7549666  0.         0.2693738  0.63321763
 0.54510045 0.61462826 0.7177661  0.4190525  0.73000795 0.57557946
 0.39852074 0.55836797 0.37361604 0.56699187 0.39795664 0.03759496
 0.5500288  0.599029   0.4154183  0.6447172  0.61771744 0.58138365
 0.27877566 0.44170883 0.8079707  0.7129945  0.3654497  0.571161
 0.47576302 0.56591624 0.32500318 0.67085344 0.45396906 0.56661016
 0.56771106 0.47384655 0.42390892 0.43632913 0.37174925 0.26342863
 0.35612446 0.2365116  0.5190162  0.39182332 0.7862433  0.225485
 0.23858926 0.42839897 0.5486912  0.46885404 0.5773124  0.
 0.6758882  0.8233287  0.3772792  0.8056123  0.31202853 0.35305136
 0.73594254 0.86590797 0.70528936 0.5844099  0.48236746 0.6792776
 0.9465234  0.2179988  0.38556096 0.3833213  0.2253358  0.45581156
 0.41885737 0.2639698  0.7189834  0.31435412 0.8538518  0.88492
 0.38389772 0.73219126 0.5157762  0.46704802 0.47619087 0.3160862
 0.6508356  0.71742165 0.4152045  0.9246087  0.58213246 0.16829152
 0.43764964 0.22412786 0.9638256  0.30740494 0.5338612  0.44594088
 0.3084129  0.623998   0.7110236  0.7576183  0.6757052  0.42816886
 0.7381762  0.3345494  0.4340103  0.5018238  0.399772   0.27494904
 0.7534272  0.70885533 0.63467664 0.35139254 0.3654318  0.56748015
 0.82457364 0.60124177 0.45023245 0.5809631  0.2609048  0.7286813
 0.65623975 0.5545275  0.65632087 0.43996114 0.6008153  0.735809
 0.73589313 0.38647497 0.12776971 0.         0.75683033 0.52528703
 0.96403277 0.26054305 0.52034956 0.7341868  0.62718624 0.5973815
 0.5365408  0.7604002  0.64765155 0.69784635 0.4671813  0.38501233
 0.66295516 0.707195   0.19746956 0.33423388 0.4007282  0.6179569
 0.473426   0.7279872  0.4260784  0.46284372 0.7338291  0.44948736
 0.23389487 0.3477094  0.05019955 0.3049839  0.6747974  0.49527922
 0.29951265 0.35561928 0.831775   0.6279539  0.27294314 0.22356683
 0.7147579  0.48308378 0.25562465 0.27243307 0.54797274 0.4630873
 0.3673134  0.8680605  0.39816102 0.42406914 0.12587756 0.43683255
 0.58147955 0.65137386 0.35925615 0.46761233 0.49477738 0.39782736
 0.6867751  0.32287222 0.5536929  1.         0.3842698 ]
2024-05-22 16:55:30[INFO] 
[ddpg][Episode: 5][Step: 0][Metric tpmC:0 tpmTotal:0 Transaction Count:0]Reward: -10000000.0 Score: -10000000.0 Done: True
2024-05-22 16:55:30[INFO] [ddpg][Episode: 5][Step: 0] step: 75.23029971122742s env step: 75.2058253288269s train step: 0.0s restart time: 75.20569396018982s action time: 0.0030488967895507812s
2024-05-22 16:55:30[INFO] [ddpg][Episode: 5][Step: 0][Average] step: 75.23029971122742s env step: 75.2058253288269s train step: 0.0s restart time: 75.20569396018982s action time: 0.0033382574717203775s
2024-05-22 16:56:06[INFO] 
[Env initialized][Metric tpmC: 7486.45 tpmTotal: 16501.21 Transaction Count: 16594]
2024-05-22 16:56:06[INFO] [ddpg] Action: [0.6282082  0.6464074  0.2774209  0.3915222  0.02243691 0.25208604
 0.7493666  0.7601973  0.6448532  0.49007142 0.57553834 0.5523341
 0.8950936  0.69813466 0.40550953 0.39678106 0.4705953  0.5492119
 0.42196172 0.46032873 0.22895317 0.20494902 0.7378726  0.42433915
 0.45527092 0.6523197  0.34981534 0.8608921  0.326457   0.8296569
 0.22688298 0.2543827  0.55019814 0.6648879  0.4181721  0.50240606
 0.5472682  0.3923659  0.7753001  0.27450052 0.5101642  0.7769889
 0.18836677 0.651711   0.5998153  0.47016644 0.69198054 0.48203832
 0.5538937  0.86684996 0.4807967  0.24414232 0.9623217  0.3334295
 0.36380446 0.6414993  0.15587156 0.4518732  0.75601745 0.28886208
 0.7716027  0.5929407  0.4690228  0.7088952  0.7395839  0.71330386
 0.31387013 0.83036584 0.09067657 0.65428644 0.4774471  0.51133084
 0.23023768 0.6140287  0.7372707  0.06215307 0.7067836  0.6222804
 0.09205005 0.4734306  0.2732468  0.63513184 0.47932765 0.747118
 0.5099536  0.54985213 0.5818075  0.50473017 0.36511278 0.56609106
 0.35310555 0.32393262 0.5242499  0.459164   0.41051707 0.52520347
 0.561972   0.34094548 0.5729954  0.26362666 0.52163845 0.5108955
 0.36626655 0.25278923 0.78648937 0.3412304  0.734113   0.6328296
 0.3570242  0.43467918 0.45071983 0.59305    0.56866014 0.5877963
 0.4751542  0.71200925 0.45052058 0.6606821  0.2919256  0.74813163
 0.5972385  0.39013055 0.653097   0.29529375 0.27142608 0.814144
 0.16793312 0.6273364  0.6238014  0.36344257 0.5753769  0.47978663
 0.9441302  0.596874   0.41108507 0.5622819  0.77594674 0.46608433
 0.43458214 0.6329934  0.2941761  0.27558613 0.69713885 0.7982021
 0.3244832  0.13656959 0.37621856 0.45202854 0.619215   0.7193841
 0.55846065 0.8066401  0.25854325 0.23416942 0.6462507  0.47477236
 0.63206524 0.79957473 0.36559334 0.544444   0.46682015 0.6619703
 0.23595557 0.79540235 0.3576554  0.39344105 0.5798355  0.6265614
 0.57988346 0.48801252 0.10507188 0.56977683 0.68936074 0.5133286
 0.6923269  0.74881    0.39941558 0.58524525 0.25902426 0.873558
 0.40000573 0.49457717 0.19139649 0.52682114 0.8129278  0.75562507
 0.55161566 0.25695992 0.9352895  0.6774575  0.4913555  0.42228854
 0.3703303  0.3400462  0.69349146 0.3745174  0.41498172]
2024-05-22 16:57:22[INFO] 
[ddpg][Episode: 6][Step: 0][Metric tpmC:0 tpmTotal:0 Transaction Count:0]Reward: -10000000.0 Score: -10000000.0 Done: True
2024-05-22 16:57:22[INFO] [ddpg][Episode: 6][Step: 0] step: 75.21474194526672s env step: 75.18960380554199s train step: 0.0s restart time: 75.18947720527649s action time: 0.003152608871459961s
2024-05-22 16:57:22[INFO] [ddpg][Episode: 6][Step: 0][Average] step: 75.21474194526672s env step: 75.18960380554199s train step: 0.0s restart time: 75.18947720527649s action time: 0.0033117362431117465s
2024-05-22 16:57:58[INFO] 
[Env initialized][Metric tpmC: 7486.45 tpmTotal: 16501.21 Transaction Count: 16594]
2024-05-22 16:57:58[INFO] [ddpg] Action: [0.51341814 0.42582297 0.3855235  0.37734425 0.85997087 0.8098799
 0.84949476 0.3428717  0.3154349  0.5108131  0.5357872  0.4117514
 0.40222546 0.6238733  0.66914016 0.383934   0.5436948  0.44927663
 0.41480437 0.61514485 0.5281959  0.52363807 0.61712587 0.6314027
 0.45681685 0.1080125  0.6144729  1.         0.40610927 0.
 0.32933798 0.69203275 0.8028641  1.         0.3446538  0.17337745
 0.7152209  0.1722109  0.5729046  0.74575704 0.6706803  0.0651115
 0.7897637  0.46727183 0.34271213 0.50974685 0.06710625 0.60913056
 0.47986135 0.518021   0.32170528 0.4098941  0.8378389  0.23892362
 0.47134528 0.55403113 0.7469691  0.5253926  0.5361749  0.7447804
 0.36202997 0.11433312 0.6011567  0.6529809  0.7547215  0.23809892
 0.57835954 0.9390377  0.47982323 0.5403686  0.33973348 0.61075723
 0.4768454  0.34877926 0.29629204 0.7234959  0.7729975  0.797802
 0.7964814  0.3118565  0.6997756  0.65988356 0.75739044 0.4200154
 0.66801447 0.50131816 0.8700966  0.46709037 0.5810459  0.4030695
 0.59595275 0.5865824  0.7755684  0.8306725  0.27854827 0.7613216
 0.3379893  0.32272646 0.28614214 0.7857143  1.         0.3664101
 0.64077264 0.36291236 0.5848497  0.72729677 0.7871004  0.9080964
 0.42160934 0.43177843 0.6734852  0.0364605  0.35896838 0.26459143
 0.7382984  0.5059178  0.4774811  0.7814322  0.61364144 0.5633552
 0.45134023 0.38898364 0.32747054 0.39307714 0.25705558 0.56058043
 0.60231125 0.678626   0.7169724  0.3125875  0.6573126  0.7953246
 0.5895526  0.5624924  0.18143928 0.35421145 0.37309098 0.46616063
 0.6219692  0.49459052 0.64269835 0.41464117 0.88497055 0.7877828
 0.7940335  0.7944547  0.42743626 0.65700525 0.38641465 0.44219306
 0.51164407 0.66726243 0.580527   0.6901633  0.8148011  0.510584
 0.5288732  0.40693498 0.9963458  0.6359954  0.3923092  0.956733
 0.3961395  0.31982365 0.5405489  0.3223974  0.5108487  0.31380084
 0.5393125  0.8960078  0.64429116 0.11887205 0.597726   0.43567201
 0.15110862 0.3352769  0.31154034 0.36816907 0.6708164  0.57925755
 0.66117275 0.99840844 0.6173601  0.23006147 0.31281188 0.59035754
 0.4119977  0.66556364 0.75501746 0.5752344  0.02614651 0.6846241
 0.8308769  0.45059356 0.7597345  0.53245115 0.28631538]
2024-05-22 16:59:13[INFO] 
[ddpg][Episode: 7][Step: 0][Metric tpmC:0 tpmTotal:0 Transaction Count:0]Reward: -10000000.0 Score: -10000000.0 Done: True
2024-05-22 16:59:13[INFO] [ddpg][Episode: 7][Step: 0] step: 75.24102401733398s env step: 75.21668148040771s train step: 0.0s restart time: 75.21654987335205s action time: 0.0028934478759765625s
2024-05-22 16:59:13[INFO] [ddpg][Episode: 7][Step: 0][Average] step: 75.24102401733398s env step: 75.21668148040771s train step: 0.0s restart time: 75.21654987335205s action time: 0.0032594501972198486s
2024-05-22 16:59:50[INFO] 
[Env initialized][Metric tpmC: 7486.45 tpmTotal: 16501.21 Transaction Count: 16594]
2024-05-22 16:59:50[INFO] [ddpg] Action: [0.55182934 0.30530316 0.38299498 0.50085855 0.6925027  0.8632797
 0.83469856 0.38892728 0.7248574  0.6449962  0.4554732  0.6840392
 0.43493992 0.6405051  0.39456698 0.09792539 0.65177685 0.58839864
 0.779685   0.50577635 0.6655439  0.8981862  0.28099862 0.5739767
 0.3693328  0.34896666 0.3851538  0.4662313  0.4275873  0.47899687
 0.30389145 0.37007117 0.48155725 0.6430995  0.8412445  0.49740905
 0.22177579 0.33370012 0.39956993 0.66792226 0.7579488  0.765443
 0.48921964 0.5435588  0.47209525 0.5745063  0.5836036  0.80798066
 0.45203483 0.31831712 0.4851271  0.68783176 0.5327212  0.6124103
 0.34587878 0.56822854 0.21854176 0.86322653 0.54288155 0.57545
 0.96741396 0.47130626 0.6769511  0.5441399  0.3478039  0.36038664
 0.5368727  0.36911052 0.6979484  0.48172796 0.65123016 0.66036767
 0.54360557 0.55285174 0.3091062  0.6210082  0.4721563  0.5827012
 0.49996287 0.60314417 0.21406311 0.28039327 0.6377784  0.24700862
 0.71132755 0.4022701  0.52828705 0.1608702  0.5422467  0.43254894
 0.5774601  0.53241307 0.5008345  0.7205881  0.64916366 0.5228809
 0.57944053 0.2593318  0.66750276 0.4495469  0.31064558 0.6664422
 0.38756624 0.49630043 0.5551553  0.74019617 0.71636367 0.5739216
 0.16934271 0.5051218  0.33142588 0.34814188 0.5266525  0.35736805
 0.6121365  0.45410687 0.55725354 0.57365584 0.64352036 0.3269192
 0.3947815  0.3260573  0.8343617  0.08853152 0.08159958 0.69549966
 0.39983276 0.4550219  0.4585122  0.42902994 0.6618566  0.7578631
 0.30489412 0.70941573 0.5199665  0.12413408 0.71041095 0.70408964
 0.32887068 0.53006595 0.34371313 0.13343321 0.43809512 0.3349682
 0.60831636 0.8091976  0.27771357 0.73063105 0.65553916 0.5012111
 0.         0.18700717 0.60370326 0.5130378  0.4338816  0.4831357
 0.74913013 0.42026967 0.53554285 0.4287578  0.46213794 0.30449072
 0.23200318 0.5752847  0.7244854  0.6603193  0.501102   0.4774587
 0.59784913 0.31124222 0.7521506  0.6752986  0.39325625 0.26390293
 0.55301434 0.45282975 0.47272298 0.8012234  0.4791082  0.22486041
 0.50016814 0.34013072 0.5419651  0.5231179  0.35606933 0.24174133
 0.5170288  0.5518431  0.30370906 0.42413893 0.19201162 0.567022
 0.63397145 0.344811   0.6107352  0.617512   0.6551541 ]
2024-05-22 17:01:05[INFO] 
[ddpg][Episode: 8][Step: 0][Metric tpmC:0 tpmTotal:0 Transaction Count:0]Reward: -10000000.0 Score: -10000000.0 Done: True
2024-05-22 17:01:05[INFO] [ddpg][Episode: 8][Step: 0] step: 75.22041988372803s env step: 75.19523930549622s train step: 0.0s restart time: 75.19508171081543s action time: 0.0030753612518310547s
2024-05-22 17:01:05[INFO] [ddpg][Episode: 8][Step: 0][Average] step: 75.22041988372803s env step: 75.19523930549622s train step: 0.0s restart time: 75.19508171081543s action time: 0.0032389958699544272s
2024-05-22 17:01:41[INFO] 
[Env initialized][Metric tpmC: 7486.45 tpmTotal: 16501.21 Transaction Count: 16594]
2024-05-22 17:01:41[INFO] [ddpg] Action: [0.5730861  0.5938994  0.30530697 0.41134572 0.38941425 0.2627961
 0.92897797 0.68269265 0.29876631 0.4907297  0.2685762  0.583835
 0.8275397  0.71859443 0.6127587  0.4451268  0.1968894  0.47240895
 0.52403706 0.4716471  0.6116942  0.1557012  0.8251671  0.41559196
 0.2708294  0.3671536  0.39734268 0.5455421  0.18790533 0.4327898
 0.40925294 0.72829854 0.6413161  0.20157991 0.18992937 0.33359468
 0.53100383 0.9054428  0.39883792 0.6328578  0.4426043  0.242152
 0.42661068 0.58186936 0.4072999  0.30471867 0.9617241  0.590414
 0.3134151  0.65716857 0.30098167 0.50401735 0.36669472 0.32218626
 0.3887546  0.7825153  0.66845715 0.30439314 0.6397684  0.18604505
 0.6107607  0.6206281  0.6571462  0.23788437 0.26688063 0.4768716
 0.38766006 0.09146466 0.56628627 0.41557106 0.48476142 0.40094578
 0.775966   0.32217988 0.46698526 0.59107715 0.8765755  0.5723595
 0.5037723  0.65027034 0.27282658 0.5358267  0.27007723 0.58519983
 0.7360186  0.61081517 0.31833035 0.4828324  0.5686327  0.4965994
 0.39745244 0.36016455 0.43854755 0.5588905  1.         0.2946631
 0.49928334 0.3700915  0.5034812  0.6850939  0.5934196  0.4857524
 0.54353285 0.47980458 0.6123522  0.6643782  0.46620932 0.7336857
 0.59369916 0.5221304  0.45021302 0.5283435  0.731292   0.39137343
 0.22383456 0.24541469 0.6320141  0.52931243 0.7327539  0.63562095
 0.54745245 0.59048826 0.4500752  0.6671499  0.44737035 0.68083173
 0.3218969  0.33922434 0.51724106 0.46632975 0.73543626 0.2080926
 0.63663    0.5589694  0.0836757  0.41778913 0.6357516  0.39569
 0.6041149  0.4051803  0.4916166  0.7016588  0.56905615 0.708679
 0.46152738 0.7689004  0.5133998  0.60226023 0.7720008  0.46679902
 0.39166617 0.5215343  0.6777196  0.57024586 0.7556029  0.46029335
 0.13415259 0.68540436 0.721244   0.7076571  0.4565911  0.42935115
 0.5709705  0.6519012  0.7028141  1.         0.55623376 0.23513971
 0.62463593 0.52460486 0.39177197 0.46115893 0.6770821  0.36207795
 0.21914981 0.5030953  0.7365522  0.6878571  0.2992023  0.52317953
 0.01919241 0.4019241  0.3115114  0.49203727 0.5393774  0.45790708
 0.57107985 0.52689254 0.6837935  0.17518067 0.6263033  0.46465763
 0.42529345 0.41623068 0.30196828 0.5311294  0.2694779 ]
2024-05-22 17:02:56[INFO] 
[ddpg][Episode: 9][Step: 0][Metric tpmC:0 tpmTotal:0 Transaction Count:0]Reward: -10000000.0 Score: -10000000.0 Done: True
2024-05-22 17:02:56[INFO] [ddpg][Episode: 9][Step: 0] step: 75.22290110588074s env step: 75.19835805892944s train step: 0.0s restart time: 75.19823336601257s action time: 0.0030374526977539062s
2024-05-22 17:02:56[INFO] [ddpg][Episode: 9][Step: 0][Average] step: 75.22290110588074s env step: 75.19835805892944s train step: 0.0s restart time: 75.19823336601257s action time: 0.003218841552734375s
2024-05-22 17:03:33[INFO] 
[Env initialized][Metric tpmC: 7486.45 tpmTotal: 16501.21 Transaction Count: 16594]
2024-05-22 17:03:33[INFO] [ddpg] Action: [0.5486033  0.6437815  0.5300609  0.34851426 0.5719051  0.626215
 0.7442036  0.24853571 0.34101743 0.48265576 0.7694351  0.21002226
 0.5727917  0.50256    0.31130096 0.11343934 0.46623    0.39268845
 0.6638357  0.7039121  0.7868809  0.44046724 0.7469009  0.5535126
 0.6470098  0.511465   0.34702888 0.9224446  0.55950755 0.22083482
 0.08225793 0.5437017  0.38867614 0.37698975 0.5824839  0.6687404
 0.71223736 0.7397355  0.52794296 0.59374756 0.20014535 0.67235124
 0.74181503 0.4586365  0.30564973 0.40904987 0.48076448 0.95342743
 0.42433265 0.71360105 0.5042289  0.49830857 0.65115285 0.4641148
 0.50994694 0.4791994  0.8183572  0.37213838 0.9179803  0.25199232
 0.43569845 0.38710335 0.424474   0.28718773 0.38301918 0.46005246
 0.418247   0.5794959  0.7267057  0.50367093 0.9437507  0.6839726
 0.41555652 0.7060679  0.15741388 0.4500952  0.56873155 0.5721293
 0.55444324 0.35638812 0.5091601  0.5335874  0.3654796  0.044751
 0.7053792  0.39592615 0.32269013 0.47175786 0.12723914 0.77028924
 0.1206716  0.61258733 0.4346094  0.44258964 0.27442163 0.2813994
 0.2672273  0.3420243  0.4039778  0.57275885 0.5402939  0.33983907
 0.51255596 0.61305845 0.64731354 0.6431463  0.6389843  0.36200228
 0.20744023 0.30856252 0.09964514 0.64562064 0.56329864 0.43021622
 0.48834002 0.4412467  0.57826924 0.48561093 0.18021473 0.20500177
 0.65510494 0.54099536 0.30401972 0.41556925 0.4387391  0.65683657
 0.33790004 0.5308312  0.36901885 0.975165   0.49704707 0.68604076
 0.1314975  0.70381397 0.6968973  0.6654511  0.45449945 0.4115855
 0.7650343  0.09556378 0.56273866 0.18372403 0.05020111 0.71146375
 0.4180248  0.33824345 0.41986343 0.56526697 0.78187597 0.27637118
 0.33285078 0.55280733 0.5303228  0.5143543  0.7832842  0.71554977
 0.806888   0.4837566  0.5676151  0.89959925 0.30967417 0.77713656
 0.46677512 0.54523045 0.36252606 0.40693927 0.73726755 0.3743866
 0.48685798 0.49159932 0.37324682 0.34077558 0.37835604 0.37155625
 0.70771885 0.593274   0.59657013 0.35030422 0.49580264 0.48462236
 0.49463454 0.34017745 0.56123376 0.20395412 0.4126942  0.5404455
 0.54447335 0.3020611  0.49342024 0.         0.48794004 0.6078187
 0.5979653  0.37605736 0.65008307 0.4349239  0.62861526]
2024-05-22 17:04:52[INFO] 
[ddpg][Episode: 10][Step: 0][Metric tpmC:0 tpmTotal:0 Transaction Count:0]Reward: -10000000.0 Score: -10000000.0 Done: True
2024-05-22 17:05:29[INFO] [ddpg][Episode: 10][Step: 0] step: 115.8663227558136s env step: 79.3691463470459s train step: 0.0s restart time: 79.36896109580994s action time: 0.002931833267211914s
2024-05-22 17:05:29[INFO] [ddpg][Episode: 10][Step: 0][Average] step: 115.8663227558136s env step: 79.3691463470459s train step: 0.0s restart time: 79.36896109580994s action time: 0.003192749890414151s
2024-05-22 17:06:05[INFO] 
[Env initialized][Metric tpmC: 7486.45 tpmTotal: 16501.21 Transaction Count: 16594]
2024-05-22 17:06:05[INFO] [ddpg] Action: [0.30588996 0.77090925 0.81493825 0.43741256 0.46532115 0.28249747
 0.39286682 0.32147986 0.7579901  0.45885494 0.55319625 0.47269195
 0.14625561 0.5942084  0.6071301  0.2466976  0.76767576 0.4720394
 0.8399346  0.5923847  0.75051165 0.30828452 0.6549573  0.56497717
 0.4191162  0.48194495 0.51022875 0.83376914 0.39077863 0.28368977
 0.4868402  0.6289118  0.5921435  0.46928582 0.37113416 0.6342083
 0.73219144 0.42769098 0.38122466 0.46220902 0.6251898  0.52922153
 0.6010408  0.558258   0.60475725 0.2678717  0.15319438 0.69483376
 0.32583112 0.62662166 0.68924665 0.5008189  0.5257421  0.5754481
 0.18993525 0.5894712  0.80434865 0.35226586 0.46158716 0.388814
 0.48984405 0.46193904 0.66124153 0.38801455 0.6505273  0.36356133
 0.50187594 0.4234076  0.66399497 0.1550767  0.8252274  0.76946115
 0.7335668  0.3015453  0.28075776 0.83724195 0.37351564 0.7071691
 0.65762943 0.86914754 0.41057792 0.56596136 0.22355403 0.37726393
 0.5070196  0.4147197  0.46134916 0.71285766 0.64255106 0.56135184
 0.5622242  0.87720025 0.49354002 1.         0.5460777  0.4209955
 0.35227218 0.75761604 0.9569569  0.39717707 0.66464674 0.5410727
 0.         0.20886545 0.6064824  0.5451943  0.63247335 0.8687641
 0.65857965 0.607555   0.25884053 0.41334018 0.6253566  0.1801316
 0.6035708  0.47946042 0.4692423  0.6308066  0.4025883  0.61437535
 0.72321504 0.61234134 0.4696436  0.02714516 0.5654849  0.4341182
 0.39798114 0.12307106 0.3934506  0.495127   0.48903278 0.31209785
 0.83602875 0.8091929  0.47461006 0.37801006 0.3996088  0.22777008
 0.23716034 0.41415185 0.6172485  0.38639826 0.44094473 0.30680844
 0.7517828  0.20634186 0.27200446 0.50170934 0.474339   0.43668342
 0.503889   0.3914111  0.5520136  0.21786344 0.3705455  0.40582806
 0.60590535 0.41974685 0.5785449  0.4998706  0.47663027 0.25224027
 0.44797736 0.29694754 0.333086   0.06085186 0.4750857  0.34171596
 0.337051   0.91590726 0.6772466  0.19659097 0.86998546 0.89407337
 0.19019622 0.41456622 0.41824883 0.45352298 0.9419049  0.7064373
 0.3735626  0.4557011  0.51421756 0.3358923  0.6651867  0.
 0.6314297  0.40216982 0.30621698 0.26552558 0.4372494  0.66737753
 0.3943758  0.3865963  0.5721309  0.40994608 0.        ]
2024-05-22 17:07:20[INFO] 
[ddpg][Episode: 11][Step: 0][Metric tpmC:0 tpmTotal:0 Transaction Count:0]Reward: -10000000.0 Score: -10000000.0 Done: True
2024-05-22 17:07:20[INFO] [ddpg][Episode: 11][Step: 0] step: 75.2251706123352s env step: 75.19983720779419s train step: 0.0s restart time: 75.19969010353088s action time: 0.0034666061401367188s
2024-05-22 17:07:20[INFO] [ddpg][Episode: 11][Step: 0][Average] step: 75.2251706123352s env step: 75.19983720779419s train step: 0.0s restart time: 75.19969010353088s action time: 0.0032155712445576987s
2024-05-22 17:07:57[INFO] 
[Env initialized][Metric tpmC: 7486.45 tpmTotal: 16501.21 Transaction Count: 16594]
2024-05-22 17:07:57[INFO] [ddpg] Action: [7.10753620e-01 2.62780875e-01 2.28226379e-01 4.34676260e-01
 7.91764855e-01 3.98187339e-01 5.81941783e-01 4.33871806e-01
 4.57902610e-01 4.32887644e-01 3.33875984e-01 5.87281883e-01
 6.56415522e-01 5.57509422e-01 5.11164665e-01 5.69093883e-01
 8.57002318e-01 5.24470031e-01 8.71951818e-01 7.63363361e-01
 5.46227634e-01 4.69518572e-01 5.33851027e-01 3.12332094e-01
 3.02288413e-01 3.92550170e-01 4.85535681e-01 4.50804383e-01
 1.24932133e-01 2.69136757e-01 1.00000000e+00 6.01217031e-01
 4.50335741e-01 4.46674883e-01 6.62178993e-01 5.86068809e-01
 6.44565403e-01 2.57966489e-01 7.64224708e-01 5.83814383e-01
 4.35393959e-01 7.73742557e-01 3.74250591e-01 6.32865787e-01
 6.44885182e-01 5.05638301e-01 6.57381594e-01 2.58383840e-01
 5.80547869e-01 1.99969485e-01 7.73993373e-01 5.38696170e-01
 3.96038324e-01 3.64824891e-01 3.11570555e-01 3.76086652e-01
 6.36036575e-01 3.67081344e-01 3.29804748e-01 5.75425208e-01
 4.02711600e-01 5.04457057e-01 7.31706037e-04 4.88963991e-01
 7.73993969e-01 9.18431163e-01 4.55006987e-01 5.20748496e-01
 7.71826565e-01 1.82617530e-01 4.17215258e-01 6.17042720e-01
 2.20564082e-01 8.17751348e-01 7.89059222e-01 9.05757308e-01
 1.00000000e+00 4.87088323e-01 2.76500344e-01 3.20842326e-01
 4.31058556e-01 6.36554062e-01 7.35514522e-01 3.66350710e-01
 9.06056821e-01 7.86017179e-01 1.63848564e-01 4.33009923e-01
 5.42888463e-01 5.59297204e-01 4.94978368e-01 4.79163796e-01
 2.53299743e-01 3.80258054e-01 2.06672043e-01 5.18119812e-01
 5.33443451e-01 1.17048435e-01 1.65293992e-01 9.06008109e-02
 6.09154463e-01 5.67238212e-01 5.84878027e-01 1.13163576e-01
 3.87299627e-01 6.34741485e-01 6.37783408e-01 5.79778671e-01
 4.94079947e-01 4.45165366e-01 4.14150476e-01 9.11349431e-02
 5.41378021e-01 7.36805975e-01 4.37112570e-01 7.58918643e-01
 6.71402931e-01 6.11192465e-01 5.74747801e-01 7.93304682e-01
 3.24016333e-01 3.66062790e-01 5.90613604e-01 5.81039250e-01
 4.70828265e-01 4.67805535e-01 2.97673345e-01 2.23707572e-01
 6.49541676e-01 4.82806146e-01 5.05569279e-01 6.25916779e-01
 4.33162063e-01 4.54335600e-01 6.49512589e-01 4.85276937e-01
 7.49381781e-01 5.60753703e-01 5.43536961e-01 6.30255818e-01
 5.52573800e-01 5.43774664e-01 3.47636580e-01 7.70162523e-01
 3.57284486e-01 6.87206388e-01 6.78658605e-01 1.37963593e-01
 6.95438445e-01 1.86002627e-01 5.20447552e-01 0.00000000e+00
 3.75845939e-01 3.74278247e-01 6.17941856e-01 6.04579389e-01
 5.18857360e-01 6.53921187e-01 2.30524093e-01 6.42922223e-01
 6.02702320e-01 5.74739993e-01 4.51461196e-01 2.36236542e-01
 6.07585549e-01 3.05505097e-01 4.54194248e-01 5.14840364e-01
 4.79742140e-01 3.02664250e-01 3.74626338e-01 6.04891837e-01
 3.21635842e-01 2.23423630e-01 8.86121154e-01 4.05231625e-01
 3.05916876e-01 3.32123339e-01 3.83665264e-01 3.12868237e-01
 3.48379195e-01 3.47154766e-01 5.48932850e-01 2.74844468e-01
 3.50201905e-01 6.95301771e-01 4.68289442e-02 4.67972189e-01
 7.07074761e-01 4.70745683e-01 6.86323285e-01 5.60493827e-01
 4.31397647e-01 4.92653340e-01 3.40986103e-01 2.36797035e-01
 4.21266735e-01]
2024-05-22 17:09:12[INFO] 
[ddpg][Episode: 12][Step: 0][Metric tpmC:0 tpmTotal:0 Transaction Count:0]Reward: -10000000.0 Score: -10000000.0 Done: True
2024-05-22 17:09:12[INFO] [ddpg][Episode: 12][Step: 0] step: 75.23515820503235s env step: 75.20760869979858s train step: 0.0s restart time: 75.20747947692871s action time: 0.003213167190551758s
2024-05-22 17:09:12[INFO] [ddpg][Episode: 12][Step: 0][Average] step: 75.23515820503235s env step: 75.20760869979858s train step: 0.0s restart time: 75.20747947692871s action time: 0.003215386317326472s
2024-05-22 17:09:48[INFO] 
[Env initialized][Metric tpmC: 7486.45 tpmTotal: 16501.21 Transaction Count: 16594]
2024-05-22 17:09:48[INFO] [ddpg] Action: [0.4654143  0.41146055 0.4428756  0.4534267  0.3972752  0.5352759
 0.31905502 0.83446485 0.59478384 0.2926475  0.49140754 0.3825845
 0.42178655 0.7360108  0.66001666 0.57041657 0.22005658 0.33765304
 0.35858753 0.34111038 0.48421898 0.63473094 0.39437068 0.60973436
 0.25727263 0.28456044 0.4012062  0.58458215 0.6078293  0.52177024
 0.4140275  0.13201514 0.5515574  0.7588048  0.373076   0.8707879
 0.6726857  0.37690675 0.28582957 0.41319922 0.57728004 0.5458514
 0.41306868 0.5276049  0.47625855 0.8742493  0.60714865 0.34749946
 0.7727057  0.37013882 0.3846813  0.47930998 0.3573678  0.6591456
 0.33954307 0.9831494  0.6831637  0.32529974 0.01842538 0.5481544
 0.79746234 0.8492821  0.41854122 0.42695552 0.38148856 0.5132411
 0.6618587  0.49429238 0.67419934 0.33264786 0.8548543  0.3484006
 0.3319878  0.37500903 0.7281341  0.576786   0.2298382  0.8139239
 0.7909586  0.21685492 0.4496771  0.22855003 0.08106059 0.23306936
 0.8765698  0.6303577  0.53995305 0.48410413 0.40928665 0.43423814
 0.5966636  0.41840592 0.7862416  0.71919715 0.4508139  0.3470597
 0.43270528 0.4490326  0.49058583 0.76565325 0.79201496 0.60888356
 0.5260651  0.3463648  0.5531748  0.6913811  0.7619562  0.75706685
 0.43433565 0.5438145  0.51683915 0.3850028  0.48499313 0.6180574
 0.5977819  0.3294994  0.40659505 0.3594103  0.721835   0.48762807
 0.5786386  0.53435856 0.42623258 0.7390674  0.57047933 0.5647228
 0.7574338  0.4356823  0.5119858  0.6771244  0.2630077  0.7314587
 0.51582223 0.17186074 0.20184486 0.3016396  0.9341197  0.5104327
 0.5623608  0.29893413 0.6329911  0.657432   0.51196814 0.5832753
 0.7913676  0.7893994  0.5449358  0.5850411  0.4564149  0.64655036
 0.58708155 0.52522576 0.6985997  0.5556284  0.49039707 0.3265384
 0.5565979  0.7216827  0.3672069  0.39541227 0.37471434 0.80526555
 0.8282487  0.40916136 0.3204742  0.04982717 0.5987739  0.5039652
 0.7361867  0.1545655  0.38189957 0.4333574  0.7615624  0.5569896
 0.61474866 0.69531083 0.52760595 0.26161513 0.35769615 0.24392813
 0.259001   0.62685883 0.27087396 0.7369763  0.37743133 0.25944227
 0.5543637  0.7511388  0.62638384 0.31204858 0.6047423  0.20975254
 0.7902816  0.17434321 0.6038726  0.5059131  0.34003326]
2024-05-22 17:11:04[INFO] 
[ddpg][Episode: 13][Step: 0][Metric tpmC:0 tpmTotal:0 Transaction Count:0]Reward: -10000000.0 Score: -10000000.0 Done: True
2024-05-22 17:11:04[INFO] [ddpg][Episode: 13][Step: 0] step: 75.22927689552307s env step: 75.20457625389099s train step: 0.0s restart time: 75.20444512367249s action time: 0.0029795169830322266s
2024-05-22 17:11:04[INFO] [ddpg][Episode: 13][Step: 0][Average] step: 75.22927689552307s env step: 75.20457625389099s train step: 0.0s restart time: 75.20444512367249s action time: 0.003198538507734026s
2024-05-22 17:11:40[INFO] 
[Env initialized][Metric tpmC: 7486.45 tpmTotal: 16501.21 Transaction Count: 16594]
2024-05-22 17:11:40[INFO] [ddpg] Action: [0.5651805  0.37287205 0.64294606 0.46127197 0.5786122  0.5710668
 0.66860706 0.53103507 0.4910769  0.77919465 0.5157591  0.48655108
 0.2948564  0.6913937  0.64070207 0.44513863 0.39506027 0.7213639
 0.28402993 0.38751522 0.65677065 0.41169965 0.6036677  0.42453554
 0.7626305  0.19643635 0.62647235 0.38258228 0.29488206 0.64710057
 0.24966778 0.5254333  0.680071   0.62606996 0.39104185 0.51189727
 0.5501972  0.57525927 0.4736244  0.72966534 0.21778825 0.9205018
 0.7390103  0.22105293 0.54319566 0.27909946 0.3578554  0.19715904
 0.5162603  0.48988196 0.61319613 0.58921814 0.9468086  0.33182377
 0.5407184  0.18348055 0.29466516 0.52512383 0.6352699  0.6661934
 0.35348696 0.46968684 0.7252831  0.27375308 0.3887172  0.65703624
 0.409323   0.7711371  0.05442627 0.3785724  0.38158235 0.66354847
 0.53025633 0.4475735  0.7485442  0.61791813 0.87493974 0.7493175
 0.8418257  0.5431052  0.67704767 0.3586368  0.9997602  0.42151663
 0.38482052 0.35239542 0.7235989  0.48811197 0.43148136 0.83222395
 0.7892338  0.5157827  0.59993637 0.63019234 0.4068295  0.5567548
 0.49207634 0.57252717 0.63106763 0.3927713  0.6368073  0.32443464
 0.6349685  0.4552671  0.417155   0.49038982 0.5062311  0.04529852
 0.4409756  0.5505134  0.50608134 0.70758677 0.49046382 0.47958937
 0.56177944 0.4271882  0.8474939  0.07239098 0.49036402 0.17587832
 0.40145755 0.64101344 0.3825255  0.38464412 0.51159185 0.50345933
 0.1154595  0.7161432  0.3842801  0.49164107 0.5074251  0.3622441
 0.59486485 0.4587566  0.3219295  0.         0.3394498  0.37890923
 0.665127   0.5260493  0.3755996  0.59767246 0.50773644 0.40320542
 0.32400462 0.5623181  0.43242276 0.7087374  0.2572956  0.25985524
 0.5426115  0.32077253 0.19054073 0.44297874 0.5265231  0.2401486
 0.75518596 0.845939   0.7070107  0.17988782 0.5526833  0.73781
 0.45735285 0.41405264 0.62289435 0.6374405  0.60178244 0.673575
 0.3906595  0.49064356 0.77203536 0.298174   0.54817057 0.3659855
 0.29302505 0.366606   0.22051354 0.23288569 0.56504786 0.54451823
 0.6204256  0.6027191  0.46730593 0.12991665 0.25377828 0.33551586
 0.69032043 0.6123617  0.5274232  0.68844295 0.55363625 0.76888794
 0.74117154 0.33833575 0.42699078 0.5499528  0.61366737]
2024-05-22 17:12:55[INFO] 
[ddpg][Episode: 14][Step: 0][Metric tpmC:0 tpmTotal:0 Transaction Count:0]Reward: -10000000.0 Score: -10000000.0 Done: True
2024-05-22 17:12:55[INFO] [ddpg][Episode: 14][Step: 0] step: 75.23033690452576s env step: 75.20511364936829s train step: 0.0s restart time: 75.20498633384705s action time: 0.003159761428833008s
2024-05-22 17:12:55[INFO] [ddpg][Episode: 14][Step: 0][Average] step: 75.23033690452576s env step: 75.20511364936829s train step: 0.0s restart time: 75.20498633384705s action time: 0.003195953369140625s
2024-05-22 17:13:32[INFO] 
[Env initialized][Metric tpmC: 7486.45 tpmTotal: 16501.21 Transaction Count: 16594]
2024-05-22 17:13:32[INFO] [ddpg] Action: [0.43536744 0.68830705 0.6829664  0.39711392 0.52693915 0.70556426
 0.80626374 0.28982002 0.7286936  0.605499   0.902501   0.37875995
 0.6909047  0.75867736 0.10695753 0.28167522 0.42823872 0.4202937
 0.38910726 0.6250693  0.6642902  0.6444555  0.41083375 0.5995932
 0.5885379  0.24794014 0.40609163 0.13950908 0.5192503  0.5442473
 0.6268096  0.6418373  0.31477833 0.13504261 0.5386672  0.5509132
 0.87941325 0.29165712 0.5998494  0.31586367 0.3435062  0.5552908
 0.4956224  0.75827336 0.45895535 0.45303392 0.29706186 0.23572175
 0.21152633 0.2019546  0.619257   0.30875865 0.8027284  0.23712508
 0.4009973  0.41450137 0.47431347 0.53041774 0.5985082  0.5276245
 0.6456092  0.5279014  0.8069593  0.64297    0.5144551  0.5759586
 0.90366316 0.28872842 0.80511874 0.5494009  0.5937556  1.
 0.46350613 0.7554182  0.5907647  0.8151926  0.8726782  0.7154536
 0.5943275  0.31799942 0.4875514  0.23916347 0.36208943 0.5601506
 0.6628187  0.60219604 0.5826057  0.29787722 0.89835685 0.6776089
 0.7863618  0.49858645 0.34821633 0.18739466 0.5795735  0.4986016
 0.4347025  0.8710106  0.6007114  0.65414935 0.747807   0.43862653
 0.7695918  0.29669672 0.59867865 0.3418513  0.37970978 0.12712874
 0.9133028  0.5808938  0.64409715 0.3916881  0.9154354  0.5634226
 0.6639297  0.45137757 0.7366759  0.44258997 0.42127797 0.87934583
 0.47048488 0.7834992  0.5404216  0.81347364 0.47993544 0.80904436
 0.37935323 0.38625655 0.603512   0.71791774 0.31472963 0.51622653
 0.33474928 0.2890047  0.22596645 0.58378685 0.68364674 0.38678554
 0.48569095 0.5593943  0.56393784 0.68292266 0.30126902 0.10009779
 0.80982083 0.72213393 0.74123186 0.49059275 0.310883   0.2899655
 0.39097434 0.15313856 0.31541067 0.13733537 0.60004526 0.5947136
 0.21773018 0.3177118  0.41476014 0.5853433  0.63304955 0.5775474
 0.52396905 0.31080127 0.10183062 0.3946477  0.5648966  0.64739686
 0.04309475 0.5239246  0.91103166 0.2629798  0.5320243  0.73128426
 0.5279081  0.1373545  0.459469   0.63656366 0.84705025 0.6087262
 0.49130666 0.6013109  0.422806   0.49553668 0.7551082  1.
 0.25522038 0.85495806 0.56414706 0.42441502 0.5959073  0.45578507
 0.7169869  0.6626125  0.42499638 0.69508743 0.74890643]
2024-05-22 17:14:47[INFO] 
[ddpg][Episode: 15][Step: 0][Metric tpmC:0 tpmTotal:0 Transaction Count:0]Reward: -10000000.0 Score: -10000000.0 Done: True
2024-05-22 17:14:47[INFO] [ddpg][Episode: 15][Step: 0] step: 75.2224748134613s env step: 75.19733738899231s train step: 0.0s restart time: 75.1971971988678s action time: 0.0031387805938720703s
2024-05-22 17:14:47[INFO] [ddpg][Episode: 15][Step: 0][Average] step: 75.2224748134613s env step: 75.19733738899231s train step: 0.0s restart time: 75.1971971988678s action time: 0.0031923800706863403s
2024-05-22 17:15:23[INFO] 
[Env initialized][Metric tpmC: 7486.45 tpmTotal: 16501.21 Transaction Count: 16594]
2024-05-22 17:15:23[INFO] [ddpg] Action: [0.35202256 0.48012242 0.3692252  0.1803369  0.2303552  0.37657005
 0.29720464 0.688749   0.9472507  0.73101    0.68819976 0.69056046
 0.596497   0.21181947 0.24517643 0.33456463 0.3307445  0.63309497
 0.2524531  0.6995367  0.52301    0.37353203 0.7941182  0.6521202
 0.3708945  0.26544893 0.39919472 0.11102954 0.6674645  0.78221065
 0.35039783 0.5530381  0.5734975  0.35869318 0.54315835 0.7090652
 0.71917075 0.5746594  0.31284    0.662936   0.59288687 0.3947973
 0.3237178  0.48405927 0.43607542 0.76244515 0.3579544  0.4379437
 0.50237614 0.45425662 0.62707436 0.6841854  0.36140406 0.51652104
 0.5344752  0.21269166 0.6110896  0.2536511  0.5558421  0.2735779
 0.5316765  0.69011045 0.8978546  0.37744552 0.35627565 0.4368236
 0.7942018  0.6894375  0.69466406 0.36901647 0.650445   0.4399906
 0.63926274 0.4900612  0.6707969  0.71379536 0.348711   0.05920675
 0.27577168 0.8583038  0.46806362 0.12808722 0.6497673  0.28303197
 0.38468486 0.84719706 0.37222874 0.11321603 0.41339853 0.83247316
 0.80020607 0.5546392  0.48400488 0.50707686 0.96031845 0.6093421
 0.5381279  0.4505996  0.5186333  0.20969355 0.7519647  0.42884874
 0.9418742  0.37271512 0.6664545  0.50670385 0.44667408 0.78583556
 0.23832667 0.42727205 0.718696   0.46475562 0.7111052  0.7456764
 0.46193367 0.59523475 0.22420877 0.7951134  0.347899   0.2406436
 0.39330143 0.32216686 0.26542485 0.28387958 0.52776366 0.6466093
 0.85904104 0.32064962 0.84135175 0.68591297 0.55043554 0.49328017
 0.589921   0.71708494 0.48309132 0.3429871  0.26504704 0.55209005
 0.7856624  0.3676464  0.9983746  0.32841182 0.33465704 0.3627248
 0.3626339  0.37097347 0.5616807  0.38162956 0.8609856  0.44840232
 0.2400615  0.39821112 0.4102605  0.60987496 0.6493453  0.65026116
 0.8432664  0.5264263  0.04729535 0.3547613  0.45028904 0.7876646
 0.6138096  0.41218296 0.41075107 0.4957162  0.5979554  1.
 0.3327883  0.7904795  0.38484508 0.31232962 0.46731347 0.76652026
 0.80798095 0.6081992  0.4025983  0.20388104 0.57651275 0.49492168
 0.34685102 0.9371577  0.68930465 0.6586566  0.83704114 0.42272452
 0.55225205 0.6561391  0.38851863 0.4656319  0.6915934  0.17281538
 0.46512172 0.40899032 0.6801907  1.         0.40636152]
2024-05-22 17:16:38[INFO] 
[ddpg][Episode: 16][Step: 0][Metric tpmC:0 tpmTotal:0 Transaction Count:0]Reward: -10000000.0 Score: -10000000.0 Done: True
