2024-05-27 15:39:36[INFO] 
[Env initialized][Metric tpmC: 6280.11 tpmTotal: 13954.8 Transaction Count: 14038]
2024-05-27 15:39:36[INFO] [ddpg] Action: [0.34315416 0.18561266 0.16090842 0.59821194 0.42303446 1.
 0.24755923 0.62980586 0.28459954 0.4741145  0.63768315 0.71699864
 0.6473183  0.00763183 0.05938636 0.63451207 0.33223143 0.586084
 0.5282263  0.5205409  0.10821407 0.3739102  0.60717386 0.607041
 0.37145537 0.45540494 0.39986432 0.25498685 0.7523004  0.4906277
 0.38944614 0.6915732  0.32682064 0.3128279  0.74588466 0.56021553
 0.81041664 0.7268492  0.44680655 0.5636572  0.12716547 0.45504972
 0.4354522  0.55446154 0.29356828 0.31189194 0.56698716 0.46020612
 0.37854818 0.6514832  0.5427333  0.2095576  0.49511853 0.7017418
 0.2589234  0.18297489 0.5550295  0.5890915  0.97955865 0.8083746
 0.5988165  0.16701616 0.41222763 0.4811039  0.47147304 0.7209419
 0.43130192 0.96859705 0.6419276  0.6523589  0.62405837 0.33147267
 0.5535453  0.61157507 0.44233608 0.027632   0.47278047 0.6924592
 0.60177594 0.3213268  0.8608762  0.69218814 0.51085436 0.31755787
 0.5768636  0.7216515  0.740225   0.6575939  0.45781675 0.44658756
 0.5107516  0.6758326  0.8983832  0.6649581  0.6048305  0.42142895
 0.43102863 0.41807628 0.30627155 0.5869362  0.42609832 0.8860422
 0.5690747  0.1940662  0.59509385 0.5141169  0.7530578  0.43951774
 0.11242358 0.52495664 0.15283795 0.5122086  0.49308503 0.42261553
 0.5811811  0.5743043  0.09793882 0.6007175  0.65236086 0.44693375
 0.21835649 0.39335772 0.5087687  0.43879494 0.22284994 0.5557747
 0.41204095 0.3651954  0.16267444 0.71179307 0.34668624 0.6042089
 0.29618543 0.48435125 0.53729486 0.47405985 0.5669149  0.72090644
 0.69901204 0.38752803 0.5941187  0.6589699  0.5474193  0.7004065
 0.2269905  0.6341539  0.4212489  0.73037773 0.3600327  0.4799711
 0.27015397 0.67313284 0.24618535 0.5148929  0.26602653 0.49213174
 0.5624178  0.15984124 0.4441047  0.27302918 0.53646237 0.64244187
 0.5519352  0.62035465 0.5744252  0.6360169  0.30594504 0.50651747
 0.5237039  0.27734187 0.34915036 0.13254221 0.5167783  0.6976112
 0.61187494 0.5613189  0.21523286 0.24265803 0.6497983  0.4497754
 0.95553875 0.35843298 0.64074814 0.57754946 0.49657533 0.29791343
 0.5265242  1.         0.9176583  0.76541686 0.5096508  0.3986696
 0.52457094 0.40753183 0.18404347 0.6813213  0.80335265]
2024-05-27 15:41:20[INFO] 
[ddpg][Episode: 0][Step: 0][Metric tpmC:8093.57 tpmTotal:18156.23 Transaction Count:18302]Reward: -0.2001241396967559 Score: -0.2001241396967559 Done: False
2024-05-27 15:41:20[INFO] [ddpg][Episode: 0][Step: 0] step: 103.8223168849945s env step: 103.75310468673706s train step: 0.0s restart time: 39.569629192352295s action time: 0.007647037506103516s
2024-05-27 15:41:20[INFO] [ddpg][Episode: 0][Step: 0][Average] step: 103.8223168849945s env step: 103.75310468673706s train step: 0.0s restart time: 39.569629192352295s action time: 0.007647037506103516s
2024-05-27 15:41:20[INFO] [ddpg] Action: [0.         0.45784536 0.3971236  0.24797522 0.30690604 0.7960732
 0.3898432  0.15348966 0.15986447 0.34670198 0.70161647 0.46462893
 0.5772742  0.13759232 0.         0.84085304 0.23478115 0.74817103
 0.2918063  0.4710044  0.14713015 0.94682825 0.4134347  0.47145128
 0.550144   0.56982267 0.03529866 0.23369718 0.8553379  0.8132562
 0.6075598  0.7506806  0.33834884 0.         0.3898101  0.31511447
 0.56264144 0.7217819  0.43657565 0.61377054 0.         0.49293733
 0.5258175  0.6380427  0.37416017 0.27777347 0.89618284 0.06383694
 0.35121217 0.6246351  0.7263117  0.47235364 0.46965382 0.5056236
 0.60647887 0.23797952 0.58998823 0.59466547 0.8825766  0.9213783
 0.5147694  0.3638339  0.47066903 0.41809797 0.8030593  0.6439586
 0.20014893 0.7496696  0.9011526  0.7062686  0.42786318 0.15442644
 0.39086857 0.47885683 0.3662703  0.12053769 0.23387921 0.8188587
 0.98683554 0.22638498 1.         0.7952192  0.35859928 0.24747401
 0.5630352  0.46124548 0.80267495 0.77664393 0.5070867  0.74137056
 0.41016895 0.27302837 0.78955746 0.6426161  0.35254282 0.44244975
 0.6079698  0.27924657 0.6447583  0.49617028 0.30814758 0.5831165
 0.7094233  0.28572044 0.7801146  0.44760782 0.31218177 0.67137796
 0.21796824 0.38690168 0.13119388 0.5336204  0.23279876 0.59748775
 0.7012768  0.8633512  0.17524447 0.77385473 0.5945783  0.5057492
 0.36727455 0.38510567 0.8082164  0.4439486  0.14975739 0.47666672
 0.38794675 0.389132   0.30025715 0.7216191  0.         0.52797
 0.30425835 0.83610946 0.09364606 0.25533235 0.83938295 0.68397826
 0.8732249  0.75345117 0.6808678  0.39571112 0.7541235  0.70041084
 0.2828816  0.4794327  0.58546174 0.26249722 0.38114387 0.6772649
 0.458348   0.55924886 0.3034225  0.46695453 0.23703066 0.64612055
 0.549875   0.50911933 0.4281629  0.46669498 0.62800354 0.83111435
 0.28435495 0.52294385 0.6588164  0.65261555 0.         0.60323524
 0.39854017 0.08886189 0.3068458  0.35804024 0.71123624 0.8438784
 0.84538937 0.47369528 0.40567404 0.31429216 0.39060888 0.23552114
 0.7711973  0.5276315  0.7069973  0.5703868  0.3574895  0.19384316
 0.41827244 1.         0.41074485 1.         0.19614    0.29594997
 0.347416   0.25778884 0.31771046 0.53831494 1.        ]
2024-05-27 15:43:03[INFO] 
[ddpg][Episode: 0][Step: 1][Metric tpmC:10513.51 tpmTotal:23259.94 Transaction Count:23364]Reward: -0.49137089308326054 Score: -0.6914950327800164 Done: False
2024-05-27 15:43:03[INFO] [ddpg][Episode: 0][Step: 1] step: 103.49796962738037s env step: 103.4907238483429s train step: 0.0s restart time: 39.57292914390564s action time: 0.0009014606475830078s
2024-05-27 15:43:03[INFO] [ddpg][Episode: 0][Step: 1][Average] step: 103.49796962738037s env step: 103.4907238483429s train step: 0.0s restart time: 39.57292914390564s action time: 0.004274249076843262s
2024-05-27 15:43:03[INFO] [ddpg] Action: [0.10901999 0.4175309  0.23490421 0.7308833  0.25810248 0.63985366
 0.23697479 0.271064   0.0328212  0.64025366 0.85765815 0.28145808
 0.507013   0.01569854 0.15398663 1.         0.6278543  0.7108066
 0.46964625 0.24310626 0.4143563  0.85910875 0.56149733 0.7290475
 0.68081445 0.73782355 0.         0.20887621 0.81775206 1.
 0.34553432 0.8266923  0.6074242  0.00134039 0.28986907 0.49025783
 0.7084044  0.4060541  0.3408175  0.51900494 0.         0.60720825
 0.6630965  0.6940754  0.5794436  0.31267485 0.9702617  0.
 0.17036124 0.78853595 0.84923154 0.84683776 0.33535683 0.42887017
 0.61439735 0.29663333 0.6974977  0.6717969  1.         0.7498713
 0.5049365  0.07314475 0.76471496 0.8120687  0.86357725 0.43691963
 0.39136264 0.59989303 1.         0.42936608 0.63532394 0.33004668
 0.18746202 0.6288655  0.13303064 0.41086203 0.18928133 1.
 0.892201   0.00181878 1.         0.7138544  0.00960564 0.25150803
 0.8350809  0.7614926  0.9314485  0.5291568  0.5591537  1.
 0.37800807 0.23569065 0.33063674 0.81328917 0.20009048 0.43260592
 0.68743503 0.12977712 0.8036051  0.71090347 0.3255229  0.8107046
 0.5719932  0.18879987 0.6173093  0.         0.1690253  0.80319774
 0.16843897 0.56021756 0.         0.41903618 0.         0.22416982
 0.91660786 0.9352697  0.12930688 0.8359378  0.571079   0.4651143
 0.571036   0.0536534  0.93889916 0.40566778 0.11023115 0.8666861
 0.29860008 0.12014326 0.29115367 0.4412524  0.         0.79247063
 0.42266494 0.99626285 0.17923021 0.2092002  0.3776444  0.5399868
 0.997021   0.6844977  1.         0.54130363 0.58000386 0.7581466
 0.08831463 0.51986086 0.686175   0.12598586 0.45990393 0.48740795
 0.43488863 0.94500446 0.08885573 0.6826418  0.07915603 0.8273511
 0.6128966  0.83262277 0.25486028 0.5777992  0.7567869  0.47969738
 0.66706157 0.30673304 0.8866488  0.61701995 0.24660127 0.9662301
 0.50672036 0.08376802 0.2783926  0.429292   0.9080543  1.
 0.5625242  0.6173931  0.5018637  0.4068708  0.45457444 0.41825134
 0.67231864 0.53931564 0.36684015 0.7672679  0.4464809  0.19984818
 0.62652045 1.         0.18490885 1.         0.06316847 0.5191534
 0.34003335 0.54072905 0.01260136 0.6151384  0.9604782 ]
2024-05-27 15:44:52[INFO] 
[ddpg][Episode: 0][Step: 2][Metric tpmC:11392.44 tpmTotal:25392.93 Transaction Count:25703]Reward: -0.739517814399669 Score: -1.4310128471796855 Done: False
2024-05-27 15:44:53[INFO] [ddpg][Episode: 0][Step: 2] Critic: 0.3860144019126892 Actor: -0.05686186067759991
2024-05-27 15:44:53[INFO] [ddpg][Episode: 0][Step: 2] step: 109.80038738250732s env step: 108.84919023513794s train step: 0.4716298580169678s restart time: 44.5793981552124s action time: 0.0013821125030517578s
2024-05-27 15:44:53[INFO] [ddpg][Episode: 0][Step: 2][Average] step: 109.80038738250732s env step: 108.84919023513794s train step: 0.4716298580169678s restart time: 44.5793981552124s action time: 0.0033102035522460938s
2024-05-27 15:44:53[INFO] [ddpg] Action: [0.3433515  0.17451331 0.58878857 0.7065694  0.320818   0.8032918
 0.39243925 0.07001213 0.32858324 0.42133844 0.87480515 0.04170495
 0.50300014 0.43334264 0.         1.         0.66211045 0.68022037
 0.32240155 0.2505026  0.5761182  0.66937387 0.2747192  0.66133106
 0.5321357  0.9421649  0.22745    0.5867943  0.4703968  0.91491604
 0.7510444  0.86803806 0.8242219  0.20549127 0.4289548  0.61968446
 1.         0.5970022  0.41240638 0.6311893  0.         0.8955911
 0.42808503 0.23077922 0.605711   0.21972075 0.68059945 0.
 0.05014225 0.7499981  1.         0.54002064 0.3453732  0.43251273
 0.43989575 0.56714076 0.7522439  0.4689996  1.         0.71232116
 0.9672564  0.46813187 0.5733979  0.46291515 0.725227   0.5059912
 0.3361645  0.61643535 1.         0.1424908  0.8030516  0.44579503
 0.46026352 0.692125   0.00581606 0.7002624  0.29888523 1.
 1.         0.1128044  1.         0.7767519  0.41385493 0.3604478
 1.         0.6148551  0.8361576  0.6509905  0.450453   1.
 0.31192753 0.06774249 0.2637326  0.7004894  0.3556362  0.5336574
 0.6071973  0.2196796  0.74539125 0.50616896 0.44953611 1.
 0.5567605  0.         0.84957373 0.         0.12740365 1.
 0.23798913 0.6766426  0.24404219 0.13885769 0.         0.05316352
 0.9017925  0.55678684 0.07415222 1.         0.48586392 0.68506575
 0.3726717  0.1839629  0.9821707  0.4565621  0.04444269 0.77758557
 0.06181329 0.         0.18153471 0.7973322  0.22022308 1.
 0.6272428  0.784009   0.0242203  0.13385588 0.6684424  0.44490337
 0.6382159  0.84716254 1.         0.33514336 0.561762   1.
 0.10482244 0.32094947 0.14893703 0.1600357  0.9145387  0.5002651
 0.6069195  0.7444316  0.         0.65908074 0.17759877 0.47337875
 0.79677135 0.67231554 0.5910469  0.5705861  0.89954185 0.51682425
 0.70132446 0.4424819  0.8496272  0.87451094 0.17569897 1.
 0.4050302  0.1678422  0.3201542  0.19312571 0.5675632  1.
 0.60413855 0.68106747 0.4572773  0.38864508 0.4314084  0.6462515
 0.78803694 0.45733243 0.40059042 0.65972495 0.52544624 0.11190692
 0.6405009  0.92911255 0.23721558 0.923166   0.         0.2519355
 0.65242803 0.65714943 0.         0.68874276 0.92769086]
2024-05-27 15:46:42[INFO] 
[ddpg][Episode: 0][Step: 3][Metric tpmC:10902.43 tpmTotal:24065.08 Transaction Count:24328]Reward: -0.5541671316079761 Score: -1.9851799787876616 Done: False
2024-05-27 15:46:42[INFO] [ddpg][Episode: 0][Step: 3] Critic: 0.4400474354624748 Actor: -0.056863232515752316
2024-05-27 15:46:42[INFO] [ddpg][Episode: 0][Step: 3] step: 108.85673642158508s env step: 108.83201193809509s train step: 0.008777379989624023s restart time: 44.60593557357788s action time: 0.0008103847503662109s
2024-05-27 15:46:42[INFO] [ddpg][Episode: 0][Step: 3][Average] step: 108.85673642158508s env step: 108.83201193809509s train step: 0.008777379989624023s restart time: 44.60593557357788s action time: 0.002685248851776123s
2024-05-27 15:46:42[INFO] [ddpg] Action: [0.19515051 0.20765243 0.25866732 0.8655706  0.34253752 0.68360394
 0.3761487  0.12669198 0.28651252 0.44797128 0.6581042  0.30351856
 0.35345367 0.15553921 0.24393405 1.         0.62591296 0.64931726
 0.49306712 0.47762883 0.58278733 0.45381156 0.49657875 0.75298154
 0.42169553 0.9369764  0.583162   0.4874118  0.39054912 0.9441274
 0.76023096 0.81546086 0.88549674 0.01650847 0.4203067  0.8251109
 1.         0.7336016  0.4103212  0.52234536 0.         1.
 0.543166   0.41024804 0.57743424 0.10586724 0.5411356  0.01717518
 0.         0.57860327 0.82020867 0.30180937 0.05613505 0.5786342
 0.6108571  0.73700917 0.6235261  0.61761117 1.         0.6715158
 0.9793235  0.42054066 0.82487524 0.39238486 0.86181086 0.29124692
 0.49649897 0.58331287 0.8524697  0.38123152 0.9507374  0.6153314
 0.64856017 0.58559114 0.         0.49720874 0.32527238 1.
 0.9103087  0.44164556 1.         0.37263182 0.47728673 0.27831158
 1.         0.4369955  0.74488926 0.77165425 0.41591504 1.
 0.23437002 0.15078524 0.12977085 0.8171441  0.23016798 0.6463439
 0.43613875 0.1274351  0.5288009  0.56049067 0.58723783 1.
 0.38354856 0.17479445 1.         0.12109608 0.10076564 1.
 0.20571646 0.6653626  0.13416693 0.46831077 0.1695002  0.
 0.9184883  0.5381859  0.23643927 0.623322   0.50169384 0.5612994
 0.58872324 0.263006   0.7337207  0.2721149  0.         0.36760637
 0.31255987 0.15186457 0.31375158 0.93280894 0.05705583 1.
 0.6500517  0.5076928  0.03966449 0.257728   0.12981336 0.56221896
 0.43027627 0.4271175  0.92914146 0.09743363 0.8279431  0.7111831
 0.29194012 0.16045924 0.13264395 0.27246633 1.         0.40519038
 0.5289506  1.         0.07649097 0.36677653 0.         0.5075035
 0.72752607 0.90058917 0.39839378 0.3990743  1.         0.57919776
 0.6652716  0.25315133 0.76097333 0.8970425  0.3300591  0.9428514
 0.82959783 0.00911852 0.23777026 0.47807953 0.3297664  0.93032706
 0.80687875 0.52527153 0.73528326 0.2713976  0.30240032 0.26145038
 0.51574844 0.05398785 0.30928215 0.47837296 0.49398142 0.587563
 0.6404019  0.76513606 0.2828259  1.         0.03468514 0.60968596
 0.70047975 0.63877887 0.         0.6213962  0.90211874]
2024-05-27 15:48:31[INFO] 
[ddpg][Episode: 0][Step: 4][Metric tpmC:11556.99 tpmTotal:25771.42 Transaction Count:26096]Reward: -0.7852456241379613 Score: -2.7704256029256227 Done: False
2024-05-27 15:48:31[INFO] [ddpg][Episode: 0][Step: 4] Critic: 0.4111294796069463 Actor: -0.056886060163378716
2024-05-27 15:48:31[INFO] [ddpg][Episode: 0][Step: 4] step: 108.94839334487915s env step: 108.92387008666992s train step: 0.008841276168823242s restart time: 44.57139587402344s action time: 0.0007343292236328125s
2024-05-27 15:48:31[INFO] [ddpg][Episode: 0][Step: 4][Average] step: 108.94839334487915s env step: 108.92387008666992s train step: 0.008841276168823242s restart time: 44.57139587402344s action time: 0.002295064926147461s
2024-05-27 15:48:32[INFO] [ddpg] Action: [0.42850968 0.03983216 0.22790888 0.91141516 0.1387588  0.43676084
 0.31370276 0.41012427 0.5046072  0.27036607 0.7463217  0.41389826
 0.4077438  0.1062433  0.43776956 0.9008287  0.61383486 0.6773108
 0.7046207  0.46330947 0.38772407 0.5428037  0.5087303  0.64785415
 0.24651338 0.7527988  0.45046335 0.49921268 0.27445424 1.
 0.3485152  1.         0.97595    0.         0.5336877  1.
 1.         0.57370806 0.13576372 0.237083   0.         0.67892647
 0.43837222 0.53899515 0.614899   0.12466756 0.8462814  0.24602483
 0.32037005 0.40831223 1.         0.28878185 0.20779485 0.40132615
 0.47432038 0.96604466 0.4861957  0.6846095  0.98797077 0.4649853
 1.         0.2648801  0.59817696 0.442212   0.8129657  0.27230522
 0.4820023  0.36713818 0.51704127 0.39987648 0.6586443  0.56320626
 0.7335343  0.3668267  0.02872038 0.3947046  0.6142153  1.
 0.77199817 0.7456429  0.699289   0.69267803 0.6955639  0.11366815
 0.9456453  0.8158049  0.8408647  0.6669554  0.5537579  1.
 0.24925143 0.55871814 0.30276114 0.9024663  0.         0.51014256
 0.3493615  0.40208977 0.6742812  0.3258376  0.6721839  0.93631953
 0.15762162 0.31571352 0.9051169  0.01906905 0.00174392 1.
 0.279497   1.         0.32220078 0.4046089  0.26298052 0.
 0.90565896 0.42343655 0.20496196 0.44727772 0.34576795 0.41691065
 0.22799979 0.4509232  0.71794915 0.44759494 0.         0.31569192
 0.17663965 0.00906464 0.5245504  0.5116203  0.23766914 0.90784985
 0.5036142  0.33916745 0.         0.377746   0.03405848 0.8311174
 0.41100493 0.5045055  0.93810534 0.01632947 1.         0.6373668
 0.03275742 0.         0.3081296  0.13624129 1.         0.6608172
 0.4870737  1.         0.31845993 0.39121726 0.         0.3231258
 1.         0.87981516 0.72286266 0.52556366 1.         0.02981343
 0.89577526 0.01657056 0.77887326 0.87130797 0.         0.92736125
 0.51369417 0.00132018 0.49440032 0.32439274 0.26691678 0.89485246
 1.         0.6128896  1.         0.63327664 0.49145538 0.02881798
 0.37707284 0.         0.3304227  0.5244202  0.4558442  0.84791994
 0.5506755  0.7496592  0.17591466 0.90354085 0.         0.5681141
 0.29088935 0.44202402 0.         0.6150891  1.        ]
2024-05-27 15:50:20[INFO] 
[ddpg][Episode: 0][Step: 5][Metric tpmC:10863.46 tpmTotal:24219.26 Transaction Count:24322]Reward: -0.6155746777397275 Score: -3.38600028066535 Done: False
2024-05-27 15:50:20[INFO] [ddpg][Episode: 0][Step: 5] Critic: 0.4042012505233288 Actor: -0.05703308479860425
2024-05-27 15:50:20[INFO] [ddpg][Episode: 0][Step: 5] step: 108.51023817062378s env step: 108.48513698577881s train step: 0.008781909942626953s restart time: 44.573999881744385s action time: 0.0012028217315673828s
2024-05-27 15:50:20[INFO] [ddpg][Episode: 0][Step: 5][Average] step: 108.51023817062378s env step: 108.48513698577881s train step: 0.008781909942626953s restart time: 44.573999881744385s action time: 0.0021130243937174478s
2024-05-27 15:50:20[INFO] [ddpg] Action: [0.44189706 0.         0.5001019  0.8984419  0.53416896 0.6434524
 0.5106005  0.4670871  0.33660495 0.04584338 0.88782555 0.17471825
 0.4219962  0.4847854  0.18348287 0.41946083 0.6060937  0.2552375
 0.511128   0.65155286 0.77159506 0.4011218  0.47674182 0.6189719
 0.44640967 0.82990044 0.33279058 0.31907755 0.18669605 1.
 0.12206211 0.82851344 0.5078577  0.11236953 0.6813813  1.
 1.         0.7268718  0.05523869 0.39295563 0.         0.21924692
 0.7749192  0.25446156 0.6118001  0.47164524 0.6003878  0.19115421
 0.38174993 0.2820488  0.83281016 0.25804964 0.02189653 0.360907
 0.4384164  1.         0.5767443  0.65213984 0.48403805 0.15095295
 0.8173048  0.2899483  0.6547897  0.34729493 0.54897386 0.
 0.6969683  0.35495    0.55114424 0.22660899 0.52900577 0.8194468
 0.84912753 0.44768342 0.         0.18277529 0.52125955 1.
 0.74562746 0.59888154 0.81068087 0.57886326 0.6630264  0.12615974
 0.96362394 0.80372626 0.75832045 0.3300707  0.7407788  1.
 0.59511167 0.4228157  0.3109956  0.8772696  0.         0.24254799
 0.47115862 0.49570015 0.62725186 0.53956884 0.73108697 0.6813029
 0.22890867 0.2707981  0.8986219  0.69104123 0.         1.
 0.44631308 1.         0.4078228  0.3186846  0.2716094  0.21404448
 0.78509367 0.02218519 0.3955455  0.30226487 0.5004864  0.84209067
 0.31086507 0.46327823 0.57035214 0.14412165 0.         0.19528064
 0.32138622 0.         0.33963612 0.82312965 0.         0.65141755
 0.305579   0.20901221 0.         0.29404685 0.1716453  0.8357036
 0.5092133  0.5907451  1.         0.25262058 0.9731365  0.4102101
 0.11363487 0.         0.421868   0.04531172 0.95116645 0.83268416
 0.4668865  1.         0.4169346  0.26071116 0.         0.09451422
 1.         0.98467404 0.6423888  0.47128823 1.         0.19604683
 0.5136947  0.05361056 0.76080096 0.9429004  0.         0.9182773
 0.6434838  0.         0.3214888  0.         0.345697   1.
 1.         0.48970875 0.78248185 0.86350673 0.43343115 0.
 0.3575103  0.         0.         0.7298896  0.8305241  0.91588247
 0.06772223 0.7604157  0.         0.84946895 0.27977172 0.8534875
 0.2115431  0.42511007 0.         0.89701986 0.7155422 ]
2024-05-27 15:52:09[INFO] 
[ddpg][Episode: 0][Step: 6][Metric tpmC:10728.24 tpmTotal:23828.72 Transaction Count:23956]Reward: -0.5603394373558546 Score: -3.9463397180212048 Done: False
2024-05-27 15:52:09[INFO] [ddpg][Episode: 0][Step: 6] Critic: 0.37716998904943466 Actor: -0.057215138152241704
2024-05-27 15:52:09[INFO] [ddpg][Episode: 0][Step: 6] step: 108.58514285087585s env step: 108.5539448261261s train step: 0.011927604675292969s restart time: 44.61744427680969s action time: 0.0007321834564208984s
2024-05-27 15:52:09[INFO] [ddpg][Episode: 0][Step: 6][Average] step: 108.58514285087585s env step: 108.5539448261261s train step: 0.011927604675292969s restart time: 44.61744427680969s action time: 0.0019157614026750838s
2024-05-27 15:52:09[INFO] [ddpg] Action: [0.53365785 0.         0.3553726  0.74193436 0.43923536 0.9097428
 0.515884   0.728403   0.21912062 0.12218101 1.         0.05572968
 0.32788256 0.57182133 0.32745203 0.38524434 0.5613471  0.35568917
 0.2508637  0.7437603  0.68916583 0.5540483  0.5097002  0.623798
 0.5367784  0.98915905 0.06858691 0.15739594 0.28213266 1.
 0.         0.6971567  0.47237512 0.05980039 0.9484191  1.
 1.         0.29386324 0.19102594 0.4749773  0.         0.54979306
 0.7054081  0.26105005 0.519774   0.76475173 0.4409262  0.3237497
 0.3596488  0.44445926 0.605718   0.19087037 0.01641423 0.38038024
 0.63479036 0.69592625 0.48084083 0.76201284 0.8514733  0.
 0.24429882 0.40336752 0.61156666 0.16335987 0.34598997 0.06032345
 0.78987813 0.32476678 0.90648574 0.26626465 0.49009296 0.98838484
 0.93280494 0.38917765 0.06320076 0.         0.8451559  1.
 0.85220945 0.369229   0.89960843 0.44724697 0.38843453 0.13623653
 1.         1.         0.9569578  0.24822894 0.35647568 1.
 0.9322108  0.55048436 0.46984425 0.39732578 0.         0.63864225
 0.31844458 0.29245886 0.3500749  0.43211007 0.6964462  0.50344384
 0.23700571 0.35159624 0.8818991  0.76592547 0.14128052 0.9282486
 0.33862707 0.7813532  0.138262   0.43204886 0.26168007 0.5079717
 0.8911335  0.16410752 0.23374262 0.3337887  0.2874369  0.8795498
 0.13280253 0.54583067 0.6255565  0.36103627 0.         0.09698401
 0.50427914 0.         0.33421057 0.52057225 0.         0.40017605
 0.13947792 0.18719068 0.16674472 0.6700039  0.5883536  1.
 0.5371986  0.82018703 0.7687139  0.30634332 0.76063234 0.35333633
 0.43805408 0.15588883 0.18356605 0.0717373  0.8703304  0.6575194
 0.40878886 1.         0.37184602 0.05597939 0.02828046 0.22440168
 1.         0.52436554 0.6602985  0.56173295 1.         0.0906264
 0.4422731  0.4369863  0.87305254 0.9088343  0.06454    0.68950623
 0.5284456  0.02588305 0.7197035  0.         0.4466816  1.
 1.         0.6911025  1.         0.79634064 0.24899587 0.
 0.5302606  0.         0.         0.5778202  0.4432612  0.65457886
 0.13597578 0.45787582 0.0245136  0.84407365 0.15690315 0.78780234
 0.24976023 0.12397785 0.         0.71480215 0.72227967]
2024-05-27 15:53:58[INFO] 
[ddpg][Episode: 0][Step: 7][Metric tpmC:11079.29 tpmTotal:24448.5 Transaction Count:24758]Reward: -0.589219185854293 Score: -4.535558903875498 Done: False
2024-05-27 15:53:58[INFO] [ddpg][Episode: 0][Step: 7] Critic: 0.3931567035615444 Actor: -0.05734878281752268
2024-05-27 15:53:58[INFO] [ddpg][Episode: 0][Step: 7] step: 108.98427248001099s env step: 108.95851612091064s train step: 0.008807659149169922s restart time: 44.62306761741638s action time: 0.0011684894561767578s
2024-05-27 15:53:58[INFO] [ddpg][Episode: 0][Step: 7][Average] step: 108.98427248001099s env step: 108.95851612091064s train step: 0.008807659149169922s restart time: 44.62306761741638s action time: 0.001822352409362793s
2024-05-27 15:53:58[INFO] [ddpg] Action: [0.7545754  0.         0.16431144 0.55883676 0.06070928 0.96271044
 0.75949585 0.8799615  0.         0.4839864  1.         0.45350105
 0.6009477  0.7147434  0.10517324 0.18886836 0.6486639  0.8042261
 0.39053068 0.7859401  0.75816786 0.43650317 0.7917557  0.6396908
 0.40079355 0.9074538  0.         0.3435819  0.2895828  1.
 0.         0.8545482  0.73690504 0.5725815  0.5858857  0.77327955
 1.         0.2527931  0.30623952 0.27270108 0.         0.5197831
 0.5476034  0.13138878 0.55662537 0.7706019  0.8222573  0.36889383
 0.43888897 0.46959487 0.6260806  0.3736887  0.         0.26111475
 0.6548552  0.47155774 0.7895984  0.3942641  0.8152592  0.00844443
 0.08325195 0.53107977 0.6435555  0.         0.3513294  0.
 0.9484014  0.31262907 0.7144472  0.27454063 0.44840866 0.88945365
 0.77562934 0.51686966 0.         0.25513807 0.7198139  1.
 0.6113762  0.34776425 1.         0.3229648  0.7376708  0.17898268
 0.77827555 1.         0.77369285 0.2638656  0.1293619  1.
 0.88835067 0.46052763 0.29898337 0.47561458 0.         0.584857
 0.4466814  0.67302585 0.6461463  0.54671085 0.7971473  0.18582514
 0.25398985 0.2825525  0.78644633 0.600911   0.18516792 0.46246722
 0.1282411  0.6969749  0.08601324 0.3567009  0.00106236 0.78349185
 0.73142827 0.1459182  0.54812396 0.39990032 0.3133724  0.93910235
 0.40512526 0.4938122  0.6119232  0.09291638 0.09834703 0.17596924
 0.5562399  0.02674031 0.25570765 0.44775528 0.         0.7743934
 0.         0.32652056 0.11016408 0.71039397 0.15007718 1.
 0.62727356 0.5884655  0.922912   0.30983981 0.8306449  0.
 0.39627632 0.19536653 0.23559815 0.08073223 0.77121806 0.42852357
 0.         0.9732732  0.9760637  0.13074572 0.2227572  0.44426307
 0.81603366 0.6298758  0.79373807 0.62859476 1.         0.22392179
 0.37834483 0.35593322 0.8154426  0.8492837  0.22544985 0.67889583
 0.65633446 0.20124003 0.7657799  0.23207004 0.22699231 0.726572
 0.9425973  0.41604775 0.85458493 0.7291378  0.47216794 0.
 0.54972893 0.06879451 0.         0.6872068  0.42638206 0.41049722
 0.02777542 0.7866398  0.28901136 0.8056491  0.26062223 0.62626535
 0.45826903 0.         0.         0.6896913  0.8669727 ]
