2024-05-29 16:51:30[INFO] 
[Env initialized][Metric tpmC: 8198.88 tpmTotal: 18152.95 Transaction Count: 18181]
2024-05-29 16:51:30[INFO] [ddpg] Action: [0.3667266  0.57090014 0.5017526  0.49055266 0.51133585 0.22351928
 0.47133583 0.30818805 0.39809698 0.39538807 0.5841941  0.45564306
 0.70866746 0.40069166 0.15660968 0.3716712  0.6095538  0.45460954
 0.12139855 0.5503248  0.34747767 0.5931804  0.2578995  0.6150132
 0.46903718 0.5257754  0.32389557 0.83414173 0.30473506 0.55637467
 0.38380924 0.3624337  0.44529337 0.47670615 0.54952276 0.07326563
 0.39871073 0.70346695 0.5381493  0.6169555  0.30934474 0.30793673
 0.74165714 0.64490545 0.5187412  0.8817328  0.5673191  0.56115705
 0.6280861  0.5588003  0.46894765 0.12356624 0.5899165  0.5295812
 0.7718898  0.25193307 0.18224232 0.54358625 0.315803   0.43284124
 0.53445005 0.7298098  0.64892125 0.46618    0.53909886 0.40087014
 0.5436632  0.6500088  0.42197925 0.6074156  0.53549534 0.28263274
 0.4306112  0.27134332 0.71195406 0.22594142 0.6028305  0.7793819
 0.60686326 0.3199948  0.4897432  0.3808069  0.47378716 0.40818128
 0.46941802 0.927978   0.25085828 0.38499883 0.6947089  0.59898657
 0.46596923 0.69326353 0.58289397 0.7605903  0.6056905  0.41148058
 0.68860704 0.4428756  0.8533764  0.6122249  0.66679096 0.39016002
 0.30248928 0.5292942  0.3099516  0.50756973 0.26818553 0.6614079
 0.8107401  0.7508766  0.73849666 0.45876408 0.43699133 0.41896048
 0.7412723  0.71868426 0.2748694  0.62121713 0.21349838 0.6217883
 0.18151438 0.59535617 0.527226   0.44888473 0.30072552 0.6473346
 0.36117405 0.31518406 0.72922474 0.763358   0.62421995 0.67019457
 0.3036379  0.19839564 0.45377815 0.4615816  0.535101   0.415036
 0.536515   0.58686185 0.32314703 0.46545497 0.27627477 0.5150021
 0.6961504  1.         0.52096826 0.454995   0.20364973 0.43929777
 0.3909771  0.61278903 0.746333   0.649274   0.43924507 0.6327115
 0.27477553 0.3120158  0.5717727  0.46191436 0.48667473 0.7943029
 0.40254727 0.19186506 0.47650635 0.551763   0.65790987 0.42223728
 0.3797685  0.5562384  0.43283904 0.5287607  0.24853925 0.4420246
 0.22628264 1.         0.6279051  0.6465523  0.5960363  0.2316228
 0.38032427 0.91451335 0.9254891  0.43154532 0.4471997  0.46222848
 0.44028723 0.4411173  0.38414514 0.5621617  0.3650124  0.41581303
 0.6898604  0.36960182 0.5255189  0.5142714  0.40013346]
2024-05-29 16:53:15[INFO] 
[ddpg][Episode: 0][Step: 0][Metric tpmC:0 tpmTotal:0 Transaction Count:0]Reward: -10000000.0 Score: -10000000.0 Done: True
2024-05-29 16:53:15[INFO] [ddpg][Episode: 0][Step: 0] step: 105.69757843017578s env step: 105.67031693458557s train step: 0.0s restart time: 105.67023062705994s action time: 0.008649826049804688s
2024-05-29 16:53:15[INFO] [ddpg][Episode: 0][Step: 0][Average] step: 105.69757843017578s env step: 105.67031693458557s train step: 0.0s restart time: 105.67023062705994s action time: 0.008649826049804688s
2024-05-29 16:54:54[INFO] 
[Env initialized][Metric tpmC: 8028.56 tpmTotal: 17661.24 Transaction Count: 17725]
2024-05-29 16:54:54[INFO] [ddpg] Action: [0.3255371  0.45628157 0.51169914 0.573717   0.10291859 0.48682395
 0.37141323 0.5876655  0.53296536 0.37565073 0.5318055  0.5555637
 0.24327883 0.07733069 0.30795828 0.33367062 0.455454   0.33792794
 0.3291621  0.53814113 0.44730464 0.75095993 0.1953728  0.6840913
 0.5087439  0.         0.6558169  0.19270875 0.7286747  0.8948376
 0.64891315 0.7047953  0.601436   0.31622475 0.46938848 0.67942154
 0.25370163 0.29119357 0.6792358  0.52063835 0.53226614 0.5698401
 0.21367842 0.3471836  0.39330634 0.36442378 0.46792734 0.5444915
 0.44541103 0.48082447 0.5476046  0.702946   0.5593927  0.5302796
 0.06381119 0.39148352 0.2725647  0.444414   0.8678307  0.62702876
 0.4784004  0.30899337 0.8179797  0.42288497 0.30304742 0.87547654
 0.4551586  0.66281915 0.45727336 0.5964336  0.42013863 0.5948297
 0.24188001 0.43434444 0.11182567 0.26910952 0.5321148  0.56583405
 0.09528559 0.38923627 0.65608114 0.60349154 0.27823275 0.4274703
 0.3850776  0.14479223 0.14132588 0.56290793 0.37557906 0.37171838
 0.78037393 0.7888558  0.4375122  0.19883639 0.5416885  0.2231487
 0.70448554 0.91344684 0.80387527 0.59233534 0.23969999 0.73478997
 0.3259653  0.6010766  0.48788497 0.69997317 0.8175824  0.
 0.36227858 0.63810253 0.3246383  0.5162505  0.7400176  0.7153284
 0.20799148 0.8546429  0.30341998 0.29676065 0.4659058  0.7500109
 0.25233015 0.23611301 0.16451316 0.3849941  0.24820732 0.5229854
 0.         0.29431593 0.70577335 0.49005556 0.3830751  0.33959222
 0.18600184 0.07681253 0.31626847 0.09241793 0.2817774  0.72508883
 0.6414534  0.5450802  0.10361086 0.7065425  0.4511093  0.7657821
 0.67808956 0.62634194 0.6255651  0.698312   0.6990734  0.52608275
 0.44389936 0.43529186 0.2173494  0.34555393 0.4957028  0.34561738
 0.29073155 0.22901161 0.45644662 0.3602338  0.68404853 0.19253884
 0.80624413 0.3575512  0.63851404 0.69098186 0.29711396 0.35059935
 0.5981353  0.7476773  0.23384777 0.37973076 0.5370875  0.33727413
 0.6979401  0.5770286  0.7272843  0.5015294  0.72863024 0.4282395
 0.7039018  0.3238589  0.44436508 0.26724434 0.6144536  0.21414791
 0.6794385  0.68837976 0.8321964  0.3044824  0.7301466  0.5665536
 0.85764354 0.39866418 0.5133494  0.24146162 0.94856906]
2024-05-29 16:56:39[INFO] 
[ddpg][Episode: 1][Step: 0][Metric tpmC:0 tpmTotal:0 Transaction Count:0]Reward: -10000000.0 Score: -10000000.0 Done: True
2024-05-29 16:56:39[INFO] [ddpg][Episode: 1][Step: 0] step: 105.40852808952332s env step: 105.3992874622345s train step: 0.0s restart time: 105.3992121219635s action time: 0.0030829906463623047s
2024-05-29 16:56:39[INFO] [ddpg][Episode: 1][Step: 0][Average] step: 105.40852808952332s env step: 105.3992874622345s train step: 0.0s restart time: 105.3992121219635s action time: 0.005866408348083496s
2024-05-29 16:58:18[INFO] 
[Env initialized][Metric tpmC: 7839.53 tpmTotal: 17282.08 Transaction Count: 17324]
2024-05-29 16:58:18[INFO] [ddpg] Action: [0.58137375 0.81258667 0.81091475 0.33679548 0.600022   0.28046963
 0.6529545  0.6377665  0.5629888  0.4341913  0.9106973  0.2864466
 0.29683697 0.6650161  0.7445955  0.         0.44176614 0.63944066
 0.5032511  0.1526521  0.26976344 0.40080002 0.50516266 0.5363534
 0.5832829  0.692272   0.5759894  0.52261883 0.63543886 0.7105261
 0.38712507 0.4574075  0.7197258  0.6405311  0.5781587  0.43672746
 0.31113282 0.4573099  0.33880153 0.38376772 0.5847677  0.71439797
 0.43497908 0.55735135 0.3349457  0.6316053  0.69639033 0.9281532
 0.60310405 0.56506747 0.41337648 0.44461688 0.31527838 0.44412884
 0.61235195 0.48575893 0.31868294 0.31094566 0.73854995 0.93842244
 0.58767974 0.6038617  0.47162545 0.7593848  0.62164557 0.41536692
 0.7553395  0.53833014 0.60492563 0.7002072  0.36895573 0.4761742
 0.6012813  0.70305866 0.25361523 0.58515024 0.2906503  0.23079778
 0.10414802 0.4378847  0.11487391 0.55559266 0.6866472  0.42156124
 0.5980306  0.34171364 0.30652368 0.7134659  0.7257548  0.07936537
 0.9042288  0.3130068  0.32140556 0.24200043 0.27969125 0.2786122
 0.5719788  0.5665205  0.43392712 0.51807034 0.92202187 0.32080325
 0.23407732 0.78499424 0.45476672 0.44542068 0.5898313  0.41550922
 0.88851357 0.7041698  0.5886796  0.33371866 0.6952426  0.49018323
 0.5688637  0.4619429  0.5447644  0.572118   0.2501981  0.71373534
 0.6727905  0.21783085 0.39151293 0.28808507 0.49732703 0.38847262
 0.63970935 0.5300217  0.5294278  0.5471567  0.5834147  0.6696927
 0.31853566 0.50161695 0.45172614 0.37720075 0.56144017 0.4920171
 0.43075812 0.67757    0.544412   0.6412619  0.20596185 0.8171959
 0.6148439  0.38593787 0.59552467 0.7960965  0.28648168 0.36777326
 0.3868485  0.57133293 0.7723595  0.2595793  0.64838755 0.7364492
 0.33440313 0.6050629  0.21201617 0.21163455 0.46742275 0.5791689
 0.4044911  0.9542075  0.66733587 0.4326184  0.21019952 0.68042105
 0.5891999  0.03840207 0.24069245 0.31547606 0.5186995  0.3634479
 0.7431761  0.71597767 0.37980586 0.327931   0.5139106  0.4865984
 0.43058446 0.5204662  0.17958626 0.27042896 0.7774862  0.68341327
 0.32078898 0.40518838 0.42128995 0.35573044 0.45605773 0.7895766
 0.66603625 0.03644986 0.08894856 0.420744   0.6252032 ]
