2024-05-30 22:22:22[INFO] 
[Env initialized][Metric tpmC: 10268.07 tpmTotal: 22899.03 Transaction Count: 23219]
2024-05-30 22:22:22[INFO] [ddpg] Action: [0.44700274 0.37459546 0.5490653  0.1585549  0.5945457  0.39032945
 0.11774581 0.47272155 0.21628423 0.6318213  0.6729294  0.46397445
 0.41842118 0.49820814 0.6044901  0.328548   0.5799076  0.6125932
 0.8453074  0.6446893  0.26292557 0.31215423 0.17262936 0.19300753
 0.48011002 0.8521714  0.68476355 0.52519864 0.55816436 0.57481986
 0.6017463  0.37937558 0.47775427 0.746444   0.79283106 0.579126
 0.48939452 0.52019    0.4975635  0.78913206 0.32344308 0.7476303
 0.37434715 0.2902199  0.5535073  0.49383888 0.8100069  0.6126567
 0.39669833 0.6148847  0.22459769 0.7614403  0.30494297 0.6089841
 0.4986305  0.45906207 0.46658194 0.52256644 0.726263   0.26776254
 0.5563859  0.5259104  0.24034984 0.6686728  0.79559255 0.47862762
 0.55405825 0.72609746 0.5039716  0.45735767 0.3244003  0.4702955
 0.44097206 0.7567959  0.50829977 0.33312717 0.4365854  0.8299998
 0.34134755 0.6861663  0.4718757  0.55070126 0.6948183  0.961861
 0.5545066  0.50525177 0.4417775  0.5358039  0.675874   0.42619893
 0.39824477 0.7668876  0.88861287 0.5949309  0.76544106 0.5618487
 0.3991172  0.5488562  0.4376061  0.56698287 0.3587612  0.22479713
 0.60659474 0.27453992 0.39716333 0.58611655 0.3782462  0.23603146
 0.6366039  0.38449645 0.41617653 0.16120322 0.5808682  0.62568146
 0.4983488  0.304468   0.3583833  0.50104046 0.6063391  0.17740853
 0.33404925 0.90331835 0.68251085 0.38890398 0.5707732  0.4505687
 0.28221956 0.         0.35831162 0.39612123 0.6790282  0.3206881
 0.35065815 0.34213796 0.2333957  0.9205362  0.28948808 0.43273622
 0.512855   0.57329744 0.7017952  0.55390185 0.67336416 0.36205438
 0.5375892  0.39038223 0.53389883 0.505408   0.70739996 0.4426925
 0.48499164 0.6560215  0.27453804 0.42506382 0.56035066 0.37727153
 0.72492933 0.6535739  0.28095165 0.53602374 0.089551   0.8970003
 0.         0.3012061  0.4066527  0.75289077 0.5238036  0.44988182
 0.21889053 0.2097778  0.4975947  0.         0.47427815 0.52690834
 0.48126912 0.72421986 0.2957283  0.09067445 0.39253926 0.6686653
 0.33912012 0.47438508 0.5204495  0.3060406  0.59380037 0.6027683
 0.6040751  0.99922085 0.43508556 0.65143317 0.491255   0.3908579
 0.6405075  0.50608134 0.49914053 0.62505627 0.3486916 ]
2024-05-30 22:24:12[INFO] 
[ddpg][Episode: 0][Step: 0][Metric tpmC:19597.09 tpmTotal:43492.56 Transaction Count:44186]Reward: -0.9540123489977193 Score: -0.9540123489977193 Done: False
2024-05-30 22:24:13[INFO] [ddpg][Episode: 0][Step: 0] step: 110.20616912841797s env step: 109.48034763336182s train step: 0.0s restart time: 44.573694944381714s action time: 0.0023589134216308594s
2024-05-30 22:24:13[INFO] [ddpg][Episode: 0][Step: 0][Average] step: 110.20616912841797s env step: 109.48034763336182s train step: 0.0s restart time: 44.573694944381714s action time: 0.0023589134216308594s
2024-05-30 22:24:13[INFO] [ddpg] Action: [0.67528933 0.24666943 0.34324676 0.35961843 0.7338874  0.40168744
 0.20387688 0.24802409 0.40081018 0.8476517  0.3620176  0.46584138
 0.4272861  0.3477044  0.87113935 0.38144872 0.6053751  0.430293
 0.94884133 0.67589784 0.38140938 0.         0.5032883  0.34894097
 0.31411192 0.5622916  0.517711   0.73884475 0.3772437  0.45770183
 0.71047163 0.8855924  0.4184663  0.6268383  0.6941664  0.39790142
 0.31482923 0.7406731  0.561229   0.8541071  0.5764298  0.76678675
 0.05989873 0.0546044  0.7198428  0.13416035 1.         0.8261407
 0.40557542 0.9642284  0.20744252 1.         0.5101214  0.72887325
 0.41152117 0.03901016 0.73301363 0.50709826 0.54740095 0.1271365
 0.13507327 0.36437842 0.16306897 0.31928053 0.67115    0.3459347
 0.35321265 1.         0.28762797 0.67666423 0.58098274 0.5625782
 0.63703156 0.7465524  0.47374687 0.         0.7539001  0.87672836
 0.48458573 0.8820351  0.2140787  0.79138696 0.6686832  0.8015978
 1.         0.6797683  0.72614574 0.2671949  0.7668964  0.52601665
 0.5198327  0.87291414 0.956253   0.38376665 0.5617426  0.26258817
 0.49421546 0.47107595 0.3640333  0.64276326 0.5415124  0.2889197
 0.37642813 0.19904336 0.35070792 0.4494099  0.09634838 0.20723298
 0.38131133 0.3538443  0.4099888  0.04726426 0.6847679  0.6963581
 0.6353903  0.30351695 0.48095348 0.55123353 0.37587348 0.42106396
 0.0524653  1.         0.71444875 0.5058093  0.7185993  0.2656894
 0.4213854  0.         0.45483652 0.26687717 0.84555686 0.6179959
 0.         0.17109168 0.4306099  0.9911128  0.5239879  0.5861994
 0.43066034 0.34206808 0.89925    0.4226401  0.5051402  0.16080303
 0.5559244  0.45398945 0.39226562 0.5000762  0.7664187  0.6928338
 0.60734487 0.28941223 0.32451966 0.27251372 0.79675204 0.5409834
 0.9241486  0.49898392 0.04474907 0.42027032 0.         0.6766445
 0.273145   0.41885215 0.7056289  0.8227796  0.5724085  0.7278218
 0.5069443  0.         0.69778246 0.         0.35191363 0.10483967
 0.36024657 0.90744543 0.33429563 0.         0.5508771  0.3342851
 0.33766082 0.6677857  0.27436635 0.26266313 0.3754928  0.52678186
 0.6512196  0.7282374  0.38363478 0.7705635  0.79491764 0.2552485
 0.77656126 0.54611975 0.58755594 0.59161085 0.16574737]
