2024-05-22 17:43:51[INFO] 
[Env initialized][Metric tpmC: 7486.45 tpmTotal: 16501.21 Transaction Count: 16594]
2024-05-22 17:43:51[INFO] [ddpg] Action: [0.73927236 0.26854306 0.55968046 0.8365739  0.6141572  0.34201163
 0.36064976 0.7877144  0.54540825 0.49388444 0.8745361  0.6561943
 0.83972496 0.71369296 0.74679625 0.19361554 0.6130652  0.4928767
 0.50346273 0.33878338 0.7839785  0.47713655 0.3282274  0.6064855
 0.65245616 0.15556909 0.10852364 0.544216   0.5081926  0.21935706
 0.49827513 0.44495657 0.36341026 0.49954587 0.6237838  0.33184433
 0.80686    0.66650116 0.43570223 0.36963162 0.5616529  0.5286726
 0.3426727  0.58752793 0.2939302  0.7257012  0.6851626  0.31128955
 0.23513749 0.45031768 0.5564502  0.33078057 0.6341487  0.3696028
 0.44641423 0.63421404 0.35081658 0.34620395 0.29581895 0.5094325
 0.587331   0.37041414 0.4873128  0.45860338 0.5296878  0.5279697
 0.31819057 0.3257722  0.6203805  0.7075323  0.39787093 0.10989355
 0.50677884 0.76037604 0.59087515 0.6792793  0.26271224 0.52511036
 0.72394425 0.2347469  0.6795648  0.5332595  0.7406493  0.41244537
 0.96765155 0.280586   0.46938208 0.7145774  0.79883116 0.69484
 0.50648934 0.70816445 0.3127028  0.67404395 0.55832386 0.5295413
 0.7841702  0.65518385 0.7411343  0.7080672  0.26538658 0.81428665
 0.42987552 0.82908565 0.14463668 0.44931513 0.39190984 0.31285465
 0.43786526 0.3728411  0.480753   0.72710836 0.6344565  0.55813235
 0.3131486  0.40701717 0.73836803 0.6820701  0.43791237 0.5663242
 0.30252132 0.7241082  0.517723   0.4826242  0.9878631  0.5380398
 0.28022954 0.2190113  0.37267384 0.63016015 0.5477687  0.42722318
 0.09481424 0.8448465  0.40144148 0.48044497 1.         0.5596872
 0.20233053 0.12142537 0.5790362  0.4578595  0.46492505 0.3262783
 0.88957036 0.3784766  0.60065645 0.41391245 0.2755204  0.28193673
 0.31945184 0.53851986 0.7001517  0.69916546 0.6255667  0.9762318
 0.6905461  0.80727094 0.8023356  0.28768292 0.30263928 0.42335382
 0.48352954 0.4341761  0.44451323 0.4497773  0.41437837 0.78839666
 0.51938397 0.6576637  0.41608948 0.9789001  0.2733535  0.41954082
 0.7577914  0.5263655  0.42591956 0.59856087 0.49278137 0.42568812
 0.31318855 0.4372138  0.61368966 0.7739067  0.543909   0.56964725
 0.3614068  0.20322631 0.34275493 0.670465   0.6491937  0.47873974
 0.5641856  0.6060728  0.18788818 0.26963246 0.49793324]
2024-05-22 17:45:06[INFO] 
[ddpg][Episode: 0][Step: 0][Metric tpmC:0 tpmTotal:0 Transaction Count:0]Reward: -10000000.0 Score: -10000000.0 Done: True
2024-05-22 17:45:06[INFO] [ddpg][Episode: 0][Step: 0] step: 75.22393465042114s env step: 75.19729566574097s train step: 0.0s restart time: 75.19716048240662s action time: 0.0040204524993896484s
2024-05-22 17:45:06[INFO] [ddpg][Episode: 0][Step: 0][Average] step: 75.22393465042114s env step: 75.19729566574097s train step: 0.0s restart time: 75.19716048240662s action time: 0.0040204524993896484s
2024-05-22 17:45:43[INFO] 
[Env initialized][Metric tpmC: 7486.45 tpmTotal: 16501.21 Transaction Count: 16594]
2024-05-22 17:45:43[INFO] [ddpg] Action: [7.9771513e-01 5.7309115e-01 3.4532380e-01 5.6089115e-01 7.2414243e-01
 7.3639596e-01 4.2837781e-01 6.0304248e-01 8.0622721e-01 3.7628794e-01
 5.3676176e-01 4.2634040e-01 4.2285264e-01 5.0712526e-01 6.2031156e-01
 3.7877592e-01 6.5966696e-01 4.0868890e-01 1.2361848e-01 6.0244411e-01
 2.6265988e-01 5.4957998e-01 4.0648407e-01 2.9519695e-01 4.6751645e-01
 6.4268434e-01 7.3497695e-01 3.2512131e-01 2.7612996e-01 4.8839837e-01
 8.0171055e-01 5.8408612e-01 4.8246855e-01 7.5088429e-01 6.8663967e-01
 1.0145057e-01 5.4883832e-01 8.9057547e-01 9.1247693e-02 3.9534464e-01
 4.2456985e-01 6.1073911e-01 5.6496263e-01 8.6445534e-01 6.4378971e-01
 5.8745795e-01 6.3050115e-01 7.3432821e-01 4.8034766e-01 7.4213684e-01
 4.7042805e-01 3.5875496e-01 3.3782321e-01 2.8723466e-01 7.4719596e-01
 4.2981079e-01 1.8472558e-01 7.4005985e-01 3.7416792e-01 5.8094764e-01
 1.3168062e-01 5.5081344e-01 3.8782233e-01 6.5849441e-01 2.2354698e-01
 4.0174767e-01 5.6111324e-01 7.7058524e-01 6.1612070e-01 6.7754263e-01
 4.1796753e-01 1.9529568e-01 5.5142123e-01 6.8227792e-01 3.7748545e-01
 3.2365778e-01 6.6442430e-01 0.0000000e+00 3.2306910e-01 6.2963074e-01
 5.9510076e-01 2.7932277e-01 5.3305972e-01 3.7731662e-01 5.1458603e-01
 4.3882197e-01 1.7201710e-01 7.4338615e-01 8.8957739e-01 4.9805352e-01
 6.6809732e-01 5.8744264e-01 2.6788917e-01 3.6107218e-01 5.2078146e-01
 6.3476419e-01 2.3012805e-01 8.5783929e-01 4.7994161e-01 4.9921533e-01
 6.1481011e-01 5.0583273e-01 3.2160228e-01 7.3009992e-01 7.5183260e-01
 6.6336775e-01 5.5759639e-01 5.2141434e-01 5.3785390e-01 4.9074507e-01
 6.0340023e-01 5.7441783e-01 4.7665247e-01 5.2075231e-01 6.4980769e-01
 4.1103417e-01 4.1290995e-01 5.2827817e-01 7.9867220e-01 5.7314575e-01
 5.1018083e-01 6.7374158e-01 5.5937177e-01 3.1606463e-01 7.0365995e-01
 6.3204259e-01 1.0000000e+00 2.1139784e-01 3.8381591e-01 2.6941273e-01
 7.3466647e-01 6.0299921e-01 4.4920743e-01 3.6088151e-01 5.9565794e-01
 3.0641282e-01 7.1927911e-01 1.8850151e-01 4.3774575e-01 6.4460486e-01
 2.5692439e-01 3.7292483e-01 7.7855849e-01 1.0000000e+00 3.8886073e-01
 3.9634389e-01 4.6701425e-01 4.3220496e-01 4.8313546e-01 1.7629801e-01
 7.7974755e-01 5.9689713e-01 1.7109990e-01 5.6225324e-01 7.0074818e-04
 7.8333849e-01 6.7590433e-01 6.4731348e-01 3.8617587e-01 6.2683004e-01
 6.6564363e-01 3.3098817e-01 7.7326542e-01 4.6849883e-01 5.3384048e-01
 1.7563167e-01 2.7913937e-01 4.2968220e-01 7.3927522e-01 2.1233216e-01
 5.8200836e-01 5.7750738e-01 5.0441778e-01 3.6260885e-01 7.3897403e-01
 4.1665784e-01 1.2411501e-01 3.9393571e-01 3.5233557e-01 8.1860203e-01
 8.5583979e-01 5.0981176e-01 3.0400732e-01 5.2394170e-01 4.3939406e-01
 7.1514612e-01 4.2899740e-01 3.2016534e-01 5.4329461e-01 7.7386683e-01
 3.5941327e-01 5.3467423e-01 5.5273438e-01 6.5428662e-01 4.2029813e-01
 7.3805273e-01 5.6737846e-01]
2024-05-22 17:46:58[INFO] 
[ddpg][Episode: 1][Step: 0][Metric tpmC:0 tpmTotal:0 Transaction Count:0]Reward: -10000000.0 Score: -10000000.0 Done: True
