2024-05-29 11:05:02[INFO] 
[Env initialized][Metric tpmC: 8897.38 tpmTotal: 19825.24 Transaction Count: 19966]
2024-05-29 11:05:02[INFO] [ddpg] Action: [0.5894274  0.5221319  0.16432855 0.58795404 0.2733603  0.7934247
 0.6994348  0.45044607 0.47389242 0.49880105 0.40926307 0.8947381
 0.2341428  0.2679474  0.37628457 0.09389094 0.8631435  0.45719698
 0.02610216 0.4389916  0.3328166  0.20162112 0.38135606 0.6197182
 0.7124996  0.2981481  0.17937873 0.6548659  0.550619   0.4324474
 0.6151779  0.2699034  0.4346514  0.40008813 0.82739395 0.43491203
 0.5943821  0.07647172 0.42251134 0.15798694 0.55527145 0.6763556
 0.40391716 0.4223759  0.59351933 0.42645702 0.5958846  0.2987063
 0.51416624 0.29443607 0.48387802 0.29094422 0.47763494 0.46143138
 0.88261527 0.06227674 0.8201525  0.4427065  0.06988831 0.37956735
 0.44267377 0.23580602 0.6997879  0.4929451  0.620802   0.79651743
 0.63006043 0.61211336 0.63414603 0.30198073 0.20671174 0.24855544
 0.36215076 0.769459   0.51111203 0.6720245  0.650141   0.6885096
 0.44598648 0.77355516 0.6661232  0.21276379 0.4821185  0.6035478
 0.88103783 0.48375905 0.64807326 0.31098208 0.48613828 0.15560403
 0.6555251  0.55622536 0.72051936 0.21286072 0.36663917 0.41896954
 0.48819885 0.233514   0.57593304 0.4893005  0.29264814 0.76428616
 0.48331866 0.17046268 0.13344654 0.43952802 0.24540533 0.41779354
 0.39155442 0.64151955 0.4614868  0.7796077  0.5855183  0.3569268
 0.6536068  0.46534026 0.62281275 0.8534388  0.919565   0.64789176
 0.73555565 0.53929365 0.5245931  0.78012973 0.28403032 0.49406797
 0.81560844 0.3675041  0.5521787  0.95405656 0.5735988  0.42033926
 0.89518285 0.6553802  0.16520718 0.11450075 0.41321075 0.23228367
 0.76398593 0.4615895  0.6189322  0.12991273 0.30271536 0.13727163
 0.5908956  0.5283772  0.48197222 0.71654636 0.4456226  0.18004505
 0.82226026 0.17211442 0.62528044 0.0623078  0.5615633  0.72334677
 0.22701374 0.45854267 0.79753196 0.96095383 0.7265242  0.78650606
 0.6093405  0.2805141  0.24586952 0.02554639 0.49793127 0.8746283
 0.54122657 0.3819679  0.6765869  0.7253706  0.6075241  0.27057844
 0.63025963 0.56519747 0.6209469  0.56584156 0.3147135  0.5496125
 0.6355152  0.47712514 0.04648219 0.70634514 0.30274272 0.36531407
 0.8180779  0.40089372 0.5094648  0.48039025 0.55689985 0.29858696
 0.7196385  0.44642362 0.3412961  0.4523401  0.8497743 ]
2024-05-29 11:06:51[INFO] 
[ddpg][Episode: 0][Step: 0][Metric tpmC:11133.17 tpmTotal:24624.2 Transaction Count:24844]Reward: -0.12130632505997457 Score: -0.12130632505997457 Done: False
2024-05-29 11:06:51[INFO] [ddpg][Episode: 0][Step: 0] step: 108.83408784866333s env step: 108.79804468154907s train step: 0.0s restart time: 44.66488456726074s action time: 0.0028896331787109375s
2024-05-29 11:06:51[INFO] [ddpg][Episode: 0][Step: 0][Average] step: 108.83408784866333s env step: 108.79804468154907s train step: 0.0s restart time: 44.66488456726074s action time: 0.0028896331787109375s
2024-05-29 11:06:51[INFO] [ddpg] Action: [0.35467592 0.6154014  0.32785934 0.5356445  0.5690935  0.68203545
 0.73318017 0.16608647 0.6750383  0.15164877 0.35251653 1.
 0.02579073 0.782796   0.3130482  0.14055808 0.93758816 0.65933126
 0.19871727 0.7655976  0.2791215  0.16984323 0.31766647 0.6148854
 0.75465    0.70149434 0.01468534 0.5537492  0.713244   0.5634328
 0.4102826  0.35075718 0.29172793 0.948158   0.7665162  0.90106195
 0.6632499  0.         0.6511571  0.22426184 0.57929736 0.6780124
 0.6993196  0.4199972  0.47826308 0.47010884 0.5722958  0.5302172
 0.24202901 0.41474158 0.53342277 0.59614134 0.6054207  0.81021947
 0.7878196  0.02078509 0.8880789  0.6998782  0.06096319 0.11922605
 0.06733587 0.22467548 0.39155853 0.45925996 0.69870096 0.47110274
 0.6812065  0.38336542 0.41194952 0.25531918 0.16901156 0.28025767
 0.5579819  0.7091084  0.5943205  0.16676311 0.61017776 0.30144563
 0.5933918  1.         0.55644375 0.627938   0.60998875 0.8225816
 0.8754707  0.46171182 0.62642163 0.2674793  0.62781715 0.21944651
 0.3206175  0.82879966 0.9746572  0.27300307 0.53425336 0.22676949
 0.7077702  0.12719391 0.6872636  0.33592024 0.32561535 0.4495802
 0.48421398 0.27193138 0.4356438  0.6889848  0.         0.3681174
 0.42242688 0.67577845 0.15700653 0.8243536  0.48689848 0.6405009
 0.09638271 0.33958775 0.83860993 0.6642377  0.93517405 0.6318971
 0.83264786 1.         0.15687689 0.86075276 0.43624073 0.64480996
 0.73898864 0.28235087 0.62940216 0.6738039  0.5560327  0.5850939
 0.6317963  0.5704051  0.19248995 0.13491616 0.39653015 0.31275484
 0.8862848  0.21021658 0.77057713 0.         0.14104292 0.32718852
 0.76270723 0.7481053  0.3811657  0.6768962  0.2820021  0.5569273
 0.7541565  0.09048644 0.80911994 0.36279154 0.841537   0.37885398
 0.2634428  0.43008667 0.90395796 1.         0.4288892  0.63292545
 0.47642693 0.08993363 0.24082048 0.23984767 0.44042432 0.95557994
 0.3790333  0.9913996  0.7939484  1.         0.6258568  0.33406892
 0.7650219  0.8270265  0.5208723  0.9259638  0.22067373 0.56957173
 0.64593416 0.5758147  0.06908496 0.8708968  0.420161   0.
 1.         0.08694348 0.36390954 0.43370718 0.9629723  0.51422554
 0.7743741  0.5433203  0.41797543 0.19741571 0.7932221 ]
2024-05-29 11:08:40[INFO] 
[ddpg][Episode: 0][Step: 1][Metric tpmC:11239.98 tpmTotal:24915.83 Transaction Count:25039]Reward: -0.34840828639836346 Score: -0.46971461145833804 Done: False
2024-05-29 11:08:40[INFO] [ddpg][Episode: 0][Step: 1] step: 108.5622832775116s env step: 108.55272388458252s train step: 0.0s restart time: 44.63980007171631s action time: 0.0014500617980957031s
2024-05-29 11:08:40[INFO] [ddpg][Episode: 0][Step: 1][Average] step: 108.5622832775116s env step: 108.55272388458252s train step: 0.0s restart time: 44.63980007171631s action time: 0.0021698474884033203s
2024-05-29 11:08:40[INFO] [ddpg] Action: [0.31535012 0.58210665 0.3945233  0.78545624 0.41470757 0.7022878
 0.79975015 0.11627455 0.62296873 0.08722457 0.49944207 1.
 0.         0.48660773 0.33134842 0.01720375 0.85542446 0.9181557
 0.29105592 0.6751009  0.4707127  0.22346185 0.42360508 0.8974073
 0.606313   0.5876473  0.141039   0.5812949  1.         0.7257014
 0.31181562 0.16736697 0.29939976 0.6900514  0.8268189  0.9177344
 0.6828543  0.         0.6721955  0.         0.34380096 0.4712203
 0.84745306 0.67353064 0.58804286 1.         0.6292402  0.74312186
 0.09757173 0.7403083  0.65433663 0.49527207 0.52660704 0.8324784
 0.5130837  0.         0.5184929  0.6016431  0.         0.04968441
 0.0968946  0.14296888 0.30012304 0.2568683  0.19735678 0.32273826
 0.57242537 0.40704358 0.57112384 0.20586865 0.19861333 0.28914377
 0.62461936 0.7140077  0.8182614  0.         0.76642805 0.41872668
 0.20826072 1.         0.9252809  0.7813347  0.55161667 0.77891576
 0.6378056  0.5348278  0.7350092  0.18094529 0.71595675 0.22837287
 0.19037504 0.4495004  0.8703331  0.03949587 0.6241891  0.4607775
 1.         0.1811251  0.71047133 0.03017812 0.5832115  0.28821787
 0.72324526 0.3564331  0.5611063  0.8325174  0.07906921 0.60924226
 0.4462863  0.719334   0.03708809 0.8002305  0.         0.60020757
 0.25469202 0.5581261  1.         0.47649536 1.         0.23396881
 0.72340274 1.         0.31124306 0.7442463  0.31176278 0.85080534
 0.86452484 0.38067073 0.4358394  0.8467798  0.51780754 0.5259856
 0.8133681  0.61151916 0.1269966  0.17382742 0.39978027 0.3279728
 0.6609813  0.4829361  0.4927195  0.13393623 0.         0.28992748
 0.61193156 0.76746    0.29484966 0.7377595  0.1986873  0.41904616
 0.7358991  0.         0.6394392  0.7328314  1.         0.45378694
 0.         0.23240978 0.8083688  1.         0.39264524 0.67593694
 0.32669225 0.30115315 0.         0.21288855 0.32072595 0.95658636
 0.443513   0.8864959  0.5046994  0.9508376  0.70163286 0.31964752
 0.51775616 0.9280366  0.43655425 0.58422875 0.48517036 0.58848965
 0.84319067 0.34805727 0.09723102 0.55619097 0.18431906 0.40081662
 0.9490209  0.09374804 0.7359902  0.12872411 1.         0.76024926
 0.7686606  0.44279128 0.49156794 0.         0.90245247]
2024-05-29 11:10:29[INFO] 
[ddpg][Episode: 0][Step: 2][Metric tpmC:11518.44 tpmTotal:25746.99 Transaction Count:25973]Reward: -0.15210998958953253 Score: -0.6218246010478705 Done: False
2024-05-29 11:10:30[INFO] [ddpg][Episode: 0][Step: 2] Critic: 0.06836186349391937 Actor: 0.00547453248873353
2024-05-29 11:10:30[INFO] [ddpg][Episode: 0][Step: 2] step: 109.6781394481659s env step: 108.80155420303345s train step: 0.43444621562957764s restart time: 44.586899280548096s action time: 0.0009374618530273438s
2024-05-29 11:10:30[INFO] [ddpg][Episode: 0][Step: 2][Average] step: 109.6781394481659s env step: 108.80155420303345s train step: 0.43444621562957764s restart time: 44.586899280548096s action time: 0.0017590522766113281s
2024-05-29 11:10:30[INFO] [ddpg] Action: [0.51026654 0.92828375 0.46559516 0.69122714 0.38405904 0.41020364
 0.76257265 0.         0.25966382 0.3383225  0.7416149  1.
 0.06634455 0.5031661  0.3739351  0.09252344 0.5966427  0.65669
 0.22873461 0.6607691  0.42678985 0.45019528 0.6678213  0.7733043
 0.63172984 0.77394974 0.         0.5809798  1.         0.8906186
 0.5474776  0.47870132 0.60647136 0.7599823  0.48917165 1.
 0.7730295  0.         0.89231527 0.02836634 0.440313   0.06811814
 0.48287    0.3173839  0.5817289  0.6719122  0.42401782 0.47670615
 0.09747402 0.6434482  0.6521987  0.3799205  0.25474876 0.6479597
 0.8129154  0.20719823 0.24078783 0.6389605  0.         0.3554587
 0.04695792 0.2431046  0.39957106 0.43775824 0.16872548 0.
 0.7413807  0.36241743 0.41046667 0.12710495 0.16181251 0.6317344
 1.         0.75012714 0.7333204  0.07868399 0.9008155  0.547736
 0.29340106 1.         1.         0.81558245 0.8995326  0.76565194
 0.8799811  0.5499914  0.9282316  0.19137311 1.         0.08906429
 0.39251304 0.27518973 1.         0.14865701 0.62269974 0.20006283
 1.         0.5615162  0.711175   0.16553508 0.36110547 0.40984914
 0.59633374 0.47865462 0.49110165 0.55743015 0.510446   0.7699742
 0.26235008 0.64934975 0.29474184 0.6466029  0.02683579 0.26640707
 0.4986711  0.6243763  1.         0.6524969  1.         0.35426378
 0.81700635 0.9422858  0.6683194  0.7224961  0.09875806 0.65111667
 1.         0.25094822 0.5211364  0.5382797  0.81579727 0.4243205
 0.414955   0.9406941  0.23430379 0.13862756 0.22194043 0.39790252
 0.8364148  0.5366922  0.46140856 0.10960254 0.         0.54806584
 0.68608004 0.70766383 0.4766449  0.7374034  0.29933894 0.56167024
 0.5502928  0.14649314 0.6938113  0.57861006 0.8615313  0.46347716
 0.01237005 0.36226946 0.7467038  0.84025735 0.3223623  0.6500089
 0.7875085  0.29958093 0.04346552 0.65482813 0.         0.79011947
 0.76457334 0.7702146  0.3317105  0.99754363 0.7328982  0.3911901
 0.4830587  0.8205279  0.51949435 0.63566786 0.47363013 0.9499533
 0.46570063 0.16044529 0.3296302  0.5346521  0.5138189  0.73963267
 1.         0.5304328  0.6568511  0.25530642 1.         0.3966245
 0.7312551  0.903777   0.43433395 0.18895239 0.61412984]
2024-05-29 11:12:19[INFO] 
[ddpg][Episode: 0][Step: 3][Metric tpmC:10926.47 tpmTotal:24445.61 Transaction Count:24806]Reward: -0.3069969953338726 Score: -0.9288215963817431 Done: False
2024-05-29 11:12:19[INFO] [ddpg][Episode: 0][Step: 3] Critic: 0.07703665643930435 Actor: 0.005379879614338279
2024-05-29 11:12:19[INFO] [ddpg][Episode: 0][Step: 3] step: 109.05825424194336s env step: 109.03351998329163s train step: 0.008647322654724121s restart time: 44.585304260253906s action time: 0.0009288787841796875s
2024-05-29 11:12:19[INFO] [ddpg][Episode: 0][Step: 3][Average] step: 109.05825424194336s env step: 109.03351998329163s train step: 0.008647322654724121s restart time: 44.585304260253906s action time: 0.001551508903503418s
2024-05-29 11:12:19[INFO] [ddpg] Action: [0.07854816 1.         0.49342403 0.62802553 0.34821898 0.43387407
 0.68031615 0.         0.14823525 0.3544146  0.7208381  1.
 0.2450078  1.         0.8844678  0.20831916 0.7998683  0.688735
 0.         0.7637687  0.41826695 0.3615194  0.5639274  0.811584
 0.2658696  0.40450773 0.02463908 0.62769216 1.         0.5228796
 0.87152964 0.11202921 0.6785514  0.6824878  0.19149028 1.
 0.74526834 0.         0.77392274 0.03510915 0.21638756 0.
 0.3224556  0.13331012 0.5684223  0.6190324  0.73832035 0.42473853
 0.5716938  0.5388833  0.76083374 0.354195   0.21350826 0.97865003
 0.904565   0.17349267 0.         0.67534125 0.         0.37269148
 0.02615092 0.34072942 0.19475478 0.72035444 0.40147057 0.
 1.         0.4288529  0.33721316 0.08036025 0.23484053 0.49784264
 1.         0.6573701  0.9264579  0.1890674  0.5461503  0.5698573
 0.30830118 1.         1.         0.5901033  0.8843978  0.7177166
 0.75920033 0.36202955 1.         0.43658733 1.         0.04524062
 0.43226987 0.3958523  0.9912404  0.36686838 0.4568501  0.
 1.         0.40976867 0.7277943  0.0808341  0.38561904 0.43890497
 0.63934547 0.6042422  0.70448273 0.6796992  0.6551498  0.6968572
 0.31084806 0.79760814 0.5479245  0.7165464  0.26607487 0.09871393
 0.37365064 0.65329367 1.         0.51765436 1.         0.47585157
 1.         1.         0.5120362  0.59214187 0.38350475 1.
 0.945054   0.46894082 0.6883294  0.34997755 0.74725384 0.88282293
 0.43699867 1.         0.16619086 0.42041725 0.1899377  0.41311005
 1.         0.26784647 0.62072194 0.38025796 0.         0.3142557
 0.85991    0.70325375 0.9071139  0.86405176 0.537501   0.34361166
 0.6331154  0.36533886 0.5397611  0.47969222 0.88412064 0.50913274
 0.50015163 0.45206356 0.9953301  1.         0.0061374  0.7740296
 0.6835083  0.3083673  0.08887845 0.68186265 0.         0.8153198
 0.7540553  0.7280078  0.6667015  0.6889087  0.6008544  0.52936685
 0.55423987 0.535476   0.95900583 0.92147624 0.55935276 0.8411253
 0.5549416  0.5107756  0.69608176 0.30099192 0.3606211  0.8420848
 1.         0.31922024 0.5914275  0.3727661  1.         0.56104326
 0.80976343 0.7727957  0.6583624  0.3126257  0.7448992 ]
2024-05-29 11:14:07[INFO] 
[ddpg][Episode: 0][Step: 4][Metric tpmC:11210.75 tpmTotal:24984.21 Transaction Count:25064]Reward: -0.3545984783416959 Score: -1.283420074723439 Done: False
2024-05-29 11:14:07[INFO] [ddpg][Episode: 0][Step: 4] Critic: 0.09036398803194363 Actor: 0.005525504161293308
2024-05-29 11:14:07[INFO] [ddpg][Episode: 0][Step: 4] step: 108.52895760536194s env step: 108.50510597229004s train step: 0.008491992950439453s restart time: 44.62200212478638s action time: 0.0007624626159667969s
2024-05-29 11:14:07[INFO] [ddpg][Episode: 0][Step: 4][Average] step: 108.52895760536194s env step: 108.50510597229004s train step: 0.008491992950439453s restart time: 44.62200212478638s action time: 0.0013936996459960938s
2024-05-29 11:14:07[INFO] [ddpg] Action: [0.45328438 0.95615304 0.6671876  0.44094294 0.31052735 0.6317936
 0.39081386 0.10854182 0.6242162  0.71727127 0.87669784 0.8112329
 0.64685434 0.99025816 0.80023354 0.1068123  0.7063324  0.424415
 0.         0.8642897  0.8204314  0.12487738 0.40509692 0.8768858
 0.63619196 0.5254987  0.03262207 0.7520376  0.7279701  0.49800906
 1.         0.01842612 0.7588026  0.7244187  0.03705745 1.
 0.889036   0.         0.88858235 0.03906406 0.00499443 0.16596523
 0.00236464 0.         0.71924    0.5970358  0.6555717  0.5771863
 0.71261346 0.5909876  0.5880639  0.38182762 0.20180795 1.
 1.         0.25337148 0.06937727 0.6271901  0.         0.44780812
 0.         0.5719129  0.         0.67506266 0.78809613 0.02626366
 0.9987599  0.56728506 0.20497978 0.00232763 0.27790597 0.9161385
 0.8377193  0.8296508  0.5274364  0.35854048 0.7043689  0.4936279
 0.34662056 1.         0.761709   0.4709912  0.72246367 0.6609626
 0.40165097 0.0199876  1.         0.72034055 1.         0.25607064
 0.63531196 0.2688048  0.71921265 0.47014642 0.27895826 0.4077461
 1.         0.41599086 0.71135026 0.16938253 0.48037815 0.66129154
 0.65747195 0.87225294 0.6677028  0.33184552 0.7223726  0.8371652
 0.50817305 0.68725526 0.63791245 0.45956373 0.31446898 0.39677608
 0.         0.5670765  0.9319689  0.25117603 1.         0.
 0.9867761  1.         0.30289498 0.45635644 0.18818541 0.85882485
 0.9041461  0.8095342  0.5256671  0.6044677  0.6961456  1.
 0.65810144 1.         0.25643325 0.3191542  0.21288626 0.37708563
 0.82304585 0.3496612  0.66777605 0.4460502  0.         0.
 0.8898857  0.6967279  1.         0.91041154 0.46247652 0.5092179
 0.58245414 0.63060355 0.27246046 0.40407974 1.         0.48841557
 0.6357928  0.34765026 0.69950706 1.         0.10059107 0.4154188
 0.20835292 0.4043438  0.39902896 0.904728   0.         0.82616484
 0.58759266 0.83525497 0.3121527  0.5120958  0.52699226 0.64057714
 0.22184804 0.5200096  0.8180186  0.9744189  0.67956567 0.8185535
 0.845476   0.6486841  0.34392825 0.55980134 0.4132541  0.85593414
 1.         0.         0.8156086  0.42208472 1.         0.73395807
 0.6165953  0.75643283 0.48509032 0.16649458 0.59859747]
2024-05-29 11:15:56[INFO] 
[ddpg][Episode: 0][Step: 5][Metric tpmC:11172.84 tpmTotal:24627.28 Transaction Count:24717]Reward: -0.3227581650452268 Score: -1.6061782397686657 Done: False
2024-05-29 11:15:56[INFO] [ddpg][Episode: 0][Step: 5] Critic: 0.09030391788110137 Actor: 0.005467977782245725
2024-05-29 11:15:56[INFO] [ddpg][Episode: 0][Step: 5] step: 108.3554015159607s env step: 108.33076763153076s train step: 0.008901476860046387s restart time: 44.57581353187561s action time: 0.0007522106170654297s
2024-05-29 11:15:56[INFO] [ddpg][Episode: 0][Step: 5][Average] step: 108.3554015159607s env step: 108.33076763153076s train step: 0.008901476860046387s restart time: 44.57581353187561s action time: 0.0012867848078409831s
2024-05-29 11:15:56[INFO] [ddpg] Action: [0.47968304 1.         0.5802733  0.73688596 0.41419727 0.8853068
 0.19078925 0.23659039 0.3977818  0.75164706 0.7908274  0.555646
 0.48275298 0.84483856 0.4916822  0.19690181 0.24816386 0.6765703
 0.         0.7941028  0.72475886 0.3920849  0.5706714  1.
 0.88723254 1.         0.06290096 0.7677765  0.78881115 0.51170814
 0.71813244 0.04354052 0.91983867 0.47844696 0.19923064 0.8978798
 0.6897805  0.         0.8461268  0.4491563  0.3113131  0.5701118
 0.24978176 0.0380145  0.53007954 0.54375654 0.6902126  0.68033916
 0.2354419  0.8912464  0.84149843 0.5863164  0.621428   0.7745619
 1.         0.25139806 0.5080336  0.66226983 0.03258799 0.35469466
 0.22850987 0.771373   0.         0.9309253  0.90367955 0.
 0.80662096 0.4283069  0.         0.26824608 0.4370845  0.77143854
 0.9804706  0.90266895 0.5894265  0.1710271  0.9183459  0.6809653
 0.33356026 0.78118175 0.62623453 0.37298912 0.58500195 0.5461183
 0.6237159  0.06422643 1.         0.31496012 0.71923006 0.1402392
 0.5420874  0.39555663 0.91351914 0.4822546  0.6822224  0.23504423
 1.         0.4579236  0.67902654 0.         0.34179744 0.47412923
 0.75209564 1.         0.42403257 0.17010541 0.34597978 0.41823196
 0.5277622  0.55762917 0.60590744 0.4992821  0.14736784 0.6008129
 0.2655733  0.6696909  0.6551806  0.07918774 1.         0.
 0.62109554 0.6683882  0.4408846  0.38757303 0.         0.7289474
 1.         1.         0.6707143  0.535036   0.60475457 0.6940712
 0.3166131  0.8514624  0.36482966 0.5378187  0.14349967 0.5686206
 0.71482325 0.4107269  1.         0.1498723  0.         0.
 0.71322495 0.72225636 1.         1.         0.44237572 0.25912583
 0.23956062 0.39781645 0.15049903 0.69461006 0.9570284  0.4559809
 0.6530441  0.7170447  0.52360785 1.         0.020169   0.7029534
 0.15189673 0.24225757 0.24658954 0.4358202  0.05468938 0.59755397
 0.19918069 0.7390156  0.27020627 0.9280256  0.5390151  0.66383314
 0.21171045 0.9628537  0.6355277  1.         0.62492293 0.8430597
 0.59057605 0.8462904  0.16349798 0.62988484 0.70909816 0.7976938
 1.         0.456843   0.74931306 0.39388704 0.9374026  1.
 0.7403365  0.7579272  0.79080766 0.         0.83054096]
