2024-05-30 21:01:10[INFO] 
[Env initialized][Metric tpmC: 9404.93 tpmTotal: 21164.8 Transaction Count: 21452]
2024-05-30 21:01:10[INFO] [ddpg] Action: [0.33991247 0.86372304 0.18165928 0.7567446  0.6310487  0.545763
 0.67233133 0.3624183  0.6556151  0.5640994  0.5217639  0.7468101
 0.52844185 0.40163454 0.33481848 0.5032887  0.84517527 0.5654701
 0.68237686 0.73951    0.6028328  0.47643107 0.6845684  0.30957028
 0.39771438 0.46055493 0.64130414 0.42180067 0.48835605 0.61326563
 0.8684296  0.32904544 0.34087265 0.70412177 0.307286   0.31008798
 0.45601916 0.30438614 0.62862355 0.61594236 0.30466112 0.35971195
 0.68613136 0.24994491 0.26565045 0.5598752  0.33120185 0.5200314
 0.414187   0.46203837 1.         0.6255764  0.46366042 0.5765266
 0.62261915 0.         0.43987364 0.49709523 0.6758495  0.48608035
 0.5620693  0.30886123 0.93812454 0.27444157 0.22747667 0.36832407
 0.36380398 0.18550614 0.66408384 0.6183129  0.25751582 0.6153546
 0.49750933 0.8080535  0.29305318 0.61175036 0.8518793  0.51246876
 0.3771059  0.21031968 0.         0.43702832 0.8327466  0.630827
 0.36701158 0.43447024 0.39372906 0.54737973 0.3952991  0.67056614
 0.50469947 0.45672327 0.69536173 0.69456345 0.7492834  0.19835824
 0.5125904  0.49194995 0.         0.33333975 0.9571471  0.374759
 0.35775295 0.68102103 0.21297821 0.55245864 0.49321023 0.4936996
 0.39933392 0.5450242  0.38129455 0.418685   0.02028897 0.781088
 0.4218653  0.4129303  0.65580386 0.8618696  0.37464175 0.65327805
 0.7420431  0.08578143 0.42559916 0.9225662  0.38056245 0.32477686
 0.41244614 0.35144597 0.39597005 0.8140774  0.36539632 0.44867733
 0.2957075  0.6311398  0.50231695 0.3348298  0.46033528 0.4571432
 0.38205716 0.24208689 0.678554   0.2469067  0.5688038  0.500538
 0.01641104 0.5668244  0.56282955 0.26454756 0.23490381 0.6242472
 0.6284018  0.3065533  0.5461127  0.5043397  0.7754824  0.6762136
 0.68255174 0.7358154  0.46692115 0.36330077 0.757788   0.5368041
 0.65246737 0.84333014 0.52774954 0.674361   0.39525205 0.66938084
 0.7553154  0.314984   0.7776146  0.16505481 0.18865868 0.68316126
 0.7113323  0.42607853 0.06687439 0.19723117 0.48021945 0.5325331
 0.09759984 0.18298641 0.66024214 0.44448438 0.36564365 0.26053223
 0.427304   0.59841716 0.5020587  0.1546975  0.15708344 0.53929466
 0.41708836 0.41564253 0.18561752 0.28514296 0.680578  ]
2024-05-30 21:02:54[INFO] 
[ddpg][Episode: 0][Step: 0][Metric tpmC:10711.96 tpmTotal:23918.77 Transaction Count:24322]Reward: -0.05251448832209188 Score: -0.05251448832209188 Done: False
2024-05-30 21:02:54[INFO] [ddpg][Episode: 0][Step: 0] step: 104.14520645141602s env step: 104.12775754928589s train step: 0.0s restart time: 39.537837982177734s action time: 0.011167049407958984s
2024-05-30 21:02:54[INFO] [ddpg][Episode: 0][Step: 0][Average] step: 104.14520645141602s env step: 104.12775754928589s train step: 0.0s restart time: 39.537837982177734s action time: 0.011167049407958984s
2024-05-30 21:02:54[INFO] [ddpg] Action: [0.5526367  1.         0.202281   0.71226597 0.43442282 0.3388016
 0.67089593 0.12451244 0.7032221  0.6913986  0.7667611  0.8004385
 0.3202428  0.5742057  0.35534966 0.46548828 0.7277243  0.52954626
 0.28258455 1.         0.67491853 0.63720804 0.5261973  0.40281427
 0.513343   0.575216   0.57247514 0.47885734 0.7767407  0.32845268
 0.79508114 0.2113197  0.09012686 0.63361526 0.3475708  0.7065867
 0.6519659  0.55103546 0.31021708 0.42186996 0.4835805  0.46470955
 1.         0.06367899 0.65632623 0.59091234 0.02983104 0.5902601
 0.57278454 0.6577226  0.93466485 0.87439334 0.3003447  0.7827036
 0.59958476 0.         0.72490466 0.242739   0.6901479  0.6342926
 0.3315132  0.40035325 1.         0.14476089 0.5225409  0.32588622
 0.6503787  0.4540123  0.95896    0.49074048 0.         0.52563316
 0.7056197  0.63631934 0.24418096 0.61049485 0.6051762  0.3502541
 0.18816754 0.16251148 0.         0.2762321  0.7754202  0.6940523
 0.39494365 0.570209   0.4475858  0.66055816 0.39549196 0.62545323
 0.52074546 0.7620052  0.6806777  0.6486932  0.8687953  0.0362919
 0.48530167 0.671022   0.02927263 0.68489546 0.75628906 0.56524974
 0.28624344 0.78952086 0.         0.27191108 0.13485512 0.82393557
 0.5701427  0.38889    0.28276107 0.41524935 0.25017065 0.97021306
 0.26784208 0.7726417  0.46657613 0.6846746  0.31791565 0.9607437
 1.         0.07420109 0.98237103 0.8670801  0.5291737  0.25222266
 0.40646127 0.3874481  0.49866167 0.7532558  0.09183757 0.5758307
 0.18482304 0.3864521  0.42628026 0.         0.38547623 0.31932202
 0.20835717 0.151875   0.65377975 0.04568969 0.4302677  0.94295734
 0.         0.3801928  0.42213383 0.26216567 0.30308992 0.54324836
 0.63323164 0.5728196  0.5801317  0.34479395 0.9924144  0.66743463
 0.31272745 0.61241335 0.35116926 0.33730742 0.8030361  0.31072265
 0.6875194  0.7008998  0.52443284 0.8358807  0.60541505 0.6628671
 0.7203693  0.83329165 0.3136914  0.06104742 0.02306638 0.86288387
 1.         0.77967393 0.20894183 0.58011174 0.64464116 0.3241338
 0.         0.2296249  0.5452456  0.49282125 0.27616552 0.26719016
 0.4418712  1.         0.47748715 0.08082768 0.3928375  0.58338773
 0.5201809  0.22180378 0.10847676 0.10138588 0.5366179 ]
