2024-05-31 12:21:24[INFO] 
[Env initialized][Metric tpmC: 9219.72 tpmTotal: 20301.61 Transaction Count: 20506]
2024-05-31 12:21:24[INFO] [ddpg] Action: [0.5521139  0.5172288  0.78924227 0.5558722  0.5111043  0.51570493
 0.26859367 0.3681234  0.25530243 0.5840626  0.0939272  0.60264206
 0.7388439  0.4298807  0.3673423  0.50659806 0.52449685 0.57822007
 0.54615766 0.7044719  0.51810473 0.5127003  0.46680558 0.20458487
 0.3477372  0.39862505 0.11622978 0.86733955 0.79911    0.66256046
 0.67392534 0.6965476  0.38122606 0.46752137 0.11726174 0.8634995
 0.5155886  0.4547885  0.32431734 0.5749344  0.77124304 0.1776931
 0.19252302 0.09974661 0.8456921  0.64549065 0.43478563 0.45040533
 0.4016332  0.4119951  0.5087701  0.41270652 0.6493496  0.68344444
 0.61907357 0.6779517  0.4904841  0.75044906 0.3901313  0.76058036
 0.30326355 0.5913546  0.32493943 0.45853943 0.10430674 0.39103308
 0.5583284  0.2138171  0.93578786 0.43665695 0.07903526 0.8779683
 0.691357   0.06427588 0.5180129  0.53362495 0.5062419  0.6506381
 0.508599   0.595613   0.97223467 0.01370518 0.7974614  0.72875404
 0.30913556 0.36944544 0.64191633 0.7174908  0.43436816 0.6157473
 0.55196506 0.5927146  0.6215562  0.7103338  0.5098445  0.6387085
 0.4390477  0.00976725 0.26995313 0.37964615 0.23987257 0.14719339
 0.45262662 0.40696254 0.5642385  0.1699121  0.51745266 0.5287038
 0.62023747 0.5594908  0.34157634 0.69371223 0.5929341  0.68298197
 0.81700057 0.5682381  0.4704009  0.69062775 0.8904049  0.39818934
 0.20232071 0.52550286 0.58000624 0.7542226  0.4797086  0.4016349
 0.87971646 0.58111    0.45076254 0.71797323 0.48991388 0.43514225
 0.7340464  0.43768328 0.16209361 0.21793692 0.5435614  0.4553955
 0.58752614 0.9113877  1.         0.6429882  0.3037797  0.22597182
 0.34150955 0.63761276 0.87753797 0.68070036 0.45460725 0.62779975
 0.4592248  0.556836   0.3876217  0.35314626 0.5729668  0.40018392
 0.7144315  0.6151371  0.55605304 0.29352403 0.3264276  0.59950954
 0.6370228  0.3163121  0.8417114  0.68738335 0.17705277 0.7585575
 0.42356014 0.67445654 0.5975259  0.46934602 0.5647946  0.20822556
 0.49700052 0.3530395  0.5025393  0.35456717 0.07832667 0.5823766
 0.41346076 0.51211745 0.52708775 0.46913847 0.6547367  0.64868534
 0.49174288 0.61165893 0.965972   0.61434406 0.52921677 0.59966916
 0.22892006 0.96188784 0.7879349  0.4340553  0.57425517]
2024-05-31 12:23:07[INFO] 
[ddpg][Episode: 0][Step: 0][Metric tpmC:10869.95 tpmTotal:24153.37 Transaction Count:24408]Reward: 459823.996519089 Score: 0.45982399651908895 Done: False
2024-05-31 12:23:07[INFO] [ddpg][Episode: 0][Step: 0] step: 103.75548052787781s env step: 103.74191427230835s train step: 0.0s restart time: 39.54756164550781s action time: 0.0069544315338134766s
2024-05-31 12:23:07[INFO] [ddpg][Episode: 0][Step: 0][Average] step: 103.75548052787781s env step: 103.74191427230835s train step: 0.0s restart time: 39.54756164550781s action time: 0.0069544315338134766s
2024-05-31 12:23:07[INFO] [ddpg] Action: [0.6423217  0.6023433  0.71051794 0.5341856  0.4674407  0.5525944
 0.25264367 0.         0.4097632  0.3784836  0.         0.92766416
 0.76163065 0.6117739  0.287913   0.23449604 0.5788944  0.72027814
 0.40133858 0.65509623 0.36155856 0.5971858  0.3050846  0.22658996
 0.55409056 0.1129395  0.32924265 0.632249   0.47175732 0.9139788
 0.8757851  0.60411197 0.677211   0.4487996  0.32298702 1.
 0.57583207 0.6851362  0.2338944  0.4748561  0.9254842  0.46431488
 0.2677149  0.27979246 1.         0.6178489  0.49816644 0.4996552
 0.27902862 0.38709027 0.2514651  0.3699187  0.6693598  0.63841456
 0.73273253 0.4074374  0.49317566 0.6402872  0.6659964  0.62757134
 0.47621286 0.4265178  0.7801825  0.22282809 0.08987703 0.6007283
 0.4065759  0.26010162 0.7926358  0.33497638 0.46281093 0.764543
 0.6819256  0.12828846 0.44402677 0.43962398 0.42317927 0.91860473
 0.3903696  0.90498966 0.99276054 0.01082883 0.7183925  1.
 0.6953939  0.45164573 0.6179668  1.         0.50974166 0.597623
 0.3160921  0.88956726 0.8029103  0.45361215 0.22148046 0.67273843
 0.3736959  0.07343553 0.39466053 0.09833856 0.42486843 0.3524894
 0.833812   0.60475093 0.71940595 0.37262437 0.7545313  0.3853539
 0.7889136  0.7018663  0.71393955 0.6674739  0.4678476  0.48035833
 0.713201   0.6366473  0.5157132  0.44487396 1.         0.86877525
 0.33878455 0.680516   0.48869258 0.8148602  0.33306843 0.04221445
 0.85069036 0.4940484  0.33236802 0.51089066 0.6307033  0.5806567
 0.50463307 0.24820262 0.32154384 0.19643092 0.6920969  0.53263444
 0.5930268  0.79595107 1.         0.43225753 0.5222461  0.5729687
 0.8007638  0.60249627 0.3772008  0.870835   0.2053989  0.8654103
 0.5649685  0.2630032  0.17347337 0.28395292 0.37822843 0.5199649
 0.73977697 0.25576544 0.5851361  0.36334926 0.00763129 0.21845014
 0.9682514  0.33890814 0.53951985 0.9491956  0.2094315  0.6220925
 0.5238517  1.         0.6899792  0.72271234 0.28952575 0.
 0.31451875 0.2697579  0.2832152  0.44856676 0.         0.4154035
 0.53719604 0.6617289  0.79260665 0.5159341  0.5742401  0.11198161
 0.6310592  0.82807004 0.80509704 0.34137985 0.97685003 0.45367837
 0.15464182 0.80654484 0.8304396  0.540845   0.85505563]
2024-05-31 12:24:56[INFO] 
[ddpg][Episode: 0][Step: 1][Metric tpmC:10919.63 tpmTotal:24401.94 Transaction Count:24623]Reward: 0 Score: 0.45982399651908895 Done: False
2024-05-31 12:24:56[INFO] [ddpg][Episode: 0][Step: 1] step: 108.750403881073s env step: 108.74308514595032s train step: 0.0s restart time: 44.61691927909851s action time: 0.0009372234344482422s
2024-05-31 12:24:56[INFO] [ddpg][Episode: 0][Step: 1][Average] step: 108.750403881073s env step: 108.74308514595032s train step: 0.0s restart time: 44.61691927909851s action time: 0.003945827484130859s
2024-05-31 12:24:56[INFO] [ddpg] Action: [0.3982719  0.47826433 0.46570444 0.44407052 0.41328242 0.5744641
 0.         0.054871   0.5984484  0.04959175 0.15043515 0.9491657
 0.55039096 0.81205404 0.28269345 0.173281   0.8352124  0.3874019
 0.17897232 0.84010863 0.3714666  0.47107023 0.21639743 0.32183442
 0.1343337  0.28978842 0.06742382 0.8061341  0.30633637 1.
 0.47491688 0.32861406 0.7769385  0.53340024 0.31201956 1.
 0.7350405  0.87125945 0.45611453 0.7956489  0.4232753  0.35254166
 0.17658697 0.24045458 1.         0.41836444 0.26382527 0.35897577
 0.13854073 0.28811067 0.28969264 0.364072   0.67429954 0.45503366
 1.         0.33077705 0.50911367 0.78963846 0.62597847 0.8073386
 0.4423327  0.6858831  0.9589658  0.47573638 0.09736435 0.6810461
 0.34588808 0.31962958 0.8602226  0.50976276 0.5077336  0.6546967
 0.60401905 0.         0.49877143 0.41721568 0.29887736 0.94745636
 0.5739107  0.8184331  1.         0.07099614 0.80702233 0.8568924
 0.5033469  0.5828976  0.6372007  1.         0.704309   0.77383
 0.52089405 0.49568892 1.         0.7424575  0.14079006 0.59359694
 0.55032814 0.2266206  0.08558073 0.56008667 0.38813815 0.16257216
 0.91109926 0.59173715 0.6182228  0.51527655 0.5420909  0.58115566
 0.9693116  0.7559244  0.51694477 0.6997082  0.5384425  0.13635178
 1.         0.24538869 0.5939492  0.2121518  1.         0.9283097
 0.40042958 0.5383875  0.8620144  0.8799253  0.08128338 0.01906293
 0.98203546 0.5426088  0.45773456 0.41933924 0.78946006 0.7808762
 0.55951834 0.26773083 0.80773175 0.34363556 0.59509456 0.34574178
 0.85820824 0.692695   1.         0.35039997 0.72447795 0.74919486
 0.62673044 0.4235525  0.34387767 0.65492004 0.23029867 0.7332545
 0.9147543  0.36554524 0.10465726 0.29209194 0.3221929  0.78375703
 0.6424668  0.18470913 0.31077102 0.5107126  0.20304213 0.31611514
 0.9888789  0.2348026  0.56883645 1.         0.7135709  0.53157264
 0.73399955 0.81272954 0.5130971  0.66658777 0.49293655 0.
 0.5406893  0.3021637  0.55445766 0.623834   0.         0.30907223
 0.5915205  0.424832   0.77432203 0.6108726  0.7306865  0.05478955
 0.6964451  0.63293725 0.84502876 0.59841037 0.81211525 0.631954
 0.08788646 0.675205   0.6865041  0.77999383 0.6968561 ]
2024-05-31 12:26:45[INFO] 
[ddpg][Episode: 0][Step: 2][Metric tpmC:10273.24 tpmTotal:22832.82 Transaction Count:23118]Reward: 0 Score: 0.45982399651908895 Done: False
2024-05-31 12:26:46[INFO] [ddpg][Episode: 0][Step: 2] Critic: 211438108672.0 Actor: 0.005623610224574804
2024-05-31 12:26:46[INFO] [ddpg][Episode: 0][Step: 2] step: 109.6991868019104s env step: 108.99797630310059s train step: 0.347196102142334s restart time: 44.63501214981079s action time: 0.0009152889251708984s
2024-05-31 12:26:46[INFO] [ddpg][Episode: 0][Step: 2][Average] step: 109.6991868019104s env step: 108.99797630310059s train step: 0.347196102142334s restart time: 44.63501214981079s action time: 0.002935647964477539s
2024-05-31 12:26:46[INFO] [ddpg] Action: [0.59278953 0.5506133  0.52291495 0.42593828 0.6831249  0.3678209
 0.17399354 0.09684584 0.77313507 0.35012972 0.4366798  0.82224876
 0.7784907  0.90492314 0.03175901 0.07839206 0.4853276  0.85522413
 0.2348084  0.81653464 0.2636445  0.71473056 0.00784177 0.2223838
 0.22819977 0.58232594 0.14447485 0.36618894 0.39074078 1.
 0.44720083 0.49330822 1.         0.51613176 0.39134744 0.9379246
 0.523154   0.38089347 0.5387661  0.8967974  0.3796872  0.5423676
 0.42237422 0.25705484 1.         0.42936853 0.05417837 0.2407186
 0.3065518  0.45489892 0.15567839 0.3024765  0.7057975  0.3922749
 1.         0.48891953 0.4958697  0.9195016  0.7388344  0.9782922
 0.10188323 0.5933447  0.9953182  0.6380962  0.39134985 0.53263474
 0.43289736 0.39786068 0.7734442  0.5601975  0.6091691  0.88832355
 0.8837436  0.09051609 0.48780543 0.6767354  0.3861702  1.
 0.33486605 0.26495135 0.97228163 0.         0.5637741  0.63737166
 0.5456907  0.56236714 0.39503038 0.93513936 0.48136666 0.64702696
 0.22589253 0.6071923  0.6706102  0.09237526 0.27143016 0.5291886
 0.58348787 0.32211104 0.2913598  0.5351918  0.9170782  0.39419273
 0.96266717 0.7046212  0.6741401  0.5210104  0.6171329  0.6010087
 0.59468204 0.7704061  0.49663752 0.7252834  0.5589859  0.39617646
 1.         0.12180626 0.8270787  0.42561767 1.         0.7786958
 0.5463895  0.69824874 0.45189112 0.62330204 0.33212337 0.00870096
 1.         0.48898935 0.45148203 0.0749151  1.         0.6165918
 0.70507544 0.         0.39444965 0.388784   0.4787798  0.28285053
 0.6141553  0.8019067  1.         0.25720122 0.83380306 0.7459425
 0.4689993  0.7794215  0.50829697 0.63042    0.         0.5969397
 0.7814947  0.39499334 0.35514176 0.55245936 0.37173846 0.8739702
 0.62754196 0.4585806  0.24324541 0.43052822 0.21800128 0.56942564
 0.84792155 0.2883497  0.5352116  1.         0.75878924 0.5099068
 0.6179378  0.7172699  0.22221753 0.59195256 0.41445142 0.
 0.6051693  0.29167688 0.3006987  0.65251774 0.         0.7893972
 0.62176096 0.5228236  0.6932861  0.6279467  0.7260466  0.
 0.8129498  1.         0.96363586 0.85805655 0.63377833 0.35258996
 0.3052379  0.71234804 0.49327525 0.8290248  0.59456486]
2024-05-31 12:28:35[INFO] 
[ddpg][Episode: 0][Step: 3][Metric tpmC:10428.25 tpmTotal:23325.26 Transaction Count:23610]Reward: 0 Score: 0.45982399651908895 Done: False
2024-05-31 12:28:35[INFO] [ddpg][Episode: 0][Step: 3] Critic: 211438112768.0 Actor: 0.006168223568238318
2024-05-31 12:28:35[INFO] [ddpg][Episode: 0][Step: 3] step: 108.90736532211304s env step: 108.8824028968811s train step: 0.008546710014343262s restart time: 44.55722093582153s action time: 0.0007455348968505859s
2024-05-31 12:28:35[INFO] [ddpg][Episode: 0][Step: 3][Average] step: 108.90736532211304s env step: 108.8824028968811s train step: 0.008546710014343262s restart time: 44.55722093582153s action time: 0.0023881196975708008s
2024-05-31 12:28:35[INFO] [ddpg] Action: [0.83643866 0.912633   0.772403   0.49679375 0.9286487  0.13050169
 0.14336729 0.4288525  0.8995686  0.45450136 0.02502448 1.
 0.73967606 0.8954619  0.         0.13126774 0.44489416 0.5364127
 0.64720273 0.6155154  0.27859253 1.         0.18386807 0.14800194
 0.3644681  0.9757371  0.10015064 0.34868488 0.08347042 0.80989945
 0.14793052 0.59946966 0.7292654  0.9701175  0.6694151  0.97883564
 0.72524333 0.32767156 1.         0.6056648  0.558445   0.34621775
 0.64593965 0.47515896 0.99767596 0.38876066 0.         0.45630094
 0.42841747 0.81091315 0.07747454 0.49194598 0.32726815 0.22564176
 0.89162296 0.46547848 0.5162534  0.9090045  0.5168098  1.
 0.07226511 0.94329566 0.9175196  0.4110414  0.33873308 0.1801596
 0.2703841  0.64922464 0.59582853 0.630309   0.8258238  1.
 0.7486243  0.53000575 0.5936722  0.7124072  0.1460378  1.
 0.59670985 0.606967   0.7540414  0.         0.8002046  0.456695
 0.4385015  0.54971015 0.45618665 0.9511018  0.4018264  0.432138
 0.49819204 0.38990608 0.7179723  0.32418188 0.45484656 0.793921
 0.72548753 0.36738724 0.4761496  0.45598504 0.73470706 0.70343137
 0.95589644 0.69185907 0.8299558  0.41075313 0.6552851  0.70283985
 0.5700273  0.5435228  0.1351746  0.8426228  0.46141002 0.7039805
 1.         0.3085384  0.9844043  0.15660447 0.9421508  0.68773407
 0.87984353 0.6145695  0.6536423  0.42631507 0.26408502 0.02360992
 1.         0.33581945 0.         0.24692252 1.         0.91335255
 0.50795716 0.         0.3661591  0.47983944 0.5216602  0.38346794
 0.34201312 0.7312669  0.75741017 0.29631805 0.7220795  0.6444632
 0.55756754 0.92053944 0.09612309 0.55841625 0.5964675  0.6962809
 0.6494708  0.47505587 0.00855597 0.8092914  0.3748239  0.8304959
 0.80949354 0.18625341 0.17505398 0.         0.04130644 0.5702358
 0.60221547 0.09626412 0.5066949  1.         0.46965468 0.50016296
 0.5858391  0.3735281  0.09465677 0.75226164 0.38092157 0.
 0.66194344 0.63177687 0.46468374 0.9768844  0.1882265  0.7478586
 0.6468825  0.58275837 0.5995975  0.6153671  0.7277146  0.
 0.8104059  1.         1.         0.5279741  0.05525745 0.46437943
 0.50889033 0.49364334 0.5460955  1.         0.34336677]
