2024-05-29 14:45:00[INFO] 
[Env initialized][Metric tpmC: 8472.42 tpmTotal: 18997.08 Transaction Count: 19105]
2024-05-29 14:45:00[INFO] [ddpg] Action: [0.6836228  0.2567234  0.5291203  0.49483886 0.7126976  0.15020233
 0.8811593  0.452537   0.08744071 0.33236945 0.50404036 0.18706167
 0.5274443  0.47334674 0.         0.17769824 0.43104163 0.5619906
 0.54976225 0.5623099  0.5431543  0.5263881  0.42951158 0.6666577
 0.19951922 0.57969207 0.62979865 0.35356864 0.5644082  0.42617956
 0.6663464  0.609637   0.6976691  0.44903606 0.50474393 0.12641333
 0.7048897  0.26887524 0.42281997 0.7957318  0.34806338 0.5575879
 0.17500944 0.4207499  0.34449488 0.49680135 0.456456   0.3860625
 0.4046099  0.07569443 0.363212   0.30392462 0.35387698 0.5761646
 0.31841934 0.42787895 0.52028745 0.6033239  0.8518827  0.02032722
 0.77509284 0.39946815 0.5578521  0.25833863 0.75270003 0.33049682
 0.89457405 0.61850697 0.46019843 0.50519973 0.50781125 0.
 0.5041083  0.30437732 0.745748   0.5590151  0.52445257 0.648645
 0.88679427 0.91619194 0.4470655  0.47230363 0.47827828 0.6968127
 0.25018567 0.30763966 0.35669127 0.534363   0.66220844 0.879626
 0.7726888  0.8384568  0.78845984 0.60727596 0.23574005 0.4451368
 0.3716258  0.5495485  0.7344262  0.6211656  0.3973902  0.16951936
 0.5942915  0.53751934 0.8049858  0.54263455 0.70571804 0.5220514
 0.4259013  0.4539102  0.5442305  0.40647247 0.8153512  0.56409043
 0.83460087 0.5024548  0.5874083  0.32899654 0.29510286 0.7372054
 0.57517123 0.4991881  0.46618864 0.39933294 0.5389537  0.5318641
 0.54774034 0.3160279  0.34472844 0.6629071  0.6535738  0.28536817
 0.96737665 0.43032864 0.37439197 0.08389141 0.86814386 0.21664642
 0.54484934 0.73087054 0.68914557 0.0849841  0.1821734  0.59660196
 0.95422745 0.9786869  0.3730229  0.26374972 0.04859787 0.1705456
 0.3437039  0.83103496 0.28581384 0.42172018 0.44180617 0.54613566
 0.2968273  0.21256848 0.15958123 0.23990442 0.7933662  0.4883937
 0.2794376  0.64751065 0.4637744  0.30292815 0.54860955 0.30463433
 0.6620749  0.64378    0.53299934 0.477894   0.16728117 0.6123261
 0.7346507  0.57487303 0.6780799  0.32878658 0.24045727 0.666788
 0.50783783 0.56434655 0.8141453  0.74521434 0.2505155  0.58048016
 0.63653576 0.44289356 0.55740964 0.58557576 0.31538108 0.57515395
 0.77501535 0.5920431  0.55965465 0.697429   0.19582182]
2024-05-29 14:46:43[INFO] 
[ddpg][Episode: 0][Step: 0][Metric tpmC:11704.67 tpmTotal:25994.93 Transaction Count:26159]Reward: -0.21420900141695198 Score: -0.21420900141695198 Done: False
2024-05-29 14:46:43[INFO] [ddpg][Episode: 0][Step: 0] step: 103.60135412216187s env step: 103.54964137077332s train step: 0.0s restart time: 39.56446838378906s action time: 0.0026798248291015625s
2024-05-29 14:46:43[INFO] [ddpg][Episode: 0][Step: 0][Average] step: 103.60135412216187s env step: 103.54964137077332s train step: 0.0s restart time: 39.56446838378906s action time: 0.0026798248291015625s
2024-05-29 14:46:43[INFO] [ddpg] Action: [0.8486943  0.5641146  0.4469967  0.65277565 0.5802396  0.
 1.         0.73932135 0.28336528 0.30232555 0.7519869  0.
 0.50257653 0.2266386  0.         0.12012965 0.33362097 0.55889267
 0.38598153 0.46036565 0.8380302  0.89437515 0.38759694 0.58050823
 0.14910138 0.31868178 0.7972827  0.63994217 0.74337256 0.39942878
 0.7910436  0.4239019  0.5595176  0.31749678 0.26624942 0.18956862
 0.5111121  0.5472632  0.66931677 0.68841225 0.48406008 0.71998394
 0.         0.33844385 0.31592134 0.702289   0.5780801  0.34463072
 0.6706915  0.31935734 0.45897013 0.38634056 0.26466057 0.517734
 0.06074264 0.4766555  0.9849182  0.8821705  0.8533599  0.31644624
 0.5570931  0.04931831 0.35819668 0.4891733  0.72437435 0.3422315
 0.8878701  0.51020205 0.28537524 0.3561797  0.55502677 0.22790712
 0.50208133 0.10894288 0.47896993 0.5616886  0.6809531  0.41064033
 0.9838998  0.9325194  0.46880034 0.3228942  0.5361438  1.
 0.6667232  0.1159127  0.33860177 0.60913134 0.6844221  0.8852242
 0.49396208 0.8453097  0.71553427 0.67737865 0.         0.33304116
 0.22752759 0.42180526 0.66028184 0.6894204  0.7570168  0.01900774
 0.648225   0.6962828  0.73732924 0.80776864 0.86549634 0.64107615
 0.34560847 0.90029293 0.60366005 0.63709325 0.7768223  0.4882321
 0.8374235  0.6230427  0.63190675 0.7763027  0.47761315 0.80409354
 0.55510134 0.69846946 0.61291695 0.6710625  0.6855449  0.4271826
 0.6751669  0.09341449 0.32782847 0.5154044  0.8327863  0.
 0.74160075 0.1377789  0.59200084 0.         1.         0.25270098
 0.5969227  0.8043824  0.6935442  0.         0.         0.61599946
 1.         0.73601335 0.21211344 0.75825167 0.37204134 0.6164553
 0.262592   0.8727442  0.3511434  0.4581856  0.09097096 0.6247213
 0.4985454  0.24153578 0.20821299 0.1989492  0.6681575  0.33061308
 0.28097636 0.40985608 0.81286186 0.45885855 0.50132143 0.3685251
 0.37807867 0.53992546 0.65393287 0.3051798  0.         0.29627335
 0.8483272  0.67711455 0.804067   0.40571806 0.45613018 0.5291885
 0.52059215 0.628854   0.8333794  0.6877722  0.35712117 0.6294298
 0.77721196 0.46991533 0.7787221  0.3176369  0.6988119  0.5505082
 0.33062446 0.8760169  0.49327207 0.2854523  0.10136595]
2024-05-29 14:48:32[INFO] 
[ddpg][Episode: 0][Step: 1][Metric tpmC:10691.57 tpmTotal:23880.41 Transaction Count:23963]Reward: -0.3343405408990634 Score: -0.5485495423160154 Done: False
2024-05-29 14:48:32[INFO] [ddpg][Episode: 0][Step: 1] step: 108.61521577835083s env step: 108.6080334186554s train step: 0.0s restart time: 44.63338088989258s action time: 0.0008821487426757812s
2024-05-29 14:48:32[INFO] [ddpg][Episode: 0][Step: 1][Average] step: 108.61521577835083s env step: 108.6080334186554s train step: 0.0s restart time: 44.63338088989258s action time: 0.0017809867858886719s
2024-05-29 14:48:32[INFO] [ddpg] Action: [0.84993076 0.41682312 0.35666955 0.5567916  0.6900259  0.22367105
 1.         0.6759521  0.49893877 0.         0.4307689  0.03220309
 0.50917983 0.3291679  0.         0.         0.44226688 0.5183047
 0.53124887 0.42435843 0.86110306 0.955153   0.54966474 0.81208897
 0.6985788  0.29333505 0.6930409  0.7012463  0.35415664 0.5394891
 0.79266596 0.40638056 0.55266327 0.52671105 0.13848977 0.352736
 0.6102405  0.49616602 0.6091478  0.6103389  0.42028525 0.64784074
 0.0842744  0.61369544 0.58783764 0.69047993 0.69769186 0.27172714
 0.55677575 0.31435767 0.69108087 0.45543012 0.24881545 0.46744314
 0.33860555 0.06293809 1.         0.72944987 0.62690926 0.2610725
 0.6510683  0.38104218 0.59612083 0.5363294  0.8924157  0.67821586
 0.62165844 0.         0.6427056  0.3774777  0.49963498 0.10300434
 0.47050932 0.18942596 0.49572757 0.38026854 0.15243272 0.29710516
 0.5839239  1.         0.61766833 0.583341   0.48438305 0.9904031
 0.52854955 0.09836658 0.40664402 0.6364157  0.724888   0.7541172
 0.318521   1.         0.642463   0.93377864 0.0283269  0.42353135
 0.64079744 0.7543331  0.48671138 0.53395545 0.5373922  0.01681555
 0.26710406 0.77530044 0.5276404  1.         0.6493425  0.54356545
 0.29761353 0.8918668  0.51563686 0.8050901  0.73118466 0.5991786
 0.47996956 0.649853   0.81881475 1.         0.47424763 0.7995196
 0.66296774 0.8211995  0.69745916 0.68540907 0.77322954 0.19197181
 0.9878096  0.02054884 0.258043   0.52416027 1.         0.
 0.37460798 0.3852498  0.75948757 0.         0.6503852  0.38531563
 0.90201366 0.47276488 0.8864855  0.02387752 0.44934633 0.83405197
 1.         0.8379498  0.         1.         0.3383796  0.6394392
 0.4288147  0.7914983  0.13925105 0.6551887  0.01770165 0.21599838
 0.6137557  0.56123674 0.09903748 0.20668514 0.50411254 0.19187479
 0.45640865 0.15034957 0.39586464 0.65724146 0.8946668  0.48541445
 0.18772861 0.7491464  0.67990786 0.30871305 0.19780248 0.29444304
 1.         0.5288859  0.5104659  0.2940489  0.7935779  0.8233287
 0.5446365  0.5783811  0.810548   0.39717764 0.46639365 0.6447432
 0.6729553  0.67406446 0.6611337  0.5124415  1.         0.5324704
 0.15569265 1.         0.46671405 0.45249027 0.3840378 ]
2024-05-29 14:50:20[INFO] 
[ddpg][Episode: 0][Step: 2][Metric tpmC:10164.47 tpmTotal:22321.62 Transaction Count:22414]Reward: -0.2050244974833193 Score: -0.7535740397993347 Done: False
2024-05-29 14:50:21[INFO] [ddpg][Episode: 0][Step: 2] Critic: 0.08123695105314255 Actor: -0.05310319364070892
2024-05-29 14:50:21[INFO] [ddpg][Episode: 0][Step: 2] step: 108.99377012252808s env step: 108.47367739677429s train step: 0.25636565685272217s restart time: 44.586230516433716s action time: 0.0008993148803710938s
2024-05-29 14:50:21[INFO] [ddpg][Episode: 0][Step: 2][Average] step: 108.99377012252808s env step: 108.47367739677429s train step: 0.25636565685272217s restart time: 44.586230516433716s action time: 0.0014870961507161458s
2024-05-29 14:50:21[INFO] [ddpg] Action: [0.63361496 0.39861402 0.37926796 0.76457196 0.78864783 0.70286506
 0.8902137  0.5664728  0.42618015 0.         0.4171118  0.
 0.27985755 0.39121294 0.         0.         0.5191483  0.5827692
 0.68177235 0.3528504  0.7596953  0.66834885 0.40976894 0.8929291
 0.9635326  0.06303757 0.6250484  0.7383174  0.34731838 0.6085921
 0.7495256  0.30796742 0.85512143 0.72452873 0.         0.35270625
 0.3420965  0.9351922  0.6402068  0.5888325  0.69976383 0.7847019
 0.2668453  0.71990913 0.4971273  1.         0.5935336  0.4610891
 0.62150025 0.1360602  0.67622674 0.51278865 0.22074151 0.55474335
 0.46710166 0.         1.         1.         0.85506225 0.14733402
 0.828135   0.4447382  0.20595722 0.51059306 1.         0.7510454
 0.41426238 0.2296161  1.         0.00802817 0.30540174 0.1525592
 0.43758896 0.2645675  0.4763936  0.19779971 0.19421874 0.
 0.3762215  1.         0.41812757 0.9818878  0.3347273  0.8813572
 0.19577774 0.30536014 0.55809194 0.8173086  0.41163695 0.80841106
 0.24724044 1.         0.52203804 1.         0.         0.2828388
 0.3372299  1.         0.45178047 0.28369665 0.6634231  0.49647176
 0.20711875 0.6955389  0.517253   0.93993276 0.74357826 0.41244403
 0.09232415 1.         0.61911595 0.44188747 0.7963799  0.36663416
 0.3297113  0.30998188 0.89926916 1.         0.6366038  0.9878493
 0.5921578  0.63219535 0.6352682  0.6786436  0.8883547  0.4958397
 1.         0.         0.23086277 0.46319136 1.         0.
 0.         0.3766417  0.79145986 0.0458113  0.7103196  0.0404018
 1.         0.5468472  1.         0.         0.8345574  1.
 0.9062096  0.5781861  0.         1.         0.19723347 0.94924897
 0.08974122 1.         0.         0.78468686 0.15335023 0.01037594
 0.26878652 0.44676715 0.21506703 0.         0.4520473  0.44768536
 0.35190317 0.23226997 0.33496052 0.47790495 0.6954419  0.6899612
 0.52237415 0.7252279  0.7753359  0.         0.14494829 0.29640505
 1.         0.24286133 0.45865175 0.27407497 1.         0.99022484
 0.5111286  0.2029452  0.92634296 0.6614353  0.10459176 0.55083483
 0.58528477 0.14091103 0.62114954 0.6744136  1.         0.48033732
 0.256612   0.8399023  0.44757336 0.20081758 0.4332889 ]
