2024-05-29 19:25:36[INFO] 
[Env initialized][Metric tpmC: 10487.52 tpmTotal: 23366.47 Transaction Count: 23420]
2024-05-29 19:25:36[INFO] [ddpg] Action: [0.42876804 0.335818   0.457968   0.60980976 0.5072538  0.3099501
 0.5616228  0.62368774 0.84065396 0.7942158  0.5027156  0.5048936
 0.5427916  0.90139806 0.61842555 0.67645454 0.55768156 0.4855351
 0.4610747  0.50855523 0.61720437 0.9751118  0.42172766 0.58378845
 0.42647484 0.7608528  0.36454073 0.8674256  0.3426143  0.33921438
 0.5550073  0.58331585 0.57519394 0.39520535 0.         0.70028335
 0.4453841  0.25194705 0.23775162 0.6211427  0.40329337 0.5273917
 0.25489783 0.6965285  0.20611484 0.7479542  0.58798707 0.56300914
 0.6925996  0.28998962 0.30539346 0.40443146 0.4960164  0.8787786
 0.6327528  0.5297016  0.7185514  0.5747764  0.3123561  0.4048737
 0.30075425 0.62327117 0.47535428 0.53271675 0.4702432  0.3994646
 0.9451616  0.837626   0.33638313 0.40991354 0.5220218  0.45747608
 0.09485725 0.47451428 0.7651689  0.67635435 0.20036939 0.47888568
 0.6230637  0.45107117 0.45392892 0.3858696  0.7602648  0.7142888
 0.31753787 0.22239082 0.6665396  0.6449197  0.17385033 0.528684
 0.5047882  0.31591097 0.62902415 0.861735   0.41786376 0.1813555
 0.5705975  0.3095832  0.70424736 0.6760201  0.24314342 0.9016168
 0.45065668 0.06236378 0.81275773 0.83839625 0.38204464 0.57535815
 0.8441317  0.3463072  0.16552038 0.50069684 0.35766047 0.67260253
 0.6130719  0.6457698  0.5968356  0.44787976 0.49997056 0.5181615
 0.39725667 0.50203717 0.56663185 0.32662636 0.47933125 0.31581986
 0.4782705  0.55371916 0.34493273 0.6972599  0.3809733  0.5397568
 0.4171794  0.42868045 0.53717184 0.46540892 0.7884307  0.5013503
 0.23971479 0.19154802 0.         0.74766797 0.41326472 0.18086925
 0.44021422 0.38060254 0.6920466  0.46642736 0.5252078  0.26823387
 0.525048   0.9237203  0.39067933 0.5589342  0.49476638 0.65742236
 0.33228606 0.43436638 0.35258615 0.13735229 0.7917593  0.75863755
 0.7386839  0.60987014 0.39688522 0.51269895 0.28327104 0.63329315
 0.47328442 0.5566532  0.45025116 0.2430374  0.3949077  0.2445734
 0.5509738  0.280764   0.43465653 0.37571487 0.53074646 0.8592729
 0.48262724 0.8197925  0.7777006  0.39511788 0.87175083 0.14536959
 0.57412195 0.61183333 0.54185367 0.6748418  0.4667861  0.66912687
 0.6428161  0.7856922  0.58544356 0.50780004 0.62721443]
2024-05-29 19:26:47[INFO] 
[ddpg][Episode: 0][Step: 0][Metric tpmC:9286.11 tpmTotal:20690.16 Transaction Count:20934]Reward: 53964.579090806095 Score: 0.0539645790908061 Done: False
2024-05-29 19:26:47[INFO] [ddpg][Episode: 0][Step: 0] step: 71.11867952346802s env step: 71.10935163497925s train step: 0.0s restart time: 7.170238018035889s action time: 0.002516508102416992s
2024-05-29 19:26:47[INFO] [ddpg][Episode: 0][Step: 0][Average] step: 71.11867952346802s env step: 71.10935163497925s train step: 0.0s restart time: 7.170238018035889s action time: 0.002516508102416992s
2024-05-29 19:26:47[INFO] [ddpg] Action: [0.63827586 0.05755742 0.6402956  0.6152565  0.2937889  0.8498253
 0.32507393 0.62141097 0.51084894 0.77720284 0.34600005 0.2670855
 0.51087683 0.7618365  0.48926112 0.7767324  0.8361055  0.6292494
 0.33791277 0.59226745 0.29581162 0.6944031  0.42424202 0.523128
 0.22789592 0.580468   0.22559346 0.84154093 0.5764123  0.26324978
 0.17213412 0.918529   0.35996753 0.3060289  0.         0.3192927
 0.         0.589223   0.26658836 0.56931037 0.1705549  0.67076373
 0.         0.69308704 0.4024429  0.36539653 0.36563945 0.50249267
 0.58279896 0.475604   0.20448585 0.251837   0.65271705 0.80273664
 0.67972326 0.31845808 0.734858   0.73785394 0.47929582 0.17113702
 0.24863262 0.82370096 0.4806319  0.52657896 0.6274198  0.41084552
 0.65029943 0.8478649  0.10634648 0.3086983  0.5591045  0.5319673
 0.22993317 0.56442064 0.60393584 0.10620885 0.         0.60221213
 0.7578623  0.43781397 0.34809795 0.79232836 0.7730351  0.7840419
 0.6230236  0.2733064  0.2763421  0.29811954 0.1726826  0.22393575
 0.69770175 0.6346013  0.68542445 0.87240005 0.86081386 0.51524895
 0.7413554  0.11697277 0.55414504 0.45080808 0.22886616 1.
 0.27526814 0.20729034 0.8955288  0.5384201  0.40261054 0.10581982
 0.97641975 0.3993482  0.44438878 0.5049787  0.48464003 1.
 0.13762589 0.6912944  0.6892857  0.3638185  0.02754921 0.33136436
 0.42595178 0.18858539 0.13616377 0.09526757 0.6275225  0.29999283
 0.35953024 0.87416446 0.3185724  0.7204035  0.5414274  0.5538936
 0.5868718  0.39708957 0.5858287  0.39960796 0.8437364  0.57019717
 0.02952914 0.         0.03219597 0.7968212  0.09644247 0.46151623
 0.66135395 0.19638829 0.9550602  0.5379283  0.34918606 0.
 0.8314138  0.69734967 0.02164979 0.37462774 0.5135884  0.5877501
 0.5658653  0.46637335 0.2184129  0.52355385 0.7409201  0.36361283
 0.7367047  0.7121444  0.529694   0.30637053 0.6630602  0.836993
 0.5808939  0.7743912  0.49932134 0.8108422  0.1617929  0.0830493
 0.5837843  0.35323432 0.5604176  0.5707044  0.25895762 0.5495987
 0.6639269  0.80074286 0.65568477 0.35457984 0.83517027 0.
 0.45338488 0.5311221  0.41717362 0.7924146  0.55456007 0.6001554
 0.61751187 0.13740851 0.49615812 0.2914275  0.5335238 ]
