2024-05-29 19:54:00[INFO] 
[Env initialized][Metric tpmC: 10754.73 tpmTotal: 23894.25 Transaction Count: 24176]
2024-05-29 19:54:00[INFO] [ddpg] Action: [0.         0.6701882  0.671954   0.4920548  0.08056464 0.42467013
 0.63711745 0.42437398 0.5224166  0.12191565 0.5422915  0.6250206
 0.3558913  0.46964926 0.20834759 0.54311943 0.57024246 0.61591715
 0.3744336  0.37930253 0.36495405 0.53256243 0.7642193  0.5619606
 0.65875375 0.3602907  0.43706352 0.39591256 0.4723343  0.51601774
 0.6002517  0.6542458  0.4341703  0.35012174 0.2879364  0.09316353
 0.69833976 0.48998472 0.57940984 0.29768342 0.37323925 0.1321881
 0.35504562 0.708351   0.53426725 0.77173984 0.25155425 0.37636927
 0.43276545 0.6235259  0.5605746  0.6078089  0.7652472  0.480604
 0.7730547  0.96387386 0.2414707  0.8396787  0.17469577 0.6936394
 0.30855033 0.4344575  0.53350693 0.63428766 0.4224405  0.523044
 0.46178147 0.7567749  0.7311203  1.         0.20994985 0.24452327
 0.58915603 0.6349473  0.6254031  0.71402735 0.47127205 0.5987033
 0.6580531  0.4706988  0.47138038 0.7800786  0.9390388  0.6976122
 0.85005385 0.34453833 0.71628904 0.5425869  0.43863997 0.3079358
 0.53034323 0.6754881  0.31868422 1.         0.19972809 0.5179604
 0.4135451  0.6322243  0.09483766 0.5070942  0.37079164 0.6493981
 0.21312203 0.29796606 0.49622986 0.55943424 0.68974185 0.5509196
 0.4795325  0.5243857  0.55610394 0.62492573 0.14880422 0.4542152
 0.36644763 0.45514244 0.6957982  0.63938266 0.4728739  0.6288746
 0.6282693  0.53274685 0.45968723 0.22930439 0.5397821  0.7917725
 0.20984042 0.21555099 0.32546723 0.75754166 0.6690007  0.4644676
 0.5532125  0.6604428  0.4853158  0.88110274 0.55659837 0.47973487
 0.5803143  0.06775786 0.19663656 0.49102435 0.45049715 0.44480523
 0.6387847  0.7882303  0.68027955 0.64506125 0.4820243  0.31707978
 0.70247275 0.528091   0.87811327 0.56785464 0.54045004 0.6209805
 0.60406804 0.5038669  0.33862635 0.31619558 0.8284184  0.6183093
 0.5449817  0.399697   0.         0.47172284 0.35975522 0.7129585
 0.61449456 0.6627621  0.36605054 0.53910327 0.5938752  0.6429215
 0.2800362  0.5014797  0.7361988  0.35437465 0.44573423 0.52440286
 0.9153022  0.6486767  0.56073946 0.40151072 0.5106617  0.26982808
 0.4280534  0.4947436  0.89089376 0.5923924  0.34258258 0.47519946
 0.7863377  0.28491405 0.4706747  0.40177506 0.3991378 ]
2024-05-29 19:55:44[INFO] 
[ddpg][Episode: 0][Step: 0][Metric tpmC:11263.4 tpmTotal:25142.54 Transaction Count:25442]Reward: -0.02712431015081146 Score: -0.02712431015081146 Done: False
2024-05-29 19:55:44[INFO] [ddpg][Episode: 0][Step: 0] step: 103.91747236251831s env step: 103.86445713043213s train step: 0.0s restart time: 39.53455209732056s action time: 0.019774198532104492s
2024-05-29 19:55:44[INFO] [ddpg][Episode: 0][Step: 0][Average] step: 103.91747236251831s env step: 103.86445713043213s train step: 0.0s restart time: 39.53455209732056s action time: 0.019774198532104492s
2024-05-29 19:55:44[INFO] [ddpg] Action: [0.20999752 0.61842936 0.44259617 0.7262632  0.23884322 0.68983525
 0.43576252 0.54116404 0.40722442 0.11480862 0.59045345 0.86993706
 0.49464312 0.33612588 0.         0.4967302  0.6832195  0.5999504
 0.38532832 0.36667982 0.852771   0.5181291  0.929225   0.7255088
 0.6900925  0.2819119  0.19591822 0.47869846 0.23981999 0.5323091
 0.7513349  0.7125278  0.40524915 0.16171479 0.45723686 0.298985
 0.8054363  0.49137822 0.35183287 0.4617849  0.56117725 0.
 0.46073708 0.26646462 0.34704986 0.5186031  0.4953981  0.2903458
 0.54905444 0.5145359  0.31405887 0.6539884  0.7588546  0.33964273
 0.85065067 1.         0.         0.8595273  0.279529   0.6791499
 0.3452688  0.565621   0.6798585  0.7122248  0.5311809  0.40507773
 0.59585    0.8682614  0.9728807  1.         0.43613485 0.2508169
 0.7009388  0.21243142 0.6451339  0.3666424  0.6844634  0.27037963
 0.9710549  0.548198   0.21817423 1.         0.9130912  0.6117731
 0.87403315 0.         0.42634758 0.77657664 0.71089005 0.24191697
 0.53760517 0.75190735 0.6037062  1.         0.4505259  0.4420355
 0.6260646  0.75597554 0.         0.69591683 0.4697329  0.
 0.49774987 0.27219    0.3107081  0.3014417  0.56691575 0.5843419
 0.4326121  0.6817401  0.52647585 0.49477172 0.19536228 0.22639605
 0.23215882 0.29430127 0.53767145 0.60149926 0.83804333 0.296642
 0.5135874  0.49521795 0.48507398 0.06150486 0.5907921  0.7429941
 0.6108916  0.3062171  0.10122869 0.61681974 0.8475481  0.37129292
 0.6351865  1.         0.8349375  0.68162656 0.7530348  0.29326117
 0.7210073  0.13870975 0.32001373 0.25093213 0.38132548 0.46939188
 0.521492   0.66829276 0.7492407  0.48754647 0.38776615 0.31977913
 0.6891685  0.35706595 0.7812605  0.59846026 0.1459387  0.5312793
 0.34175807 0.6125313  0.         0.6929461  0.5564663  0.5087107
 0.6599967  0.54684824 0.         0.26744473 0.34961817 0.19553502
 0.7697071  0.65522355 0.32155168 0.578937   0.49988285 0.655029
 0.13427122 0.36115628 0.2914861  0.60428303 0.13257025 0.71253926
 0.69722265 0.5403976  0.5248565  0.28817734 1.         0.24946734
 0.02221249 0.4851917  0.8529636  0.573517   0.46450073 0.78747374
 0.77157515 0.29527304 0.36139154 0.327314   0.2749819 ]
2024-05-29 19:57:27[INFO] 
[ddpg][Episode: 0][Step: 1][Metric tpmC:11412.88 tpmTotal:25586.66 Transaction Count:25633]Reward: -0.03981087312044921 Score: -0.06693518327126066 Done: False
2024-05-29 19:57:27[INFO] [ddpg][Episode: 0][Step: 1] step: 103.21684122085571s env step: 103.20586681365967s train step: 0.0s restart time: 39.54557466506958s action time: 0.0010235309600830078s
2024-05-29 19:57:27[INFO] [ddpg][Episode: 0][Step: 1][Average] step: 103.21684122085571s env step: 103.20586681365967s train step: 0.0s restart time: 39.54557466506958s action time: 0.01039886474609375s
2024-05-29 19:57:27[INFO] [ddpg] Action: [0.5227365  0.69133335 0.6147672  0.9555714  0.33337373 0.17204364
 0.45121247 0.4667534  0.26825872 0.28941208 0.33756283 1.
 0.15159586 0.2994002  0.03010866 0.42674336 0.5263415  0.7842871
 0.53964907 0.43019795 0.6841363  0.6309948  1.         0.60283446
 1.         0.47969058 0.1058011  0.5105291  0.         0.39150992
 0.8195818  0.27115738 0.41862056 0.         0.6430952  0.16990772
 0.9739242  0.13474141 0.11255489 0.45128307 0.70104176 0.17463902
 0.8944139  0.15776469 0.44317135 0.6379935  0.5495672  0.24913989
 0.96969235 0.6324587  0.48597658 0.66447365 0.51415014 0.36647642
 0.68597525 0.59405774 0.19863816 0.88889956 0.22082768 0.51437515
 0.48166382 0.39476472 0.70658255 0.7196994  0.25314382 0.3300236
 0.41831076 1.         0.93869305 1.         0.8307865  0.15766382
 0.8185055  0.2414145  0.76698095 0.14514735 0.48542282 0.37245095
 0.77165973 0.42062145 0.16553538 0.9803819  0.95586056 0.8962968
 0.41950774 0.16933216 0.4039525  0.75826097 1.         0.22716513
 0.8792217  0.5364734  0.8432421  1.         0.3668894  0.49311846
 0.77232164 0.50750154 0.         0.8609376  0.32712224 0.17195408
 0.38161227 0.50014824 0.17193583 0.2319192  0.5534761  0.7148826
 0.23128557 0.56872845 0.3663978  0.53748924 0.00325805 0.34297675
 0.64561486 0.04999347 0.5094763  0.23638383 0.73316973 0.39943066
 0.59233415 0.80433196 0.6044637  0.26297477 0.59815973 0.6651026
 0.51296145 0.5738457  0.         0.63644344 0.7853622  0.14612477
 0.908445   0.8052147  0.58043337 0.4970264  0.8281666  0.49698368
 0.52712    0.13008375 0.29161307 0.         0.43057093 0.43835652
 0.7710826  0.9064663  0.54906464 0.88069206 0.24733068 0.66038936
 0.71293813 0.33695263 0.9956258  0.4310748  0.44738024 0.3957962
 0.17532122 0.80411905 0.1970142  0.6600516  0.79798454 0.32954505
 0.582543   0.156323   0.         0.43767315 0.3252916  0.
 0.72858286 0.46407765 0.22203903 0.33287227 0.5001948  0.5481407
 0.40552703 0.62662923 0.5182638  0.38599998 0.20993069 0.5852745
 0.5186685  0.38075325 0.37694317 0.00585153 0.82903695 0.3390889
 0.32750484 0.58674407 0.81661487 0.43434685 0.6232025  0.41479236
 0.370981   0.         0.7483115  0.5437126  0.64468026]
2024-05-29 19:59:11[INFO] 
[ddpg][Episode: 0][Step: 2][Metric tpmC:11886.35 tpmTotal:26353.94 Transaction Count:26667]Reward: -0.04484638396588736 Score: -0.11178156723714802 Done: False
2024-05-29 19:59:11[INFO] [ddpg][Episode: 0][Step: 2] Critic: 0.037997479317709804 Actor: -0.08663689717650414
2024-05-29 19:59:11[INFO] [ddpg][Episode: 0][Step: 2] step: 104.04102063179016s env step: 103.98456192016602s train step: 0.0245821475982666s restart time: 39.69907355308533s action time: 0.0009307861328125s
2024-05-29 19:59:11[INFO] [ddpg][Episode: 0][Step: 2][Average] step: 104.04102063179016s env step: 103.98456192016602s train step: 0.0245821475982666s restart time: 39.69907355308533s action time: 0.007242838541666667s
2024-05-29 19:59:11[INFO] [ddpg] Action: [0.5032644  0.5931282  0.6570455  0.9264845  0.12721421 0.25063297
 0.5338296  0.38157636 0.28619087 0.24438365 0.         0.30350655
 0.         0.6044601  0.0546279  0.21166342 0.5470456  1.
 0.63402534 0.36194628 0.49784318 0.63539577 0.8859539  0.7983019
 1.         0.2670938  0.04601442 0.46390024 0.         0.6960553
 0.5727016  0.19171463 0.47203204 0.2924806  0.5171903  0.30593666
 0.802607   0.5088887  0.06883142 0.48822075 0.7000122  0.3206462
 0.52196234 0.17557187 0.7201825  0.7378286  0.32698727 0.10238461
 1.         0.6453607  0.19413492 0.3085643  0.58497846 0.
 0.6242672  0.5025633  0.32321343 0.55167365 0.52903146 0.57468045
 0.45101106 0.5617624  0.7740234  0.65505487 0.21996337 0.56907845
 0.60205    0.80077916 0.59590816 0.7992957  0.6658223  0.13591051
 0.8787181  0.53119916 0.77673304 0.48310423 0.5355617  0.5609173
 0.5568662  0.13127732 0.10737123 0.92445403 0.67632556 0.7810277
 0.31904742 0.02399787 0.3607317  0.942157   0.4481793  0.12961482
 0.9020588  0.4624446  0.8031861  1.         0.19694112 0.5457068
 0.49641457 0.4969965  0.36471215 0.63322616 0.42215645 0.17681733
 0.4280876  0.21103708 0.12278157 0.53591496 0.512102   0.8559234
 0.09165549 1.         0.36120495 0.860907   0.         0.56764084
 0.7424342  0.         0.43288007 0.40469468 0.8865768  0.47536212
 0.6824105  0.44586998 0.5733072  0.39884415 0.8288513  0.6220232
 0.6215419  0.5065684  0.         0.45991135 0.44506928 0.26635122
 0.7465351  0.8779124  0.52541125 0.5279736  0.4532124  0.5703102
 0.44684705 0.21917488 0.29783365 0.11476294 0.70999104 0.37981817
 1.         0.82198244 0.62063605 0.7660395  0.07293661 0.46340895
 0.6273256  0.05685188 1.         0.6224408  0.31356415 0.51351386
 0.5005235  0.7881862  0.41312966 0.47584957 1.         0.46672362
 0.6930843  0.15390693 0.03895829 0.41661963 0.41596535 0.31773916
 0.7938513  0.77897614 0.33413562 0.12508892 0.397152   0.47520626
 0.46346316 0.58811957 0.5834253  0.33470145 0.         0.43187636
 0.9502324  0.48171255 0.46064726 0.         0.9559783  0.12002778
 0.3378816  0.7478548  0.5273731  0.69067395 1.         0.3044421
 0.4099319  0.         0.41717136 0.64298314 0.44121066]
2024-05-29 20:01:00[INFO] 
[ddpg][Episode: 0][Step: 3][Metric tpmC:11275.27 tpmTotal:24849.71 Transaction Count:25009]Reward: -0.04891514828020057 Score: -0.1606967155173486 Done: False
2024-05-29 20:01:00[INFO] [ddpg][Episode: 0][Step: 3] Critic: 0.02358230110257864 Actor: -0.08692421391606331
2024-05-29 20:01:00[INFO] [ddpg][Episode: 0][Step: 3] step: 108.56247162818909s env step: 108.53544449806213s train step: 0.010021805763244629s restart time: 44.57347512245178s action time: 0.0007746219635009766s
2024-05-29 20:01:00[INFO] [ddpg][Episode: 0][Step: 3][Average] step: 108.56247162818909s env step: 108.53544449806213s train step: 0.010021805763244629s restart time: 44.57347512245178s action time: 0.005625784397125244s
2024-05-29 20:01:00[INFO] [ddpg] Action: [0.35626692 0.73896116 0.7456324  1.         0.00585213 0.6542148
 0.64833426 0.53103673 0.28749067 0.59314847 0.08436371 0.41019753
 0.32530114 0.66185004 0.24160269 0.1485502  0.80865353 0.83678097
 0.78354853 0.4442719  0.5853832  0.7463313  0.6837566  0.7832359
 0.61645275 0.5000403  0.06154234 0.2869483  0.         0.76505405
 0.5772929  0.07253388 0.58770734 0.17693058 0.7230697  0.4485143
 0.7966432  0.6052073  0.15523206 0.25336617 0.51813316 0.65268797
 0.5359928  0.380747   0.4188393  0.6689123  0.5608828  0.1102176
 1.         0.5464343  0.         0.21049206 0.8011742  0.
 0.7281026  0.50578237 0.32354987 0.6232888  0.4596336  0.61801606
 0.21712865 0.55525166 1.         0.5875192  0.28084043 0.69218487
 0.8606765  0.95069104 0.5276513  1.         0.89568824 0.37810656
 0.9445268  0.07343625 0.8245956  0.36124757 0.5058208  0.22609235
 0.4969911  0.3206677  0.08812651 1.         0.18802507 0.740773
 0.13775218 0.2075782  0.2650466  0.4806987  0.6950624  0.34385645
 0.6296956  0.3819331  0.8357914  0.978047   0.5419147  0.5986693
 0.49958584 0.3051984  0.47738093 0.7292196  0.4283581  0.0116101
 0.4175829  0.22799858 0.14803578 0.7726653  0.79542434 0.65302044
 0.23498172 0.79820067 0.98925775 0.8694871  0.         0.21508333
 0.59117657 0.1148176  0.37954044 0.2950481  0.7029071  0.6513913
 0.730906   0.42016268 0.5004678  0.53223777 0.7613208  0.9262595
 0.57199526 0.52923226 0.00231107 0.5214758  0.21564378 0.23016185
 0.39986917 1.         0.48919484 0.69140786 0.16906705 0.39153534
 0.35856083 0.41161877 0.         0.         0.33830956 0.3047613
 1.         0.930186   0.43117917 0.99230486 0.1177636  0.34599826
 0.31984928 0.33029044 0.5812916  0.8069222  0.         0.55529124
 0.05363438 0.79609567 0.4726624  0.6407936  0.87698466 0.3459133
 0.7011921  0.20280208 0.27986816 0.32227358 0.7487386  0.48231882
 0.8169157  0.57875615 0.30614793 0.34702694 0.35767627 0.4754649
 0.07009754 0.58552057 0.36262992 0.5113054  0.         0.5262147
 0.6258905  0.6051648  0.6932897  0.16207424 0.9292782  0.
 0.5226412  0.5899376  0.33541426 0.5859529  0.9801701  0.4535982
 0.3696633  0.         0.7916266  0.57981926 0.36216614]
