2024-05-29 15:08:28[INFO] 
[Env initialized][Metric tpmC: 8054.96 tpmTotal: 17949.68 Transaction Count: 18156]
2024-05-29 15:08:28[INFO] [ddpg] Action: [0.31075865 0.6943556  0.7160431  0.4769659  0.43342745 0.5371348
 0.8957244  0.5800553  0.9530043  0.35292566 0.54536444 0.09290642
 0.4385356  0.6414284  0.5980722  0.4924073  0.5149416  0.4712495
 0.7166265  0.60876083 0.45151561 0.4733142  0.46519944 0.62393206
 0.4007866  0.43983215 0.33481625 0.4609094  0.5595873  0.5664835
 0.23952407 0.29563937 0.69001967 0.68176395 0.7058587  0.46739602
 0.52855355 0.64318204 0.46307528 0.87057734 0.16405022 0.5140602
 1.         0.5797762  0.12097135 0.43243152 0.6137719  0.48016426
 0.27296123 1.         1.         0.6491166  0.42048922 0.28911948
 0.5816653  0.7669001  0.286391   0.5864724  0.14599659 0.66865677
 0.49773392 0.82393634 0.5041843  0.44351286 0.5746673  0.29890624
 0.48506212 0.36825368 0.51359653 0.4890773  0.6409582  0.6289529
 0.62656844 0.35018763 0.4099373  0.60990554 0.39380753 0.48360977
 0.41413856 0.5505176  0.37157354 0.41111836 0.60394496 0.72311
 0.7547918  0.39182803 0.6104572  0.3978847  0.446426   0.569879
 0.73545146 0.52569216 0.46078452 0.43008745 0.4888671  0.7195067
 0.7346195  0.36715952 0.4384455  0.09496278 0.35540682 0.43695506
 0.25186336 0.3727744  0.2661208  0.49867293 0.77018243 0.6063322
 0.67854244 0.8447464  0.47809747 0.21171819 0.60258025 0.33932844
 0.13420461 0.30244395 0.35402852 0.2557899  0.45147324 0.6572539
 0.7409919  0.37884247 0.20407249 0.8985662  0.7895935  0.2994742
 0.5707179  0.43699616 0.3837181  0.37474018 0.9306478  0.357666
 0.8624818  0.46618783 0.7518555  0.273213   0.75689346 0.651809
 0.7019584  0.76207554 0.51562816 0.6648016  0.8711358  0.7460671
 0.80084556 0.56597084 0.7203239  0.49483868 0.92210394 0.5376001
 0.04349723 0.1438395  0.         0.63045084 0.4157788  0.30690938
 0.37805524 0.70825493 0.5013218  0.45383057 0.53652436 0.48355123
 0.27152717 0.6059275  0.37571666 0.3135759  0.8513779  0.11372777
 0.6260222  0.3841006  0.2939878  0.30632082 0.6472906  0.7864097
 0.         0.69932914 0.530808   0.5484555  0.39447308 0.37775004
 0.70886105 0.62902766 0.70442384 0.6543165  0.57613426 0.69257367
 0.24575889 0.40905276 0.15217985 0.41782695 0.72588927 0.52378255
 0.5423013  0.4252749  0.48658556 0.502472   0.32563543]
2024-05-29 15:10:19[INFO] 
[ddpg][Episode: 0][Step: 0][Metric tpmC:0 tpmTotal:0 Transaction Count:0]Reward: -10000000.0 Score: -10000000.0 Done: True
2024-05-29 15:10:19[INFO] [ddpg][Episode: 0][Step: 0] step: 111.1116669178009s env step: 111.07173490524292s train step: 0.0s restart time: 111.07166314125061s action time: 0.013540029525756836s
2024-05-29 15:10:19[INFO] [ddpg][Episode: 0][Step: 0][Average] step: 111.1116669178009s env step: 111.07173490524292s train step: 0.0s restart time: 111.07166314125061s action time: 0.013540029525756836s
2024-05-29 15:11:57[INFO] 
[Env initialized][Metric tpmC: 7961.16 tpmTotal: 17690.7 Transaction Count: 17736]
2024-05-29 15:11:57[INFO] [ddpg] Action: [0.6531677  0.7607729  0.34192035 0.26628825 0.9838293  0.5327197
 0.5863324  0.32218912 0.35703057 0.57873166 0.4591853  0.7883129
 0.5725807  0.80802345 0.5023271  0.83260036 0.55274034 0.78898025
 0.3908939  0.5298853  0.7653659  0.77778333 0.5020363  0.29962504
 0.24786085 0.36101437 0.78997433 0.6543205  0.5898984  0.2648713
 0.4029168  0.6032162  0.46266165 0.         0.21866763 0.58932483
 0.43143412 0.43297532 0.50723535 0.33639482 0.85212004 0.8517098
 0.6698133  0.4854095  0.59736365 0.9434378  0.30343685 0.7587068
 0.81408995 0.6785059  0.37005877 0.79444355 0.28946337 0.24338013
 0.60453695 0.3625147  0.3597612  0.6034624  0.39302203 0.47719985
 0.48390657 0.3514326  0.18294144 0.3651841  0.51654124 0.3046564
 0.34540987 0.66596454 0.28198817 0.06259867 0.3576389  0.34578264
 0.64920425 0.45510882 0.5637537  0.51616114 0.46873277 0.3789003
 0.4917304  0.19788273 0.11380447 0.70739627 0.41860527 0.40581414
 0.1833173  0.57086444 0.45847994 0.55747    0.4402004  0.58238775
 0.33253458 1.         0.3097715  0.4464177  0.7263374  0.48308334
 0.395961   0.5545469  0.47703412 0.7167691  0.28287718 0.5994204
 0.68540496 0.35172972 0.5341764  0.77003425 0.78448427 0.52697957
 0.3332176  0.8167978  0.47086555 0.6601512  0.4773435  0.50813544
 0.48739505 0.58026665 0.37237057 0.24825616 0.8705504  0.18671513
 0.71842986 0.4188674  0.5025166  0.31369314 0.34609005 0.19143562
 0.9693789  0.8741297  0.33091003 0.52139425 0.48039666 0.4569842
 0.4785962  0.1839772  0.39263985 0.45334345 0.6716697  0.34393224
 0.39878145 0.72144115 0.56360507 0.69144136 0.6266567  0.5431685
 0.57247484 0.3649582  0.39019817 0.67617    0.5485802  0.60040104
 0.4625758  0.51074374 0.21538508 0.50812757 0.22658016 0.07952091
 0.35038853 0.62685513 0.89116836 0.31935313 0.81890476 0.4544428
 0.44542867 0.58518267 0.28750584 0.8153316  0.5274025  0.32840553
 0.49034205 0.5561614  0.44068024 0.32152492 0.37197638 0.442317
 0.50618076 0.66163695 0.22950092 0.52398384 0.5816608  0.4901572
 0.6944991  0.18652016 0.497858   0.48245236 0.97317624 0.47962028
 0.56736034 0.6316357  0.38219884 0.6393364  0.7681471  0.66969395
 0.76987576 0.52416027 0.6151033  0.47838467 0.37844512]
2024-05-29 15:13:53[INFO] 
[ddpg][Episode: 1][Step: 0][Metric tpmC:0 tpmTotal:0 Transaction Count:0]Reward: -10000000.0 Score: -10000000.0 Done: True
2024-05-29 15:13:53[INFO] [ddpg][Episode: 1][Step: 0] step: 115.74002146720886s env step: 115.7321343421936s train step: 0.0s restart time: 115.73205351829529s action time: 0.0016317367553710938s
2024-05-29 15:13:53[INFO] [ddpg][Episode: 1][Step: 0][Average] step: 115.74002146720886s env step: 115.7321343421936s train step: 0.0s restart time: 115.73205351829529s action time: 0.007585883140563965s
