2024-05-29 19:03:07[INFO] 
[Env initialized][Metric tpmC: 5106.99 tpmTotal: 11389.7 Transaction Count: 11469]
2024-05-29 19:03:07[INFO] [ddpg] Action: [0.6360715  0.45609367 0.77376884 0.2156801  0.49069688 0.43597874
 0.30714932 0.59646046 0.7387404  0.57936406 0.41345876 0.5415153
 0.5437531  0.76500815 0.48360047 0.6262158  0.5699351  0.34515792
 0.39329046 0.33340785 0.4226898  0.3516846  0.521287   0.73236823
 0.1376849  0.2859895  0.6883791  0.57452905 0.7627979  0.50433666
 0.29623592 0.5435722  0.453199   0.5386385  0.9028168  0.645193
 0.4860225  0.10084994 0.5741953  0.35197982 0.2757621  0.60304326
 0.6418861  0.2632711  0.58098155 0.3940612  0.77148575 0.3551264
 0.49042162 0.5484437  0.5946223  0.7040633  0.28708535 0.4748305
 0.80961776 0.46427357 0.59292734 0.35666192 0.4643684  0.5026196
 0.66748863 0.41808343 0.03800535 0.4221186  0.710898   0.20487876
 0.46593502 0.69633305 0.3267265  0.64092857 0.42224944 0.65539277
 0.38206324 0.35983676 0.55399084 0.6720364  0.2790664  0.63428515
 0.24080785 0.513898   0.29375178 0.766122   0.49681187 0.37241256
 0.3667253  0.87556845 0.7789624  0.4750382  0.68566144 0.5585407
 0.5254015  0.33970585 0.5731779  0.56657827 0.3782248  1.
 0.6833743  0.82944614 0.5651471  0.51287884 0.6391294  0.34648693
 0.484749   0.37988088 0.46373788 0.5348613  0.5564759  0.98475367
 0.39909098 0.7836023  0.49674395 0.42328006 0.43920362 0.2541298
 0.3073233  0.5271239  0.6495513  0.48451516 1.         0.11961381
 0.42780587 0.639883   0.44564623 0.6500446  0.646505   0.71030533
 0.82934797 0.19759925 0.40632558 0.34287012 0.40779254 0.3362444
 0.3136676  0.38140565 0.81541395 0.5219412  0.11472148 0.5283849
 0.57295275 0.5198761  0.79575425 0.17420185 0.61988974 0.31356627
 0.6202     0.46891525 0.64191467 0.31971994 0.9685229  0.44011244
 0.55795187 0.6156654  0.71336937 0.5867784  0.50518334 0.
 0.36289594 0.47454235 0.7575975  0.36887628 0.60243654 0.45327884
 0.29699677 0.         0.19926032 0.35731393 0.53595454 0.842747
 0.32438922 0.8089171  0.5536969  0.32446173 0.939894   0.6221467
 0.46779212 0.33555815 0.952671   0.8607968  0.35611185 0.52303755
 0.25551814 0.4195766  0.78618574 0.42818204 0.5112069  0.5641874
 0.3804509  0.59203523 0.40004975 0.44730255 0.53407896 0.46781585
 0.4665068  0.5083022  0.5382002  0.6341181  0.37128937]
2024-05-29 19:04:52[INFO] 
[ddpg][Episode: 0][Step: 0][Metric tpmC:0 tpmTotal:0 Transaction Count:0]Reward: -10000000.0 Score: -10000000.0 Done: True
2024-05-29 19:04:52[INFO] [ddpg][Episode: 0][Step: 0] step: 105.4225242137909s env step: 105.21729898452759s train step: 0.0s restart time: 105.21721506118774s action time: 0.02033519744873047s
2024-05-29 19:04:52[INFO] [ddpg][Episode: 0][Step: 0][Average] step: 105.4225242137909s env step: 105.21729898452759s train step: 0.0s restart time: 105.21721506118774s action time: 0.02033519744873047s
2024-05-29 19:06:26[INFO] 
[Env initialized][Metric tpmC: 8193.9 tpmTotal: 17913.29 Transaction Count: 18118]
2024-05-29 19:06:26[INFO] [ddpg] Action: [0.5566446  0.7337703  0.5477542  0.47872028 0.9687244  0.5802223
 0.7716899  0.58997095 0.52436006 0.3511506  0.43388224 0.54525506
 0.6021071  0.39591908 0.6540745  0.5166525  0.2989019  0.436908
 0.5452934  0.6057906  0.38738    0.05576699 0.6610536  0.31576207
 0.32724094 0.4641824  0.5710972  0.3944946  0.5659358  0.7979538
 0.61710703 0.34976906 0.4667343  0.6252528  0.21902509 0.50644356
 0.31132317 0.619818   0.26137382 0.5897858  0.18154275 0.4146117
 0.41140732 0.19745992 0.37847006 0.6556599  0.21744283 0.7648683
 0.46072334 0.5642447  0.30749208 0.65223736 0.39077446 0.36796063
 0.42252353 0.42989677 0.33053693 0.1363506  0.79857045 0.7857154
 0.2616139  0.44806314 0.12831023 0.11316649 0.15185052 0.7809519
 0.5215723  0.7182281  0.8736658  0.92862606 0.38022614 0.44176173
 0.59537506 0.23830937 0.5489706  0.7143232  0.6680015  0.51744574
 0.768217   0.6520623  0.4501547  0.5475164  0.13618323 0.3623156
 0.31994691 0.63443255 0.84562725 0.6881646  0.38871333 0.4053151
 0.2304781  0.18851344 0.763706   0.42490605 0.4291094  0.50872767
 0.32306966 0.66369927 0.42373914 0.7274001  1.         0.7709242
 0.63854873 0.523176   0.54945356 0.7868425  0.32056388 0.51368976
 0.57605237 0.65992934 0.46173257 0.44830647 0.6616159  0.20851593
 0.59245056 0.41057232 0.6238299  0.38801622 0.63254696 0.24983093
 0.50844926 0.49648467 0.600625   0.14681341 0.33101013 0.7211111
 0.4431652  0.52095747 0.35858917 0.32889682 0.44408605 0.592887
 0.41217828 0.5363332  1.         0.5921317  0.5658224  0.54059637
 0.4160399  0.45833352 0.37169743 0.4674946  0.38107815 0.5974609
 0.71767074 0.5038161  0.7033518  0.51709175 0.319538   0.69004416
 0.50282955 0.21864364 0.6100311  0.39183947 0.44083077 0.5284882
 0.30448222 0.67057705 0.53331363 0.54146856 0.56517506 0.53573275
 0.18754455 0.33815932 0.2707794  0.46469066 0.6593775  0.63937294
 0.40066102 0.8893563  0.45023775 0.3430946  0.49156365 0.51971394
 0.27023566 0.490184   0.577849   0.29738885 0.6315388  0.37549624
 0.40492418 0.3104812  0.77050185 0.40309024 0.32328734 0.45904607
 0.5538175  0.5463621  0.21817681 1.         0.40885442 0.6883508
 0.26338503 0.60933715 0.4930891  0.9027845  0.46653557]
