2024-05-29 20:09:29[INFO] 
[Env initialized][Metric tpmC: 9923.3 tpmTotal: 22105.78 Transaction Count: 22338]
2024-05-29 20:09:29[INFO] [ddpg] Action: [0.5808108  0.32225338 0.5079423  0.58822507 0.4178     0.8258009
 0.51202947 0.2662404  0.21461256 0.42754942 0.27697846 0.11514101
 0.34922698 0.6524507  0.40355098 0.15334177 0.67389035 0.3326798
 0.09404723 0.56034356 0.5279644  0.8204876  0.1823948  0.67870617
 0.5240398  0.63152194 0.49301288 0.5901567  0.7050807  0.5434823
 0.5196815  0.6346123  0.48287085 0.46159235 0.28970906 0.683466
 0.19739185 0.7548116  0.4980533  0.44399068 0.37910232 0.25498566
 0.5938989  0.442555   0.21492662 0.6516128  0.19125007 0.37020996
 0.5725223  0.24445972 0.72186    0.5143682  0.7525695  0.3511635
 0.2042048  0.45457762 0.531056   1.         0.7393959  0.19432895
 0.1351759  0.5982219  0.66000307 0.4991886  0.2998335  0.5030879
 0.648592   0.2704543  0.5028456  0.49733654 0.3568267  0.76148504
 0.39958993 0.04917854 0.6449749  0.3849829  0.38264984 0.47713092
 0.33348528 0.902644   0.62502456 0.6259681  0.80087024 0.74082136
 0.48803407 0.32844356 0.42895287 0.14819157 0.38573003 0.34882316
 0.61542606 0.37263033 0.40123355 0.41649997 0.44721764 0.60878277
 0.36860284 0.48876062 0.51740086 0.6674272  0.837318   0.34040803
 0.39151418 0.7037601  0.6953716  0.4246718  0.73358613 0.61592
 0.33576363 0.54044867 0.42851683 0.5725326  0.22756791 0.
 0.46315283 0.14331235 0.6040139  0.32055664 0.8048292  0.18038812
 0.93746877 0.4066003  0.9622975  0.7816923  0.7045247  0.7052552
 0.4839245  0.23553298 0.5103819  0.24747582 0.05247618 0.32718524
 0.82015777 0.51254225 0.84004676 0.67760336 0.14279483 0.5174354
 0.16650507 0.71347713 0.6300271  0.9089233  0.2694873  0.8839952
 0.49863705 0.9037664  0.95331615 0.32371408 0.5282889  0.5017455
 0.07795606 0.16325346 0.69434    0.5810086  0.5174988  0.22231507
 0.8498639  0.5148999  0.34152466 0.5995734  0.42585823 0.71091187
 0.44065145 0.67199194 0.34389952 0.374926   0.3160673  0.47920302
 0.54355055 0.48232767 0.48308042 0.62323403 0.7823935  0.7235423
 0.81909555 0.4553906  0.4805272  1.         0.6359797  0.8751272
 0.6804391  0.36106345 0.6584699  0.4137147  0.19518524 0.10279924
 0.26096967 0.45470694 0.3637015  0.17944497 0.6018581  0.17287414
 0.73801655 0.41955644 1.         0.8106453  0.56965303]
