2024-05-29 14:37:16[INFO] 
[Env initialized][Metric tpmC: 10154.9 tpmTotal: 22914.95 Transaction Count: 23027]
2024-05-29 14:37:16[INFO] [ddpg] Action: [0.45145956 0.521754   0.66350955 0.47693473 0.5434079  0.44986486
 0.35643005 0.7432589  0.5910408  0.75332594 0.5606231  0.28184384
 0.1149665  0.72032785 0.57311946 0.55408674 0.6937164  0.59866244
 0.42833915 0.64767206 0.5703972  0.25943404 0.30350348 0.5702505
 0.7000442  0.41982844 0.8210947  0.6257107  0.9197736  0.39649504
 0.7356127  0.27007908 0.6571661  0.48798707 0.70389247 0.45673954
 0.552882   0.7327344  0.58798045 0.4006269  0.5400801  0.8322835
 0.13326912 0.71537554 0.45490718 0.4835657  0.37473252 0.4289726
 0.34637526 0.5675893  0.74915195 0.54156387 0.50115055 0.6687351
 0.57298625 0.43065548 0.74900454 0.9703006  0.33465335 0.21731062
 0.3379961  0.1662569  0.31180453 0.04096375 0.37370998 0.05607158
 0.50255513 0.6350241  0.60661674 0.03613551 0.25552842 0.5155468
 0.6134254  0.6241854  0.84985363 0.921921   0.6027722  0.59810984
 0.5136261  0.8192952  0.88629186 0.71220195 0.5012067  0.41784608
 0.5484463  0.16986667 0.422623   0.47669798 0.46424416 0.2305193
 0.76592326 0.3005003  0.63894886 0.61833763 0.50825685 0.38171443
 0.18317625 0.28661388 0.12782192 0.23766468 0.62403476 0.5151726
 0.4187915  0.8982782  0.33007127 0.79877967 0.9734482  0.59827524
 0.277377   0.28651026 0.3724291  0.22917186 0.60344326 0.8084539
 0.         0.09910873 0.40342563 0.2560261  0.5695033  0.18775694
 0.96120584 0.25778642 1.         0.3241021  0.2791329  0.3593831
 0.20944145 0.49859682 0.72468716 0.67964894 0.60475564 0.37551728
 0.4782277  0.8102625  0.6430707  0.12234116 0.47841614 0.02836396
 0.8053936  0.3706998  0.39351636 0.11004098 0.5800115  0.47318405
 0.7839194  0.7205031  0.5705884  0.46933058 0.24568774 0.40809554
 0.84528357 0.639568   0.62753683 0.7606217  0.3655665  0.41270012
 0.695389   0.348167   0.6520058  0.29238272 0.7664638  0.6984435
 1.         0.6481615  0.37538937 0.36412898 0.52955335 0.729485
 0.57036805 0.43077555 0.35594332 0.13070242 0.8667432  0.65194774
 0.7234597  0.30587453 0.4057036  0.7237627  0.79794323 0.5676717
 0.14764921 0.49538708 0.70881796 0.4464768  0.4254048  0.56256425
 0.6425213  0.3963597  0.32887858 0.7396235  0.41947544 0.45315343
 0.12659024 0.58170074 0.67368954 0.6887906  0.3688536 ]
2024-05-29 14:39:05[INFO] 
[ddpg][Episode: 0][Step: 0][Metric tpmC:10774.27 tpmTotal:24021.85 Transaction Count:24183]Reward: -0.008884694491400807 Score: -0.008884694491400807 Done: False
2024-05-29 14:39:05[INFO] [ddpg][Episode: 0][Step: 0] step: 108.59362149238586s env step: 108.58228874206543s train step: 0.0s restart time: 44.59700870513916s action time: 0.002829313278198242s
2024-05-29 14:39:05[INFO] [ddpg][Episode: 0][Step: 0][Average] step: 108.59362149238586s env step: 108.58228874206543s train step: 0.0s restart time: 44.59700870513916s action time: 0.002829313278198242s
2024-05-29 14:39:05[INFO] [ddpg] Action: [1.         0.60912234 0.7878905  0.52828765 0.39609507 0.77407336
 0.35155532 0.5875907  0.29666716 0.6562672  0.25218776 0.10794329
 0.         0.5491496  0.72018856 0.28880024 0.6391377  0.54067475
 0.37611634 0.828767   0.87917465 0.6580726  0.15840891 0.7091534
 0.8938673  0.2189217  1.         0.816146   0.5924568  0.1841278
 0.47583956 0.11473413 0.6789533  0.6090273  0.63250184 0.4482569
 0.5974694  0.88289213 0.5792678  0.54371065 0.33474922 0.8330488
 0.34311622 0.706933   0.55044353 0.8530874  0.         0.3065418
 0.         0.46654797 0.8504921  0.38250297 0.8268283  0.5110717
 0.39933652 0.3345566  0.7025698  0.9778176  0.30877295 0.36934847
 0.55355    0.44598344 0.6844255  0.2751941  0.5550468  0.20411661
 0.3903301  0.8012897  0.9608505  0.         0.31798214 0.02461457
 0.8597875  0.6857873  0.88552123 0.6880886  0.27026805 0.5514038
 0.45527163 0.8722423  0.8552566  0.46044257 0.8228704  0.49915656
 0.44227514 0.11889838 0.45622495 0.4894454  0.50091666 0.06072584
 0.7048958  0.374126   0.3951056  0.28584364 0.64207035 0.37998807
 0.34753954 0.5013523  0.10527332 0.47616568 0.5354914  0.49837863
 0.35052645 0.6777774  0.15706712 0.42502218 0.79081404 0.61688805
 0.25269842 0.20857674 0.38190553 0.20121117 0.29689223 0.38733548
 0.         0.3640204  0.4620383  0.         0.6647255  0.14464752
 0.60101014 0.4358636  1.         0.4649196  0.33331615 0.22980471
 0.0919638  0.343552   0.5657177  0.48369858 0.55542856 0.27845302
 0.5432177  0.29500383 0.4570443  0.38828942 0.47102976 0.06089361
 1.         0.46272802 0.45187953 0.41872674 0.8795579  0.36607864
 0.56187904 0.7553831  0.50456494 0.4554622  0.2730006  0.3298932
 0.9793162  0.7018161  0.6254844  0.7040617  0.03903675 0.33407366
 0.53446424 0.3503798  0.6589506  0.175204   0.         0.8870312
 1.         0.51181334 0.23438312 0.55477333 0.7861011  0.64211076
 0.01595319 0.38945615 0.02621867 0.49756908 0.7466898  1.
 0.7703511  0.47821233 0.4067759  0.5635013  0.8024871  0.8269176
 0.         0.70188785 0.63373405 0.58006984 0.4269935  0.63130814
 0.7171886  0.         0.25734085 0.44041136 0.5508213  0.
 0.33944193 0.6123749  0.6453725  0.91204065 0.4247714 ]
2024-05-29 14:40:53[INFO] 
[ddpg][Episode: 0][Step: 1][Metric tpmC:11200.07 tpmTotal:24994.76 Transaction Count:25065]Reward: -0.11445476669008674 Score: -0.12333946118148754 Done: False
2024-05-29 14:40:53[INFO] [ddpg][Episode: 0][Step: 1] step: 108.38319301605225s env step: 108.37665462493896s train step: 0.0s restart time: 44.58294939994812s action time: 0.00084686279296875s
2024-05-29 14:40:53[INFO] [ddpg][Episode: 0][Step: 1][Average] step: 108.38319301605225s env step: 108.37665462493896s train step: 0.0s restart time: 44.58294939994812s action time: 0.001838088035583496s
2024-05-29 14:40:53[INFO] [ddpg] Action: [0.82385546 0.31534407 0.5474462  0.7787159  0.2601649  0.698592
 0.         0.67644244 0.3198772  0.6166488  0.03934076 0.10122154
 0.12599234 1.         0.41457152 0.48070502 0.31108356 0.1713105
 0.22692007 1.         0.6729292  0.6443606  0.07721017 0.87238693
 0.78632325 0.09501825 0.9431332  1.         0.86139184 0.03353497
 0.6059523  0.3580375  0.6213501  1.         0.45458385 0.4337931
 0.7933832  0.9755359  0.793417   0.5742188  0.5872581  0.63266957
 0.37379137 0.3297121  0.58549047 0.6927983  0.06444402 0.11442255
 0.0584032  0.13098055 0.8326572  0.28463194 0.51619935 0.18084387
 0.4919892  0.49246448 0.55766654 0.98576343 0.07490204 0.48466995
 0.76291716 0.8040897  0.858827   0.04449844 0.51724625 0.4454948
 0.         0.6178931  0.8341178  0.         0.1711891  0.
 0.62782997 0.9768246  0.6227565  0.6829936  0.21185768 0.72484034
 0.497754   0.5081646  0.8637259  0.3651123  0.7895418  0.6281054
 0.47965285 0.         0.4971505  0.6077143  0.5495149  0.28010675
 1.         0.47300047 0.54333204 0.22295974 0.75835884 0.6553168
 0.23063783 0.98276234 0.17629436 0.5060723  0.38506225 0.17209798
 0.25315216 0.62500125 0.23050202 0.3387062  0.5744218  0.7038441
 0.20056166 0.28207743 0.5361352  0.73268193 0.53377223 0.3136649
 0.         0.20173375 0.10381486 0.         0.7104681  0.01776644
 0.6496949  0.27830023 1.         0.6535803  0.5141544  0.38264152
 0.         0.0791592  0.42945528 0.583257   0.4552085  0.33428487
 0.6427649  0.3878099  0.3729755  0.32716614 0.42844206 0.09824339
 1.         0.09945362 0.33988625 0.27758384 0.98852295 0.50582206
 0.73334575 0.16483153 0.4789736  0.7537139  0.53041285 0.41364592
 0.9240217  0.6078851  0.63421816 0.5885271  0.         0.34402874
 0.32477242 0.7294289  0.5669011  0.1400765  0.         0.7104868
 1.         0.4796898  0.54909796 0.55134326 0.9111377  0.
 0.04747039 0.4824005  0.         0.7490003  0.8791736  0.95253843
 0.8020556  0.68784267 0.54628885 0.65441144 0.47292227 1.
 0.         0.642347   0.9136926  0.27148104 0.4246132  1.
 0.7535376  0.49132228 0.11471578 0.03665403 0.29111126 0.19366744
 0.14381327 0.68063825 0.6400852  1.         0.6779488 ]
