2024-05-30 20:36:42[INFO] 
[Env initialized][Metric tpmC: 7361.16 tpmTotal: 16435.9 Transaction Count: 16602]
2024-05-30 20:36:42[INFO] [ddpg] Action: [0.5412051  0.77208275 0.610516   0.44719562 0.30358788 0.3458043
 0.89011544 0.3338578  0.22638121 0.26700675 0.73952097 0.08204544
 0.6893723  0.65057683 0.08009928 0.32226923 0.34408748 0.41621536
 0.537335   0.48603728 0.68046564 0.2561735  0.6173802  0.3354471
 0.63173723 0.39206296 0.1473295  0.3857049  0.5934316  0.5403212
 0.49114338 0.55969304 0.571566   0.45106468 0.3207957  0.52248037
 0.49813214 0.44082418 0.55998987 0.12985764 0.3707215  0.62871736
 0.3249152  0.7551088  0.50466764 0.1492968  0.45673317 0.43081954
 0.2624893  0.6348075  0.42157215 0.4290951  0.35548005 0.5334318
 0.5117836  0.32117662 0.34895614 0.50542116 0.84134644 0.6204076
 0.31739342 0.6300234  0.24381442 0.48076144 0.2672206  0.5551824
 0.6731018  0.578573   0.28504914 0.35633087 0.338694   0.26277927
 0.9621426  0.22945122 0.56599146 0.4500251  0.6704298  0.38680434
 0.4971599  0.6559247  0.3979596  0.5794837  0.52044076 0.42477706
 0.37313354 0.6156273  0.5303565  0.6339767  0.3843857  0.33228877
 0.         0.5968214  0.7264708  0.6065541  0.5815035  0.39784098
 0.40505978 0.43488944 0.4133779  0.44754025 0.6014144  0.13659105
 0.25464386 0.3185884  0.42504844 0.35596442 0.5362493  0.10673351
 0.2263784  0.44545874 0.36296713 0.6110565  0.57754743 0.
 0.5039054  0.6181502  0.45423618 0.38500217 0.2836085  0.23571675
 0.76064545 0.7195872  0.45406687 0.47631162 0.31133953 0.22703566
 0.12389959 1.         0.16587539 0.12179281 0.45418313 0.152585
 0.72215897 0.6721354  0.3834881  0.57097995 0.33906138 0.39468393
 0.34734663 0.11271762 0.20838338 0.93660045 0.44828135 0.5649452
 0.9320127  0.85061413 0.4313778  0.7013376  0.6138831  0.44518858
 0.65408576 0.48190588 0.44045788 0.5660181  0.38930216 0.52100563
 0.4776733  0.26342615 0.72872484 0.56797576 0.60204893 0.7349391
 0.4784827  0.5601513  0.16849478 0.5847594  0.43567666 0.29437247
 0.4734922  0.49730635 0.18691026 0.60332227 0.30005485 0.7408262
 0.5809446  0.43072128 0.4019068  0.40693846 0.7075216  0.4910466
 0.4779499  0.7262569  0.41311285 0.2737383  0.37782425 0.6722007
 0.24267547 0.35366118 0.5019095  0.8603332  0.6598857  0.43344596
 0.54291266 0.2585399  0.7651655  0.4899861  0.40005758]
2024-05-30 20:38:26[INFO] 
[ddpg][Episode: 0][Step: 0][Metric tpmC:11464.35 tpmTotal:25304.73 Transaction Count:25623]Reward: -0.37784208590247714 Score: -0.37784208590247714 Done: False
2024-05-30 20:38:26[INFO] [ddpg][Episode: 0][Step: 0] step: 103.97212171554565s env step: 103.88998103141785s train step: 0.0s restart time: 39.554336071014404s action time: 0.04031825065612793s
2024-05-30 20:38:26[INFO] [ddpg][Episode: 0][Step: 0][Average] step: 103.97212171554565s env step: 103.88998103141785s train step: 0.0s restart time: 39.554336071014404s action time: 0.04031825065612793s
2024-05-30 20:38:26[INFO] [ddpg] Action: [0.1285325  0.6006937  0.437825   0.03234842 0.30896926 0.21395768
 1.         0.39874527 0.3543871  0.37253714 0.55735815 0.07656384
 1.         0.78192425 0.11420793 0.39660802 0.6684498  0.5982144
 0.41728458 0.48486534 0.6630697  0.45970416 0.7934298  0.33606988
 0.6992264  0.3886765  0.17082503 0.70493984 0.84828085 0.6886143
 0.35692236 0.5788334  0.31031996 0.44636053 0.30217016 0.8814011
 0.06625187 0.46938196 0.6358078  0.29671672 0.40824682 0.6743755
 0.30616722 0.7702848  0.5149569  0.12008134 0.47542346 0.47925264
 0.3168205  0.9467069  0.37738732 0.5223313  0.11056984 0.5471293
 0.66858596 0.55356914 0.42139706 0.5333243  1.         0.51792806
 0.3843358  0.8624815  0.44087294 0.45411703 0.1294605  0.22781064
 0.6517626  0.7102528  0.45831174 0.4014168  0.48389593 0.12101866
 1.         0.34132358 0.6263025  0.559916   0.78851205 0.3498264
 0.6251615  0.3410911  0.60902506 0.30230442 0.8390155  0.3511712
 0.4086007  0.52211577 0.47039288 1.         0.4804595  0.36153623
 0.20524529 0.49184182 0.68289524 0.90810037 0.31393868 0.28609648
 0.45926595 0.7361695  0.20957579 0.4955546  0.6726782  0.01471996
 0.         0.3284217  0.27753404 0.44881436 0.5259131  0.27586678
 0.6925213  0.37045723 0.30434927 0.2762296  0.6358349  0.17784876
 0.         0.9630412  0.5930884  0.5154911  0.5553843  0.31542522
 0.9061192  0.8631341  0.77778345 0.60065424 0.43956208 0.44308755
 0.06657835 0.95715    0.5461651  0.35596016 0.15978776 0.4434314
 0.851702   0.5085774  0.3786897  0.8399731  0.253574   0.56718856
 0.32962227 0.11459076 0.49384624 0.8735407  0.41341847 0.6150071
 0.8338281  0.94769657 0.29291803 1.         0.5844505  0.6653274
 0.6624893  0.57407063 0.73382115 0.48654455 0.41428876 0.29557157
 0.51609486 0.14834285 1.         0.6069908  0.6638481  0.68468183
 0.16023539 0.36647776 0.2984742  0.25730047 0.32366082 0.26102102
 0.33023393 0.6524673  0.19368568 0.42762575 0.11631046 0.8735638
 0.41380063 0.68542856 0.44450384 0.47345158 0.7631977  0.37744698
 0.61505306 0.7629058  0.4249709  0.7391617  0.         0.4563235
 0.33905688 0.67616045 0.6544104  0.6610947  0.7085168  0.5579379
 0.30743492 0.3223972  0.6378621  0.43211845 0.46000543]
2024-05-30 20:40:11[INFO] 
[ddpg][Episode: 0][Step: 1][Metric tpmC:10442.14 tpmTotal:23454.93 Transaction Count:23959]Reward: -0.5866416172203588 Score: -0.9644837031228359 Done: False
2024-05-30 20:40:11[INFO] [ddpg][Episode: 0][Step: 1] step: 104.42528533935547s env step: 104.41694188117981s train step: 0.0s restart time: 39.566933393478394s action time: 0.001073598861694336s
2024-05-30 20:40:11[INFO] [ddpg][Episode: 0][Step: 1][Average] step: 104.42528533935547s env step: 104.41694188117981s train step: 0.0s restart time: 39.566933393478394s action time: 0.020695924758911133s
2024-05-30 20:40:11[INFO] [ddpg] Action: [0.18299012 0.5270584  0.30654112 0.09486145 0.26575667 0.36323592
 1.         0.73071605 0.34778982 0.18943498 0.7749648  0.1564114
 0.68535376 0.8965364  0.3302715  0.30566388 0.58747184 0.57196045
 0.5392245  0.2658515  0.5187533  0.34114203 0.53616387 0.39702645
 0.94738835 0.5636408  0.745384   0.8970556  0.8916031  0.7003717
 0.41791397 0.623165   0.6438171  0.95666695 0.34552673 0.8555495
 0.01371701 0.31158242 0.8421836  0.3061986  0.49788994 0.8259869
 0.36666325 0.9242701  0.5644052  0.3780694  0.4015417  0.23156664
 0.4014015  1.         0.5371623  0.65642035 0.39147252 0.41561666
 0.334255   0.44139832 0.53600585 0.47025317 0.7932651  0.48644194
 0.3658998  0.9673736  0.7238056  0.48319778 0.39842156 0.32403937
 0.36723897 0.34851447 0.16900203 0.20472682 1.         0.29991654
 1.         0.18125342 0.38949403 0.40567318 0.9410126  0.10810404
 0.6965524  0.2530812  0.5747505  0.12294555 0.4177113  0.5664459
 0.38897902 0.5303713  0.3326091  0.73875904 0.24882457 0.3495417
 0.25336307 0.38749433 0.4673218  0.66485125 0.17177835 0.49668366
 0.18337893 0.7205661  0.00250604 0.34119314 0.47114956 0.
 0.32231408 0.7476934  0.12348029 0.7538882  0.9249858  0.50816786
 0.60198385 0.         0.19995646 0.6931866  0.57092506 0.17480351
 0.         1.         0.27502143 0.4671519  0.1298419  0.3014093
 0.56026393 0.8948089  0.77123845 0.5432647  0.5202772  0.61103714
 0.         1.         0.5569899  0.30776697 0.15532085 0.47755066
 0.5767933  0.7667525  0.40884614 0.91967416 0.26605254 0.57060105
 0.37651172 0.10875117 0.4931687  0.90248615 0.59425557 0.4436445
 1.         0.61250377 0.4588173  0.96036565 0.7522232  0.613496
 0.62253463 0.74317867 0.66758716 0.43016368 0.16576567 0.2325399
 0.8601633  0.3689619  1.         0.79097176 0.7118169  0.8494623
 0.3656314  0.29727805 0.42570186 0.4694088  0.42444336 0.33368063
 0.47991523 0.58992976 0.11615808 0.41112605 0.0738309  0.7255728
 0.21864516 0.80721974 0.5842572  0.7671563  0.69120526 0.35092223
 0.62519777 0.6508352  0.5649997  0.7672804  0.00779952 0.38479146
 0.33117256 0.57284576 0.6758992  0.8864397  0.7560729  0.48411834
 0.06733021 0.51582617 0.601769   0.42704305 0.44395265]
2024-05-30 20:41:54[INFO] 
[ddpg][Episode: 0][Step: 2][Metric tpmC:11379.24 tpmTotal:25167.04 Transaction Count:25411]Reward: -0.25913973092799003 Score: -1.2236234340508259 Done: False
2024-05-30 20:41:55[INFO] [ddpg][Episode: 0][Step: 2] Critic: 0.2247934490442276 Actor: 0.08306027576327324
2024-05-30 20:41:55[INFO] [ddpg][Episode: 0][Step: 2] step: 104.62366533279419s env step: 103.71224045753479s train step: 0.45221197605133057s restart time: 39.56095266342163s action time: 0.0008871555328369141s
2024-05-30 20:41:55[INFO] [ddpg][Episode: 0][Step: 2][Average] step: 104.62366533279419s env step: 103.71224045753479s train step: 0.45221197605133057s restart time: 39.56095266342163s action time: 0.01409300168355306s
2024-05-30 20:41:55[INFO] [ddpg] Action: [0.5390495  0.88280827 0.25464493 0.         0.27212048 0.58324975
 1.         0.8050911  0.45932925 0.01023608 0.45324793 0.
 0.71893746 0.93968254 0.17327234 0.70151883 0.3796865  0.3957403
 0.39964575 0.16091488 0.45620698 0.61326987 0.89591634 0.63041013
 0.7623809  0.29499903 0.81983864 0.65806806 0.95884025 0.58655274
 0.7198549  0.74173415 0.15606107 0.52592874 0.1916005  0.28871697
 0.4998285  0.12478464 1.         0.28661022 0.63778824 1.
 0.7571085  0.7124436  0.494854   0.50172836 0.5072766  0.
 0.26559004 0.94361156 0.56380284 0.7307079  0.45788792 0.8245135
 0.05425923 0.36069664 0.7616271  0.48732445 0.9934807  0.75303763
 0.25162143 0.9516226  0.54530704 0.39493573 0.45458132 0.24000244
 0.69352806 0.42556497 0.21797056 0.         1.         0.20333192
 1.         0.33214188 0.27702138 0.51296216 0.8406644  0.20055321
 0.9196027  0.02026571 0.43084383 0.55967855 0.11799707 0.47955427
 0.5645914  0.5232354  0.43700236 0.90485245 0.04267871 0.49804732
 0.39763224 0.6165708  0.6794785  0.2663032  0.29328054 0.5146922
 0.2132636  0.56814    0.2200154  0.30965593 0.35811648 0.
 0.         1.         0.10366397 0.8634569  1.         0.45146698
 0.6485723  0.37003896 0.         0.91585433 0.5140518  0.
 0.         0.8991334  0.24421245 0.71306264 0.26656702 0.3776751
 0.22223745 1.         0.7348407  0.6555045  0.43952632 0.3935693
 0.         1.         0.31804517 0.         0.12944467 0.7408344
 0.824954   0.6132297  0.55139506 0.6174057  0.37342307 0.46016684
 0.06712007 0.36399746 0.62209594 0.9172751  0.66525465 0.5707941
 1.         0.76213026 0.45474517 0.7686726  0.7155935  0.34736338
 0.30937114 0.6879566  0.5183084  0.4891873  0.07993829 0.1808791
 0.96791136 0.1201065  0.92088616 0.79519665 0.8926327  0.4419927
 0.12386798 0.12311643 0.4731037  0.53267276 0.5783021  0.6906277
 0.43810365 0.14036609 0.         0.1547885  0.10318498 0.43326506
 0.12565109 0.19946164 0.48301092 0.9513128  0.85614985 0.56717867
 0.6108173  0.7312823  0.84208566 0.5514296  0.20820703 0.33255684
 0.4874021  0.42286804 0.9066393  1.         0.4807631  0.11647246
 0.         0.85698706 0.7246056  0.27068663 0.1634866 ]
2024-05-30 20:43:44[INFO] 
[ddpg][Episode: 0][Step: 3][Metric tpmC:11340.04 tpmTotal:25069.3 Transaction Count:25108]Reward: -0.802444746556423 Score: -2.0260681806072487 Done: False
2024-05-30 20:43:44[INFO] [ddpg][Episode: 0][Step: 3] Critic: 0.24863120168447495 Actor: 0.08265634626150131
2024-05-30 20:43:44[INFO] [ddpg][Episode: 0][Step: 3] step: 108.3557620048523s env step: 108.31924295425415s train step: 0.014787912368774414s restart time: 44.556434631347656s action time: 0.0008566379547119141s
2024-05-30 20:43:44[INFO] [ddpg][Episode: 0][Step: 3][Average] step: 108.3557620048523s env step: 108.31924295425415s train step: 0.014787912368774414s restart time: 44.556434631347656s action time: 0.010783910751342773s
2024-05-30 20:43:44[INFO] [ddpg] Action: [0.44482568 0.6710253  0.43609992 0.         0.5884974  0.65655804
 1.         0.759724   0.38782987 0.47451982 0.34694183 0.
 0.6568607  1.         0.10629196 0.62178564 0.05463145 0.26782948
 0.69881785 0.04619507 0.40453607 0.6670245  0.996934   0.60123605
 0.71161604 0.45731017 0.80350316 0.9660884  1.         0.84448636
 0.5571927  0.3497651  0.23112854 0.6449675  0.         0.3508117
 0.48590186 0.22877848 1.         0.36557248 0.32688648 0.9887259
 0.6485284  0.44009984 0.31563076 0.35016346 0.6013149  0.4370182
 0.46711046 0.881482   0.47102934 0.55371606 0.73498416 0.6102214
 0.00720081 0.6978887  1.         0.6145479  0.9089812  0.43619943
 0.         0.61087376 0.48254216 0.4469661  0.43519872 0.28374183
 0.48516804 0.6594654  0.12070312 0.         0.96327025 0.3170703
 0.682227   0.6834945  0.5015668  0.32083502 0.8727653  0.27417424
 0.844072   0.2596815  0.36162287 0.5774247  0.60978705 0.47565612
 0.71766895 0.16759972 0.49448827 1.         0.         0.43105567
 0.08138285 0.8104925  0.5089951  0.49140364 0.11927608 0.51346713
 0.2578511  0.5569663  0.08109058 0.32801065 0.41668245 0.
 0.25968727 1.         0.15622464 0.5173028  0.9818276  0.73096365
 0.5896391  0.1541359  0.38581315 0.33808652 0.5635066  0.01725512
 0.         1.         0.20116936 0.56721216 0.30772766 0.62414426
 0.         1.         0.29239842 0.6999873  0.68360955 0.4747715
 0.0133805  0.77262753 0.21531807 0.04593277 0.24825875 0.79819727
 0.7112549  0.7125113  0.55076176 1.         0.09452042 0.62452227
 0.069892   0.32970774 0.50193536 0.5507702  0.6111127  0.7004241
 0.9674423  0.9855328  0.30818802 0.93192583 0.80149615 0.2393801
 0.2583525  0.5337834  0.6688167  0.41475543 0.         0.
 0.904354   0.00757692 1.         0.62631756 0.91779244 0.17736818
 0.55966246 0.         0.6301027  0.474397   0.31712955 0.37390992
 0.4821887  0.37970814 0.         0.10794898 0.5773596  0.15132524
 0.24893148 0.2678576  0.11340208 0.5770251  0.7230679  0.5494309
 0.50715363 0.72281384 0.8759018  0.6473326  0.06921428 0.35143158
 0.41080025 0.53470653 0.9678774  1.         1.         0.
 0.         0.8241557  0.8439116  0.42386606 0.32424343]
2024-05-30 20:45:27[INFO] 
[ddpg][Episode: 0][Step: 4][Metric tpmC:11483.94 tpmTotal:25409.9 Transaction Count:25544]Reward: -0.27188625130953226 Score: -2.297954431916781 Done: False
2024-05-30 20:45:27[INFO] [ddpg][Episode: 0][Step: 4] Critic: 0.19969240327676138 Actor: 0.08298832426468532
2024-05-30 20:45:27[INFO] [ddpg][Episode: 0][Step: 4] step: 103.56931281089783s env step: 103.54481911659241s train step: 0.008721232414245605s restart time: 39.57415747642517s action time: 0.0007278919219970703s
2024-05-30 20:45:27[INFO] [ddpg][Episode: 0][Step: 4][Average] step: 103.56931281089783s env step: 103.54481911659241s train step: 0.008721232414245605s restart time: 39.57415747642517s action time: 0.008772706985473633s
2024-05-30 20:45:28[INFO] [ddpg] Action: [0.27628887 0.66120106 0.38821813 0.         0.59434193 0.5101098
 1.         0.8120032  0.67296326 0.3527448  0.14230694 0.
 0.36648268 0.54427063 0.06988968 0.6669783  0.         0.18910654
 0.7155728  0.12557325 0.36291233 0.60024756 1.         0.48539346
 0.7716852  0.72078526 0.79602194 0.9921082  0.41386816 1.
 0.47245637 0.3893167  0.2201102  0.5262163  0.04643525 0.66144735
 0.4342427  0.42820033 1.         0.15104616 0.3117751  1.
 0.5726464  0.4305505  0.42791125 0.34330243 0.38516885 0.6173263
 0.1453115  0.79395884 0.39585832 0.3550463  0.72974634 0.5625432
 0.         0.88241947 1.         0.58592916 0.5355394  0.5105177
 0.05971091 0.648829   0.25232524 0.67859435 0.6161462  0.34838748
 1.         0.7350555  0.45528254 0.         0.99366146 0.35255787
 0.26741654 0.37690783 0.12610672 0.52792037 0.8131897  0.20936708
 1.         0.07719933 0.02456978 0.47579095 0.6503798  0.23903106
 0.6542154  0.3277925  0.5890254  1.         0.         0.49265814
 0.04980348 0.69852555 0.42050353 0.5068686  0.         0.5199371
 0.13283338 0.34763053 0.         0.5638778  0.35801613 0.
 0.2871969  1.         0.         0.4882587  0.9975736  0.6691285
 0.24956253 0.19910045 0.4523889  0.6346161  0.7771264  0.
 0.         0.8657587  0.30755818 0.4292017  0.3194942  0.6226821
 0.         0.9289647  0.3545774  0.6722642  0.48508012 0.55029327
 0.15599559 0.8909818  0.12545948 0.13414395 0.3375553  0.2610827
 0.2713297  0.5060116  0.6679697  0.6971018  0.         0.3253414
 0.36455432 0.40354714 0.25746426 0.127652   0.5326974  0.6682567
 0.49996275 0.7246891  0.20330499 0.89214474 0.6886498  0.3556073
 0.3448618  0.7403297  0.54892814 0.42674163 0.         0.07664421
 0.7847599  0.         1.         0.837182   1.         0.22276874
 0.6245903  0.13191172 0.7496811  0.69775856 0.4034774  0.59615785
 0.37013668 0.18040211 0.         0.45275322 0.5224555  0.54437834
 0.02836577 0.3823155  0.14548664 0.32333195 0.64582956 0.95845616
 0.6292018  0.3072285  0.91090316 0.671082   0.07682113 0.3054287
 0.4931612  0.42970875 0.78743434 0.7883683  0.6173587  0.34283316
 0.21339093 0.6741178  0.7038882  0.5285663  0.39041638]
2024-05-30 20:47:13[INFO] 
[ddpg][Episode: 0][Step: 5][Metric tpmC:10630.51 tpmTotal:23270.57 Transaction Count:23958]Reward: -0.5641237798875729 Score: -2.862078211804354 Done: False
2024-05-30 20:47:13[INFO] [ddpg][Episode: 0][Step: 5] Critic: 0.217465341091156 Actor: 0.08296933304518461
2024-05-30 20:47:13[INFO] [ddpg][Episode: 0][Step: 5] step: 104.90951991081238s env step: 104.88332509994507s train step: 0.009337902069091797s restart time: 39.55471611022949s action time: 0.0012023448944091797s
2024-05-30 20:47:13[INFO] [ddpg][Episode: 0][Step: 5][Average] step: 104.90951991081238s env step: 104.88332509994507s train step: 0.009337902069091797s restart time: 39.55471611022949s action time: 0.007510979970296224s
2024-05-30 20:47:13[INFO] [ddpg] Action: [0.         0.55558234 0.40006784 0.         0.48803657 0.34462917
 1.         1.         0.5908013  0.5894542  0.         0.
 0.42192554 0.6414843  0.2291838  0.64828426 0.         0.
 0.5174639  0.31476042 0.5039917  0.36611497 1.         1.
 0.70083004 0.75587976 0.9635752  1.         0.15628812 0.64711595
 0.45687214 0.256173   0.         0.33431217 0.26772225 0.7362306
 0.8298581  0.36990762 0.90189356 0.27276248 0.1465758  1.
 0.15924299 0.8322618  0.5055258  0.416248   0.18318959 1.
 0.37531966 0.94843173 0.23924258 0.43465683 0.7711697  0.60147524
 0.         0.8785343  1.         1.         0.7904975  0.534599
 0.16537575 0.6634924  0.47008052 0.44705236 0.6279536  0.2875744
 0.89280605 0.7809338  0.75362307 0.28341272 0.5048106  0.7304576
 0.30507466 0.2915865  0.34374034 0.561956   1.         0.
 0.8446739  0.01127371 0.35474133 0.36411262 0.4178536  0.31876552
 0.93228924 0.49552312 0.22496434 1.         0.         0.2810281
 0.61215997 0.4943986  0.25294226 0.21178658 0.         0.27797177
 0.14632635 0.43137264 0.         0.68641645 0.416883   0.
 0.48100623 0.93089545 0.         0.71191716 0.92758536 0.6577122
 0.43137857 0.42741677 0.13506088 0.6070756  0.41513294 0.
 0.         0.9848392  0.42057848 0.73037225 0.39374018 0.7475623
 0.         1.         0.2595736  0.62682647 0.69294333 0.757329
 0.16366878 1.         0.12291036 0.44202018 0.44071874 0.47429746
 0.5347146  0.46509522 0.6705732  0.58057237 0.16961344 0.05536844
 0.37590235 0.3025057  0.10297906 0.1348871  0.43578142 0.42497802
 0.3383692  0.5229775  0.10049427 1.         1.         0.40803328
 0.5840006  0.600049   0.43803358 0.32530582 0.         0.03026934
 0.9824691  0.         1.         0.41617715 1.         0.00569662
 0.70999736 0.         0.5727846  0.7351165  0.44452226 0.42772865
 0.43660954 0.45703018 0.         0.8040892  0.57637835 0.61078334
 0.22109829 0.38745847 0.39345187 0.25341633 0.9550805  0.7652446
 0.49876314 0.31533343 1.         0.44061092 0.20102149 0.522478
 0.03041624 0.513703   0.9540492  0.41316575 0.476133   0.21292554
 0.61669636 0.71204066 0.89826167 0.5946974  0.68859154]
