2024-05-30 21:15:52[INFO] 
[Env initialized][Metric tpmC: 10229.04 tpmTotal: 22592.26 Transaction Count: 22801]
2024-05-30 21:15:52[INFO] [ddpg] Action: [0.3602276  0.2752144  0.48948705 0.33758295 0.37322488 0.36612478
 0.94209206 0.3445107  0.4928192  0.4182098  0.4095493  0.5381003
 0.8499772  0.30757108 0.7119274  0.00670962 0.7206923  0.42134517
 0.23550136 0.47651964 0.90901005 0.52598643 0.7088715  0.49150774
 0.46129608 0.4504033  0.21339177 0.7303733  0.26022056 0.9967248
 0.55636114 0.8090866  0.7080899  0.73712724 0.5239677  0.63011134
 0.8563654  0.         0.5104635  0.40929085 0.3834461  0.24276921
 0.21938151 0.70105916 0.10349223 0.61171526 0.38661385 0.4096569
 0.17312312 0.3835917  0.503344   0.666402   0.48077977 0.44364852
 0.16718523 0.7380296  0.19875506 0.40225682 0.6110241  0.4012044
 0.6537424  0.43792522 0.8360163  0.3159605  0.59269094 0.26777014
 0.44072968 0.16359156 0.26943016 0.56195426 0.5901821  0.5666101
 0.4711123  0.38168773 0.32770208 0.50099415 0.21848172 0.39100185
 0.6085918  0.7443199  0.43111566 0.5564031  0.5483566  0.23020159
 0.30830035 0.5957271  0.5691011  0.4978623  0.39955604 0.5839507
 0.35205907 0.4012119  0.26361153 0.7503788  0.7125569  0.5227387
 0.51533157 0.61770546 0.47018182 0.08607534 0.38490877 0.35352027
 0.26074037 0.47212067 0.5560615  0.26516643 0.73390627 0.45543215
 0.17602444 0.49587986 0.7021594  0.4372618  0.80373687 0.6195419
 0.         0.35779747 0.68112797 0.6172944  0.51070064 0.6374165
 0.49067354 0.2565431  0.86044806 0.3662305  0.81806284 0.689393
 0.4242516  0.53770083 0.49582562 0.4106229  0.20373066 0.35654247
 0.59144056 0.7678574  0.9514554  0.         0.43488288 0.44425023
 0.4449351  0.36869383 0.70358837 0.23860046 0.5796049  0.80898637
 0.6120434  0.24922471 0.2488146  0.3703608  0.80622023 0.46744776
 0.9711002  0.5164028  0.37148243 0.43612307 0.6429224  0.51395255
 0.5190112  0.51042765 0.581299   0.3993708  0.51825005 0.7341506
 0.23020667 0.34346095 0.58457386 0.54939    0.5135187  0.52929586
 0.3181705  0.22842123 0.28941274 0.5237586  0.5040212  0.17263201
 0.6585578  0.3802048  0.5515012  0.604569   0.75252825 0.42527297
 0.60381603 0.5602279  0.3824495  0.9580338  0.7698524  0.19145367
 0.4530686  0.72163975 0.5917779  0.47507724 0.48328146 0.4732553
 1.         0.3674225  0.1907742  0.44687772 0.2598513 ]
