2024-05-31 13:56:27[INFO] 
[Env initialized][Metric tpmC: 9823.57 tpmTotal: 21726.3 Transaction Count: 21755]
2024-05-31 13:56:27[INFO] [ddpg] Action: [0.37643287 0.33209687 0.57993835 0.41164848 0.51617163 0.37616798
 0.8612789  0.40371782 0.52880234 0.68346035 0.27392694 0.46538687
 0.5917629  0.55056024 0.45689476 0.67123014 0.69013935 0.
 0.71088976 0.75990117 0.4658815  0.02906634 0.2913354  0.35694906
 0.29643103 0.06563941 0.70227396 0.76825505 0.71898574 0.38151196
 0.9003946  0.4132434  0.48912218 0.7139422  0.61454    0.25140807
 0.3763784  0.5918204  0.38590705 0.5487171  0.3105974  0.41713026
 0.5310838  0.5129194  0.45985427 0.45313442 0.54328924 0.69256854
 0.16456124 0.43157008 0.02153587 0.5531901  0.56939566 0.48492518
 0.6112185  0.49033797 0.39942762 0.58587617 0.19717284 0.6180111
 0.47809035 0.48120263 0.37049818 0.5673479  0.67325616 0.23734955
 0.37967858 0.49380964 0.55282634 0.62725604 0.56524307 0.7709302
 0.6794728  0.6642073  0.33274966 0.10153905 0.5504687  0.3403052
 0.38114482 0.5039485  0.48328343 0.8572349  0.26906335 0.2614399
 0.42031196 0.38356432 0.41585934 0.55816936 0.6298024  0.5057899
 0.54803914 0.5760248  0.1481773  0.3759856  0.48144495 0.89247394
 0.18744677 0.7071759  0.43896866 0.25627422 0.61351997 0.7018649
 0.48797897 0.61721724 0.14431061 0.7301127  0.5077927  0.5553589
 0.64585924 0.5843167  0.8176154  0.47143683 0.7673229  0.7781773
 0.6104577  0.44576702 0.37684727 0.387996   0.5509776  0.3031454
 0.6633107  0.80956876 0.6797994  0.30855227 0.6381974  0.6813551
 0.0812097  0.46220738 0.44232765 0.53292614 0.55058956 0.7534322
 0.04331081 0.11330608 0.61564666 0.8520548  0.18353969 0.56859016
 0.67719173 0.35156956 0.5456773  0.7629788  0.6392405  0.36677513
 0.6513814  0.38763252 0.69091594 0.00705884 0.32490614 0.8873335
 0.41468444 0.5759023  0.20165777 0.31416428 0.77920294 0.8077921
 0.12214969 0.51987594 0.47971132 0.36554462 0.40997812 0.68793243
 0.9722911  0.6016348  0.51229024 0.2108443  0.4819136  0.57293797
 0.6678567  0.75725746 0.91916806 0.57167155 0.41166908 0.5891327
 0.9559928  0.36576375 0.73561007 0.5434591  0.53987753 0.49584445
 0.95243824 0.42753944 0.685655   0.70303804 0.41704217 0.17556666
 1.         0.90983444 0.44143614 0.21587594 0.35034522 0.4197178
 0.11462406 0.52827644 0.44421628 0.40926465 0.24540854]
2024-05-31 13:58:16[INFO] 
[ddpg][Episode: 0][Step: 0][Metric tpmC:10466.85 tpmTotal:23276.29 Transaction Count:23349]Reward: 144111.63776410706 Score: 0.14411163776410707 Done: False
2024-05-31 13:58:16[INFO] [ddpg][Episode: 0][Step: 0] step: 108.38087010383606s env step: 108.37094902992249s train step: 0.0s restart time: 44.560673236846924s action time: 0.0024869441986083984s
2024-05-31 13:58:16[INFO] [ddpg][Episode: 0][Step: 0][Average] step: 108.38087010383606s env step: 108.37094902992249s train step: 0.0s restart time: 44.560673236846924s action time: 0.0024869441986083984s
2024-05-31 13:58:16[INFO] [ddpg] Action: [0.27760607 0.4947043  0.88730747 0.54736143 0.44289213 0.4064625
 0.83759207 0.18777265 0.9648339  0.71035224 0.19269828 0.43256602
 0.528064   0.67434704 0.26633725 0.7986633  0.64053655 0.
 0.5889677  0.60691637 0.43565372 0.07332391 0.15317908 0.4450385
 0.550022   0.1299635  0.71705776 0.9414967  1.         0.20734672
 0.8479688  0.45054474 0.44390973 0.9818445  0.10163088 0.60920185
 0.24949463 0.909915   0.37326434 0.12168046 0.         0.5388476
 0.6145117  0.33182797 0.6411746  0.56101185 0.38362283 0.8735113
 0.11054687 0.2878769  0.08117026 0.5800536  0.80613846 0.43887898
 0.90465933 0.05667214 0.29208347 0.71415627 0.01186886 0.4272752
 0.32032284 0.6979158  0.6194099  0.8463449  0.826061   0.5793679
 0.38352272 0.5221507  0.84171855 0.74211586 0.5237755  1.
 0.49565968 0.4397409  0.5260284  0.64495355 0.49165374 0.01860083
 0.31832996 0.32432777 0.49619263 0.4290643  0.7209639  0.42445216
 0.4122372  0.6644097  0.32822508 0.8105624  0.80351865 0.7783871
 0.53582513 0.876497   0.28477302 0.37948507 0.7961565  0.72193855
 0.3155515  0.5092815  0.2592005  0.4329044  0.6096465  0.6857271
 0.5893882  0.34852588 0.26997963 0.68596095 0.8316828  0.9337378
 0.62830585 0.3136326  0.65558064 0.6743938  0.3827707  0.7363876
 0.7627688  0.5798346  0.46248558 0.36531267 0.5063791  0.20893873
 0.42301774 0.82382286 0.3073407  0.2764693  0.9321635  0.64931744
 0.18820076 0.24200018 0.15456495 0.75483584 0.47229636 0.35745287
 0.37907815 0.43403572 0.55341053 0.6487433  0.25731164 0.61380565
 0.8437348  0.         0.5531086  0.45072582 0.7343198  0.4461827
 0.33705524 0.62924135 0.5794382  0.1729538  0.41075087 1.
 0.18645994 0.56908566 0.12621331 0.36372536 0.74775165 0.8235322
 0.         0.46288294 0.4221699  0.325771   0.51878434 0.49627048
 1.         0.7106866  0.730908   0.4481868  0.43374106 0.41131264
 0.63875663 0.90801555 0.8890162  0.58314425 0.27732578 0.8485267
 0.79414403 0.6801686  0.6444609  0.79605085 0.7057806  0.3899995
 0.7891934  0.5687312  0.8830058  0.5373845  0.8924769  0.27141032
 1.         0.89827675 0.5162507  0.3255653  0.48598954 0.47910166
 0.         0.75227696 0.4701245  0.34069172 0.28984097]
2024-05-31 14:00:04[INFO] 
[ddpg][Episode: 0][Step: 1][Metric tpmC:10633.22 tpmTotal:23599.41 Transaction Count:23882]Reward: 0 Score: 0.14411163776410707 Done: False
2024-05-31 14:00:04[INFO] [ddpg][Episode: 0][Step: 1] step: 108.83289361000061s env step: 108.82604432106018s train step: 0.0s restart time: 44.55501675605774s action time: 0.0008764266967773438s
2024-05-31 14:00:04[INFO] [ddpg][Episode: 0][Step: 1][Average] step: 108.83289361000061s env step: 108.82604432106018s train step: 0.0s restart time: 44.55501675605774s action time: 0.001681685447692871s
2024-05-31 14:00:04[INFO] [ddpg] Action: [4.89791930e-01 4.58532780e-01 1.00000000e+00 3.55376661e-01
 5.03314793e-01 5.29109120e-01 9.42986310e-01 1.64099067e-01
 8.29259515e-01 9.71475303e-01 9.55353901e-02 4.29522395e-01
 4.51630682e-01 6.89170003e-01 4.61478308e-02 7.86116123e-01
 3.95723671e-01 2.75487065e-01 7.98749983e-01 4.87154007e-01
 6.45028651e-01 2.17712834e-01 2.09926486e-01 5.13559699e-01
 4.63744402e-01 2.73458332e-01 5.70837379e-01 7.03652859e-01
 1.00000000e+00 7.57725894e-01 1.00000000e+00 8.38338077e-01
 4.95805085e-01 1.00000000e+00 1.80161178e-01 7.13200450e-01
 4.92234379e-01 8.44775498e-01 3.50550652e-01 1.67838514e-01
 1.46098271e-01 4.86092716e-01 6.06548131e-01 3.15947115e-01
 2.58741111e-01 5.37313521e-01 4.20200855e-01 7.37400353e-01
 0.00000000e+00 4.39932525e-01 2.62571305e-01 2.71329522e-01
 6.00159705e-01 4.03554738e-01 6.69933558e-01 4.29914221e-02
 2.92363048e-01 9.52476799e-01 3.88637036e-02 5.64572573e-01
 3.21418881e-01 6.94698453e-01 5.90164065e-01 1.00000000e+00
 7.01638579e-01 3.54002595e-01 2.92453468e-01 6.89906061e-01
 1.00000000e+00 7.82148778e-01 4.10191566e-01 1.00000000e+00
 4.46821660e-01 4.71219569e-01 4.19296682e-01 6.44950151e-01
 6.65482044e-01 3.07168931e-01 2.02295542e-01 6.90011084e-01
 4.78027195e-01 4.57577288e-01 8.54892671e-01 3.74256447e-02
 2.52110213e-01 9.23275888e-01 1.27754271e-01 5.94669282e-01
 3.78471434e-01 1.00000000e+00 2.75249332e-01 7.71324337e-01
 2.58535177e-01 1.79106951e-01 3.28140616e-01 9.63844240e-01
 2.23472536e-01 3.06285560e-01 3.16322356e-01 2.96833545e-01
 6.70903146e-01 6.79733157e-01 9.04722214e-01 4.20416892e-01
 6.23248219e-01 7.96728671e-01 9.55347240e-01 1.00000000e+00
 6.67113245e-01 3.63455415e-01 1.00000000e+00 5.90714157e-01
 7.97004879e-01 6.67603016e-01 6.72565103e-01 6.89167678e-01
 6.03123903e-01 4.29187983e-01 8.89591157e-01 3.83437872e-01
 7.81188071e-01 1.00000000e+00 5.27329981e-01 3.99781436e-01
 6.18143141e-01 8.70190382e-01 0.00000000e+00 1.18699901e-01
 8.93360528e-04 7.06829369e-01 7.00567722e-01 3.06219339e-01
 5.09056568e-01 4.30514097e-01 5.68912506e-01 6.46130979e-01
 1.94094777e-01 4.07896221e-01 9.93841290e-01 9.34866220e-02
 3.50799769e-01 2.47690864e-02 3.12016934e-01 2.27613881e-01
 3.20759356e-01 6.47576213e-01 7.47064650e-01 1.20266326e-01
 3.12379152e-01 1.00000000e+00 0.00000000e+00 6.89338267e-01
 4.36203718e-01 1.67096585e-01 5.92962801e-01 8.68952155e-01
 0.00000000e+00 6.34245217e-01 6.92738220e-02 1.02275401e-01
 8.65393341e-01 5.37754059e-01 8.30842376e-01 6.65050447e-01
 6.28827810e-01 3.24587733e-01 6.35262549e-01 4.73811328e-01
 6.98782861e-01 8.03655028e-01 9.07383263e-01 5.10463119e-01
 5.24390578e-01 8.97321105e-01 4.86507595e-01 5.28067648e-01
 9.00169313e-01 8.81731987e-01 7.90065944e-01 3.03302705e-01
 5.59668362e-01 7.95544565e-01 9.10883427e-01 1.00000000e+00
 8.85478199e-01 1.94510147e-01 1.00000000e+00 6.69051051e-01
 5.41525781e-01 1.53877169e-01 3.59167039e-01 3.76955748e-01
 4.03724499e-02 6.40838265e-01 8.15406561e-01 4.30092603e-01
 4.07135308e-01]
2024-05-31 14:01:53[INFO] 
[ddpg][Episode: 0][Step: 2][Metric tpmC:10803.85 tpmTotal:24254.76 Transaction Count:24409]Reward: 0 Score: 0.14411163776410707 Done: False
2024-05-31 14:01:54[INFO] [ddpg][Episode: 0][Step: 2] Critic: 20768161792.0 Actor: -0.0786566473543644
2024-05-31 14:01:54[INFO] [ddpg][Episode: 0][Step: 2] step: 109.27099061012268s env step: 108.49662232398987s train step: 0.3833918571472168s restart time: 44.55693435668945s action time: 0.0008928775787353516s
2024-05-31 14:01:54[INFO] [ddpg][Episode: 0][Step: 2][Average] step: 109.27099061012268s env step: 108.49662232398987s train step: 0.3833918571472168s restart time: 44.55693435668945s action time: 0.001418749491373698s
2024-05-31 14:01:54[INFO] [ddpg] Action: [0.21908881 0.39074752 1.         0.         0.44725704 0.7124538
 1.         0.34373412 0.63855463 0.55620855 0.32735515 0.916408
 0.20709173 0.5332148  0.26588467 1.         0.3758054  0.4695989
 0.8599802  0.31675765 0.8808533  0.6214354  0.23771434 0.25318778
 0.47000593 0.43978354 0.6006952  0.8514293  1.         0.6570226
 0.76886064 0.53206664 0.17474702 0.9128228  0.13630109 0.6115424
 0.38647977 0.81424713 0.23479715 0.55156845 0.1948648  0.5420284
 0.67192614 0.4568298  0.1416423  0.71385705 0.29677483 1.
 0.14365132 0.74176425 0.31022274 0.30082956 0.26561514 0.50148726
 0.58564055 0.1384465  0.20549324 1.         0.02921896 0.5826483
 0.24531066 0.3794667  0.84052503 1.         0.7025545  0.1401694
 0.13270862 0.6621479  1.         0.88763124 0.35624233 1.
 0.5299603  0.67842174 0.23149015 0.37667632 0.47343317 0.12563738
 0.3477865  0.6909092  0.39521238 0.628375   1.         0.
 0.04195524 0.85696954 0.05551932 0.45899922 0.5376478  1.
 0.19768503 0.6087552  0.11833192 0.30575526 0.2644435  0.77739567
 0.29685396 0.28768185 0.27918229 0.00727945 0.5051633  0.7612972
 1.         0.4303264  0.4331654  0.7227603  1.         1.
 0.551493   0.3935709  1.         0.31132877 0.6061124  0.6383971
 0.74370056 0.7388112  0.69950515 0.49043477 0.6783184  0.41781232
 0.8061412  0.97597575 0.3089471  0.51726645 0.56729543 0.4585337
 0.2489134  0.02818275 0.33233926 0.97215784 0.69681287 0.31272104
 0.3975736  0.77555156 0.66558605 0.79462737 0.44527748 0.4395131
 0.61636543 0.13701804 0.23718587 0.30261394 0.53491676 0.3118618
 0.4234924  0.8526492  0.27241373 0.05855225 0.49851722 1.
 0.         0.5346654  0.6538843  0.57740915 0.7649873  0.75689
 0.10094377 0.38291672 0.         0.45534647 1.         0.4665895
 0.8941595  0.5364516  0.33844396 0.5207624  0.56235427 0.56459874
 0.6301517  1.         0.4149964  0.78303874 0.40999103 1.
 0.64934254 0.41837525 1.         0.7666173  0.60507417 0.2540608
 0.55555624 0.80652434 0.76358706 0.9443478  0.678434   0.213806
 0.98034984 0.76255983 0.28867552 0.29993945 0.3873046  0.3907832
 0.         0.3253836  1.         0.15739913 0.2318021 ]
