2024-05-23 11:25:52[INFO] 
[Env initialized][Metric tpmC: 7486.45 tpmTotal: 16501.21 Transaction Count: 16594]
2024-05-23 11:25:52[INFO] [ddpg] Action: [0.62563396 0.50061625 0.53886527 0.5771979  0.46819308 0.3861402
 0.5220689  0.4507715  0.3371449  0.57817125 0.48155168 0.50010425
 0.4426677  0.3316449  0.5235906  0.80944383 0.48873377 0.5098224
 0.75451386 0.37365848 0.50919473 0.6425643  0.46340424 0.5243922
 0.7744804  0.6446624  0.61849254 0.34911826 0.45260963 0.28599802
 0.39956307 0.6791765  0.18355699 0.51411253 0.36888748 0.5765881
 0.45912504 0.21011516 0.47570738 0.39558136 0.04879143 0.34589636
 0.28643233 0.44351608 0.24498442 0.28976068 0.5984511  0.6857966
 0.70422935 0.47466668 0.33088374 0.36225143 0.639456   0.6418739
 0.5564297  0.67855465 0.6683518  0.90874135 0.15144311 0.5030184
 0.42886996 0.21038558 0.6162008  0.46099314 0.37825057 0.68621016
 0.65041965 0.42363706 0.655242   0.54102373 0.6261931  0.38975596
 0.57757133 0.17111921 0.5353589  0.35660475 0.55093795 0.62505764
 0.6338569  0.519329   0.33555272 0.5546937  0.4998582  0.5025192
 0.60669154 0.5176519  0.35536173 0.43324807 0.45226625 0.52082336
 0.41463834 0.6165296  0.41054478 0.36171332 0.3245199  0.42365998
 0.38383502 0.83863825 0.36920935 0.5507109  0.54419214 0.1568665
 0.52197266 0.62861913 0.7133557  0.4023332  0.5384331  0.87878245
 0.5062971  0.539736   0.5353471  0.68986964 0.14438862 0.24150024
 0.34050027 0.594083   0.32866758 0.6702439  0.5241346  0.94222176
 0.7706207  0.81836075 0.26487878 0.15982813 0.5498404  0.8169779
 0.47292256 0.36296615 0.15929452 0.10755028 0.53729653 0.5943173
 0.35636085 0.34927517 0.65127593 0.5215447  0.56933427 0.75054246
 0.3305712  0.37007603 0.66525275 0.85787004 0.40813425 0.44571403
 0.40609837 0.41971117 0.44374612 0.6777298  0.41394195 0.41459084
 0.85422057 0.2322298  0.53284407 0.02064598 0.59297156 0.85101205
 0.51686394 0.33966258 0.48647577 0.7523707  0.207439   0.6581785
 0.51032984 0.35554287 0.52336204 0.6098331  0.53381133 0.29290998
 0.93191135 0.52755076 0.22026385 0.5319726  0.30664742 0.41266716
 0.36189952 0.34917793 0.4781389  0.413044   0.48353654 0.71563864
 0.42078304 0.35123637 0.17638431 0.40471664 0.02679223 0.24094668
 0.42005804 0.5525561  0.09983564 0.22674856 0.52953005 0.4796769
 0.77026635 0.5598077  0.63925874 0.4979824  0.5533254 ]
