2024-05-31 09:56:35[INFO] 
[Env initialized][Metric tpmC: 8528.9 tpmTotal: 18953.89 Transaction Count: 19102]
2024-05-31 09:56:35[INFO] [ddpg] Action: [0.43172005 0.47702712 0.16260129 0.40615073 0.7500357  0.45464534
 0.28954405 0.2978423  0.6503737  0.6401996  0.49028134 0.4187007
 0.43074048 0.7461671  0.17505893 0.1145219  0.547361   0.83220565
 0.5970717  0.794361   0.5863442  0.7583831  0.57838786 0.7265629
 0.37207866 0.32787308 0.49207947 0.4978595  0.46624163 0.6578422
 0.60236037 0.38518593 0.54982466 0.6735368  0.4647038  0.14534181
 0.58279026 0.53510207 0.48198187 0.11789894 0.75914395 0.62179875
 0.51307297 0.6355094  0.45604026 0.11347114 0.83082217 0.25407755
 0.32222515 0.4663203  0.38176745 0.5421692  0.5402444  0.5159384
 0.22493184 0.6723466  0.36091477 0.40268227 0.4808887  0.58212113
 0.46478245 0.26401952 0.46467045 0.1626849  0.68560135 0.4152687
 0.7376127  0.65908384 0.23584281 0.6129754  0.35978985 0.66989774
 0.27316397 0.8141303  0.30270612 0.6404652  0.52293056 0.35601336
 0.14338112 0.4628573  0.         0.30234328 0.4189396  0.34407124
 0.13963124 0.71047276 0.6154041  0.45437354 0.5876837  0.39842615
 0.8705937  0.48120406 0.19964547 0.20621084 0.25187138 0.6425576
 0.74143946 0.7517946  0.7298805  0.4733606  0.26628003 0.6880061
 0.56850356 0.5472513  0.44365308 0.5522049  0.2554607  0.21697898
 0.26874194 0.8043589  0.2792374  0.4629239  0.66799355 0.50888115
 0.49357587 0.54045844 0.4704081  0.23057392 0.7301919  0.54513335
 0.509779   0.6444624  0.         0.49562344 0.5013577  0.7777934
 0.44695467 0.46094364 0.6932645  0.4710097  0.64173704 0.52803427
 0.6785061  0.53665257 0.73465323 0.5467154  0.5277641  0.19057187
 0.6850822  0.35530373 0.7342795  0.7193597  0.543357   0.5320443
 0.73471886 0.5207613  0.45362073 0.28152788 0.4762929  0.6714797
 0.6310759  0.20362179 0.22147855 0.4835533  0.33887872 0.37007916
 0.47693598 0.37405485 0.41062737 0.769278   0.         0.6778008
 0.7851202  0.26692787 0.12557177 0.5243898  0.6696375  0.74845016
 0.5640301  0.5814947  0.05155213 0.3248304  0.68961245 0.49167943
 0.36952543 0.5207136  0.14614686 0.98367757 0.57352465 0.5748563
 0.51621807 0.22114526 0.66113603 0.30453232 0.6889154  0.5776084
 0.62070376 0.5763698  0.7203375  0.74619263 0.45970643 0.55561036
 0.35954145 0.32147703 0.48581567 0.64905125 0.4989896 ]
