2024-05-30 22:30:43[INFO] 
[Env initialized][Metric tpmC: 13945.25 tpmTotal: 30944.8 Transaction Count: 31032]
2024-05-30 22:30:44[INFO] [ddpg] Action: [0.41108298 0.17434327 0.38387555 0.39671174 0.529851   0.88854283
 0.5200957  0.5218298  0.03043609 0.5375929  0.48469034 0.663771
 0.33148086 0.36859068 1.         0.59946895 0.78839904 0.93426514
 0.43582383 0.6759842  0.78484005 0.35624605 0.8204738  0.22735173
 0.47478724 0.3331648  0.45534506 0.34393468 0.57482785 0.6756218
 0.67356706 0.10258415 0.5480337  0.5128954  0.52751076 0.3395106
 0.73541427 0.50708044 0.71442807 0.30791238 0.7160856  1.
 0.21962428 0.56705534 0.23566774 0.8781969  0.5210967  0.54520375
 0.5010162  0.36900252 0.5229401  0.5143208  0.3487812  0.05996199
 0.77458435 0.70265913 0.22001958 0.6203583  0.8054009  0.40080854
 0.38480473 0.38752997 0.3324048  0.61276126 0.7674658  0.20884289
 0.3020676  0.40293422 0.3544496  0.58514744 0.20007315 0.29752415
 0.30142194 0.45484582 0.90602976 0.10304374 0.7857061  0.4556026
 0.81815606 0.65330726 0.58737725 0.16569412 0.53954756 0.43473634
 0.3472268  0.78617585 0.37246394 0.40972853 0.         0.48668045
 0.25590768 0.34906656 0.7465928  0.65075904 0.6564997  0.3471901
 0.24700426 1.         0.45586014 0.97835296 0.6374044  0.45175886
 0.39943781 0.76211625 0.48761708 0.16370371 0.5436781  0.12178353
 0.84226745 0.5313442  0.6245694  0.72654086 0.60930383 0.30557886
 0.38511398 0.4553189  0.21108113 0.40921795 0.5985209  0.14956264
 0.60314703 0.6580495  0.46047702 0.6627416  0.49090797 0.5104406
 0.3016084  0.3446014  0.3154906  0.27695566 0.5380078  0.45438796
 0.38210696 0.5582015  0.5145805  0.69805783 0.4657699  0.78193504
 0.20207734 0.60694444 0.69651526 0.49439275 0.3186298  0.7358721
 0.8769135  0.47935346 0.6029421  0.33233505 0.38960558 0.56093776
 0.59254664 0.18807589 0.5499841  0.94361794 0.5456514  0.45546016
 0.7089463  0.60676897 0.4998345  0.49044353 0.4018919  0.5025645
 0.5511963  0.5525479  0.30734912 0.8131892  0.62060934 0.84817344
 0.6363341  0.4094531  0.42248628 0.33998474 0.5112347  0.4707997
 1.         0.596625   0.5784372  0.54568785 0.5061924  0.46589172
 0.54457575 0.865724   0.21898027 0.3348746  0.44777492 0.3436306
 0.32673046 0.34587672 0.6088548  0.63108546 0.35839048 0.54099864
 0.59676987 0.1304175  0.4201126  0.5434393  0.56318974]
2024-05-30 22:32:53[INFO] 
[ddpg][Episode: 0][Step: 0][Metric tpmC:21938.8 tpmTotal:48757.23 Transaction Count:48870]Reward: -0.47339994361328297 Score: -0.47339994361328297 Done: False
2024-05-30 22:32:53[INFO] [ddpg][Episode: 0][Step: 0] step: 130.41008186340332s env step: 128.99487781524658s train step: 0.0s restart time: 65.0153136253357s action time: 0.6706440448760986s
2024-05-30 22:32:53[INFO] [ddpg][Episode: 0][Step: 0][Average] step: 130.41008186340332s env step: 128.99487781524658s train step: 0.0s restart time: 65.0153136253357s action time: 0.6706440448760986s
2024-05-30 22:32:53[INFO] [ddpg] Action: [0.22554636 0.41359282 0.9919856  0.16353247 0.540409   0.8653951
 0.60959965 0.7303148  0.         0.46101242 0.45825285 0.3855398
 0.53624034 0.3611368  1.         0.75222474 0.3406108  0.6588038
 0.43724564 0.3906019  0.8368499  0.36531582 0.9178008  0.29311928
 0.40784535 0.59625524 0.60949695 0.7945679  0.20550296 0.60990286
 0.84230864 0.09352249 0.19899486 0.3739343  0.5971829  0.15676455
 0.8265039  0.40285203 0.66724116 0.19510296 0.52696115 0.67464745
 0.31979096 0.39695323 0.131671   1.         0.551619   0.6648593
 0.78002584 0.29814273 0.56900316 0.92062014 0.581057   0.24736337
 0.81583875 1.         0.5744714  0.63343686 0.9575647  0.53544873
 0.26345178 0.57932097 0.27415967 0.94093937 0.97027797 0.26303414
 0.19459924 0.34020585 0.27445883 0.41795838 0.21594486 0.47233224
 0.3392041  0.25479916 0.3497428  0.55203384 0.71867126 0.52405226
 0.63602996 0.67837226 0.49636352 0.15760095 0.4936902  0.15078472
 0.55682737 0.86153895 0.4099303  0.2792905  0.         0.77520657
 0.33173937 0.41859537 0.4649573  0.         0.8822919  0.40423542
 0.         0.8503567  0.49516582 1.         0.767831   0.3945608
 0.775147   0.7905676  0.40956768 0.41768715 0.40584502 0.
 0.956704   0.410616   0.5993803  0.5422221  0.6200281  0.23694508
 0.1219544  0.38179627 0.5722314  0.572348   0.45213497 0.2997127
 0.45918277 0.46547827 0.34169105 0.653574   0.53656644 0.7865569
 0.24715257 0.43273503 0.43659577 0.32916427 0.6138281  0.5815381
 0.6391009  0.38733965 0.24869366 0.8914523  0.64143276 0.86327094
 0.28405297 0.7194789  0.8166201  0.41187522 0.5255323  0.59221804
 0.83665395 0.56404066 0.5425434  0.3127559  0.387861   0.51773965
 0.5068465  0.14367335 0.         0.85886943 0.74887073 0.01881998
 1.         0.5403035  0.22577538 0.7377469  0.1653546  0.33132645
 0.18986335 0.         0.48033738 0.59937555 0.6175098  0.3472144
 0.34492892 0.35358608 0.5151174  0.49795732 0.59714603 0.52858895
 1.         0.8392121  0.3738265  0.8817036  0.21949385 0.57693696
 0.39877552 0.9052322  0.1159406  0.48575938 0.2811186  0.
 0.30602598 0.35177997 0.65778667 0.7098772  0.5971171  0.5386865
 0.38068748 0.06036411 0.36369365 0.18393202 0.5406471 ]
2024-05-30 22:35:08[INFO] 
[ddpg][Episode: 0][Step: 1][Metric tpmC:20598.11 tpmTotal:45825.47 Transaction Count:46020]Reward: -0.4936735381461872 Score: -0.9670734817594702 Done: False
2024-05-30 22:35:08[INFO] [ddpg][Episode: 0][Step: 1] step: 134.2266457080841s env step: 134.1533317565918s train step: 0.0s restart time: 70.05710577964783s action time: 0.0010936260223388672s
2024-05-30 22:35:08[INFO] [ddpg][Episode: 0][Step: 1][Average] step: 134.2266457080841s env step: 134.1533317565918s train step: 0.0s restart time: 70.05710577964783s action time: 0.33586883544921875s
2024-05-30 22:35:08[INFO] [ddpg] Action: [0.         0.17386316 0.7401216  0.39173916 0.6368107  0.85690004
 0.61043    0.45401672 0.         0.4107298  0.5969042  0.2675942
 0.78897196 0.7345858  1.         1.         0.6426598  0.6443585
 0.52069086 0.5898635  0.87101823 0.34807855 1.         0.5198251
 0.40214923 0.6988241  0.9186107  0.8292103  0.52282727 0.39812666
 0.75475657 0.20312834 0.07517632 0.20498317 0.6484229  0.04939599
 0.8399955  0.6813615  0.81327134 0.16401379 0.78927803 0.8793102
 0.25793174 0.22411667 0.20980941 1.         0.5556695  0.46994323
 0.9209713  0.5158742  0.6230377  0.6064503  0.6912157  0.03943977
 1.         1.         0.28655857 0.7222905  0.7461825  0.62272817
 0.38567328 0.23273772 0.         1.         0.58255225 0.
 0.         0.3756765  0.45835257 0.04290876 0.32917497 0.7865181
 0.83457243 0.11605612 0.18122065 0.35914567 0.7616442  0.5410066
 0.64937276 0.92684364 0.36247438 0.17044418 0.554033   0.
 0.70128536 0.31038103 0.684405   0.21180004 0.         0.954873
 0.48128536 0.40100226 0.4437732  0.         0.57215863 0.5070191
 0.         1.         0.44078696 1.         0.61567473 0.07372482
 0.63368887 0.82011163 0.3125136  0.46952185 0.5703568  0.
 0.9850058  0.2756905  0.8593365  0.29338333 0.7989463  0.305569
 0.28805536 0.46379492 0.2980457  0.5488377  0.70749134 0.
 0.6044329  0.13493763 0.43934608 0.45135486 0.3683311  1.
 0.07398098 0.06461547 0.6275834  0.3218585  0.5135502  0.58910674
 0.27689046 0.27258256 0.3311629  1.         0.8706137  0.92626494
 0.15248728 0.73410875 0.35513127 0.3424814  0.61297786 0.49385577
 0.89642483 0.6170959  0.7007045  0.46680945 0.03812529 0.26239866
 0.37085342 0.46318546 0.03543314 0.5708075  0.4323891  0.12615888
 1.         0.58578664 0.5796249  0.7571399  0.07459452 0.2247119
 0.20971327 0.         0.53698266 0.36551544 0.52918047 0.4435921
 0.5852274  0.11781592 0.4244334  0.783867   0.50316083 0.30740264
 1.         0.8632603  0.77554137 1.         0.29740918 0.52491903
 0.44350705 0.7041805  0.         0.2581859  0.00819255 0.0595675
 0.4051421  0.60049814 0.36832938 0.28309232 0.7534386  0.9215324
 0.64104307 0.4652027  0.42542753 0.61678976 0.42242825]
2024-05-30 22:37:22[INFO] 
[ddpg][Episode: 0][Step: 2][Metric tpmC:19736.04 tpmTotal:44210.36 Transaction Count:44496]Reward: -0.44199910368513273 Score: -1.409072585444603 Done: False
2024-05-30 22:37:24[INFO] [ddpg][Episode: 0][Step: 2] Critic: 0.2351609244942665 Actor: -0.059560492634773254
2024-05-30 22:37:24[INFO] [ddpg][Episode: 0][Step: 2] step: 136.23034620285034s env step: 134.57820916175842s train step: 0.8087234497070312s restart time: 70.13294315338135s action time: 0.0009894371032714844s
2024-05-30 22:37:24[INFO] [ddpg][Episode: 0][Step: 2][Average] step: 136.23034620285034s env step: 134.57820916175842s train step: 0.8087234497070312s restart time: 70.13294315338135s action time: 0.22424236933390299s
2024-05-30 22:37:24[INFO] [ddpg] Action: [0.1449975  0.1250907  0.3338962  0.3399976  0.62066007 0.6837734
 0.6939604  0.26294488 0.         0.4649278  0.7428472  0.18846972
 1.         0.69939595 1.         0.9722612  0.47462618 0.74317193
 0.63626075 0.6876814  0.44869515 0.20749803 0.93831426 0.5217855
 0.48525622 1.         0.7669765  0.6712604  0.39842322 0.3735081
 0.8831008  0.19147225 0.20141649 0.1109698  0.71706885 0.3160188
 0.6168698  1.         0.693807   0.255901   0.50821644 0.82752943
 0.44733799 0.15739012 0.50911176 0.8753764  0.20251825 0.6765187
 0.9671307  0.7262787  0.48068562 0.44956923 0.48032597 0.
 0.9565822  1.         0.2982848  0.6900838  0.46311513 0.73861367
 0.511113   0.10650806 0.         1.         0.6157565  0.
 0.         0.41788912 0.4943583  0.         0.5056435  0.950983
 0.8073409  0.         0.34717903 0.48736328 0.49828655 0.52139175
 0.5192958  0.58086735 0.5002543  0.61623484 0.76141524 0.
 0.7516272  0.44499204 0.55237347 0.58641034 0.         1.
 0.27393016 0.23357508 0.32619023 0.         0.70857877 0.3789873
 0.         0.6401456  0.2912866  1.         0.7594576  0.
 0.670991   0.8667216  0.4437907  0.50746423 0.48221752 0.
 0.7778858  0.17363685 0.66731983 0.33732113 0.6670713  0.20390253
 0.1293222  0.53362626 0.15552033 0.6486277  0.8014055  0.
 0.675333   0.32632014 0.76291853 0.44769362 0.8712913  0.97619367
 0.         0.23630421 0.7959848  0.00108105 0.71656984 0.48031753
 0.12264709 0.66500205 0.         0.70857674 0.6966568  0.9386623
 0.03211944 0.40451774 0.58873695 0.24829355 0.56955504 0.5493677
 1.         0.56559426 0.27084532 0.51858926 0.06419903 0.18063956
 0.4815736  0.6393719  0.         0.51487327 0.20413953 0.32871893
 1.         0.55632544 0.17496155 0.4842666  0.40800887 0.11742229
 0.25515953 0.         0.7331762  0.34994292 0.47962707 0.756094
 0.5705897  0.16264905 0.53286815 0.72169936 0.27556148 0.3825999
 1.         1.         1.         0.88695055 0.46531552 0.52284354
 0.74436325 0.93556684 0.         0.20764157 0.2824711  0.
 0.76592094 0.6016557  0.5295003  0.25551137 0.7398774  0.62207013
 0.54918855 0.5065921  0.         0.51047903 0.41883588]
2024-05-30 22:39:33[INFO] 
[ddpg][Episode: 0][Step: 3][Metric tpmC:20333.82 tpmTotal:44886.03 Transaction Count:44998]Reward: -0.4160958028144597 Score: -1.8251683882590626 Done: False
2024-05-30 22:39:33[INFO] [ddpg][Episode: 0][Step: 3] Critic: 0.22743992507457733 Actor: -0.05913479160517454
2024-05-30 22:39:33[INFO] [ddpg][Episode: 0][Step: 3] step: 129.09938597679138s env step: 129.04993391036987s train step: 0.02118968963623047s restart time: 64.95647954940796s action time: 0.00079345703125s
2024-05-30 22:39:33[INFO] [ddpg][Episode: 0][Step: 3][Average] step: 129.09938597679138s env step: 129.04993391036987s train step: 0.02118968963623047s restart time: 64.95647954940796s action time: 0.16838014125823975s
2024-05-30 22:39:33[INFO] [ddpg] Action: [0.28163993 0.24462007 0.1574414  0.556511   0.6241495  0.59167576
 0.7118021  0.22612323 0.         0.35230094 0.6406704  0.15310211
 0.75989914 0.8430616  1.         1.         0.5648971  0.7125638
 0.271447   0.6046741  0.19702701 0.15565385 0.9592124  0.59692013
 0.29344752 1.         0.61293954 0.63646847 0.77598923 0.5251826
 0.7329685  0.3933588  0.01237988 0.         0.85021573 0.6957718
 0.3484075  0.9997289  0.77231145 0.5210671  0.40725517 1.
 0.49237683 0.3271842  0.6708635  0.80226356 0.6266927  0.59689003
 0.74674267 0.9558958  0.30001676 0.6224233  0.14633486 0.
 0.7435534  1.         0.6740711  0.4662207  0.56537735 0.93184906
 0.19724976 0.24661367 0.00334218 1.         0.52802247 0.06748413
 0.1660461  0.27931598 0.48206183 0.         0.7597861  0.989342
 0.9330209  0.2437469  0.7230013  0.7821752  0.3555408  0.33426753
 0.54904413 0.7655755  0.57489496 0.45569137 1.         0.
 0.79133254 0.6258911  0.45408    0.6097589  0.         0.7835394
 0.         0.4683689  0.6476347  0.         0.7599981  0.00922407
 0.         0.62890506 0.33503878 0.96425426 0.66443413 0.
 0.7425088  0.8680213  0.27947634 0.39374045 0.63699156 0.01925082
 0.56479686 0.6660409  0.73981816 0.14835943 0.46904027 0.16648346
 0.52423453 0.5114508  0.18984124 0.95787096 0.5538631  0.
 0.674711   0.27203596 0.57128036 0.5418302  0.7522986  1.
 0.         0.01954294 1.         0.00525461 0.5412644  0.42364112
 0.58200216 0.9110682  0.02161056 0.6547181  0.87363905 1.
 0.13525134 0.424942   0.5644577  0.5470919  0.23400871 0.43016198
 1.         0.5482969  0.6733327  0.19574583 0.         0.63106024
 0.3154455  0.4879743  0.         0.36855465 0.         0.22535557
 1.         0.5006845  0.08490498 0.14421004 0.37349826 0.20010169
 0.28496388 0.         0.73323005 0.39188933 0.44569647 0.6220938
 0.7454339  0.2530666  0.5699917  0.21540876 0.20983663 0.45726287
 0.7839128  1.         0.7844886  1.         0.581683   0.5517176
 0.8759617  0.95403427 0.1374604  0.21745439 0.49532783 0.
 0.51468843 0.6208127  0.78615665 0.34755367 0.86818594 0.5464769
 0.39441442 0.5411224  0.         0.6243476  0.61307466]
