2024-05-29 14:04:39[INFO] 
[Env initialized][Metric tpmC: 10787.27 tpmTotal: 24004.57 Transaction Count: 24112]
2024-05-29 14:04:39[INFO] [ddpg] Action: [0.46794686 0.44258064 0.7281517  0.32045448 0.6555409  0.7159317
 0.6582318  0.39678836 0.285961   0.8333349  0.5114957  0.97745717
 0.9435894  0.7471547  0.5483054  0.35159242 0.91614246 0.6539134
 0.686367   0.57678056 0.2998164  0.7876179  0.3174846  0.4645558
 0.33874273 0.32725343 0.17270473 0.38840723 0.6359809  0.116924
 0.33604005 0.04361827 0.63023406 0.81393176 0.7767172  0.34330422
 1.         0.5074359  0.30759346 0.41317844 0.4387252  0.9132894
 0.23834065 0.8654254  0.41577363 0.5260643  0.47434855 0.40136424
 0.4590285  0.5956551  0.47818005 0.5598349  0.51444936 0.41386336
 0.4683052  0.3979611  0.7750214  0.4465392  0.9362911  0.46790513
 0.6797526  0.6580996  0.83612835 0.5555793  0.34976557 0.36327767
 0.5440586  0.31197697 0.6063985  0.62098205 0.5637838  0.22099727
 0.43750954 0.25753555 0.4966472  0.8388051  0.48196638 0.4307635
 0.55653936 0.5479374  0.6300237  0.8017762  0.57588243 0.6036713
 0.4111881  0.30784282 0.41415587 0.20363846 0.39952102 0.6901899
 0.6096558  0.6198838  0.49593073 0.6777819  0.54119873 0.5399435
 0.9120752  0.5487857  0.38464507 0.520433   0.458619   0.56257313
 0.23650308 0.43296543 0.33478746 0.33828914 0.2826579  0.260262
 0.76756376 0.5514309  0.31102848 0.2736572  0.7784548  0.32669201
 0.5062527  0.2507255  0.7098013  0.3665774  0.14164951 0.697849
 0.8762451  0.4853405  0.06424978 0.19372185 0.45400822 0.65802497
 0.417386   0.48222315 0.70628023 0.27631998 0.62853456 0.5904521
 0.90059566 0.57899314 0.28428063 0.34896842 0.60339355 0.33789885
 0.8479412  0.62085176 0.53838396 0.310611   0.57632935 0.6021517
 0.56533176 0.5200783  0.42448756 0.36866948 0.22195196 0.607025
 0.76854956 0.41551176 0.5411521  0.32285932 0.35457793 0.5386319
 0.40329054 0.33436626 0.36327553 0.3888131  0.30451423 0.4467862
 0.85769963 0.26149002 0.6548461  0.80886525 0.5382605  0.6177735
 0.31817937 0.64233273 0.6263094  0.620456   0.32492617 0.5626841
 0.273405   0.5124333  0.4384646  0.50481755 0.6922736  0.43511912
 0.36512494 0.19302857 0.45065808 0.4558007  0.54528373 0.5690417
 0.7029043  0.8706439  0.2316833  0.5779907  0.42881176 0.6959537
 0.48010328 0.45992368 0.41714364 0.7259951  0.24009745]
