2024-05-29 13:46:13[INFO] 
[Env initialized][Metric tpmC: 9081.66 tpmTotal: 20144.38 Transaction Count: 20275]
2024-05-29 13:46:13[INFO] [ddpg] Action: [0.5146515  0.65725297 0.4148233  0.48533356 0.4347865  0.5552491
 0.34455872 0.86698014 1.         0.27763554 0.7931573  0.51422906
 0.11423807 0.47073078 0.746115   0.2661963  0.6449218  0.34908304
 0.58466965 0.4942502  0.2713048  0.5926809  0.1117407  0.7750681
 0.25287    0.4166131  0.36183393 0.1999339  0.733363   0.63162786
 0.8922906  0.62506855 0.34404042 0.23838894 0.32461244 0.74152416
 0.58436894 0.6471557  0.73478436 0.28189164 0.6819947  0.58042276
 0.46119705 0.15223517 0.7445904  0.61209744 0.41029307 0.2797654
 0.51270676 0.6624419  0.6326698  0.35599378 0.45205212 0.50203747
 0.48186207 0.6837729  0.2886069  0.43534684 0.51684713 0.45848
 0.92966133 0.45395553 0.39674208 0.3557119  0.5912332  0.14450131
 0.38841513 0.7357967  0.86775917 0.63562065 0.3722474  0.6184123
 0.5260619  0.80447674 0.41477042 0.64181006 0.72076154 0.5977458
 0.33365542 0.702257   0.3368044  0.20548035 0.154831   0.62735724
 0.55641013 0.53190243 0.38126034 0.6112377  0.44894212 0.8020963
 0.32009768 0.66618043 0.06247805 0.6108525  0.7845922  0.90886587
 0.6327971  0.51043946 0.45674932 0.66258216 0.85640484 0.61228967
 0.339669   0.43813834 0.69766337 0.62805384 0.35704607 0.25982955
 0.7085786  0.35996184 0.2543494  0.24564941 0.25208825 0.5819724
 0.4826048  0.01208192 0.10953549 0.6324791  0.6685926  0.43844882
 0.32583427 0.00325612 0.3114943  0.65423465 0.7532039  0.3865346
 0.7650244  0.7036748  0.29699156 0.18682052 0.49951753 0.59025276
 0.4256471  0.4876544  0.5306399  0.3583739  0.58963424 0.43017617
 0.74056405 0.24482438 0.32822675 0.7029903  0.528012   0.6717134
 0.9248064  0.743383   0.63037705 0.22562613 0.46996    0.49947172
 0.9643591  0.4705806  0.3917246  0.37495834 0.3861006  0.66509664
 0.6877453  0.72273225 0.5004296  0.3919515  0.39839697 0.2423992
 0.7716269  0.28634402 0.38895696 0.40778604 0.7012817  0.45314765
 0.45935014 0.5672101  0.33652332 0.55375934 0.35706666 0.46809533
 0.         0.6190692  0.8009323  0.486235   0.29181087 0.7288027
 0.56297517 0.5400653  0.54672176 0.5809977  0.4667885  0.7001757
 0.36944872 0.5516768  0.43343598 0.670046   0.38880497 0.43962625
 0.7619751  0.6987334  0.27610415 0.5390083  0.7103521 ]
2024-05-29 13:48:01[INFO] 
[ddpg][Episode: 0][Step: 0][Metric tpmC:11541.64 tpmTotal:25611.52 Transaction Count:25669]Reward: -0.1575582311246439 Score: -0.1575582311246439 Done: False
2024-05-29 13:48:01[INFO] [ddpg][Episode: 0][Step: 0] step: 108.37872266769409s env step: 108.35469961166382s train step: 0.0s restart time: 44.597081422805786s action time: 0.005152702331542969s
2024-05-29 13:48:01[INFO] [ddpg][Episode: 0][Step: 0][Average] step: 108.37872266769409s env step: 108.35469961166382s train step: 0.0s restart time: 44.597081422805786s action time: 0.005152702331542969s
2024-05-29 13:48:01[INFO] [ddpg] Action: [0.4493509  0.3173971  0.2840321  0.571615   0.1925722  0.85170245
 0.5048697  1.         1.         0.12171504 0.5108906  0.49486297
 0.         0.69037014 0.79324704 0.0102133  0.71238375 0.3179404
 0.1916565  0.94748694 0.15199566 0.74574804 0.12466802 0.9822603
 0.         0.4781215  0.318573   0.17295566 0.54214567 0.60222137
 1.         0.5864501  0.4546775  0.2778947  0.56104696 0.42499703
 0.5904011  0.5783801  1.         0.4448381  0.6629447  0.4397725
 0.45545837 0.20490061 0.7616699  0.14167169 0.52264994 0.13695286
 0.37934697 0.8976672  0.61069715 0.2988584  0.7483953  0.8729238
 0.30744073 0.94470173 0.11281785 0.48447993 0.62496436 0.24071227
 0.9883118  0.6670311  0.43351033 0.21239848 0.40221122 0.20842573
 0.4446006  0.57049215 0.81369275 0.58294785 0.6071289  0.28369293
 0.79740596 0.8004016  0.43551615 0.6479866  0.86673033 0.4116633
 0.16092388 0.585486   0.78848594 0.28406215 0.         0.5131706
 0.59830487 0.5779669  0.32588857 0.8245427  0.8693699  0.9014725
 0.36010996 0.79646486 0.         0.7859778  0.6181786  0.92687356
 0.347829   0.18205309 0.50457436 0.38244545 0.8215113  0.23396882
 0.10888289 0.5836449  0.72728974 0.562775   0.4074093  0.22758386
 0.8520044  0.6541825  0.39498994 0.40553728 0.5700988  0.6018384
 0.5205313  0.17160271 0.4656277  0.4917597  0.68195045 0.3768486
 0.78573227 0.         0.4977617  0.42328888 0.7606705  0.41650975
 0.5564357  0.9215526  0.33766723 0.40041453 0.53282684 1.
 0.1742576  0.34117454 0.25916606 0.47518805 0.83342075 0.49211138
 0.81747746 0.         0.44775248 0.9342268  0.26325583 0.84074306
 0.78802425 0.8127356  0.6494915  0.26652303 0.51793164 0.13891806
 1.         0.5185525  0.30558318 0.34694642 0.44094747 0.14403635
 0.5339221  0.5366711  0.59856826 0.9120661  0.20870297 0.07637215
 0.65317893 0.45223847 0.17142908 0.09630802 1.         0.51258546
 0.74278504 0.4092787  0.19639428 0.5440294  0.43738493 0.44213983
 0.07081956 0.5804427  0.6962474  0.50355244 0.4820672  0.90935063
 0.6143406  0.42286378 0.42352203 0.8471173  0.44011605 0.63284516
 0.06887742 0.6570703  0.17782424 0.6212521  0.40985087 0.5258669
 0.8005517  0.5798243  0.60267806 0.81981355 0.5046911 ]
