2024-05-29 16:05:10[INFO] 
[Env initialized][Metric tpmC: 7085.41 tpmTotal: 15772.14 Transaction Count: 15906]
2024-05-29 16:05:10[INFO] [ddpg] Action: [0.84147316 0.10294438 0.3348226  0.54791963 0.47859162 0.50719666
 0.772254   0.5915389  0.5464497  0.6291188  0.49781433 0.49464712
 0.31693652 0.7119242  0.28532335 0.35800147 0.6663638  0.49030176
 0.43184713 0.9668381  0.37455848 0.30102947 0.31147715 0.75251704
 0.44807196 0.5382864  0.43540975 0.49327955 0.5999234  0.9251906
 0.8657552  0.5719948  0.51908547 0.29120776 0.5487386  0.88576674
 0.5507883  0.55923957 0.6092206  0.4658784  0.45058024 0.39211679
 0.5955828  0.727705   0.5150058  0.6192655  0.14574042 0.6659837
 0.7762427  0.6403439  0.5005609  0.5383161  0.35692984 0.74734783
 0.38001597 0.46923435 0.49837837 0.52943707 0.20702377 0.32872403
 0.31429607 0.20386371 0.25676948 0.38730302 0.4563218  0.7148075
 0.5152169  0.22649153 0.7042137  0.5641596  0.06128017 0.11114869
 0.6825354  0.39794502 0.3840992  0.3770248  0.34851912 0.7704689
 0.6440601  0.50062746 0.5137212  0.55655044 0.32369974 0.45919752
 0.32340646 0.6361782  0.59870124 0.6831138  0.60034615 0.3929919
 0.44352344 0.8839596  0.6326316  0.31495562 0.30735832 0.15333137
 0.7923908  0.702282   0.5470476  0.83688337 0.539511   0.35094854
 0.583      0.16684097 0.36301056 0.39131346 0.12837212 0.6249716
 0.45892248 0.355562   0.1996536  0.34234136 0.33382666 0.46579027
 0.40897757 0.37173736 0.5773164  0.40116617 0.81163543 0.3833153
 0.44278294 0.56507844 0.3331379  0.7246801  0.11555961 0.36982143
 0.42493975 0.40182933 0.35036254 0.748044   0.48945108 0.21050762
 0.6509462  0.2795206  0.3193115  0.4751011  0.87945074 0.83465564
 0.00103253 0.61942625 0.65739584 0.5787853  0.48256308 0.17709053
 0.55885744 0.46178275 0.3428379  0.49392927 0.28169274 0.48255935
 0.45003733 0.36617577 0.65523124 0.5228439  0.24373513 0.4187202
 0.22660895 0.696591   0.20854434 0.6156582  0.46497294 0.30881488
 0.34741905 0.20507129 0.8349956  0.40361112 0.8722657  0.43203467
 0.4540379  0.36564577 0.11113015 0.38867813 0.3194945  0.19342834
 0.37886468 0.6741542  0.38783377 0.4179583  0.65163946 0.75397944
 0.11479891 0.47866008 0.27491453 0.46462846 0.7204999  0.43798095
 0.45060548 0.57875234 0.8562277  0.14887506 0.2432946  0.6051446
 0.74181336 0.12017614 0.5885022  0.64549124 0.45877698]
2024-05-29 16:06:41[INFO] 
[ddpg][Episode: 0][Step: 0][Metric tpmC:0 tpmTotal:0 Transaction Count:0]Reward: -10000000.0 Score: -10000000.0 Done: True
2024-05-29 16:06:41[INFO] [ddpg][Episode: 0][Step: 0] step: 90.79960083961487s env step: 90.68680429458618s train step: 0.0s restart time: 90.68673014640808s action time: 0.003651857376098633s
2024-05-29 16:06:41[INFO] [ddpg][Episode: 0][Step: 0][Average] step: 90.79960083961487s env step: 90.68680429458618s train step: 0.0s restart time: 90.68673014640808s action time: 0.003651857376098633s
2024-05-29 16:08:15[INFO] 
[Env initialized][Metric tpmC: 7909.39 tpmTotal: 17685.34 Transaction Count: 17878]
2024-05-29 16:08:15[INFO] [ddpg] Action: [0.655757   0.40471274 0.20175458 0.43352982 0.8909893  0.2542895
 0.25022388 0.56151384 0.22346094 0.55270004 0.21318306 0.8804725
 0.4924914  0.2722947  0.8362711  1.         0.06094749 0.64574194
 0.59195703 0.50068015 0.51016444 0.7217138  0.45799667 0.96367836
 0.42278674 0.68548375 0.10955369 0.7189948  0.31493628 0.48157454
 0.82503116 0.         0.45694435 0.23088428 0.76849717 0.05212021
 0.54901236 0.67485076 0.16687833 0.63980484 0.49324164 0.18648821
 0.3712165  0.36345425 0.37347648 0.43387055 0.4782421  0.1595473
 0.2873091  0.4606063  1.         0.38824522 0.6011737  0.5023338
 0.6689877  0.6905497  0.37779048 0.4524919  0.76417446 0.6924242
 0.35239303 0.89161646 0.14134525 0.6557901  0.3391607  0.30620357
 0.96066517 0.52731234 0.45964503 0.01438145 0.43986812 0.40077606
 0.8918932  0.2332914  0.60405165 0.31306383 0.30874747 0.47464845
 0.379732   0.27991074 0.19176392 0.74438024 0.4570853  0.66510177
 0.3998741  0.6151429  0.33876133 0.6425318  0.4771738  0.1550506
 0.5894222  0.7257264  0.53451943 0.55832714 0.5412371  0.34060848
 0.42899853 0.9220081  0.8056507  0.41650623 0.32987463 0.42656356
 0.54825705 0.40603468 0.3687673  0.79903865 0.7049994  0.8837317
 0.19911838 0.34245357 0.43050277 0.59854025 0.31448367 0.5462342
 0.2262618  0.48767242 0.5494861  0.3437841  0.7359666  0.4402011
 0.43623525 0.46226212 0.3157688  0.31523994 0.758714   0.57315487
 0.40373144 0.7915961  0.29289693 0.50456256 0.17694896 0.5214992
 0.8028147  0.711111   0.64187956 0.35168517 0.6378132  0.25323895
 0.5734809  0.55837464 0.6707208  0.3800848  0.67307013 0.4762844
 0.43378532 0.7156192  0.76616925 0.4600585  0.39613715 0.51104796
 0.39035934 0.31332454 0.5597241  0.33884788 0.8600587  0.35698128
 0.44798326 0.38275906 0.64008874 0.4671962  0.5740575  0.5482785
 0.44324133 0.4555971  0.55426705 0.42338526 0.77304757 0.19324113
 0.5139789  0.7739737  0.37193733 0.4909636  0.48244855 0.68408924
 0.5106275  0.27257797 0.5015834  0.725146   0.33756194 0.480964
 0.41978246 0.43680176 0.590611   0.62499577 0.18088545 0.3752281
 0.5990546  0.7964378  0.6149011  0.56117797 0.27779186 0.21484824
 0.37914628 0.27745405 0.6209497  0.37588668 0.26735562]
2024-05-29 16:09:56[INFO] 
[ddpg][Episode: 1][Step: 0][Metric tpmC:0 tpmTotal:0 Transaction Count:0]Reward: -10000000.0 Score: -10000000.0 Done: True
2024-05-29 16:09:56[INFO] [ddpg][Episode: 1][Step: 0] step: 101.17606019973755s env step: 101.16822052001953s train step: 0.0s restart time: 101.16814231872559s action time: 0.0017490386962890625s
2024-05-29 16:09:56[INFO] [ddpg][Episode: 1][Step: 0][Average] step: 101.17606019973755s env step: 101.16822052001953s train step: 0.0s restart time: 101.16814231872559s action time: 0.0027004480361938477s
2024-05-29 16:11:35[INFO] 
[Env initialized][Metric tpmC: 7958.56 tpmTotal: 17830.94 Transaction Count: 18046]
2024-05-29 16:11:35[INFO] [ddpg] Action: [0.99163866 0.19184731 0.44915515 0.8319331  0.28177378 0.31209013
 0.58193797 0.69331473 0.42083442 0.17062114 0.53263026 0.31376642
 0.25733846 0.8066012  0.31136337 0.3902141  0.49062884 0.24325883
 0.16275547 0.73614824 0.3366397  0.540511   0.47715512 0.3161394
 0.13431391 0.4383134  0.5554764  0.57776356 0.6481974  0.8569333
 0.6397688  0.2261419  0.8363605  0.62054557 0.71087253 0.6111858
 0.5916624  0.43385768 0.3434698  0.6871375  0.8291209  0.57802254
 0.3644085  0.723167   0.52616614 0.13045026 0.43041214 0.47903493
 0.5746569  0.35182732 0.3644796  0.8664188  0.293787   0.73463017
 0.5399847  0.4182151  0.4770618  0.5799806  0.5270089  0.17619248
 0.57435274 0.52615905 0.34379828 0.76503277 0.2937997  0.45728704
 0.43857783 0.23727515 0.23901445 0.12210782 0.57742053 0.5329404
 0.8733723  0.7626052  0.79989296 0.10339446 0.29392374 0.17151716
 0.6955698  0.6215813  0.7326293  0.7514629  0.5347437  0.5169399
 0.409476   0.9688094  0.28627843 0.7322731  0.20633206 0.37841403
 0.53670746 0.5137159  0.47295213 0.2167718  0.7724255  0.4321115
 0.7024754  0.8241539  0.34579086 0.17854536 0.15443096 0.43931597
 0.5604837  0.30864117 0.39672235 0.7706202  0.50561374 0.6630055
 0.6435232  0.6722082  0.70055306 0.43165782 0.5125755  0.76223445
 0.5090595  0.8580062  0.4011725  0.28400472 0.26519284 0.59245396
 0.33839893 0.5453585  0.31586593 0.39987728 0.74071676 0.3547339
 0.83526665 0.26488286 0.67862105 0.6984539  0.32732427 0.41826975
 0.72415465 0.545142   0.60109633 0.62658376 0.4440345  0.40694946
 0.7123226  0.4351735  0.58484554 0.5742697  0.3587668  0.3957785
 0.74940765 0.38415015 0.5067389  0.36414582 1.         0.4656166
 0.5969417  0.5194817  0.29354072 0.43087265 0.5916524  0.31840947
 0.48545796 0.5251916  0.19983733 0.4267946  0.23180592 0.78547525
 0.66328377 0.5321441  0.64253646 0.5178859  0.30546167 0.11868981
 0.37225696 0.39057875 0.34088454 0.67537314 0.5371271  0.7391481
 0.5406801  0.29493108 0.5901188  0.520547   0.41829744 0.44530326
 0.         0.40267435 0.69982886 0.7398241  0.39543504 0.4929463
 0.3211265  0.15071392 0.9721103  0.7868174  0.48419103 0.5102935
 0.7597453  0.5308388  0.65590537 0.68179023 0.47158664]
2024-05-29 16:13:06[INFO] 
[ddpg][Episode: 2][Step: 0][Metric tpmC:0 tpmTotal:0 Transaction Count:0]Reward: -10000000.0 Score: -10000000.0 Done: True
2024-05-29 16:13:07[INFO] [ddpg][Episode: 2][Step: 0] Critic: 100000000376832.0 Actor: 0.0032108755549415946
2024-05-29 16:13:07[INFO] [ddpg][Episode: 2][Step: 0] step: 91.91796851158142s env step: 91.31140327453613s train step: 0.2992137670516968s restart time: 91.31133508682251s action time: 0.0018239021301269531s
2024-05-29 16:13:07[INFO] [ddpg][Episode: 2][Step: 0][Average] step: 91.91796851158142s env step: 91.31140327453613s train step: 0.2992137670516968s restart time: 91.31133508682251s action time: 0.002408266067504883s
2024-05-29 16:14:41[INFO] 
[Env initialized][Metric tpmC: 8090.73 tpmTotal: 18003.18 Transaction Count: 18094]
2024-05-29 16:14:41[INFO] [ddpg] Action: [0.8667947  0.6666065  0.2867603  0.44862953 0.44054678 0.45889655
 0.37730023 0.10647517 0.5329078  0.4373823  0.6156374  0.34017482
 0.34702387 0.70514196 0.38013968 0.6917184  0.5409365  0.36485273
 0.3669164  0.48733178 0.31383657 0.6810343  0.10609781 0.
 0.73281765 0.72532976 0.48270032 0.44260266 0.07761209 0.
 0.40387288 0.5294353  0.29865658 0.4002868  0.5553891  0.7348124
 0.2737667  0.39405036 0.63047266 0.11695944 0.6307153  0.59574723
 0.6506913  0.3758072  0.37027478 0.85582954 0.38222912 0.3642999
 0.7164142  0.49871886 0.5502518  0.85368305 0.5932717  0.51691407
 0.2301001  0.843453   0.53426695 0.46421424 0.23062451 0.57697296
 0.6285819  0.6353623  0.89343363 0.47313663 0.5244507  0.29413307
 0.50960946 0.6442561  0.73622406 0.19878176 0.74087244 0.68879604
 0.8342936  0.16113666 0.67598826 0.66759247 0.56926835 0.53196293
 0.64658695 0.49137655 0.7419697  0.5366332  0.29395574 0.3139843
 0.39415833 0.6723451  0.90527564 0.51483285 0.28748274 0.4482054
 0.44841892 0.49560636 0.50458646 0.521412   0.38711992 0.5476442
 0.7757877  0.14960234 0.68376327 0.42051056 0.6059586  0.48407272
 0.5599592  0.67687815 0.9810502  0.25088146 0.458096   0.50927454
 0.64681196 0.710322   0.20494044 0.33293304 0.8351893  0.50272495
 0.15555152 0.1688097  0.33248988 0.65881026 0.15494159 0.49029434
 0.5960736  0.8378407  0.57300955 0.22049996 0.46688098 0.30716282
 0.17231157 0.18108428 0.58138263 0.36435294 0.7263635  0.7809016
 0.48814327 0.6083231  0.3792053  0.46317774 0.6064944  0.33446613
 0.6119311  0.7787277  0.16857646 0.4459109  0.56505877 0.5697286
 0.5169713  0.51466095 0.43611467 0.5230835  0.44785032 0.18815973
 0.20247334 0.53703815 0.7043237  0.20735653 0.56312144 0.6731128
 0.28798148 0.43198794 0.8770615  0.4192288  0.44374615 0.45079684
 0.8968333  0.12902297 0.3651101  0.4136418  0.6175325  0.56894594
 0.6408907  0.54734313 0.348856   0.31097153 0.757014   0.77666926
 0.44242278 0.6832712  0.508654   0.49547926 0.75070494 0.61522466
 0.502323   0.2945681  0.19637516 0.40880197 0.25045642 0.26213124
 0.43380305 0.5218403  0.3478396  0.75910634 0.44604972 0.7325215
 0.28639317 0.5763906  0.40434113 0.5958282  0.34026733]
2024-05-29 16:16:31[INFO] 
[ddpg][Episode: 3][Step: 0][Metric tpmC:0 tpmTotal:0 Transaction Count:0]Reward: -10000000.0 Score: -10000000.0 Done: True
2024-05-29 16:16:31[INFO] [ddpg][Episode: 3][Step: 0] Critic: 100000000376832.0 Actor: 0.0030080415308475494
2024-05-29 16:16:31[INFO] [ddpg][Episode: 3][Step: 0] step: 110.66178107261658s env step: 110.63377118110657s train step: 0.009716153144836426s restart time: 110.6336874961853s action time: 0.0018906593322753906s
2024-05-29 16:16:31[INFO] [ddpg][Episode: 3][Step: 0][Average] step: 110.66178107261658s env step: 110.63377118110657s train step: 0.009716153144836426s restart time: 110.6336874961853s action time: 0.0022788643836975098s
2024-05-29 16:18:10[INFO] 
[Env initialized][Metric tpmC: 7210.4 tpmTotal: 16099.51 Transaction Count: 16274]
2024-05-29 16:18:10[INFO] [ddpg] Action: [0.16812849 0.67142355 0.8482583  0.76121205 0.26841214 0.65911734
 0.6406532  0.4259927  0.6760682  0.35474935 0.22781911 0.66165483
 0.7596029  0.6913956  0.21364474 0.41358587 0.46078327 0.6620708
 0.30752173 0.20872286 0.23188107 0.49777508 0.6311477  0.5928501
 0.96644497 0.59144306 0.7203403  0.53883153 0.6018461  0.6856903
 0.5892567  0.31291208 0.45179164 0.40633443 0.42246023 0.6872694
 0.646374   0.65406674 0.49990183 0.44205263 0.7778115  0.6654545
 0.20608564 0.20041732 0.73856914 0.7436606  0.81682175 0.9298735
 0.22866556 1.         0.30917728 0.26312542 0.5750484  0.6459064
 0.53207076 0.6632301  0.39652637 0.27372417 0.00592531 0.25481403
 0.30635038 0.60566324 0.554691   0.8664908  0.7488924  0.8120183
 0.48040324 0.46695346 0.47883916 0.49908    0.7739452  0.75538385
 0.42014328 0.5326853  0.18959768 0.60801965 0.49483857 0.4694234
 0.4136546  0.35813594 0.5604251  0.75844926 0.440045   0.39096332
 0.34819657 0.27392313 0.5396343  0.4830765  0.6896134  0.00307938
 0.4401268  0.91975886 0.69111073 0.7546509  0.5358596  0.6836548
 0.4909256  0.16890998 0.365527   0.8256441  0.70007265 0.5641381
 0.35419792 0.3312125  0.05071838 0.50517285 0.7186052  0.21515833
 0.5464882  0.5351952  0.4513499  0.4998747  0.42992023 0.4491102
 0.         0.3190029  0.81643516 0.3874051  0.748374   0.7814223
 0.33279243 0.44510835 0.3912356  0.77178794 0.45166937 0.55056417
 0.55091524 0.8234207  0.65818876 0.79524946 0.64641845 0.43736517
 0.47064856 0.5670905  0.45353466 0.31983715 0.5410772  0.8366809
 0.32997286 0.23796661 0.56698674 0.41493678 0.         0.66114306
 0.5282063  0.49242657 0.37587544 0.2547596  0.46923673 0.6325915
 0.23737784 0.4987202  0.5995476  0.6821813  0.2664148  0.46095195
 0.80227166 0.5267163  0.49802557 0.7264541  0.5551916  0.11045071
 0.7225614  0.44029668 0.40974888 0.30580732 0.39544457 0.48997536
 0.6134211  0.51735955 0.5249234  0.33729663 0.64269584 0.56084406
 0.5521975  0.48216116 0.60720503 0.19983104 0.38041854 0.29802215
 0.5863437  0.6729146  0.5678134  0.3539069  0.37269074 0.6100089
 0.6953025  0.3552597  0.41369575 0.3898865  0.10026103 0.5785878
 0.8319786  0.66458243 0.61120623 0.37251496 0.44141036]
2024-05-29 16:20:00[INFO] 
[ddpg][Episode: 4][Step: 0][Metric tpmC:0 tpmTotal:0 Transaction Count:0]Reward: -10000000.0 Score: -10000000.0 Done: True
2024-05-29 16:20:00[INFO] [ddpg][Episode: 4][Step: 0] Critic: 100000000376832.0 Actor: 0.0031338629002372422
2024-05-29 16:20:00[INFO] [ddpg][Episode: 4][Step: 0] step: 109.92473268508911s env step: 109.89790940284729s train step: 0.008803129196166992s restart time: 109.8978374004364s action time: 0.001817464828491211s
2024-05-29 16:20:00[INFO] [ddpg][Episode: 4][Step: 0][Average] step: 109.92473268508911s env step: 109.89790940284729s train step: 0.008803129196166992s restart time: 109.8978374004364s action time: 0.00218658447265625s
2024-05-29 16:21:34[INFO] 
[Env initialized][Metric tpmC: 7717.36 tpmTotal: 17050.12 Transaction Count: 17256]
2024-05-29 16:21:34[INFO] [ddpg] Action: [0.40917918 0.46198177 0.3688246  0.72468174 0.37636682 0.60983115
 0.38652343 0.7476714  0.5965117  0.48223045 0.29162169 0.6950835
 0.26080257 0.52739215 0.20673539 0.4747693  0.4610102  0.5020413
 0.7873664  0.24188444 0.49847454 0.34096825 0.43147498 0.27396742
 0.4405426  0.51519245 0.59024817 0.87837726 0.21011579 0.17236148
 0.43547156 0.3181312  0.34238875 0.54816896 0.4757424  0.
 0.43635255 0.54943967 0.81342554 1.         0.7777513  0.64574337
 0.74191105 0.52777815 0.5980235  0.78366023 0.26930833 0.59925044
 0.10437016 0.35420272 0.6310312  0.42955995 0.5048885  0.3018456
 0.66116244 0.6448475  0.29520845 0.5729314  0.6005896  0.4210566
 0.37255126 0.4061987  0.41922182 0.78754073 0.49703556 0.41434377
 0.90474135 0.86204946 0.28297806 0.38906822 0.37011677 0.5298777
 0.46664608 0.5849866  0.6089493  0.40047517 0.7206681  0.75107414
 0.48317334 0.4418948  0.1115015  0.59168285 0.42109936 0.4324089
 0.51405627 0.37950012 0.5471276  0.33202243 0.4327001  0.6270468
 0.5763096  0.70090216 0.586103   0.5943676  0.5177652  0.6141994
 0.7423332  0.5000567  0.33017507 0.7107631  0.3870284  0.19534092
 0.32475293 0.5922654  0.57661825 0.         0.5776074  0.53642184
 0.3736014  0.43991733 0.53587294 0.43505874 0.3026308  0.36474878
 0.80867684 0.41576254 0.6756765  0.54423386 0.1088734  0.5494139
 0.12216307 0.5054467  0.5398398  0.40085405 0.3239294  0.39770555
 0.8086308  0.40614802 0.6991461  0.54521793 0.70731777 0.18774079
 0.6270512  0.42144305 0.6856899  0.47009888 0.6212673  0.46386603
 0.5519797  0.7279154  0.54083866 0.25344962 0.715926   0.5074611
 0.7836585  0.68764037 0.262387   0.5668543  0.75958437 0.45660797
 0.3827259  0.4165243  0.43166044 0.5842635  0.6291942  0.26336873
 0.5278774  0.3661213  0.5086253  0.44943592 0.5314945  0.42561147
 0.78831524 0.50915295 0.7472594  0.1829752  0.49075595 0.3385192
 0.7965271  0.44602865 0.8910472  0.34106627 0.25909457 0.60512656
 0.3261888  0.30476573 0.10027349 0.90976626 0.43511915 0.3252479
 0.37608442 0.38425684 0.6388836  0.20864917 0.8486551  0.67935866
 0.19602351 0.6480321  0.2533072  0.14899348 0.4302234  0.37858218
 0.21824765 0.5869489  0.26122636 0.9547285  0.5334088 ]
