2024-05-30 22:43:47[INFO] 
[Env initialized][Metric tpmC: 13967.29 tpmTotal: 31021.52 Transaction Count: 31202]
2024-05-30 22:43:48[INFO] [ddpg] Action: [0.5503868  0.403027   0.9155044  0.50647336 0.5100457  0.7789668
 0.5447764  0.71537745 0.83127946 0.28969124 0.4947454  0.17231598
 0.645206   0.3695411  0.17178257 0.5978769  0.38605684 0.40982538
 0.17670709 0.371774   0.33714747 0.20366032 0.64467764 0.3945834
 0.3853862  0.48952144 0.8295151  0.7077261  0.4447854  0.29708382
 0.70608747 0.20784363 0.5727106  0.7127709  0.478301   0.20512514
 0.5697841  0.36939973 0.1987312  0.27168652 0.4160339  0.5216582
 0.79953754 0.2524165  0.49865478 0.31259423 0.7938938  0.2558832
 0.49614644 0.4484239  0.42863438 0.7326502  0.60310686 0.50336665
 0.55905676 0.5270498  0.868193   0.24656759 0.6156801  1.
 0.44612908 0.42156747 0.65156305 0.30615228 0.41334242 0.34727663
 0.67741907 0.3000528  0.33834314 0.5068858  0.5107102  0.19230948
 0.35382125 0.40711558 0.54296494 0.42673066 0.67230964 0.3871949
 0.54188406 0.55785334 0.20150103 0.37639526 0.7853299  0.09954789
 0.41301838 0.75966716 0.35188997 0.27252755 0.58170146 0.46954453
 0.61521524 0.01020042 0.49777022 0.30909228 0.5040212  0.28899896
 1.         0.2172133  1.         0.58184314 0.3792817  0.4893011
 0.29905578 0.46803495 0.6526008  0.7006654  0.5584435  0.39336693
 0.51308835 0.9651977  0.7929355  0.5141772  1.         0.5166333
 0.4631357  0.71036655 0.38529778 0.44376683 0.4494019  0.50017107
 0.40731502 0.49342635 0.386614   0.49349585 0.33114856 0.5630327
 0.68470407 0.64650565 0.29329097 0.6931372  0.8445537  0.33297274
 0.6185602  0.7006514  0.5540623  0.46504614 0.4583537  0.83413786
 0.6317924  0.29810658 0.5814896  0.3817932  0.5524688  0.6035829
 0.7881779  0.4679517  0.50698376 0.29687738 0.67446566 0.24534188
 0.14426498 0.3406356  0.42377263 0.3715665  0.8968468  0.
 0.62522733 0.678855   0.60238737 0.4760073  0.32356694 0.6504642
 0.6626969  0.7480634  0.00714205 0.29455933 0.7418117  0.7090931
 0.6263582  0.40204793 0.47028527 0.02179629 0.5703592  0.60856897
 0.7937758  0.35928124 0.28463632 0.35721076 0.28059584 0.33630162
 0.710029   0.6301258  0.5632147  0.5401361  0.45115018 0.49809492
 0.3962454  0.37586525 0.6756477  0.39675358 0.7023466  0.35640484
 0.5269688  0.44513425 0.5890157  0.32028833 0.74830556]
2024-05-30 22:45:58[INFO] 
[ddpg][Episode: 0][Step: 0][Metric tpmC:21160.94 tpmTotal:46997.1 Transaction Count:47376]Reward: -0.39231239128754614 Score: -0.39231239128754614 Done: False
2024-05-30 22:45:59[INFO] [ddpg][Episode: 0][Step: 0] step: 131.96885204315186s env step: 130.01960492134094s train step: 0.0s restart time: 65.68181109428406s action time: 1.106607437133789s
2024-05-30 22:45:59[INFO] [ddpg][Episode: 0][Step: 0][Average] step: 131.96885204315186s env step: 130.01960492134094s train step: 0.0s restart time: 65.68181109428406s action time: 1.106607437133789s
2024-05-30 22:45:59[INFO] [ddpg] Action: [0.28324065 0.43832803 0.43909413 0.7577745  0.3418905  0.9780243
 0.3852279  0.34086797 1.         0.53547674 0.50750434 0.331157
 0.61733747 0.31516415 0.6341661  0.72059584 0.29540926 0.34164438
 0.26559868 0.6739348  0.59574914 0.41745874 0.739571   0.60726273
 0.54993176 0.5142785  0.89937246 0.68514496 0.28098676 0.39957517
 0.6271132  0.4232489  0.79379827 0.8892519  0.12975603 0.1595316
 0.4267526  0.5692198  0.27642226 0.34002858 0.30079502 0.56161773
 0.6716228  0.31371695 0.3923101  0.4199332  0.7896066  0.06914797
 0.07671993 0.597991   0.6427522  0.83167225 0.60525846 0.23587853
 1.         0.29046392 0.91969466 0.22924528 0.5978376  1.
 0.07847802 0.8344361  1.         0.17147297 0.81682986 0.39071527
 0.89377075 0.03970502 0.39780954 0.11467167 0.5081178  0.17128433
 0.5117748  0.272587   0.7224925  0.42994514 0.57723445 0.41275826
 0.66964644 0.36587507 0.         0.41719297 0.46114177 0.
 0.15328054 0.63090783 0.33188307 0.16384786 0.80549526 0.18728518
 0.49240822 0.31639218 0.9140783  0.43242478 0.43162915 0.34245235
 1.         0.21228571 1.         0.49362466 0.4257996  0.55796957
 0.4431123  0.31105554 0.6122847  0.43767634 0.941614   0.06247464
 0.37249935 1.         0.9429589  0.33375853 0.96983093 0.48675272
 0.38159683 0.75969434 0.32341722 0.67635417 0.5303792  0.71887285
 0.3936296  0.71228135 0.5975071  0.4176431  0.4069044  0.85234934
 0.5066444  0.6937495  0.27216333 0.44907412 0.7378262  0.27075535
 0.5101919  1.         0.63936627 0.6501017  0.28174394 0.79928046
 0.28159586 0.45700246 0.34182048 0.59311444 0.68021196 0.5755986
 0.579063   0.6686904  0.6382043  0.35789117 0.76129127 0.49916825
 0.66976607 0.27258432 0.5766398  0.19209908 0.89689964 0.
 0.419161   0.82380354 0.45874912 0.3286404  0.10337934 0.4189392
 0.5226796  0.29375857 0.23692542 0.06414656 0.9332494  0.6119972
 0.6587067  0.613283   0.27037898 0.36914816 0.43194124 0.6093432
 0.6396774  0.4371829  0.00878557 0.55502284 0.51075995 0.38527694
 0.8552398  0.86667305 0.5762986  0.51169306 0.77237177 0.4219347
 0.         0.36178467 0.5294738  0.5448056  0.76669896 0.16157109
 0.56162566 0.47085744 0.84178144 0.36240038 0.32710776]
2024-05-30 22:48:13[INFO] 
[ddpg][Episode: 0][Step: 1][Metric tpmC:19447.78 tpmTotal:43086.28 Transaction Count:43407]Reward: -0.345211135803299 Score: -0.7375235270908451 Done: False
2024-05-30 22:48:13[INFO] [ddpg][Episode: 0][Step: 1] step: 134.36857151985168s env step: 134.33121132850647s train step: 0.0s restart time: 70.04063177108765s action time: 0.0012030601501464844s
2024-05-30 22:48:13[INFO] [ddpg][Episode: 0][Step: 1][Average] step: 134.36857151985168s env step: 134.33121132850647s train step: 0.0s restart time: 70.04063177108765s action time: 0.5539052486419678s
2024-05-30 22:48:13[INFO] [ddpg] Action: [0.29895914 0.294686   0.24951878 0.9771408  0.22534427 0.6085291
 0.23168206 0.31646165 1.         0.47950602 0.49239543 0.5994055
 0.4231255  0.34350914 0.5448062  0.36879966 0.19633375 0.21775895
 0.02055941 0.8711624  0.37445515 0.82223004 0.9126522  0.766484
 0.57296234 0.59644806 0.9859876  0.41218892 0.44900578 0.90729
 0.63169146 0.09558582 0.4816653  0.6928835  0.23803368 0.44094533
 0.65166557 0.7480109  0.3486368  0.3376178  0.25658578 0.40656346
 0.26951593 0.46887895 0.49694625 0.5184637  0.8874198  0.
 0.         0.7953404  0.6103918  0.85710037 0.29468292 0.
 1.         0.4039068  0.99610215 0.29800114 0.32334697 1.
 0.37950432 0.727995   0.94345015 0.6206136  0.5203481  0.42188677
 0.7769923  0.41348538 0.47049668 0.19211158 0.31999862 0.09579679
 0.6825615  0.46171236 0.7868851  0.28193685 0.82533187 0.4411919
 0.9213271  0.63465685 0.0706242  0.76125795 0.6643044  0.
 0.20611937 0.53790337 0.41545984 0.67286175 1.         0.14380361
 0.48539725 0.29254878 0.7288596  0.78935283 0.26103124 0.2924786
 1.         0.3883621  1.         0.45552    0.7241877  0.59369737
 0.29721972 0.03352276 0.8712296  0.7324383  0.6921306  0.01730194
 0.66036934 1.         0.6920858  0.6878243  0.38249397 0.7033954
 0.8003817  0.84914213 0.08735021 0.7305383  0.73694146 0.9395663
 0.39610142 0.879756   0.5686392  0.15151851 0.06486274 0.8299054
 0.62583715 0.57654697 0.3294798  0.52495646 0.35302025 0.46455577
 0.7154576  0.9523726  0.5880002  0.77268803 0.25347748 0.6372842
 0.37834284 0.34194005 0.40883884 0.6665366  0.7337911  0.32425788
 0.43093267 0.71144724 0.49225533 0.08444209 0.6710038  0.59054774
 0.77795446 0.22947554 0.74105877 0.4246978  0.9105028  0.
 0.33834335 1.         0.63748056 0.60622585 0.31387454 0.5367201
 0.5528075  0.5038885  0.         0.4875737  0.49945894 0.32108945
 0.71203196 0.75924903 0.25589752 0.64045703 0.3442263  0.36322126
 0.83100414 0.53924084 0.16575548 0.35620713 0.4578544  0.4124717
 1.         0.73113984 0.8459006  0.78259575 0.65412015 0.7045456
 0.         0.26634237 0.8180257  0.96724343 0.9061064  0.11087708
 0.603274   0.608781   0.80204946 0.51901275 0.5751916 ]
2024-05-30 22:50:28[INFO] 
[ddpg][Episode: 0][Step: 2][Metric tpmC:21548.43 tpmTotal:48086.4 Transaction Count:48196]Reward: -0.620198762199488 Score: -1.3577222892903331 Done: False
2024-05-30 22:50:30[INFO] [ddpg][Episode: 0][Step: 2] Critic: 0.2573932111263275 Actor: -0.09196962416172028
2024-05-30 22:50:30[INFO] [ddpg][Episode: 0][Step: 2] step: 136.33754968643188s env step: 134.1723701953888s train step: 1.0527539253234863s restart time: 70.10281038284302s action time: 0.0165557861328125s
2024-05-30 22:50:30[INFO] [ddpg][Episode: 0][Step: 2][Average] step: 136.33754968643188s env step: 134.1723701953888s train step: 1.0527539253234863s restart time: 70.10281038284302s action time: 0.374788761138916s
2024-05-30 22:50:30[INFO] [ddpg] Action: [0.22696088 0.32791263 0.41748306 1.         0.35217473 0.73276865
 0.19046421 0.24275385 1.         0.4832208  0.7442458  0.82829195
 0.36162293 0.01751791 0.50637406 0.34776536 0.27538353 0.2935105
 0.02731584 0.5477452  0.514577   1.         0.93677795 0.57314
 0.50637674 0.45824638 1.         0.75369257 0.6334889  0.9238639
 0.5194104  0.28134277 0.44706506 0.6217947  0.23473096 0.5584703
 1.         0.7241421  0.21895392 0.30738267 0.25287873 0.46474555
 0.23589672 0.4438075  0.7530398  0.43876207 0.96657073 0.
 0.03446368 0.6898541  0.49446735 0.83225566 0.11899223 0.
 0.95181274 0.02522679 1.         0.46724012 0.3095877  1.
 0.10677363 0.77360946 1.         0.41818586 0.94830626 0.46767622
 0.67237747 0.25367096 0.60449696 0.         0.2678062  0.2802317
 0.68651074 0.33920637 0.92078596 0.11093574 0.7302068  0.5514545
 0.8201334  0.84869653 0.10284442 1.         0.65973175 0.2103559
 0.24203624 0.4240274  0.5797048  0.72083676 0.9445747  0.00176332
 0.1814163  0.47756886 0.36882517 0.77440614 0.16240498 0.18344551
 0.9271684  0.23469117 1.         0.43680108 0.67176324 0.8532785
 0.10626082 0.01429184 0.99748963 0.70630914 0.6792439  0.
 0.5051271  0.9107244  0.4559431  0.55724883 0.510838   1.
 0.8861458  0.76093704 0.46632802 0.7808445  0.750698   1.
 0.54913384 0.87309045 0.6745359  0.         0.2562128  0.65216607
 0.51625    0.47429678 0.2942728  0.52152056 0.56034565 0.21958485
 0.6180041  1.         0.48137257 0.6737528  0.12386374 0.8714799
 0.51093334 0.40341833 0.         0.45179424 0.59948534 0.
 0.3149192  0.65960306 0.33430967 0.         0.7447667  0.39424422
 0.41235867 0.6232011  0.6456334  0.12784307 0.89005965 0.
 0.20583065 1.         0.7461669  0.5166189  0.61618507 0.5759389
 0.42994103 0.71150804 0.         0.47796476 0.37617615 0.44843808
 0.94585514 0.73119694 0.44928873 0.6071086  0.4388722  0.33483958
 0.6961741  0.4843397  0.19297323 0.48294494 0.24946575 0.78932285
 1.         0.7889904  0.9819009  0.66026425 0.80723983 0.7201508
 0.3496934  0.3484862  0.88840324 1.         0.92385024 0.11394218
 0.51756436 0.38212264 0.6618509  0.90761405 0.48555186]
2024-05-30 22:52:44[INFO] 
[ddpg][Episode: 0][Step: 3][Metric tpmC:21045.77 tpmTotal:46730.31 Transaction Count:46903]Reward: -0.523177581251068 Score: -1.880899870541401 Done: False
2024-05-30 22:52:44[INFO] [ddpg][Episode: 0][Step: 3] Critic: 0.23830236122012138 Actor: -0.09236716106534004
2024-05-30 22:52:44[INFO] [ddpg][Episode: 0][Step: 3] step: 133.93266701698303s env step: 133.8735191822052s train step: 0.0159909725189209s restart time: 69.88312721252441s action time: 0.000766754150390625s
2024-05-30 22:52:44[INFO] [ddpg][Episode: 0][Step: 3][Average] step: 133.93266701698303s env step: 133.8735191822052s train step: 0.0159909725189209s restart time: 69.88312721252441s action time: 0.28128325939178467s
2024-05-30 22:52:44[INFO] [ddpg] Action: [0.2053934  0.28345287 0.20328231 0.86496073 0.34113038 0.678279
 0.39877066 0.33421358 1.         0.59976405 0.93334985 0.89106977
 0.53498775 0.         0.64752054 0.20720047 0.5750436  0.08456288
 0.07564518 0.768869   0.50755394 0.8597709  0.8858876  0.41546553
 0.5562019  0.7290518  1.         0.47673985 0.52831423 0.88469815
 0.67761844 0.2460964  0.56403995 0.8268606  0.16041772 0.35241383
 0.7652226  0.69984263 0.54438573 0.3562628  0.2890842  0.5102397
 0.33537132 0.64842826 0.5910122  0.5897065  0.8943973  0.
 0.         0.5928829  0.430146   1.         0.18102932 0.
 0.840649   0.         1.         0.68642294 0.564703   1.
 0.53476447 0.5388137  1.         0.14391604 1.         0.45852396
 0.64122784 0.26671848 0.9220571  0.0082417  0.01650622 0.6201931
 0.7217152  0.286879   0.8532729  0.47208726 0.42839482 0.40619373
 0.7396596  0.56383544 0.1849613  1.         0.6063455  0.0103597
 0.42092767 0.46411604 0.46593368 0.33543998 1.         0.
 0.28589028 0.88815415 0.7617296  0.834698   0.         0.
 0.45693943 0.5600917  1.         0.         0.4466259  0.9145927
 0.1770646  0.         0.91082734 0.4765887  0.5990443  0.
 0.7104055  0.6502409  0.30254424 0.06006147 0.40243495 1.
 0.7720261  0.91521573 0.77502364 0.8425755  0.73216736 1.
 0.7140326  0.76010597 0.79044366 0.         0.51980937 0.63036174
 0.35692438 0.4205023  0.26884148 0.66203374 0.49359268 0.2340115
 0.87482077 1.         0.20549528 0.46647528 0.23649351 0.85169864
 0.46299267 0.32884833 0.0629667  0.5831682  0.8374451  0.
 0.48126414 0.90909123 0.34561732 0.         0.8123163  0.47357664
 0.66697913 0.6853886  0.5801659  0.         0.8312906  0.
 0.19596219 1.         0.7978686  0.4574185  0.50812715 0.77943796
 0.17109165 0.83736515 0.         0.2908707  0.44204223 0.47425553
 0.93841225 0.7899687  0.09657505 0.38737535 0.3666691  0.16795816
 0.96711946 0.44180462 0.28318748 0.28001112 0.38598943 0.9931609
 0.7954311  0.64113086 0.74839807 0.54678017 0.6880086  0.8539599
 0.45232183 0.11322221 0.79562485 1.         1.         0.17008808
 0.41568077 0.42234263 0.31482756 0.8464346  0.9984917 ]
