2024-05-22 16:19:31[INFO] 
[Env initialized][Metric tpmC: 7486.45 tpmTotal: 16501.21 Transaction Count: 16594]
2024-05-22 16:19:31[INFO] [ddpg] Action: [0.5576831  0.5736857  0.17429803 0.24306506 0.46803933 0.67884
 0.54903436 0.79409194 0.62993944 0.30325446 0.69246346 0.51717144
 0.5426516  0.8821425  0.432994   0.4816711  0.32247466 0.26757017
 0.691056   0.5981992  0.5167154  0.43869373 0.34308732 0.15788065
 0.48863214 0.577653   0.28737515 0.32830217 0.3937085  0.69700426
 0.62052613 0.76434606 1.         0.29875433 0.36998427 0.5799646
 0.37268975 0.50220245 0.52473986 0.36352384 0.3947142  0.6404902
 0.77014166 0.5367742  0.39945918 0.5946888  0.48942214 0.13898146
 0.6171934  0.54222226 0.5513647  0.41860384 0.3180639  0.5550403
 0.5388427  0.03185915 0.65177345 0.6094072  0.6300626  0.5128357
 0.3239716  0.3470213  0.5467811  0.3228463  0.41460443 0.7579542
 0.3145618  0.385872   0.4614916  0.50834215 0.7480745  0.3771759
 0.6115546  0.6473255  0.5153471  0.66725904 0.29123336 0.41890365
 0.48057228 0.5253624  0.58397007 0.31045532 0.620629   0.48655006
 0.32412243 0.8253131  0.470707   0.361444   0.16532424 0.54331446
 0.8944184  0.77031314 0.69248414 0.5879553  0.45683476 0.45353732
 0.3490647  0.5753597  0.19595481 0.5188745  0.46072707 0.58302706
 0.73175097 0.35605893 0.33583707 0.51969105 0.555309   0.81253546
 0.28912583 0.6312804  0.3038165  0.4138707  0.29421616 0.44367853
 0.35582986 0.43530494 0.5322457  0.25696966 0.8329421  0.5946622
 0.32321155 0.4272025  0.26716247 0.45850414 0.44847444 0.43595183
 0.44830573 0.4175181  0.7068351  0.76369935 0.2958486  0.33189005
 0.26411465 0.60802567 0.5844063  0.38778877 0.46351397 0.6893563
 0.14183874 0.372079   0.38419652 0.6742005  1.         0.6809564
 0.8242223  0.4568014  0.11841087 0.5342777  0.39110503 0.31018752
 0.35367557 0.58393556 0.4548873  0.36923516 0.0997289  0.41591948
 0.40635985 0.53737026 0.54489714 0.53356767 0.61283237 0.4479849
 0.29668146 0.57290953 0.03218799 0.7915942  0.10924459 0.63328344
 0.6346546  0.44999087 0.6620873  0.32472903 0.82355124 0.3715289
 0.22304943 1.         0.00189139 0.5599513  0.5130903  0.21647671
 0.2117368  0.42161983 0.5311808  0.43232465 0.6209891  0.27832285
 0.94967777 0.39941746 0.5713206  0.39765537 0.43771943 0.21170588
 0.4609769  0.6677018  0.35288265 0.17137693 0.63437414]
2024-05-22 16:20:46[INFO] 
[ddpg][Episode: 0][Step: 0][Metric tpmC:0 tpmTotal:0 Transaction Count:0]Reward: -10000000.0 Score: -10000000.0 Done: True
