2024-05-31 13:31:10[INFO] 
[Env initialized][Metric tpmC: 5884.04 tpmTotal: 13332.0 Transaction Count: 13417]
2024-05-31 13:31:10[INFO] [ddpg] Action: [0.45668966 0.58597565 0.91257834 0.5428472  0.8298747  0.08669788
 0.804219   0.24648681 0.27343267 0.55456245 0.5831693  0.53835607
 0.37621006 0.08052107 0.70784694 0.6512057  0.39452043 0.37411982
 0.35553816 0.6658488  0.78956276 0.6854961  0.5995692  0.64735126
 0.4212806  0.0397938  0.7239393  0.6054517  0.7530932  0.48564288
 0.40708342 0.6239847  0.49940315 0.19034584 0.6754234  0.60830057
 0.3608166  0.6465429  0.14367601 0.40604666 0.45910925 0.38045016
 0.5453098  0.64274716 0.37726364 0.6040406  0.551787   0.7738867
 0.4924687  0.63863426 0.47558233 0.68551403 0.67802453 0.6478361
 0.76976424 0.58173823 0.76469517 0.57461625 0.68110836 0.61460716
 0.65182436 0.8054284  0.5362526  0.18275467 0.20349343 0.5658034
 0.5928236  0.6082555  0.52167404 0.62172115 0.5680366  0.2792986
 0.43274853 0.47867694 0.42263895 0.5000716  0.11547468 0.4664336
 0.22490525 0.69863117 0.3895041  0.5567115  0.32436073 0.5002581
 0.923208   0.29543725 0.27445784 0.42482027 0.4983732  0.3117471
 0.47116256 0.6574142  0.5479159  0.46402273 0.59749067 0.63171846
 0.57562214 0.98264945 0.04688828 0.65212375 0.51411444 0.53559
 0.3072437  0.6781777  0.8430341  0.41545755 0.3779799  0.6020302
 0.46453774 0.56694025 0.55041105 0.60384244 0.886805   0.2950577
 0.45874396 0.3933971  0.22984898 0.4455376  0.32067883 0.832603
 0.37111503 0.3133461  1.         0.27207485 0.4900734  0.5586451
 0.6825314  0.62872237 0.5114935  0.31266716 0.5435219  0.10650183
 0.3033782  0.2966595  0.14676017 0.56999123 0.7871141  0.7396091
 0.50534445 0.4509189  0.55352944 0.5837863  0.11880828 0.6240122
 0.3333494  0.78569335 0.6569218  0.575465   0.79828304 0.50150394
 0.89321923 0.7607698  0.4431112  0.3153197  0.45203975 0.5856332
 0.7187509  0.2945384  0.57456064 0.6053536  0.5821015  0.3677883
 0.5794845  0.77529544 0.44049582 0.6671887  0.5398152  0.7048272
 0.47595075 0.69337064 0.39077473 0.         0.34608766 0.1792889
 0.41918066 0.5387224  0.7606648  0.5666417  0.48247427 0.61532515
 0.6042338  0.3373642  0.6982039  0.41415247 0.46120104 0.6388092
 0.60391295 0.4807217  0.32700783 0.79477304 0.74208534 0.7076906
 0.5605011  0.8190247  0.38160503 0.90699995 0.5580182 ]
2024-05-31 13:32:48[INFO] 
[ddpg][Episode: 0][Step: 0][Metric tpmC:6256.17 tpmTotal:14081.61 Transaction Count:14159]Reward: 138740.2824266983 Score: 0.1387402824266983 Done: False
2024-05-31 13:32:48[INFO] [ddpg][Episode: 0][Step: 0] step: 98.40288734436035s env step: 98.39376139640808s train step: 0.0s restart time: 34.52443265914917s action time: 0.0025267601013183594s
2024-05-31 13:32:48[INFO] [ddpg][Episode: 0][Step: 0][Average] step: 98.40288734436035s env step: 98.39376139640808s train step: 0.0s restart time: 34.52443265914917s action time: 0.0025267601013183594s
2024-05-31 13:32:48[INFO] [ddpg] Action: [0.35390058 0.61743724 0.51580215 0.4681556  1.         0.
 0.75588274 0.4137395  0.4785803  0.581423   0.4798076  0.58036745
 0.6701885  0.13950658 0.91888    0.60568196 0.26123694 0.39943805
 0.22547643 0.6140987  0.7446025  0.84399986 0.8202763  0.5814521
 0.48703188 0.07991955 0.6403407  0.59771365 0.55791944 0.90421385
 0.42744544 0.44691882 0.33107755 0.3656376  0.7010699  0.4498105
 0.55058086 0.8734781  0.06721355 0.58102065 0.61521226 0.6154024
 0.3741959  0.38496143 0.10081773 0.50238323 0.62456524 0.749528
 0.6804412  0.674497   0.5395226  0.37590033 0.29317412 0.76547503
 1.         0.5474398  0.80347764 0.85800505 0.92458236 0.57009834
 0.7976804  0.43822178 0.5689817  0.24104433 0.11602768 0.39877775
 0.6965986  0.42773798 0.9799705  0.70165527 0.4137375  0.5617543
 0.537896   0.45286784 0.21352771 0.49330464 0.23328021 0.7587602
 0.32562092 0.9535956  0.7158793  0.7158368  0.40846226 0.5293286
 0.8952094  0.41646317 0.20079537 0.528061   0.41833383 0.3404818
 0.621862   0.9960603  0.68032354 0.40058953 0.78253293 0.6262432
 0.45382166 0.9118322  0.         0.4537759  0.55655074 0.7852906
 0.20457417 0.601548   1.         0.4594382  0.34422654 0.14228079
 0.67229664 0.78726983 0.3671678  0.6323401  1.         0.4305319
 0.49596995 0.32386923 0.24240972 0.34009096 0.0639675  1.
 0.         0.4514887  1.         0.09741471 0.6914955  0.47118637
 0.5037877  0.9047061  0.7878311  0.4129209  0.32864958 0.4190965
 0.1908433  0.20638329 0.3430834  0.56275445 0.64128107 0.96675074
 0.36972147 0.32443437 0.484498   0.17632341 0.05090895 0.65122485
 0.20568486 0.47903365 0.74174875 0.6553541  0.6750567  0.5071681
 0.60062253 0.47441867 0.42869517 0.22616301 0.29226795 0.70495677
 0.5244343  0.09865045 0.7029252  0.67259175 0.5601746  0.7229252
 0.54401016 0.94771683 0.58993065 0.5497834  0.74489456 0.7684379
 0.5995595  0.766644   0.41870245 0.20192993 0.57590616 0.16706795
 0.54028416 0.15316631 0.5436656  0.9279426  0.2658957  0.4166681
 0.76148903 0.5198522  0.6022062  0.59990156 0.5774149  0.52801794
 0.6554899  0.6348775  0.32116133 0.56629807 0.67353934 0.4897294
 0.57275695 0.7716292  0.36716068 0.94200987 0.25529933]
2024-05-31 13:34:26[INFO] 
[ddpg][Episode: 0][Step: 1][Metric tpmC:6437.57 tpmTotal:14263.65 Transaction Count:14319]Reward: 0 Score: 0.1387402824266983 Done: False
2024-05-31 13:34:26[INFO] [ddpg][Episode: 0][Step: 1] step: 98.37096762657166s env step: 98.36412405967712s train step: 0.0s restart time: 34.51734781265259s action time: 0.0008828639984130859s
2024-05-31 13:34:26[INFO] [ddpg][Episode: 0][Step: 1][Average] step: 98.37096762657166s env step: 98.36412405967712s train step: 0.0s restart time: 34.51734781265259s action time: 0.0017048120498657227s
2024-05-31 13:34:26[INFO] [ddpg] Action: [0.25963053 0.53456074 0.52182454 0.16238163 0.7794473  0.
 0.50307894 0.35615745 0.51040846 0.59865326 0.44372904 0.67561704
 0.6170204  0.         0.87404746 0.5302857  0.         0.4972933
 0.         0.5096226  0.34302694 0.843065   1.         0.5077006
 0.28292534 0.         0.5740961  0.60654044 0.6643884  0.91592616
 0.5535887  0.05780021 0.32266116 0.66611016 0.72737    0.36219937
 0.5065697  0.64804    0.39356792 0.4417637  0.79317    0.93391037
 0.7362131  0.27169594 0.18264687 0.39470938 0.41869548 0.6757973
 0.73433065 0.4128059  0.24915661 0.21108358 0.73183817 0.8584413
 1.         0.7207504  0.9527972  0.80892825 0.8699773  0.3543104
 0.6974231  0.6059542  0.88059705 0.         0.42359224 0.61540323
 1.         0.17279305 0.7682762  0.5790856  0.3672897  0.68610847
 0.35240123 0.54751796 0.32129753 0.06209358 0.00320393 0.37008178
 0.48687118 0.82808894 0.47585365 0.8529463  0.40435284 0.67272913
 1.         0.57026976 0.45294994 1.         0.3752324  0.18086667
 0.73890567 1.         0.2681681  0.77465093 1.         0.9095302
 0.51775974 1.         0.         0.90323615 0.30958045 0.5985303
 0.3297087  0.5271234  1.         0.47757214 0.13531598 0.2800602
 0.6483285  0.21259196 0.59831166 0.48847398 1.         0.22985081
 0.43110582 0.40573242 0.44008315 0.257445   0.26645568 1.
 0.18749318 0.69874656 1.         0.11179519 0.77968764 0.25141487
 0.4586056  0.81578594 0.63205564 0.40112367 0.773998   0.67508847
 0.         0.10449364 0.5802951  0.40249217 0.73617816 0.7626045
 0.14279495 0.52805823 0.6515156  0.09582048 0.         0.80699134
 0.30556548 0.5377657  0.91501665 0.6747256  0.8845905  0.55580163
 0.35065147 0.5995691  0.49763238 0.3577175  0.2533847  0.7810126
 0.401025   0.27501705 0.27430132 1.         0.6737815  0.6048373
 0.318405   0.9582958  0.5268613  0.9287467  0.5441632  0.6106474
 0.5586799  0.7881024  0.21302871 0.2143102  0.36746764 0.09221328
 0.50899893 0.20624225 0.6646884  0.6348752  0.2692763  0.17948973
 1.         0.5064951  0.8683021  0.43901536 0.44065794 0.56560624
 0.47987014 0.47363707 0.         0.5221366  0.80556965 0.33894724
 0.5454037  1.         0.24469432 0.4496619  0.3744685 ]
2024-05-31 13:36:10[INFO] 
[ddpg][Episode: 0][Step: 2][Metric tpmC:6270.27 tpmTotal:13861.64 Transaction Count:13975]Reward: 0 Score: 0.1387402824266983 Done: False
2024-05-31 13:36:10[INFO] [ddpg][Episode: 0][Step: 2] Critic: 19248863232.0 Actor: -0.07017378509044647
2024-05-31 13:36:10[INFO] [ddpg][Episode: 0][Step: 2] step: 103.86233186721802s env step: 103.54428625106812s train step: 0.1554497480392456s restart time: 39.53630471229553s action time: 0.0009791851043701172s
2024-05-31 13:36:10[INFO] [ddpg][Episode: 0][Step: 2][Average] step: 103.86233186721802s env step: 103.54428625106812s train step: 0.1554497480392456s restart time: 39.53630471229553s action time: 0.0014629364013671875s
2024-05-31 13:36:10[INFO] [ddpg] Action: [0.         0.4221612  0.71095204 0.17851968 0.7113417  0.
 0.33266935 0.41054606 0.624936   0.407518   0.22059503 0.4396258
 0.5380488  0.         0.9012642  0.29793078 0.10589492 0.45072538
 0.12115059 0.69602966 0.4682287  0.5137374  1.         0.42353132
 0.33371603 0.         0.27138904 0.9001586  0.7424669  0.60680825
 0.55591124 0.22914048 0.3636676  0.56632763 0.5371606  0.6864804
 0.6385757  0.56335455 0.5393394  0.58501446 0.88217026 0.89123386
 0.730844   0.29084927 0.18261658 0.6784823  0.66461915 0.4893172
 0.97299844 0.57153624 0.57167214 0.43528727 0.64224434 0.9811295
 0.4921108  0.7540904  0.8541694  0.7376555  0.6742365  0.44609725
 0.676793   0.48997742 0.8867025  0.         0.5246037  0.81630147
 0.90637934 0.1999141  0.7945476  0.59347016 0.58786297 0.7779617
 0.4091634  0.86002904 0.24169339 0.15003029 0.12997617 0.5482862
 0.46355933 0.7508572  0.88863605 0.7099271  0.51724434 0.51840764
 1.         0.8658963  0.6001252  0.8197288  0.62398523 0.
 0.68408746 0.7501842  0.06741086 0.66176105 1.         1.
 0.41915113 0.90149677 0.08915599 0.8168986  0.59090555 0.6760771
 0.48352355 0.5963175  0.99203545 0.296989   0.23859124 0.20965785
 0.8428066  0.39421454 0.40230832 0.21271491 1.         0.22797303
 0.38499394 0.63353497 0.78642815 0.4811302  0.3548398  1.
 0.05180777 0.45727456 1.         0.         0.9496985  0.7392639
 0.449264   0.7500432  0.71461475 0.         0.57592005 0.74312794
 0.         0.36928928 0.49319756 0.35201564 0.8993251  0.95350796
 0.18991113 0.69915986 0.4226857  0.00179555 0.         0.52308196
 0.26588917 0.9882862  1.         0.6057938  0.78216875 0.39491007
 0.39898586 0.30970243 0.53516394 0.58791137 0.2426898  0.44519657
 0.2721181  0.         0.2740668  1.         0.72386557 0.06714007
 0.78126043 0.9761315  0.32048202 0.6886264  0.3929797  0.61262053
 0.29399627 0.6526081  0.5600076  0.2978571  0.19516708 0.16971956
 0.4211653  0.23133446 0.47425175 0.60230476 0.04352982 0.
 1.         0.4694234  0.67193955 0.5179468  0.30914667 0.4950677
 0.65118337 0.4114348  0.         0.2234219  0.87442887 0.38662663
 0.67730576 1.         0.59458274 0.48807037 0.3427033 ]
2024-05-31 13:37:49[INFO] 
[ddpg][Episode: 0][Step: 3][Metric tpmC:6452.73 tpmTotal:14424.8 Transaction Count:14563]Reward: 0 Score: 0.1387402824266983 Done: False
2024-05-31 13:37:49[INFO] [ddpg][Episode: 0][Step: 3] Critic: 19248864256.0 Actor: -0.07031513378024101
2024-05-31 13:37:49[INFO] [ddpg][Episode: 0][Step: 3] step: 98.69055342674255s env step: 98.66647052764893s train step: 0.008564949035644531s restart time: 34.52437114715576s action time: 0.0007302761077880859s
2024-05-31 13:37:49[INFO] [ddpg][Episode: 0][Step: 3][Average] step: 98.69055342674255s env step: 98.66647052764893s train step: 0.008564949035644531s restart time: 34.52437114715576s action time: 0.0012797713279724121s
2024-05-31 13:37:49[INFO] [ddpg] Action: [0.43936127 0.23582894 0.926155   0.21107492 0.77539146 0.06999458
 0.49842083 0.3902465  0.9130475  0.35391954 0.26994616 0.32692018
 0.62684405 0.         0.55200374 0.         0.         0.4836184
 0.         0.5032256  0.4785553  0.46479923 1.         0.29382452
 0.         0.0512535  0.616308   1.         1.         0.5104695
 0.4260902  0.32948485 0.34094757 0.59728295 0.8050586  0.59196705
 0.5256464  0.4546285  0.24476634 0.46962836 0.82702583 0.6585662
 0.8570281  0.         0.37620696 0.63801575 1.         0.34500116
 0.74608356 0.63965166 0.6185518  0.5679143  0.7024567  0.42073688
 0.42330688 0.5336592  0.75806683 0.50291324 0.39810663 0.7752129
 0.89009166 0.55585384 0.7238188  0.         0.5363903  0.65715545
 0.7310634  0.59183455 0.7779695  0.8600906  0.29142427 0.648667
 0.2840552  1.         0.3589609  0.21400234 0.17976631 0.5598461
 0.57600576 0.7135191  0.648099   0.7566257  0.5663816  0.6316435
 1.         0.6209658  0.34238562 1.         0.31453073 0.
 0.9189899  0.80186087 0.         0.5405289  0.7797547  1.
 0.4827228  0.92002827 0.5758689  0.96628076 0.26471534 0.9899311
 0.9055495  0.8659279  0.79633266 0.24823315 0.39315242 0.4745434
 1.         0.55442667 0.5091338  0.4358374  0.8507195  0.5839874
 0.30446    0.6284977  0.45030397 0.22005416 0.7805395  0.74619234
 0.19893333 0.6432678  1.         0.         0.61181295 1.
 0.48067316 0.666166   0.69420063 0.27592245 0.6437413  0.87402284
 0.         0.00828829 0.47920936 0.64207834 0.92054313 0.9921114
 0.2056605  0.0827926  0.47709855 0.         0.         0.42102355
 0.08619729 0.97809595 0.7627893  0.7628666  0.56080616 0.32344598
 0.64718467 0.32227635 0.79945797 0.4474808  0.16581239 0.5645599
 0.         0.         0.         1.         0.82357764 0.13180558
 0.8255122  0.79041123 0.2599753  0.47274897 0.37260935 0.5835413
 0.4058887  1.         0.7814225  0.62547755 0.04077647 0.
 0.5714986  0.22652425 0.5447885  0.72051334 0.2497019  0.49832633
 0.9560195  0.4030909  0.42673206 0.61849487 0.6522316  0.37336233
 0.34282467 0.6168155  0.         0.20273802 0.67931235 0.27774325
 0.68053836 1.         0.38496208 0.41391563 0.4667368 ]
