2024-05-29 13:51:37[INFO] 
[Env initialized][Metric tpmC: 9303.28 tpmTotal: 20867.74 Transaction Count: 20985]
2024-05-29 13:51:37[INFO] [ddpg] Action: [0.55329096 0.5678495  0.93114024 0.57439333 0.7087892  0.7562798
 0.42858243 0.70224863 0.6556156  0.2387635  0.17120224 0.81621116
 0.17923675 0.         0.16387574 0.7113974  0.3151579  0.71200866
 0.32722086 0.57364386 0.6539891  0.4219042  0.5466917  0.493979
 0.43193358 0.6601328  0.60814893 0.6896871  0.772048   0.56779295
 0.37627476 0.69043034 0.6988377  0.6309582  0.4171061  0.39193255
 0.48236296 0.44156504 0.58891034 0.45375326 0.98323905 0.13267057
 0.90667534 0.7575538  0.44133177 0.54914546 0.79174566 0.43551648
 0.56448555 0.75396836 0.47775826 0.743196   0.27667364 0.77384704
 0.1379183  0.45286763 0.17906149 0.41007188 0.88200545 0.5371863
 0.11231665 0.41143334 0.6282365  0.21080226 0.09415922 0.37093413
 0.6727386  0.6096389  0.93658906 0.3721486  0.59195465 0.6681831
 0.58418846 0.59972906 0.22201057 0.538151   0.25652063 0.5288245
 0.3418981  0.5512332  0.07048203 0.40486217 0.60027045 0.65346557
 0.32920155 0.8393872  0.46907693 0.5576204  0.5034016  0.4890968
 0.6377787  0.62904257 0.90031326 0.64676756 0.3641236  0.44388124
 0.60167366 0.4243855  0.3554166  0.47140273 0.35715175 0.22064184
 0.59038854 0.46908444 0.52716    0.36338162 0.2905028  0.5319257
 0.61540836 0.74446183 0.5238322  0.58405715 0.49597546 0.49996158
 0.524895   0.67065257 0.1154317  0.3164275  0.5950187  0.6386841
 0.7284213  0.6225833  0.20948161 0.5081244  0.8676667  0.42934132
 0.5941824  0.7175497  0.7162073  0.5516407  0.21606515 0.5537491
 0.45335898 0.5237777  0.40757287 0.45097494 0.55697274 0.86198014
 0.58857596 0.4477409  0.2517948  0.60440296 0.4632566  0.63720554
 0.2909766  0.4983977  0.56867546 0.62771827 0.4913866  0.6518719
 0.47626126 0.4026413  0.5230746  0.77122647 0.23864853 0.73494494
 0.3709961  0.4479483  0.67643714 0.41744325 0.6152376  0.6897188
 0.32733992 0.4362022  0.16901056 0.6249504  0.75177866 0.27405706
 0.48613974 0.56426597 0.54153097 0.7650717  0.4961109  0.406042
 0.5986041  0.70815575 0.62841314 0.4774969  0.8203883  0.30462444
 0.44169387 0.46394715 0.2445555  0.13548833 0.13444477 0.77642214
 0.3266646  0.5242627  0.00220119 0.06432783 0.6342425  0.40924597
 0.5086791  0.5806995  0.45740938 0.14064653 0.3765313 ]
2024-05-29 13:52:57[INFO] 
[ddpg][Episode: 0][Step: 0][Metric tpmC:0 tpmTotal:0 Transaction Count:0]Reward: -10000000.0 Score: -10000000.0 Done: True
2024-05-29 13:52:57[INFO] [ddpg][Episode: 0][Step: 0] step: 80.21465182304382s env step: 80.20380401611328s train step: 0.0s restart time: 80.20370721817017s action time: 0.0027015209197998047s
2024-05-29 13:52:57[INFO] [ddpg][Episode: 0][Step: 0][Average] step: 80.21465182304382s env step: 80.20380401611328s train step: 0.0s restart time: 80.20370721817017s action time: 0.0027015209197998047s
2024-05-29 13:54:36[INFO] 
[Env initialized][Metric tpmC: 10854.77 tpmTotal: 24170.12 Transaction Count: 24350]
2024-05-29 13:54:36[INFO] [ddpg] Action: [0.35950413 0.403801   0.7152608  0.44643542 0.7381296  0.44532168
 0.41613185 0.62421113 0.43071547 0.42514962 0.4945119  0.874201
 0.6507455  0.25707203 0.35821956 0.21966366 0.9514437  0.5673708
 0.47888714 0.45982882 0.59298    0.29621446 0.59785265 0.516548
 0.38203105 0.42143103 0.64602464 0.30414036 0.5199572  0.5330519
 0.5001617  0.35383272 0.54715365 0.46845737 0.36556447 0.286953
 0.77946854 0.37991482 0.63069314 0.35229555 0.7316345  0.42399457
 0.4592525  0.49595514 0.40595776 0.3214381  0.54581267 0.518845
 0.5981159  0.13537371 0.3242391  0.5296081  0.5020158  0.5082891
 0.6779767  0.701557   0.73737824 0.44190302 0.4610813  0.39101002
 0.57608026 0.5148929  0.40589154 0.         0.2388805  0.6096005
 0.490442   0.17575477 0.4246117  0.6605078  0.48686966 0.66933507
 0.4571989  0.46291965 0.25778905 0.63530165 0.31565067 0.4485007
 0.8500084  0.3587832  0.67431694 0.54437715 0.5335425  0.46443528
 0.36025113 0.3773821  0.7369879  0.4618588  0.6666867  0.45304883
 0.08976047 0.57828236 0.1645144  0.49170315 0.7805763  0.6812479
 0.65087485 0.42518008 0.72841465 0.80467    0.34982494 0.28002644
 0.49027267 0.7620372  0.77023584 0.37143415 0.5448672  0.7521357
 0.47066545 0.4938013  0.74307245 0.86302245 0.866148   0.75483215
 0.28343365 0.48892316 0.29992983 0.6168825  0.6631489  0.7114781
 0.32404608 0.6838429  0.7994232  0.28531644 0.8005402  0.37325293
 0.6996419  0.72676814 1.         0.29652873 0.45759463 0.5179744
 0.4699618  0.5277193  0.24015969 0.3786537  0.5760354  0.46005726
 0.4881588  0.04290116 0.6721802  0.48437274 0.48975006 0.5135207
 0.5746944  0.52665603 0.46229163 0.4598606  0.48972633 0.1584938
 0.46692795 0.6249099  0.44093293 0.39711294 0.8618449  0.76478815
 0.4778822  0.20467502 0.6667161  0.55668604 0.491819   0.15291645
 0.6308782  0.62755656 0.12079099 0.6737032  0.51910233 0.4886129
 0.3070458  0.8155917  0.34003642 0.628607   0.52494335 0.41530976
 0.46634343 0.85398763 0.44349763 0.72850394 0.321878   0.8862244
 0.6271928  0.52936405 0.64789444 0.50010866 0.6512523  0.74004
 0.7649921  0.70135856 0.57209665 0.59281117 0.757096   0.83473694
 0.9532201  0.36764437 0.38693494 0.1280367  0.72006667]
2024-05-29 13:56:01[INFO] 
[ddpg][Episode: 1][Step: 0][Metric tpmC:0 tpmTotal:0 Transaction Count:0]Reward: -10000000.0 Score: -10000000.0 Done: True
2024-05-29 13:56:01[INFO] [ddpg][Episode: 1][Step: 0] step: 85.21906971931458s env step: 85.21031737327576s train step: 0.0s restart time: 85.21024441719055s action time: 0.0016007423400878906s
2024-05-29 13:56:01[INFO] [ddpg][Episode: 1][Step: 0][Average] step: 85.21906971931458s env step: 85.21031737327576s train step: 0.0s restart time: 85.21024441719055s action time: 0.0021511316299438477s
