2024-05-30 21:13:28[INFO] 
[Env initialized][Metric tpmC: 10075.18 tpmTotal: 22269.02 Transaction Count: 22608]
2024-05-30 21:13:28[INFO] [ddpg] Action: [0.4429271  0.43527675 0.20069887 0.28980678 0.6416871  0.38456023
 0.         0.689476   0.5977291  0.46399668 0.46966618 0.6101339
 0.49489853 0.6806317  0.25598475 0.17336585 0.06842145 0.49418202
 0.92744166 0.4854269  0.8101547  0.06923196 0.80965036 0.81574035
 0.26314443 0.31672084 0.8388872  0.39391205 0.5160629  0.20173804
 0.5659516  0.50160444 0.18160267 0.33642197 0.34042093 0.6655746
 0.30620548 0.247412   0.4810326  0.39563444 0.49420422 0.4508156
 0.66140646 0.319429   0.38170242 0.39214745 0.3154285  0.14655222
 0.627658   0.34081542 0.7912401  0.4638333  0.59009975 0.70232785
 0.23174028 0.37349638 0.444526   0.7693697  0.3297319  0.3684908
 0.38786542 0.3211739  0.85158885 0.4544257  0.17483535 0.27844656
 0.14055002 0.47982764 0.5695984  0.577681   0.4030515  0.708202
 0.77433705 0.22649486 0.8815178  0.37195525 0.6559528  0.25110042
 0.81706834 0.43425786 0.413922   0.4715319  0.31482413 0.16638575
 0.5253963  0.4761689  0.48445228 0.33979192 0.4249303  0.7505277
 0.5086253  0.66689014 0.73738754 0.45858857 0.48909718 0.8173919
 0.44671935 0.5644116  0.6970941  0.22812055 0.39211676 0.42193708
 0.5008723  0.10780267 0.2748737  0.7417419  0.70269823 0.3444824
 0.5095218  0.43354315 0.5026015  0.55163294 0.42132065 0.6049517
 0.5278685  0.5303285  0.86509913 0.5511304  0.07208663 0.49117798
 0.3953118  0.7346283  0.8457035  0.82449156 0.6503476  0.36467743
 0.44762787 0.41815603 0.67977715 0.8147441  0.64853865 0.5178651
 0.30457935 0.2442228  0.19790861 0.65509653 0.5997758  0.75549686
 0.34763068 0.5269453  0.36179686 0.44231394 0.4820312  0.23012514
 0.35076153 0.5827142  0.38338178 0.39479107 0.41704714 0.57868797
 0.6182735  0.58915883 0.6489857  0.21027271 0.6725694  0.5429483
 0.41889086 0.7134075  1.         0.9248207  0.5233835  0.5988401
 0.56630313 0.4458243  0.6755261  0.7094598  0.82651657 0.13868009
 0.28668436 0.4331103  0.527025   0.17337978 0.51527464 0.47736242
 0.59284467 0.5791541  0.38650364 0.585528   0.21219295 0.29386118
 0.7306192  0.5170491  0.65879893 0.21398455 0.6647555  0.71334106
 0.58892196 0.23329718 0.5797747  0.28981918 0.4756404  0.55992323
 0.20517217 0.58103293 0.8406619  0.6214036  0.67885095]
