2024-05-30 11:48:10[INFO] 
[Env initialized][Metric tpmC: 9820.34 tpmTotal: 21809.44 Transaction Count: 22012]
2024-05-30 11:48:10[INFO] [ddpg] Action: [0.25545996 0.61429596 0.2180535  0.58174723 0.65112746 0.3507622
 0.6975     0.2233666  0.41411468 0.5021411  0.5172818  0.28667003
 0.42844126 0.40244392 0.650323   0.71528816 0.6128408  0.19493063
 0.48884264 0.4437494  0.47058865 0.39470217 0.26952434 0.33162352
 0.11745886 0.01939416 0.54009086 0.7533992  0.24938427 0.4386001
 0.2947983  0.8135021  0.83098865 0.7173501  0.1481859  0.44067982
 0.42863175 0.53581154 0.34640494 0.36106408 0.1354241  0.22215346
 0.38723016 0.7515827  0.5804332  0.54255843 0.8427616  0.66269404
 0.47548065 0.62176454 0.44426596 0.7113982  0.5384133  0.50527376
 0.44916213 0.45540476 0.5562374  0.47165683 0.4793173  0.5292555
 0.3122072  0.5555764  0.7440748  0.48875862 0.93266207 0.79705405
 0.40563524 0.34427342 0.2035074  0.595763   0.7369418  0.44424805
 0.43445995 0.645365   0.73819387 0.50468594 0.4857178  0.740891
 0.48842162 0.23373997 0.38585642 0.31087422 0.36740154 0.40121162
 0.5863264  0.6251729  0.48396686 0.29837948 0.3593774  0.5011512
 0.52267057 0.60584295 0.2831683  0.4751243  0.27160797 0.35094404
 0.7055592  0.2604528  0.52485055 0.4584401  0.31467617 0.8666495
 0.76298463 0.62474203 0.14118415 0.2014612  0.80888635 0.42165735
 0.17493932 0.36774823 0.54430974 0.3618495  0.47648057 0.6745458
 0.22371878 0.0677415  0.09723433 0.90393585 0.48747465 0.36658937
 0.6550885  0.38078707 0.49106267 0.6520392  0.59116507 0.5137905
 0.6356411  0.8908626  0.6284759  0.15701056 0.12344828 0.5816523
 0.65205765 0.5439425  0.773325   0.07604393 0.5840282  0.55922574
 0.92225206 0.56247604 0.28820994 0.31403297 0.32401648 0.35136575
 1.         0.5054779  0.39956152 0.43252867 0.29393584 0.41519988
 0.7431949  0.59876657 0.14103281 0.34342793 0.466053   0.47053012
 0.36385944 0.7288078  0.97416675 0.73544294 0.61175907 0.47652233
 0.8692512  0.62059164 0.44828373 0.26517913 0.713779   0.74752986
 0.27410504 0.10879111 0.5569095  0.55963343 0.18288599 0.47903398
 0.34556815 0.40896714 0.43523315 0.55962926 0.20863366 0.1473433
 0.37328362 0.39528626 0.51198834 0.44924474 0.426129   0.41997454
 0.74129367 0.5932256  0.03476827 0.3458859  0.50503397 0.6033216
 0.98492587 0.5526897  0.3544859  0.5673885  0.55570537]
2024-05-30 11:49:45[INFO] 
[ddpg][Episode: 0][Step: 0][Metric tpmC:0 tpmTotal:0 Transaction Count:0]Reward: -10000000.0 Score: -10000000.0 Done: True
2024-05-30 11:49:46[INFO] [ddpg][Episode: 0][Step: 0] step: 95.53341555595398s env step: 95.3525002002716s train step: 0.0s restart time: 95.35242938995361s action time: 0.0024154186248779297s
2024-05-30 11:49:46[INFO] [ddpg][Episode: 0][Step: 0][Average] step: 95.53341555595398s env step: 95.3525002002716s train step: 0.0s restart time: 95.35242938995361s action time: 0.0024154186248779297s
