2024-05-31 10:37:13[INFO] 
[Env initialized][Metric tpmC: 9910.51 tpmTotal: 22019.08 Transaction Count: 22308]
2024-05-31 10:37:14[INFO] [ddpg] Action: [0.49341094 0.2545313  0.27489448 0.33603    0.6887336  0.43978027
 0.42986134 0.42568105 0.340641   0.8384693  0.49612787 0.35805243
 0.45901334 0.38163224 0.67021525 0.3979411  0.71364915 0.2241416
 0.63698566 0.60002804 0.4135145  0.33826855 0.79499644 0.44198462
 0.6161414  0.57916105 0.53439385 0.50312304 0.49356955 0.6491139
 0.7509434  0.3906171  0.45007977 0.30244157 0.31264088 0.434005
 0.5159664  0.36126515 0.45033473 0.26303008 0.67712957 0.34240437
 0.5725861  0.38219106 0.34669575 0.4934711  0.37741962 0.54640865
 0.6220321  0.77574855 0.5301269  0.890927   0.39369205 0.57760805
 0.5424821  0.27709818 0.7204142  0.5839305  0.53593814 0.3226928
 0.7150359  0.3940827  0.41734698 1.         0.71842486 0.5532264
 0.35653684 0.6080205  0.4486368  0.5820349  0.3468834  0.49815843
 0.46990812 0.4861945  0.54406947 0.31651056 0.6122415  0.9238554
 0.57896566 0.59737873 0.5108668  0.76980305 0.9452469  0.34117466
 0.6713916  0.38485295 0.46347213 0.4300896  0.55125064 0.25516382
 0.53872263 0.         0.5176924  0.46144384 0.75678474 0.9069312
 0.45074904 0.91073906 0.14433993 0.7847713  0.67366576 0.4697743
 0.6391148  0.3151033  0.4264082  0.31386188 0.6627161  0.18270092
 0.24439405 0.1838831  0.9249984  0.25896022 0.20507227 0.15299371
 0.45535925 0.5821875  0.70144403 0.5603264  0.43019372 0.5033633
 0.55231917 0.2990821  0.5498007  0.7585823  0.23307307 0.44417542
 0.5206427  0.0429957  0.50909746 0.68934596 0.37867585 0.59169126
 0.5122443  0.46637136 0.6685972  0.5276911  0.44481936 0.7129158
 0.6066203  0.40971538 0.4475049  0.5654624  0.41588604 0.5337582
 0.3426992  0.68380165 0.30213976 0.682478   0.61693454 0.612335
 0.80024767 0.33279812 0.92468816 0.5617865  0.3384623  0.28418183
 0.49067697 0.8138437  0.3531236  0.29157218 0.45853052 0.7118814
 0.26270816 0.57835823 0.66671073 0.15733026 0.4816797  0.72816396
 0.6467485  0.6766051  0.2902523  0.5331853  0.2818895  0.6975658
 0.9032884  0.07948879 0.41088116 0.5445699  0.67297375 0.4616667
 0.22896312 0.77386236 0.59703416 0.15400885 0.56815195 0.2557602
 0.4094247  0.5893162  0.4640621  0.54779255 0.6624285  0.72564584
 0.61922795 0.43278554 0.6424596  0.7542802  0.62794316]
2024-05-31 10:39:02[INFO] 
[ddpg][Episode: 0][Step: 0][Metric tpmC:7376.02 tpmTotal:16422.23 Transaction Count:16508]Reward: 141404.27580268655 Score: 0.14140427580268655 Done: False
2024-05-31 10:39:02[INFO] [ddpg][Episode: 0][Step: 0] step: 108.48121356964111s env step: 108.4723289012909s train step: 0.0s restart time: 44.65170764923096s action time: 0.0024459362030029297s
2024-05-31 10:39:02[INFO] [ddpg][Episode: 0][Step: 0][Average] step: 108.48121356964111s env step: 108.4723289012909s train step: 0.0s restart time: 44.65170764923096s action time: 0.0024459362030029297s
2024-05-31 10:39:02[INFO] [ddpg] Action: [0.73248255 0.3511358  0.08885411 0.23251304 0.7702566  0.30501804
 0.40120167 0.55538523 0.27758038 0.8490605  0.20134403 0.
 0.53908753 0.75449437 0.689794   0.86378545 0.5723348  0.1000339
 0.31523773 0.3739771  0.4811283  0.10035174 0.9882873  0.59353167
 0.18979448 0.48664927 0.22872503 0.5013701  0.5215434  0.83675355
 0.6606335  0.34912091 0.30206612 0.         0.39506474 0.4780892
 0.2759262  0.24524611 0.3056967  0.27521336 0.7600604  0.4072414
 0.4081406  0.08209711 0.63919675 0.33273947 0.758025   0.66430116
 0.53629714 0.8773866  0.72898054 1.         0.51076776 0.4839207
 0.2141554  0.52586526 0.7549643  0.60522044 0.19397387 0.7344847
 0.74899036 0.39876074 0.5172339  0.9979011  0.8121335  0.6317573
 0.30493706 0.5071636  0.51190525 0.82572496 0.4540057  0.40680656
 0.6761095  0.61656666 0.6853764  0.5444511  0.62233037 0.51717436
 0.4860887  0.5237059  0.6003479  0.9388484  0.7827159  0.6341679
 0.5376052  0.         0.04781255 0.5706671  0.5097603  0.55822235
 0.31231657 0.13588896 0.5080036  0.4842206  1.         0.88325727
 0.3886089  0.67977977 0.18681768 0.52582586 0.967353   0.714615
 1.         0.38899177 0.27997187 0.43989506 0.05686304 0.16196801
 0.08432619 0.3343677  0.76043564 0.13649057 0.16682482 0.06908689
 0.2258762  0.38975126 0.81372225 0.257684   0.10722633 0.733935
 0.5152938  0.         0.45296982 0.7678782  0.32524008 0.47746164
 0.83636856 0.22644086 0.7738486  0.723039   0.407504   0.47703102
 0.5383983  0.0947307  0.55697244 0.25270107 0.3635117  0.77545387
 0.44800648 0.09450476 0.3885957  0.37049744 0.5933466  0.90117395
 0.54518306 0.50217026 0.11989055 0.8728231  0.32952648 0.4287453
 1.         0.5404854  0.7074895  0.47096682 0.38264215 0.38614914
 0.646354   0.93039143 0.5720553  0.31044322 0.6567996  0.46631286
 0.3305973  0.7985582  0.75669783 0.         0.4103786  0.8144903
 0.5447026  0.8615585  0.35831296 0.3563345  0.101868   0.63474053
 1.         0.15740496 0.4391603  0.47364786 0.46129858 0.89538443
 0.32064915 0.7268881  0.5482468  0.22995596 0.60241365 0.3142738
 0.3972157  0.62453866 0.2726454  0.6469823  0.34049222 0.46921545
 0.6664008  0.3537916  0.7596309  0.79073894 0.5341856 ]
2024-05-31 10:40:40[INFO] 
[ddpg][Episode: 0][Step: 1][Metric tpmC:7560.19 tpmTotal:16653.48 Transaction Count:16771]Reward: 147809.81864808712 Score: 0.2892140944507737 Done: False
2024-05-31 10:40:40[INFO] [ddpg][Episode: 0][Step: 1] step: 98.4928207397461s env step: 98.48559737205505s train step: 0.0s restart time: 34.52386283874512s action time: 0.0009508132934570312s
2024-05-31 10:40:40[INFO] [ddpg][Episode: 0][Step: 1][Average] step: 98.4928207397461s env step: 98.48559737205505s train step: 0.0s restart time: 34.52386283874512s action time: 0.0016983747482299805s
2024-05-31 10:40:40[INFO] [ddpg] Action: [0.77110577 0.3522269  0.15995544 0.35757226 0.8333551  0.15115498
 0.4559946  0.64279777 0.1668811  1.         0.5413067  0.
 0.5209334  0.9980757  0.39568982 0.7159633  0.3688413  0.226739
 0.27747878 0.2749024  0.8368242  0.17854148 0.6796092  0.7229734
 0.17395446 0.8169926  0.5876108  0.39957243 0.40127537 0.92193407
 0.3718112  0.07718637 0.09010397 0.09817134 0.42117867 0.28317994
 0.03457831 0.20655145 0.         0.09231293 0.8208474  0.19272333
 0.27536124 0.07380865 0.4761225  0.4355026  1.         0.6675871
 0.65134335 1.         1.         1.         0.89896655 0.04823212
 0.5846965  0.6793929  0.8132155  0.28986052 0.27520144 0.71552354
 0.47777018 0.43545    0.8546142  0.85215795 0.57611936 0.42144743
 0.28642517 0.60697633 0.06817472 0.8405725  0.06141681 0.5909195
 0.5327377  0.40403536 0.2980614  0.4621411  0.8939682  0.30932087
 0.71122193 0.55878496 0.5569528  1.         0.45524535 0.51557183
 0.8676359  0.         0.         0.5197901  0.78019416 0.44036403
 0.5715054  0.         0.38420516 0.4473891  1.         0.75924945
 0.26112756 0.93901324 0.62889653 0.39146706 0.9057954  0.6367288
 0.69644433 0.8254292  0.4167368  0.31427956 0.43134788 0.12338364
 0.20301554 0.12261294 0.7943471  0.74361974 0.48440588 0.21926576
 0.10715435 0.4372851  0.82813996 0.2597873  0.         0.63737386
 0.55438143 0.         0.08207059 0.75413436 0.56502986 0.5007085
 1.         0.24785784 0.68414384 0.7247976  0.4397977  0.4828214
 0.7422724  0.         0.4914336  0.4291165  0.6874832  0.75305027
 0.58761466 0.03790944 0.44581336 0.3996849  0.22426957 0.802508
 0.4552875  0.81559974 0.5590592  0.82249105 0.08296287 0.9873612
 1.         0.3839378  0.8338243  0.71632934 0.38733557 0.3755118
 0.61178744 0.7020165  0.5467477  0.34697023 0.2623816  0.23494178
 0.3947614  0.7370005  0.80980766 0.10567667 0.44231096 1.
 0.41411448 0.68423307 0.68235886 0.42149878 0.1110337  0.52536327
 0.7806811  0.         0.49500853 0.60891765 0.70872337 0.75612456
 0.6190104  0.713001   0.2911823  0.17131494 0.45503825 0.04334588
 0.51301485 0.60317034 0.38698158 0.67166406 0.         0.40095782
 0.75646496 0.3457187  0.74094325 0.9081784  0.35799518]
2024-05-31 10:42:24[INFO] 
[ddpg][Episode: 0][Step: 2][Metric tpmC:7621.44 tpmTotal:16965.27 Transaction Count:17059]Reward: 125760.21134923398 Score: 0.41497430580000766 Done: False
2024-05-31 10:42:24[INFO] [ddpg][Episode: 0][Step: 2] Critic: 19413428224.0 Actor: -0.019196377135813236
2024-05-31 10:42:24[INFO] [ddpg][Episode: 0][Step: 2] step: 103.5788950920105s env step: 103.44661259651184s train step: 0.06220078468322754s restart time: 39.54437303543091s action time: 0.0008945465087890625s
2024-05-31 10:42:24[INFO] [ddpg][Episode: 0][Step: 2][Average] step: 103.5788950920105s env step: 103.44661259651184s train step: 0.06220078468322754s restart time: 39.54437303543091s action time: 0.0014304320017496746s
2024-05-31 10:42:24[INFO] [ddpg] Action: [0.6003744  0.55669063 0.         0.49027002 1.         0.4821561
 0.33484557 0.76869756 0.15123126 0.9722642  0.57567614 0.15631498
 0.16051981 0.7714021  0.2273263  0.79124093 0.4434267  0.15454167
 0.69486743 0.13025448 0.6833669  0.35095257 0.36120594 0.34999385
 0.         0.7938575  0.7690182  0.51851976 0.57129616 0.85860336
 0.26658106 0.22696798 0.12233442 0.11400819 0.44666103 0.36218923
 0.         0.3048392  0.04020509 0.36731672 0.81216764 0.27364272
 0.6712961  0.         0.66120946 0.6620409  1.         0.65931994
 0.5724856  0.8747169  1.         1.         1.         0.0555051
 0.50681067 0.6537115  0.8717163  0.37935576 0.2150573  0.66590893
 0.6695991  0.41227832 1.         0.6037766  0.8166109  0.54886234
 0.5566307  0.69287413 0.10444724 0.67875993 0.         1.
 0.33860973 0.62766457 0.4115748  0.39499238 0.8220205  0.39548835
 1.         0.49232015 0.47168744 1.         0.34671816 0.42032036
 0.75867075 0.         0.         0.59462285 0.96667916 0.
 0.50854063 0.05892349 0.6579644  0.         1.         0.75702
 0.5147572  0.9189471  1.         0.         0.97710276 0.6085372
 0.7851391  0.76547164 0.24136715 0.783254   0.38311955 0.1631692
 0.         0.48724577 1.         0.57670796 0.5970784  0.3715269
 0.47410002 0.5343451  0.94488037 0.44593835 0.         0.61416763
 0.65032196 0.         0.14886868 0.8197989  0.23763658 0.00836018
 1.         0.31634045 0.6676701  0.67678016 0.11149829 0.7471043
 1.         0.01653257 0.8379808  0.533902   0.21398894 0.9296481
 0.5321712  0.         0.5220211  0.         0.3532015  0.77811337
 0.4689586  1.         0.39350387 0.88378    0.2104968  0.93207836
 1.         0.6052288  0.7771361  0.51222235 0.47765818 0.43558273
 0.7265914  0.3035667  1.         0.36602008 0.45784023 0.14857794
 0.72122693 0.6305698  0.39914697 0.39315674 0.39229047 1.
 0.49983492 0.7079174  0.46546873 0.606171   0.         0.44585943
 0.7860774  0.0216402  0.41174892 0.710116   0.47906256 0.83890045
 0.5926615  0.731522   0.36560914 0.6013639  0.56380904 0.
 0.53691065 0.35522616 0.69528353 0.3138653  0.0786986  0.3919893
 0.6801981  0.18172023 0.8358896  0.79086614 0.0690971 ]
2024-05-31 10:44:08[INFO] 
[ddpg][Episode: 0][Step: 3][Metric tpmC:7691.64 tpmTotal:17204.6 Transaction Count:17314]Reward: 112714.39922874654 Score: 0.5276887050287542 Done: False
2024-05-31 10:44:08[INFO] [ddpg][Episode: 0][Step: 3] Critic: 18113212416.0 Actor: -0.018981352914124727
2024-05-31 10:44:08[INFO] [ddpg][Episode: 0][Step: 3] step: 103.48258566856384s env step: 103.45732378959656s train step: 0.008623480796813965s restart time: 39.54259538650513s action time: 0.0008571147918701172s
2024-05-31 10:44:08[INFO] [ddpg][Episode: 0][Step: 3][Average] step: 103.48258566856384s env step: 103.45732378959656s train step: 0.008623480796813965s restart time: 39.54259538650513s action time: 0.0012871026992797852s
2024-05-31 10:44:08[INFO] [ddpg] Action: [0.8283241  0.4256465  0.2828678  0.48832908 0.6402759  0.8412607
 0.51731366 0.81663644 0.24118559 0.89110035 0.47179517 0.29933286
 0.13505353 0.75391424 0.60820496 0.7590055  0.33290994 0.3099184
 0.7448859  0.00865259 0.8279504  0.41762593 0.4930828  0.57025415
 0.3960996  1.         0.5490602  0.2681079  0.39840922 0.5551729
 0.21144949 0.         0.31626186 0.         0.60594755 0.70102507
 0.         0.50998884 0.21703832 0.2705912  1.         0.07578783
 0.67120814 0.         1.         0.63825077 1.         0.582574
 0.81491894 0.90024155 1.         1.         1.         0.07394136
 0.85883266 0.6615497  0.8814699  0.3945767  0.48275563 0.74818164
 0.69392496 0.45436755 0.8395478  0.53165054 0.9253602  0.48367172
 0.5546294  0.90710425 0.         0.89895266 0.         1.
 0.29792997 0.7618827  0.37530482 0.28941005 0.7960862  0.30006877
 0.6912044  0.24128012 0.5507512  0.87899274 0.1931277  0.4362475
 0.7022963  0.         0.         0.59526914 0.87153184 0.23695573
 1.         0.16429459 0.70245045 0.43890634 1.         0.72909594
 0.6949793  1.         1.         0.31600934 0.8296286  0.903164
 0.36542258 0.6639308  0.41299027 0.6062342  0.4423978  0.24971384
 0.08431075 0.3946105  0.9973206  0.84014815 0.42315736 0.22682528
 0.5961585  0.581668   0.7467689  0.7758952  0.03229538 0.7363733
 0.8954699  0.         0.22204165 0.75839466 0.71300256 0.03307192
 1.         0.277687   0.8803488  0.7448827  0.34732348 0.76451766
 1.         0.         1.         0.6655669  0.3694416  0.52023035
 0.4799847  0.         0.3940073  0.06413997 0.39258838 1.
 0.3838856  1.         0.2332724  0.865444   0.16891365 0.73670256
 1.         0.8522286  0.6314275  0.6500294  0.35105053 0.
 0.37298495 0.5718192  1.         0.         0.76748675 0.10546328
 0.3508425  0.5130287  0.3762336  0.21107377 0.46744618 0.9150878
 0.16791251 0.33406612 0.21049462 0.67008066 0.2556814  0.5487314
 0.6776904  0.         0.25845814 0.64389324 0.3935576  0.98096436
 0.42514074 0.66991967 0.69185483 0.88532895 0.7139762  0.
 0.46824014 0.25429472 0.44333532 0.44408542 0.15233375 0.26632816
 0.5562202  0.03828049 0.67522347 0.4887936  0.        ]
2024-05-31 10:45:51[INFO] 
[ddpg][Episode: 0][Step: 4][Metric tpmC:7632.02 tpmTotal:16941.66 Transaction Count:16985]Reward: 129637.28349382331 Score: 0.6573259885225775 Done: False
2024-05-31 10:45:51[INFO] [ddpg][Episode: 0][Step: 4] Critic: 18021580800.0 Actor: -0.01864685770124197
2024-05-31 10:45:51[INFO] [ddpg][Episode: 0][Step: 4] step: 103.25203514099121s env step: 103.22790598869324s train step: 0.008722662925720215s restart time: 39.53858685493469s action time: 0.0007240772247314453s
2024-05-31 10:45:51[INFO] [ddpg][Episode: 0][Step: 4][Average] step: 103.25203514099121s env step: 103.22790598869324s train step: 0.008722662925720215s restart time: 39.53858685493469s action time: 0.0011744976043701171s
2024-05-31 10:45:51[INFO] [ddpg] Action: [1.         0.7208653  0.29822004 0.29534268 0.70202374 1.
 0.6516978  0.8890299  0.11191414 1.         0.35262668 0.01397442
 0.3554901  0.6803292  0.4557944  0.8396111  0.20666707 0.25088036
 0.8959028  0.10768467 0.5267557  0.39547202 0.5186615  0.41391796
 0.3241016  1.         0.405278   0.15411673 0.6904868  0.6441866
 0.3607316  0.28607643 0.3478644  0.         0.8509049  0.8582546
 0.         0.21192075 0.5809798  0.07297847 1.         0.37805802
 0.6466994  0.         1.         0.88370836 0.9007112  0.50512606
 0.69430405 0.8957637  1.         1.         1.         0.0608164
 0.89722705 0.562856   0.70270115 0.14939368 0.37841582 0.9772569
 0.81524205 0.3728738  0.8750184  0.40275875 0.9223557  0.99454415
 0.91384685 0.941002   0.34182498 0.9753333  0.         0.94684935
 0.06990572 0.95083463 0.784277   0.05974764 0.8269421  0.07535447
 0.6706246  0.20515588 1.         0.80516005 0.         0.39439058
 0.6295439  0.04202043 0.         0.33281857 1.         0.3775359
 0.7158656  0.35247225 0.8625912  0.27332443 1.         0.7389504
 0.7349408  1.         1.         0.11422941 0.9708012  0.6775628
 0.5652135  0.8883394  0.23391953 0.7548783  0.46694392 0.10692392
 0.         0.46999067 0.9602045  1.         0.4203231  0.47184816
 0.6051989  0.56984824 0.5359903  1.         0.13543284 0.78651434
 0.8417689  0.         0.28543216 0.99664485 0.7994499  0.24698326
 1.         0.08519045 0.8966143  0.49368897 0.3304392  0.7387786
 1.         0.         1.         0.6910181  0.34562033 0.5326808
 0.39758602 0.         0.7406936  0.05529584 0.31327975 1.
 0.4505137  1.         0.6048964  0.75076276 0.03984247 0.8913649
 0.88535887 0.8111599  0.6782493  0.51701695 0.5106364  0.22356617
 0.32491237 0.5412572  1.         0.33732322 0.6123835  0.30039176
 0.         0.84265673 0.35621157 0.32416177 0.8006434  0.915775
 0.24827056 0.10433887 0.23028581 0.6976475  0.12604715 0.50757915
 0.8773447  0.13517493 0.38778275 0.6070882  0.27220482 0.8871056
 0.67880076 0.6163322  0.7749944  0.98556477 0.585044   0.
 0.35127345 0.         0.7055746  0.73507655 0.16269542 0.12449439
 0.41454402 0.191493   0.82709396 0.69324356 0.        ]
