2024-05-29 14:08:36[INFO] 
[Env initialized][Metric tpmC: 11572.95 tpmTotal: 25883.96 Transaction Count: 26062]
2024-05-29 14:08:36[INFO] [ddpg] Action: [0.6284713  0.530339   0.0998908  0.3201525  0.56025976 0.45109397
 0.85595113 0.6495372  0.6090423  0.45848167 0.72861326 0.40937808
 0.5213036  0.59316534 0.77255476 0.62313086 0.5098108  0.43310577
 0.67619777 0.41513065 0.6753096  0.64529926 0.6203995  0.6282894
 0.6505062  0.59106386 0.21344116 0.88566005 0.49600813 0.44109094
 0.42175838 0.34858328 0.19446719 0.21015112 0.5830546  0.7314048
 0.18143582 0.4743781  0.45904085 0.5515231  0.77522266 0.26372367
 0.5183279  0.5963011  0.3164331  0.90095925 0.31080934 0.6338384
 0.47191644 0.64283997 0.17621483 0.6611333  0.47060016 0.3806699
 0.60933596 0.42575637 0.23395021 0.526203   0.6472869  0.26299664
 0.6650764  0.67653185 0.2997984  0.64751446 0.19472402 0.28871283
 0.28253502 0.47817814 0.5487945  0.41582847 0.46349436 0.43399024
 0.55050164 0.670605   0.35060564 0.42091927 0.43702692 0.67653644
 0.19476499 0.75396717 0.518616   0.76982564 0.78207636 0.3826387
 0.4180585  0.36067805 0.5742775  0.16164173 0.39084688 0.2645554
 0.7064443  0.8586207  0.08380131 0.393529   0.6056838  0.30217263
 0.23383032 0.5416057  0.5333715  0.52452165 0.5180879  0.61759216
 0.65413684 0.26335534 0.64794594 0.40892416 0.4095566  0.55909765
 0.49779528 0.6058739  0.6631712  0.27334997 0.58472204 0.6075016
 0.5303002  0.69864094 0.4707562  0.23587821 0.5019223  0.46730334
 0.688758   0.6169043  0.7342423  0.35347533 0.16449751 0.4318942
 0.41697618 0.49893683 0.39763337 0.53265834 0.6320642  0.79995805
 0.6640533  0.77205414 0.6351326  0.41179097 0.47075045 0.6127301
 0.5573883  0.5980594  0.58497983 0.6324442  0.34472957 0.28233793
 0.9297716  0.39506474 0.7404914  0.38129744 0.7413191  0.21163331
 0.5226018  0.34671554 0.7867649  0.41085634 0.63459224 0.46051547
 0.7623798  0.48699296 0.4459814  0.30367705 0.68604827 0.5188536
 0.6429611  0.28776887 0.7119715  0.4721376  0.14617543 0.5290416
 0.66926795 0.56754977 0.3428728  0.4403772  0.82920384 0.3629508
 0.2968524  0.7994079  0.70520407 0.25106612 0.33600196 0.4498533
 0.3466951  0.11062057 0.69626623 0.38698986 0.39854026 0.6246089
 0.71847194 0.50657034 0.4792081  0.56388736 0.94790405 0.8034305
 0.48783118 0.4841977  0.5841764  0.38868868 0.2910884 ]
2024-05-29 14:10:01[INFO] 
[ddpg][Episode: 0][Step: 0][Metric tpmC:0 tpmTotal:0 Transaction Count:0]Reward: -10000000.0 Score: -10000000.0 Done: True
2024-05-29 14:10:01[INFO] [ddpg][Episode: 0][Step: 0] step: 85.23807787895203s env step: 85.2289297580719s train step: 0.0s restart time: 85.22884058952332s action time: 0.002665281295776367s
2024-05-29 14:10:01[INFO] [ddpg][Episode: 0][Step: 0][Average] step: 85.23807787895203s env step: 85.2289297580719s train step: 0.0s restart time: 85.22884058952332s action time: 0.002665281295776367s
2024-05-29 14:11:40[INFO] 
[Env initialized][Metric tpmC: 10787.89 tpmTotal: 23872.04 Transaction Count: 24066]
2024-05-29 14:11:40[INFO] [ddpg] Action: [0.53745914 0.48354402 0.64757574 0.25571787 0.35958695 0.49024257
 0.5550154  0.49497712 0.71977705 0.29594702 0.4699706  0.2533632
 0.53121674 0.437046   0.4115694  0.7302844  0.71536845 0.41363168
 0.51014984 0.8682968  0.7071033  0.7119168  0.5935039  0.79243255
 0.5010394  0.48056448 0.40176654 0.4907843  0.2865467  0.10525066
 0.58559644 0.7157988  0.5371839  0.5808607  0.4745211  0.50127375
 0.4656036  0.7424815  0.75558513 0.40652528 0.08931894 0.4273831
 0.5826974  0.41021368 0.4287151  0.89229673 0.6780017  0.54594624
 0.11927569 0.708574   0.3474216  0.1968139  0.5718459  0.14073889
 0.32907093 0.4056609  0.3482548  0.3243073  0.6506983  0.51496774
 0.49906373 0.65156287 0.         0.34194604 0.69974816 0.46771437
 0.07827581 0.6577634  0.5427935  0.50984865 0.6157215  0.7322138
 0.5322586  0.47448295 0.134413   0.14074866 0.39256492 0.36030543
 0.21557994 0.76961994 0.45395288 0.5773715  0.29111293 0.73158044
 0.4661327  0.67983    0.29530862 0.3254283  0.45099765 0.6824189
 0.63785046 0.44020498 0.752804   0.6328121  0.3807259  0.2737113
 0.10879815 0.4396079  0.11367302 0.249437   0.44754857 0.15602374
 0.49860576 0.48693532 0.52004826 0.64018077 0.38034356 0.51600856
 0.7483791  0.3192344  0.88755363 0.70609504 0.3658593  0.52857083
 0.8310085  0.534074   0.57300884 0.8152473  0.5764696  0.9101069
 0.47478092 0.66497225 0.5633267  0.2762136  0.46016422 0.48475918
 0.34540537 0.         0.5168385  0.18319212 0.8973057  0.5399664
 0.6163182  0.5239976  0.5432198  0.725291   0.7458968  0.2035642
 0.39878795 0.3905067  0.5358547  0.59583235 0.91711694 0.25704256
 0.8615454  0.87657195 0.22808929 0.62756974 0.7013574  0.7175799
 0.36547244 0.4305777  0.70777744 0.49877286 0.5891798  0.81812716
 0.83113027 0.956561   0.08586012 0.43535295 0.5448106  0.5418875
 0.4150835  0.4505944  0.4556051  0.83310723 0.2482706  0.5509188
 0.7557585  0.4225678  0.5511369  0.77629215 0.81199116 0.5327097
 0.40670195 0.4868902  0.5486326  0.5226474  0.69116956 0.8837003
 0.5819031  0.59590316 0.5762061  0.         0.31115368 0.10007698
 0.52620816 1.         0.36552578 0.517071   0.5847412  0.06836268
 0.4989309  0.65162987 0.85898656 0.5085873  0.7596115 ]
2024-05-29 14:13:05[INFO] 
[ddpg][Episode: 1][Step: 0][Metric tpmC:0 tpmTotal:0 Transaction Count:0]Reward: -10000000.0 Score: -10000000.0 Done: True
2024-05-29 14:13:05[INFO] [ddpg][Episode: 1][Step: 0] step: 85.24121332168579s env step: 85.233229637146s train step: 0.0s restart time: 85.23314142227173s action time: 0.0016679763793945312s
2024-05-29 14:13:05[INFO] [ddpg][Episode: 1][Step: 0][Average] step: 85.24121332168579s env step: 85.233229637146s train step: 0.0s restart time: 85.23314142227173s action time: 0.0021666288375854492s
2024-05-29 14:14:44[INFO] 
[Env initialized][Metric tpmC: 11621.88 tpmTotal: 25621.29 Transaction Count: 25938]
2024-05-29 14:14:44[INFO] [ddpg] Action: [0.7605117  0.4531858  0.51586956 0.5402443  0.7354227  0.41913387
 0.26621774 0.6616614  0.4506814  0.32591504 0.5929803  0.10123327
 0.43233192 0.38005644 0.4575572  0.8620295  0.8389392  0.32220495
 0.3288703  0.19277142 0.28743437 0.43110707 0.8296529  0.7248331
 0.64994365 0.5196934  0.35586312 0.47012198 0.51680195 0.7642088
 0.32883263 0.2929026  0.55571157 0.4816384  0.7581163  0.51559806
 0.7425436  0.41349605 0.74878675 0.51115924 0.5362084  0.7379035
 0.5581714  0.7268284  0.20551468 0.20724635 0.19039437 0.26658818
 0.4706902  0.75743085 0.16749269 0.22552513 0.38382307 0.7518299
 0.91668165 0.50618845 0.627057   0.80183995 0.7617778  0.5960556
 0.2456905  0.8006159  0.55591005 0.5660097  0.5075211  0.29655048
 0.82515365 0.6110999  0.51976657 0.32034478 0.29312944 0.5455237
 0.40946624 0.537927   0.5682006  0.57611686 0.69149095 0.47546092
 0.5527036  0.48118448 0.3511211  0.61506796 0.5286571  0.5682662
 0.852587   0.8454948  0.4849057  0.21335647 0.3527881  0.72888875
 0.05225547 0.59775925 0.5150581  0.23293762 0.66020274 0.23258269
 0.8968925  0.56507325 0.0075166  0.67097515 0.8756768  0.70847636
 0.83318365 0.4960505  0.88068104 0.5920866  0.55798423 0.23425475
 0.56494224 0.3690768  0.729052   0.67984474 0.59779257 0.3888744
 0.24692856 0.9116171  0.5523327  0.5533731  0.42964676 0.50756985
 0.         0.23452877 0.97631603 0.5295119  0.3461689  0.39060342
 0.6791073  0.36491323 0.48231024 0.60939306 0.28294393 0.78957516
 0.6395374  0.34119532 1.         0.6865806  0.6960627  0.36232498
 0.49919754 0.42426553 0.4374152  0.7260488  0.43043283 0.2538778
 0.63229203 0.5592502  0.20535567 0.666591   0.8693484  0.5739817
 0.5472658  0.5845899  0.47449327 0.6452377  0.86970854 0.16605894
 0.7071665  0.4771176  0.533951   0.59776914 0.6313321  0.4253522
 0.47901165 0.25251362 0.59486085 0.5427333  0.43683404 0.54381174
 0.5397187  0.6538431  0.44384387 0.9197893  0.6392077  0.39117065
 0.41009367 0.6437087  0.828428   0.32430083 0.45053184 0.58928907
 0.3056397  0.26668006 0.49845824 0.44448522 0.69517314 0.59065145
 0.38198474 0.56549704 0.40817383 0.45663434 0.6342455  0.37952086
 0.49824002 0.5365884  0.9513464  0.48614782 0.495335  ]
2024-05-29 14:16:09[INFO] 
[ddpg][Episode: 2][Step: 0][Metric tpmC:0 tpmTotal:0 Transaction Count:0]Reward: -10000000.0 Score: -10000000.0 Done: True
2024-05-29 14:16:10[INFO] [ddpg][Episode: 2][Step: 0] Critic: 100000000376832.0 Actor: 0.07833274081349373
2024-05-29 14:16:10[INFO] [ddpg][Episode: 2][Step: 0] step: 85.67672538757324s env step: 85.3167736530304s train step: 0.17586374282836914s restart time: 85.31670212745667s action time: 0.0017137527465820312s
2024-05-29 14:16:10[INFO] [ddpg][Episode: 2][Step: 0][Average] step: 85.67672538757324s env step: 85.3167736530304s train step: 0.17586374282836914s restart time: 85.31670212745667s action time: 0.00201567014058431s
2024-05-29 14:17:48[INFO] 
[Env initialized][Metric tpmC: 11182.23 tpmTotal: 25038.39 Transaction Count: 25216]
2024-05-29 14:17:48[INFO] [ddpg] Action: [0.55935925 0.5322665  0.34520265 0.08305919 0.43616006 0.38947085
 0.5316562  0.36033604 0.6978003  0.44768012 0.16996767 0.2438842
 0.86745435 0.37526914 0.47701287 0.64076775 0.18084906 0.35845327
 0.6547542  0.77528435 0.39862335 0.5876468  0.31208658 0.6126219
 0.295918   0.6469981  0.4236329  0.436726   0.46067905 0.8619374
 0.4924992  0.31707016 0.26708412 0.5704557  0.3661362  0.1265027
 0.41404435 0.5339872  0.44827023 0.8965002  0.43579614 0.41674596
 0.38676673 0.2591059  0.61532277 0.7901613  0.1791833  0.656496
 0.5701113  0.41005665 0.6213249  0.54821223 0.62456065 0.5072838
 0.48513997 0.54705477 0.6056578  0.99192435 0.43670884 0.48386443
 0.89307564 0.4231279  0.67777604 0.40327078 0.47094107 0.8721486
 0.39770555 0.6232109  0.87872547 0.5933285  0.24966145 0.70207685
 0.29604915 0.41097522 0.3968848  0.17461216 0.7111433  0.60376483
 0.28013507 0.3460203  0.61884826 0.19574803 0.9654111  0.4994054
 0.3665354  0.6631435  0.54754806 0.6412252  0.339444   0.6811845
 0.4308999  0.52985895 0.17975596 0.47039568 0.53075165 0.53997374
 0.57992697 0.4409637  1.         0.7345681  0.60502374 0.24755372
 0.3229473  0.31280175 0.16144374 0.71575844 0.11534607 0.6915923
 0.45565593 0.36342132 0.5900925  0.5783539  0.30888733 0.9280643
 0.3773848  0.45277688 0.81276023 0.38805154 0.815282   0.718339
 0.35687134 0.35234034 0.62445176 0.51193154 0.324324   0.47819057
 0.21613301 0.8512891  0.6729519  0.50704616 0.6329733  0.2599858
 0.34804803 0.62121993 0.5083031  0.5543067  0.50162697 0.447696
 0.78498894 0.30302754 0.7302744  0.01044496 0.27988404 0.8665478
 0.34501874 0.47976846 0.37884173 0.6071536  0.69660425 0.51331323
 0.27869937 0.18608564 0.57286626 0.36726895 0.2366882  0.3923181
 0.31663942 0.52647483 0.6248854  0.628744   0.3900203  0.47035772
 0.5335516  0.29685834 0.5408818  0.         0.59681684 0.51048535
 0.30021468 0.38603646 0.5584737  0.86434096 0.49931103 0.7856516
 0.03418009 0.41162443 0.3225599  0.11936586 0.71143764 0.79187065
 0.4305561  0.49795794 0.6924858  0.87860626 0.6430001  0.473511
 0.61867017 0.66575325 0.81790394 0.32024583 0.22982636 0.6417591
 0.47968844 0.5917853  0.3118246  0.33703876 0.22078256]
2024-05-29 14:19:14[INFO] 
[ddpg][Episode: 3][Step: 0][Metric tpmC:0 tpmTotal:0 Transaction Count:0]Reward: -10000000.0 Score: -10000000.0 Done: True
2024-05-29 14:19:14[INFO] [ddpg][Episode: 3][Step: 0] Critic: 100000000376832.0 Actor: 0.07832645438611507
2024-05-29 14:19:14[INFO] [ddpg][Episode: 3][Step: 0] step: 85.23379707336426s env step: 85.20830130577087s train step: 0.008704900741577148s restart time: 85.20823192596436s action time: 0.0017044544219970703s
2024-05-29 14:19:14[INFO] [ddpg][Episode: 3][Step: 0][Average] step: 85.23379707336426s env step: 85.20830130577087s train step: 0.008704900741577148s restart time: 85.20823192596436s action time: 0.0019378662109375s
