2024-05-22 18:45:03[INFO] 
[Env initialized][Metric tpmC: 7486.45 tpmTotal: 16501.21 Transaction Count: 16594]
2024-05-22 18:45:03[INFO] [ddpg] Action: [0.5692335  0.6303853  0.7215748  0.40278748 0.5211865  0.5709385
 0.5995227  0.24666789 0.55160254 0.20694864 0.23331593 0.5062198
 0.38065088 0.8097414  0.16576421 0.48446715 0.7261677  0.57203203
 0.57222813 0.4951333  0.3350154  0.3742008  0.78711784 0.48272204
 0.30452144 1.         0.55268776 0.63208103 0.36056817 0.6015717
 0.62596136 0.2734141  0.4089934  0.37121502 0.46685374 0.46938962
 0.60587025 0.7193502  0.6753269  0.3907817  0.16724408 0.839652
 0.84791535 0.5448148  0.21291587 0.66903347 0.6869912  0.6387469
 0.28532726 0.20676675 0.56735396 0.5447174  0.2335604  0.47565952
 0.81670755 0.80290496 0.6393094  0.39432746 0.6683505  0.43676487
 0.54887533 0.8484429  0.5594958  0.21722601 0.7432151  0.48105502
 0.38351712 0.31244373 0.88526535 0.6770042  0.33860382 0.5204999
 0.78326887 0.7572424  0.63402975 0.20455676 0.57796395 0.59539264
 0.4818881  0.35597038 0.48662546 0.48499838 0.47950196 0.71034557
 0.66986805 0.75266296 0.72788745 0.3409383  0.5714949  0.36396268
 0.7598344  0.71394324 0.656038   0.59837323 0.4344302  0.67465824
 0.06889994 0.35759774 0.35297605 0.54986143 0.23635966 0.4305603
 0.2465531  0.33516115 0.5337208  0.62306803 0.36659077 0.73537654
 0.42668873 0.3279484  0.4621887  0.45086363 0.10914855 0.7136007
 0.61396235 0.         0.7584057  0.46216533 0.22068153 0.38241985
 0.10844833 0.8944588  0.40205616 0.23091257 0.4955553  0.39470768
 0.40944302 0.4546273  0.6950473  0.7001609  0.41535756 0.72450936
 0.66405284 0.5211005  0.5969552  0.5397621  0.4307902  0.38004294
 0.7616104  0.41518232 0.43757245 0.46930227 0.32045797 0.4758164
 0.5407777  0.5651933  0.6283981  0.7393903  0.9743023  0.3873337
 0.27225524 0.5554511  0.53831    0.6519925  0.1848663  0.32585865
 0.6328871  0.72913986 0.7039121  0.7210543  0.524804   0.36884642
 0.20328829 0.371522   0.5340956  0.36464578 0.49016345 0.6089186
 0.23375836 0.36939502 0.12797469 0.49290642 0.54871035 0.3721543
 0.37054452 0.12040485 0.43723962 0.4212412  0.5002325  0.29693207
 0.48746654 0.5308961  0.43222037 0.7952019  0.63035595 0.5639641
 0.8206112  0.3458463  0.6372293  0.7994092  0.69490945 0.4874649
 0.61092496 0.53028184 0.07630331 0.58923596 0.44899917]
2024-05-22 18:46:18[INFO] 
[ddpg][Episode: 0][Step: 0][Metric tpmC:0 tpmTotal:0 Transaction Count:0]Reward: -10000000.0 Score: -10000000.0 Done: True
2024-05-22 18:46:18[INFO] [ddpg][Episode: 0][Step: 0] step: 75.22644519805908s env step: 75.2000584602356s train step: 0.0s restart time: 75.1999351978302s action time: 0.0045506954193115234s
2024-05-22 18:46:18[INFO] [ddpg][Episode: 0][Step: 0][Average] step: 75.22644519805908s env step: 75.2000584602356s train step: 0.0s restart time: 75.1999351978302s action time: 0.0045506954193115234s
2024-05-22 18:46:55[INFO] 
[Env initialized][Metric tpmC: 7486.45 tpmTotal: 16501.21 Transaction Count: 16594]
2024-05-22 18:46:55[INFO] [ddpg] Action: [0.3905773  0.17029913 0.33060429 0.5165329  0.8627031  0.5791895
 0.5438583  0.3529921  0.35775214 0.70496184 0.5651745  0.285048
 0.34078035 0.42867157 0.12475553 0.49692652 0.26998073 0.3585064
 0.541402   0.16604744 0.456708   0.80864847 0.6992821  0.7441515
 0.58377886 0.42833534 0.69035995 0.3158541  0.39148167 0.3876721
 0.5760403  0.6937726  0.80631655 0.34927604 0.4261195  0.6546972
 0.35958332 0.8707386  0.8654266  0.6920162  0.35393098 0.40095973
 0.32252946 0.82947665 0.61057264 0.555352   0.7249561  0.17989533
 0.8043346  0.42602307 0.27226317 0.47949708 0.35689473 0.6927827
 0.5228193  0.47427586 0.65987945 0.51811826 0.49407482 0.5861783
 0.66227806 0.8025903  0.5484284  0.39166847 0.54443884 0.66987544
 0.19094986 0.57469153 0.77565795 0.58203375 0.4672984  0.23687452
 0.538633   0.2524246  0.6810447  0.55556685 0.52234894 0.23874705
 0.7098294  0.6860817  0.55724174 0.5124115  0.23122549 0.50755006
 0.40764025 0.5208479  1.         0.872574   0.33679074 0.17000552
 0.4075602  0.45379147 0.84031695 0.5813008  0.6564216  0.46085328
 0.2160233  0.6900735  0.7766533  0.41091955 0.6138478  0.23581474
 0.759207   0.55537856 0.23024319 0.4162411  0.60438126 0.5532289
 0.2379462  0.35557216 0.49347368 0.789089   0.4483207  0.293055
 0.52116346 0.6083659  0.2759219  0.7786811  0.68800294 0.2948329
 0.46903324 0.28889722 0.6171507  0.3614357  0.70696104 0.8395793
 0.22293071 0.429086   0.8252846  0.26354897 0.38711587 0.93645763
 0.6712112  0.8033904  0.43491432 0.6077719  1.         0.6637568
 0.46665934 0.81376487 0.4357271  0.39812633 0.64545655 0.42764688
 0.4925173  0.27642703 0.50367993 0.7028166  0.63765895 0.25251627
 0.29043993 0.29157805 0.56042105 0.43704885 0.1108117  0.56960016
 0.         0.3092766  0.34802094 0.5786217  0.64833254 0.48925608
 0.10513889 0.645076   0.681402   0.5092348  0.63199466 1.
 0.8165653  0.3886306  0.20397067 0.5419504  0.38836998 0.57661927
 0.6809815  0.24066785 0.41913876 0.552096   0.73725855 0.7656409
 0.43489456 0.4988628  0.28157657 0.6625714  0.39121157 0.66507226
 0.2552555  0.6071742  0.7998994  0.28376678 0.61973006 0.51647073
 0.18640149 0.75444937 0.29903308 0.65410024 0.5700946 ]
2024-05-22 18:48:10[INFO] 
[ddpg][Episode: 1][Step: 0][Metric tpmC:0 tpmTotal:0 Transaction Count:0]Reward: -10000000.0 Score: -10000000.0 Done: True
2024-05-22 18:48:10[INFO] [ddpg][Episode: 1][Step: 0] step: 75.21409225463867s env step: 75.18871927261353s train step: 0.0s restart time: 75.18861293792725s action time: 0.003102540969848633s
2024-05-22 18:48:10[INFO] [ddpg][Episode: 1][Step: 0][Average] step: 75.21409225463867s env step: 75.18871927261353s train step: 0.0s restart time: 75.18861293792725s action time: 0.003826618194580078s
2024-05-22 18:48:46[INFO] 
[Env initialized][Metric tpmC: 7486.45 tpmTotal: 16501.21 Transaction Count: 16594]
2024-05-22 18:48:46[INFO] [ddpg] Action: [0.50279826 0.44953334 0.233032   0.47881526 0.6981425  0.80678815
 0.52611315 0.5236615  0.62598974 0.63500774 0.5104393  0.7878277
 0.7644766  0.4893675  0.4619183  0.3713539  0.44449136 0.52454865
 0.50866    0.4440959  0.771466   0.57905614 0.14177573 0.11102039
 0.703153   0.16185427 0.36217454 0.68282723 0.89421874 0.4138252
 0.29236367 0.31942862 1.         0.         0.06814698 0.61447614
 0.6990571  0.5292337  0.50676155 0.63052183 0.724023   0.24729794
 0.6256492  0.2841859  0.45762828 0.46489125 0.627321   0.53894293
 0.5491946  0.8294084  0.48724148 0.5712909  0.20356151 0.35695365
 0.40057766 0.38962933 0.25619483 0.42576656 0.36722717 0.3670393
 0.42738533 0.6222485  0.         0.5160367  0.27837455 0.43962154
 0.49412036 0.17614567 0.52706456 0.70382476 0.72637606 0.45482263
 0.46107706 0.8104898  0.43583104 0.23734185 0.71564406 0.7319982
 0.45271584 0.44309807 0.4910428  0.33468994 0.3249987  0.3359195
 0.29947907 0.61920047 0.49683213 0.39395964 0.48572788 0.35667965
 0.72421443 0.31844354 0.62853736 0.44491348 0.9248563  0.56628495
 0.6419302  0.5826742  0.37097907 1.         0.8046084  0.48073
 0.84611565 0.7670124  0.44977057 0.4575323  0.515722   0.34598973
 0.42634362 0.40338355 0.60662496 0.7141017  0.54812914 0.5385957
 0.25202447 0.41379774 0.45146477 0.60668254 0.40513605 0.47801712
 0.76685274 0.6798657  0.18092401 0.6227077  0.48447284 0.48132053
 0.34773076 0.46255437 0.8515665  0.49670216 0.2803905  0.6373662
 0.5014619  0.36967406 0.553729   0.7084763  0.5251853  0.6109602
 0.57954293 0.4941314  0.8543004  0.         0.4255197  0.41615552
 0.4648781  0.2207467  0.19707787 0.23394376 0.54016125 0.9953212
 0.49100938 0.6102781  0.5584944  0.19968703 0.25993907 0.8609896
 0.65176404 0.676721   0.65352595 0.8541784  0.9170617  0.5915835
 0.35332173 0.24721223 0.2907466  0.726442   0.18196748 0.16243361
 0.25868872 0.8191006  0.40677905 0.496057   0.3897408  0.740991
 0.69007367 0.093848   0.51936305 0.6058452  0.50398815 0.30798808
 0.40535378 0.8047936  0.25213557 0.52676016 0.57957095 0.2616978
 0.41117948 0.30861416 0.5377867  0.47584286 0.6061962  0.38006392
 0.60183245 0.5622634  0.07961588 0.53800875 0.59022754]
2024-05-22 18:50:02[INFO] 
[ddpg][Episode: 2][Step: 0][Metric tpmC:0 tpmTotal:0 Transaction Count:0]Reward: -10000000.0 Score: -10000000.0 Done: True
