2024-05-22 18:57:12[INFO] 
[Env initialized][Metric tpmC: 7486.45 tpmTotal: 16501.21 Transaction Count: 16594]
2024-05-22 18:57:12[INFO] [ddpg] Action: [0.52489525 0.50540084 0.90483075 0.6603784  0.6790106  0.8362269
 0.38941035 0.71880746 0.7314903  0.22726391 0.3026384  0.3185607
 0.21379317 0.5812801  0.5762186  0.49111915 0.5663565  0.5006183
 0.47924805 1.         0.49700847 0.58884007 0.6495789  0.5015838
 0.17423452 0.47775188 0.5200262  0.573623   0.39343026 0.59099144
 0.44894218 0.53019136 0.6056078  0.53494555 0.71514565 0.602065
 0.7099029  0.4196264  0.1081913  0.88651425 0.62442255 0.3269306
 0.619121   0.7624102  0.4572782  0.16316299 0.4918403  0.34246454
 0.664324   0.4061134  0.49940827 0.36879918 0.14473264 0.27823874
 0.35781536 0.7071881  0.3739384  0.50696003 0.7505891  0.39686427
 0.4923552  0.53961915 0.29537407 0.5485748  0.90673584 0.
 0.30583695 0.64824766 0.500271   0.29358533 0.4562876  0.23477069
 0.692473   0.53348666 0.5218589  0.10555854 0.23690231 0.95554185
 0.3156783  0.1873213  0.49363863 0.9917495  0.30560687 0.53281903
 0.59659034 0.52056444 0.09842587 0.144066   0.634293   0.5064185
 0.7102635  0.64824504 0.6352603  0.4476349  0.5869152  0.6339356
 0.6196642  0.5484601  0.4264185  0.23762348 0.6606912  0.6260283
 0.40065053 0.32815927 0.92575943 0.3997218  0.5358661  0.42032447
 0.39736181 0.40959325 0.6351776  0.43936944 0.6067609  0.54726905
 0.40957233 0.36515436 0.4527621  0.58445203 0.42474997 0.7195908
 0.6088728  0.5599106  0.6670152  0.43548432 0.22190343 0.31255886
 0.46617997 0.55714035 0.4010493  0.39904296 0.43938482 0.2247653
 0.23840274 0.5452728  0.39897877 0.69096416 0.56896335 0.57138985
 0.58519167 0.7150611  0.17717554 0.3142774  0.51997507 0.80621725
 0.5427589  0.10757469 0.45344457 0.66897243 0.26540536 0.41978377
 0.6540438  0.5025147  0.84558386 0.40296936 0.48970458 0.4592676
 0.7082697  0.42728284 0.31807923 0.14505611 0.47457004 0.422685
 0.35246107 0.83544576 0.11433061 0.81022406 0.28496665 0.3695225
 0.42744753 0.6820453  0.7194926  0.5913645  0.75909686 0.4735539
 0.56842405 0.1366982  0.66605854 0.4788099  0.68648314 0.6491035
 0.56851804 0.76733553 0.9394689  0.20505364 0.43535206 0.36134717
 0.7580851  0.76018035 0.19592188 0.35578966 0.4887673  0.44775316
 0.6876655  0.35021856 0.4482294  0.35614374 0.42512733]
2024-05-22 18:58:27[INFO] 
[ddpg][Episode: 0][Step: 0][Metric tpmC:0 tpmTotal:0 Transaction Count:0]Reward: -10000000.0 Score: -10000000.0 Done: True
2024-05-22 18:58:27[INFO] [ddpg][Episode: 0][Step: 0] step: 75.2299497127533s env step: 75.20363736152649s train step: 0.0s restart time: 75.20352125167847s action time: 0.0042247772216796875s
2024-05-22 18:58:27[INFO] [ddpg][Episode: 0][Step: 0][Average] step: 75.2299497127533s env step: 75.20363736152649s train step: 0.0s restart time: 75.20352125167847s action time: 0.0042247772216796875s
2024-05-22 18:59:03[INFO] 
[Env initialized][Metric tpmC: 7486.45 tpmTotal: 16501.21 Transaction Count: 16594]
2024-05-22 18:59:03[INFO] [ddpg] Action: [0.46594876 0.534054   0.5438331  0.45068616 0.73128974 0.29160008
 0.34490025 0.81890416 0.6620252  0.5227917  0.55180967 0.6996544
 0.36122894 0.11974862 0.20378757 0.6832373  0.44226575 0.59454346
 0.77729666 0.6252622  0.21017146 0.54730666 0.5346311  0.37610075
 0.50798965 0.37198916 0.45708144 0.17881149 0.62612545 0.64767945
 0.28934428 0.6623796  0.31057826 0.18834299 0.73610497 0.6211461
 0.52316767 0.8399866  0.37075195 0.49124175 0.5507824  0.45748553
 0.18236466 0.44298    0.5027955  0.5779843  0.3425489  0.6401809
 0.7025668  0.6067529  0.7181742  0.44670236 0.63807476 0.4350776
 0.8897994  0.29622018 0.7503385  0.4344633  0.6267639  0.50110435
 0.4319251  0.6270504  0.84283537 0.56291187 0.6211977  0.7263574
 0.8993226  0.66668224 0.6446314  0.46915457 0.02657166 0.01068887
 0.82096446 0.5192106  0.03904787 0.45672047 0.44880572 0.7513325
 0.44849634 0.4467216  0.36840793 0.51106834 0.46748358 0.49488032
 0.64391136 0.3398834  0.20480222 0.8045803  0.40475315 0.20237248
 0.49348664 0.60663605 0.57754534 0.5297863  0.41686922 0.5359878
 0.36875555 0.67766535 0.7469465  0.36896855 0.3998903  0.4134007
 0.6727284  0.3328696  0.47914508 0.18768716 0.48980895 0.5012781
 0.43435153 0.77709883 0.40308833 0.54618925 0.58641183 0.35083163
 0.49025196 0.5384148  0.2445691  0.68314797 0.44539028 0.55161804
 0.72707933 0.52921385 0.5845067  0.51278114 0.37135968 0.4432859
 0.6163644  0.47223547 0.4956341  0.6150536  0.3669069  0.39346012
 0.67767423 0.46530655 0.34300342 0.41280553 0.43774998 0.570957
 0.31372216 0.6301747  0.97416043 0.46594188 0.24387044 0.8553268
 0.49463472 0.47614178 0.62298465 0.89815766 0.6789696  0.17952856
 0.7080978  0.38213092 0.54403543 0.5368619  0.40140384 0.5593161
 0.5082528  0.3553561  0.5456562  0.6760094  0.36175463 0.42955533
 0.3446971  0.50638586 0.37775025 0.42964673 0.20747924 0.78771454
 0.730588   0.84534496 0.54832137 0.4209137  0.46628755 0.6947515
 0.66949415 0.5220846  0.75060177 0.2038317  0.56051904 0.34441125
 0.5689687  0.5587819  0.30911818 0.18557878 0.76267    0.600607
 0.8222368  0.5871207  0.         0.17850982 0.6564387  0.29899445
 0.27953488 0.83178836 0.59505445 0.378042   0.6464934 ]
2024-05-22 19:00:18[INFO] 
[ddpg][Episode: 1][Step: 0][Metric tpmC:0 tpmTotal:0 Transaction Count:0]Reward: -10000000.0 Score: -10000000.0 Done: True
2024-05-22 19:00:18[INFO] [ddpg][Episode: 1][Step: 0] step: 75.21791648864746s env step: 75.19282031059265s train step: 0.0s restart time: 75.19272565841675s action time: 0.0031256675720214844s
2024-05-22 19:00:18[INFO] [ddpg][Episode: 1][Step: 0][Average] step: 75.21791648864746s env step: 75.19282031059265s train step: 0.0s restart time: 75.19272565841675s action time: 0.003675222396850586s
2024-05-22 19:00:55[INFO] 
[Env initialized][Metric tpmC: 7486.45 tpmTotal: 16501.21 Transaction Count: 16594]
2024-05-22 19:00:55[INFO] [ddpg] Action: [0.5785323  0.40571797 0.5599823  0.523769   0.412326   0.4290792
 0.22177298 0.6365192  0.6973688  0.34715277 0.9024127  0.35807377
 0.5550919  0.40091735 0.18210492 0.6348781  0.36835974 0.5879304
 0.580345   0.4143711  0.3361065  0.6324109  0.9001989  0.47211003
 0.5669572  0.5495431  0.4918667  1.         0.37897617 0.38130647
 0.3921261  0.61068845 1.         0.4895432  0.451305   0.5315277
 0.34651664 0.45985794 0.58878416 0.47530937 0.46810257 0.19996749
 0.6950671  0.47640982 0.6741618  0.35995802 0.71912724 0.17041466
 0.42999196 0.49273828 0.41661042 0.44894207 0.34388098 0.7383971
 0.3531953  0.7035244  0.24825174 0.28235927 0.29806182 0.41660252
 0.6727838  0.2581762  0.4012363  0.4852462  0.1869252  0.21504574
 0.5843066  0.7580455  0.35290796 0.58942854 0.5716386  0.9821444
 0.46296206 0.14663121 0.24145032 0.42986712 0.2422443  0.6385815
 0.85416055 0.43070883 0.5030512  0.5345292  0.67643577 0.46438858
 0.52608156 0.96557724 0.6949916  0.4056226  0.51301575 0.27993846
 0.4817521  0.6766929  0.6324498  0.4352873  0.42177373 0.4847972
 0.6278113  0.5779547  0.24229561 0.6447088  0.8760799  0.3272278
 0.51083636 0.45176753 0.76343817 0.6874719  0.56583333 0.3964278
 0.17263657 0.62127835 0.38332304 0.3232131  0.16840908 0.58457994
 0.59509736 0.5064522  0.3724707  0.34133893 0.8244128  0.45927733
 0.22522016 0.39791796 0.32641304 0.23066705 0.8617422  0.0843919
 0.5338743  0.02265684 0.69869995 0.43008578 0.43923888 0.40963835
 0.560383   0.3082291  0.61637974 0.46033338 0.6235081  0.4603178
 0.42172495 0.56587225 0.5423017  0.7062799  0.23834251 0.5116128
 0.52997303 0.166727   0.850724   0.24266323 0.4554194  0.81921434
 0.35489088 0.3457772  0.70357275 0.38688982 0.24477404 0.69545484
 0.6837663  0.7458131  0.42195937 0.32786587 0.79966146 0.6139151
 0.3790068  0.4887769  0.7052613  0.4579414  0.56640124 0.41638792
 0.75404453 0.435335   0.52686274 0.409094   0.36263895 0.86290747
 0.3578086  0.65772724 0.70426196 0.56152976 0.56418973 0.50751966
 0.6962466  0.63042897 0.47660148 0.35588685 0.29595035 0.6369819
 0.61418456 0.31991524 0.7265665  0.9247789  0.23906668 0.79679686
 0.5892322  0.4214228  0.20590614 0.5768755  0.83358055]
2024-05-22 19:02:10[INFO] 
[ddpg][Episode: 2][Step: 0][Metric tpmC:0 tpmTotal:0 Transaction Count:0]Reward: -10000000.0 Score: -10000000.0 Done: True
2024-05-22 19:05:46[INFO] [ddpg][Episode: 2][Step: 0] Critic: 100000000376832.0 Actor: -0.04541946202516556
2024-05-22 19:05:46[INFO] [ddpg][Episode: 2][Step: 0] step: 290.9208927154541s env step: 75.17854022979736s train step: 107.85872328281403s restart time: 75.1784417629242s action time: 0.0031783580780029297s
2024-05-22 19:05:46[INFO] [ddpg][Episode: 2][Step: 0][Average] step: 290.9208927154541s env step: 75.17854022979736s train step: 107.85872328281403s restart time: 75.1784417629242s action time: 0.0035096009572347007s
2024-05-22 19:06:22[INFO] 
[Env initialized][Metric tpmC: 7486.45 tpmTotal: 16501.21 Transaction Count: 16594]
2024-05-22 19:06:22[INFO] [ddpg] Action: [0.6695637  0.6655303  0.94140935 0.19629416 0.60860777 0.8038302
 0.6462954  0.73331463 0.3041411  0.5213169  0.69388044 0.37550193
 0.5643337  0.3571717  0.39461538 0.32954866 0.9047088  0.6198718
 0.2995626  0.30319056 0.6929943  0.44428232 0.22316484 0.48362726
 0.64098495 0.3869601  0.77060324 0.60152096 0.44249365 0.69994134
 0.28460222 0.6483145  0.25464338 0.44555497 0.49983463 0.7336353
 0.54268825 0.7886012  0.62824047 0.3646235  0.61059356 0.
 1.         0.6513276  0.9495526  0.1517835  0.6546038  0.63981605
 0.553043   0.8059718  0.5476154  0.5417593  0.8257228  0.3519658
 0.40989655 0.73100466 0.67914665 0.71945226 0.4124337  0.42826355
 0.23844264 0.7077979  0.9114663  0.62355614 0.3550002  0.43327287
 0.29880667 0.3193666  0.47178644 0.47687626 0.45821133 0.6445508
 0.30504593 0.6676734  1.         0.4490838  0.47529826 0.54998875
 0.20735519 0.6233869  0.38967773 0.6934466  0.40641055 0.42740348
 0.02343914 0.24277449 0.2647052  0.42994863 0.8069656  0.37973675
 0.6199686  0.5756482  0.75026286 0.32436034 0.5997357  0.1756705
 0.6393503  0.5527958  0.4382304  0.39280674 0.32446688 0.7065931
 0.5888432  0.44718325 0.40179    0.52889985 0.74701667 0.0154534
 0.1231298  0.50958514 0.5602923  0.30959857 0.3102399  0.489105
 0.36399183 0.7324032  0.53586906 0.2822304  0.6782374  0.42301455
 0.3761926  0.62455374 0.5844498  0.9237653  0.5797664  0.67017376
 0.27856338 0.67227256 0.7714823  0.19049735 0.42237496 0.30964342
 0.02660089 0.1476535  0.56799626 0.32719448 0.33532563 0.34756768
 0.54395103 0.496701   0.42210004 0.82475275 0.34252188 0.35352197
 0.7731615  0.27618164 0.70278025 0.72382677 0.21210583 0.06119512
 0.74594384 0.33194184 0.4935581  0.4979364  0.8383352  0.31440732
 0.44444498 0.6763201  0.25579643 0.45431757 0.619542   0.25434646
 0.20907994 0.5433247  0.28068027 0.46700266 0.5724818  0.48469877
 0.89400625 0.72398025 0.7604901  0.7955607  0.6951706  0.24448544
 0.47092223 0.05307241 0.5966064  0.46905372 0.4782258  0.26784396
 0.3397654  0.26706946 0.51235324 0.6562867  0.46055532 0.48101076
 0.57019174 0.59810805 0.37056926 0.56495714 0.53104013 0.3897118
 0.8200557  0.26348075 0.6962351  0.29896963 0.48564398]
2024-05-22 19:07:37[INFO] 
[ddpg][Episode: 3][Step: 0][Metric tpmC:0 tpmTotal:0 Transaction Count:0]Reward: -10000000.0 Score: -10000000.0 Done: True
