2024-05-22 16:11:38[INFO] 
[Env initialized][Metric tpmC: 7486.45 tpmTotal: 16501.21 Transaction Count: 16594]
2024-05-22 16:11:38[INFO] [ddpg] Action: [0.95155823 0.548537   0.44214252 0.83074194 0.56587464 0.6271625
 0.53221804 0.64884895 0.11469106 0.47374403 0.3248967  0.5719066
 0.5210093  0.41727036 0.6688516  0.24741085 0.18525282 0.2804531
 0.74839735 0.04803742 0.8049777  0.33495274 0.15103897 0.2621954
 0.2170998  0.7484409  0.24962896 0.56841916 0.2921592  0.54680526
 0.4558869  0.31521758 1.         0.81273097 0.64912325 0.43165603
 0.4710994  0.9738428  0.19023201 0.5999665  0.60633    0.53697175
 0.9265658  0.61801034 0.27982593 0.3465541  0.57439613 0.44547617
 0.59107256 0.39231262 0.55886674 0.19697642 0.27989477 0.
 0.61626446 0.19436702 0.17286518 0.26507315 0.1890955  0.2867843
 0.7409069  0.8430773  0.45504606 0.30521348 0.5739663  0.19478251
 0.36530006 0.46195954 0.39744335 0.5030557  0.36218885 0.4654662
 0.3562999  0.4909323  0.30485442 0.3314796  0.50543386 0.14353204
 0.29230368 0.479257   0.5395525  0.3176839  0.43043306 0.45421425
 0.49009642 0.7365287  0.40281376 0.33217743 0.54075694 0.7560235
 0.8290341  0.59368646 0.48346302 0.5142682  0.824163   0.35347673
 0.6857393  0.55876654 0.46125615 0.5277802  0.394463   0.3459158
 0.7271407  0.6702857  0.54061973 0.47362125 0.8375927  0.4756885
 0.6681336  0.38018754 0.28277183 0.         0.7663673  0.23290053
 0.44220552 0.48493254 0.16090658 0.73266816 0.57591695 0.43266878
 0.724094   0.6538371  0.55308807 0.6020469  0.56357515 0.62712026
 0.6174618  0.658674   0.8081718  0.81784165 0.4260047  0.46819612
 0.4593783  0.48128745 0.25045767 0.33051714 0.8485773  0.6566943
 0.4898934  0.8525746  0.61079323 0.73239595 0.45151445 0.6362677
 0.2271755  0.55449736 0.33433107 0.19113179 0.6118377  0.38333854
 0.55711925 0.38535592 0.60875946 0.2291535  0.80549675 0.31536013
 0.4178439  0.78407335 0.17109165 0.27085528 0.30779585 0.58187413
 0.30767587 0.5382039  0.82013077 0.44691432 0.26086304 0.48849368
 0.74439955 0.44837996 0.8843181  0.5105851  0.7491711  0.3182261
 0.4760274  0.866603   0.6390017  0.6048827  0.18351988 0.5773436
 0.53424615 0.7719246  0.5403489  0.40380377 0.57435274 0.3065103
 0.47501466 0.37854487 0.3686354  0.16480936 0.09435243 0.23142165
 0.48456782 0.42519388 0.5685326  0.23551965 0.6540178 ]
2024-05-22 16:13:25[INFO] 
[ddpg][Episode: 0][Step: 0][Metric tpmC:0 tpmTotal:0 Transaction Count:0]Reward: -10000000.0 Score: -10000000.0 Done: True
