2024-05-29 14:53:31[INFO] 
[Env initialized][Metric tpmC: 10582.72 tpmTotal: 23589.99 Transaction Count: 23681]
2024-05-29 14:53:31[INFO] [ddpg] Action: [0.5278941  0.3086106  0.5200311  0.6678191  0.69742656 0.01320449
 0.53357625 0.41314596 0.47548988 0.55994415 0.35366988 0.2905352
 0.33942044 0.35236847 0.09490221 0.76975036 0.6269101  0.40397942
 0.30104777 0.66180557 0.6047406  0.45704803 0.50448906 0.6868125
 0.62259746 0.42039183 0.74653006 0.27863047 0.42959782 0.2172481
 0.6507722  0.48997033 0.6743204  0.5419938  0.40188295 0.35374588
 0.48156598 0.2938531  0.5881883  0.35649663 0.52559537 0.46209747
 0.60452753 0.58744025 0.31850696 0.3816395  0.5359382  0.30020458
 0.5221802  0.6014625  0.60490435 0.33083338 1.         0.53348285
 0.33686614 0.75354856 0.66103363 0.6788187  0.5872657  0.437114
 0.506486   0.331474   0.685169   0.75458753 0.734616   0.70201564
 0.6065182  0.6095785  0.5256412  0.         0.4626864  0.39998794
 0.7851535  0.36647454 0.33444053 0.4419343  0.4036629  0.6340108
 0.43811432 0.57894415 0.48979703 0.21701296 0.50112873 0.5492577
 0.49592325 0.5815987  0.43482625 0.7459858  0.71287906 0.4065724
 0.6223675  0.         0.34485218 0.93576473 0.34383523 0.722787
 0.47977975 0.13962969 0.35803154 0.29819793 0.66328186 0.19412103
 0.9238693  0.34220824 0.49237067 0.2992511  0.22105075 0.60563046
 0.37103707 0.5307559  0.3175784  0.41321906 0.4972     0.4694667
 0.43336803 0.6073693  0.2763579  0.24108456 0.75679594 0.63095325
 0.5065626  0.40649652 0.4125766  0.8676291  0.73825884 0.0968887
 0.43969017 0.55633855 0.73005444 0.37546703 0.34632927 0.7401793
 0.23755981 0.5319591  0.55797404 0.329405   0.55198085 1.
 0.62115204 0.54225534 0.34241652 0.5322489  0.7338199  0.35505992
 0.42771348 0.73280585 0.41854197 0.23867276 0.6623758  0.31614882
 0.553392   0.44729188 0.5066981  0.5124637  0.68688774 0.6282442
 0.52499646 0.6050536  0.71744263 0.5052543  0.70832443 0.23333366
 0.61280644 0.35301432 0.05746431 0.65852225 0.25698033 0.366098
 0.25001284 0.27645147 0.89178896 0.4396863  0.1944073  0.20833665
 0.5164543  0.7903719  0.4944033  0.3913218  0.3748492  0.30455673
 0.42192724 0.74473625 0.46216586 0.49239793 0.35388276 0.43650982
 0.6165104  0.3825653  0.8066584  0.23118994 0.563396   0.47842652
 0.44668472 0.4889969  0.44746068 0.6543681  0.47869715]
2024-05-29 14:55:01[INFO] 
[ddpg][Episode: 0][Step: 0][Metric tpmC:0 tpmTotal:0 Transaction Count:0]Reward: -10000000.0 Score: -10000000.0 Done: True
2024-05-29 14:55:01[INFO] [ddpg][Episode: 0][Step: 0] step: 90.59271621704102s env step: 90.58287763595581s train step: 0.0s restart time: 90.58278799057007s action time: 0.0028438568115234375s
2024-05-29 14:55:01[INFO] [ddpg][Episode: 0][Step: 0][Average] step: 90.59271621704102s env step: 90.58287763595581s train step: 0.0s restart time: 90.58278799057007s action time: 0.0028438568115234375s
2024-05-29 14:56:40[INFO] 
[Env initialized][Metric tpmC: 7907.56 tpmTotal: 17451.82 Transaction Count: 17582]
2024-05-29 14:56:40[INFO] [ddpg] Action: [0.521928   0.595668   0.3406421  0.58424664 0.48154098 0.5968182
 0.45822033 0.5612122  0.35920414 0.34428364 0.23286656 0.6529998
 0.15374824 0.59423476 0.5314609  0.26317152 0.55425423 0.5066018
 0.10945559 0.         0.46455872 0.17607357 0.7063552  0.23707436
 0.68416923 0.34993973 0.2214433  0.2989886  0.22605267 0.37470075
 0.5665037  0.63186944 0.8030527  0.566904   0.6123265  0.58768463
 0.4390832  0.4516827  0.7767885  0.16313268 0.38771078 0.33812433
 0.5616692  0.61105686 0.7748176  0.10922608 0.53712773 0.33668768
 0.84321815 0.34948528 0.2554283  0.29082957 0.64902675 0.5444572
 0.6870931  0.7513596  0.6445874  0.51110625 0.8141133  0.49408853
 0.4650978  0.43940735 0.07698877 0.5392971  0.731293   0.7840677
 0.5693751  0.5328938  0.69755644 0.5821131  0.5555347  0.12816346
 0.4421641  0.4130905  0.5256756  0.50873804 0.3538366  0.79257905
 0.46488255 0.43683568 0.6491658  0.46872425 0.3012872  0.3607176
 0.09425107 0.47853002 0.29588768 0.0658906  0.87378925 0.6562236
 0.29420418 0.2559806  0.6290876  0.43055695 0.3729357  0.5001376
 0.43997002 0.2625698  0.54657567 0.16891618 0.69539267 0.6064639
 0.58364624 0.38317734 0.91150254 0.24785815 0.6474301  0.5685813
 0.52735287 0.66381896 0.37708464 0.38602844 0.5043641  0.267147
 0.6495836  0.5861452  0.61252755 0.33502576 0.64936435 0.398733
 0.7406505  0.75815636 0.28962314 0.5731229  0.6223679  0.41729522
 0.49478975 0.45737696 0.36310259 0.60284495 0.35615516 0.47793
 0.6479649  0.59197927 0.6753166  0.28930324 0.562402   0.4714179
 0.9179274  0.4095235  0.5455006  0.48440525 0.83513385 0.41069388
 0.3988498  0.5337609  0.6461202  0.7416309  0.60563606 0.3825243
 0.18418542 0.3427394  0.34701875 0.16589934 1.         0.5927275
 0.6105003  0.5610934  0.49683586 0.35095346 0.6369327  0.3475747
 1.         0.6917238  0.75156003 0.0356431  0.5761593  0.5093504
 0.50855553 0.4640448  0.44561702 0.6603697  0.69605744 0.74381286
 0.43251988 0.53862846 0.49209887 0.61410904 0.49240416 0.62426776
 0.70762897 0.8419441  0.77919734 0.23423389 0.43297282 0.40518996
 0.23590052 0.30417976 0.54448205 0.4653406  0.48725194 0.4721954
 0.26977572 0.39787003 0.55163294 0.40161636 0.5228996 ]
2024-05-29 14:58:10[INFO] 
[ddpg][Episode: 1][Step: 0][Metric tpmC:0 tpmTotal:0 Transaction Count:0]Reward: -10000000.0 Score: -10000000.0 Done: True
2024-05-29 14:58:10[INFO] [ddpg][Episode: 1][Step: 0] step: 90.28094387054443s env step: 90.27284812927246s train step: 0.0s restart time: 90.27276706695557s action time: 0.001707315444946289s
2024-05-29 14:58:10[INFO] [ddpg][Episode: 1][Step: 0][Average] step: 90.28094387054443s env step: 90.27284812927246s train step: 0.0s restart time: 90.27276706695557s action time: 0.0022755861282348633s
2024-05-29 14:59:49[INFO] 
[Env initialized][Metric tpmC: 8210.49 tpmTotal: 18061.3 Transaction Count: 18178]
2024-05-29 14:59:49[INFO] [ddpg] Action: [0.1734008  1.         0.795005   0.3257562  0.6858164  0.17093927
 0.85606366 0.5320206  0.3901884  0.48243946 0.72440994 0.97923106
 0.22139657 0.66297334 0.14203398 0.8600283  0.5244798  0.88659924
 0.63135064 0.9040273  0.68238443 0.9328187  0.6772434  0.8713343
 0.33597428 0.30643746 0.15864097 0.27624848 0.3712551  0.5292481
 0.67025    0.72493464 0.6710577  0.45014456 0.20132262 0.663952
 0.2889995  0.61803037 0.14992124 0.4709069  0.6170866  0.13155209
 0.6699737  0.7574419  0.46485123 0.7460291  0.6894493  0.32179287
 0.5373309  0.29705834 0.2319259  0.63956034 0.32795578 0.43828386
 0.05117029 0.53791773 0.3843654  0.48167098 0.30399245 0.23472252
 0.5845131  0.39154097 0.75841576 0.5214176  0.65696687 0.6274566
 0.74366874 0.66998017 0.30949056 0.4610499  0.1387162  0.5435927
 0.56153065 0.47042    0.49295184 0.4003588  0.32627928 0.7992668
 0.7128818  0.7638423  0.35510916 0.50524735 0.37524202 0.65969604
 0.52449954 0.28842607 0.68809783 0.54110473 0.32247326 0.5842114
 0.41987047 0.68435854 0.69369566 0.4759328  0.7300705  0.38726848
 0.3410647  0.67516696 0.63623154 0.39226967 0.578471   0.5420095
 0.5368611  0.36273593 0.5134674  0.337899   0.7288958  0.7435387
 0.4597112  0.5859076  0.765234   0.7251438  0.6835494  0.4726549
 0.44227389 0.70996624 0.6652138  0.69872075 0.47261545 0.19468413
 0.22042994 0.45853904 0.42482996 0.43655825 0.6455275  0.5214239
 0.4142619  0.5133533  0.42722753 0.4515194  0.         0.3553204
 0.6617437  0.6944992  0.5579019  0.47106797 0.4968862  0.5118897
 0.36250377 0.7445818  0.34408674 0.46950772 0.59194845 0.48621154
 0.591223   0.9810813  0.11852748 0.39186504 0.460582   0.46134317
 0.4686562  0.6175647  0.54669356 0.6591909  0.7584743  0.6299982
 0.3665587  0.75219    0.41613984 0.34782982 0.5460419  0.3632507
 0.5071996  0.6336998  0.6082261  0.40858218 0.39582634 0.41738084
 0.46560448 0.13033003 0.71085525 0.47064227 0.5587844  0.6398597
 0.80131155 0.2913971  0.35571128 0.48470634 0.5156054  0.56349164
 0.33537713 0.8474137  0.48140162 0.64033943 0.69526243 0.53272605
 0.27358657 0.3295098  0.81270057 0.43070474 0.34814206 0.53202236
 0.5584476  1.         0.35573354 0.793072   0.38946798]
2024-05-29 15:01:15[INFO] 
[ddpg][Episode: 2][Step: 0][Metric tpmC:0 tpmTotal:0 Transaction Count:0]Reward: -10000000.0 Score: -10000000.0 Done: True
2024-05-29 15:01:15[INFO] [ddpg][Episode: 2][Step: 0] Critic: 100000000376832.0 Actor: -0.028861030004918575
2024-05-29 15:01:15[INFO] [ddpg][Episode: 2][Step: 0] step: 86.18836688995361s env step: 85.6838583946228s train step: 0.2480555772781372s restart time: 85.68378710746765s action time: 0.001819610595703125s
2024-05-29 15:01:15[INFO] [ddpg][Episode: 2][Step: 0][Average] step: 86.18836688995361s env step: 85.6838583946228s train step: 0.2480555772781372s restart time: 85.68378710746765s action time: 0.002123594284057617s
2024-05-29 15:02:53[INFO] 
[Env initialized][Metric tpmC: 8114.22 tpmTotal: 18020.53 Transaction Count: 18079]
2024-05-29 15:02:53[INFO] [ddpg] Action: [0.2928367  0.66852754 0.59514266 0.4046211  0.9304256  0.6022192
 0.51353705 0.63238674 0.6094132  0.         0.32941863 0.27669793
 0.32725623 0.20802557 0.7507513  0.6581746  0.31294665 0.4585824
 0.3654184  0.68991    0.6304802  0.508927   0.40033567 0.7633944
 0.5414759  0.6690202  0.22244789 0.6412726  0.60809714 0.6452913
 0.66113883 0.19953348 0.6511001  0.60048604 0.39183122 0.18246089
 0.39516738 0.33913296 0.20788383 0.36314347 0.20508143 0.5172326
 0.6415365  0.5617779  0.3858051  0.5648317  0.6335628  0.19598788
 0.5023963  0.30559015 0.57554275 0.62731427 0.67552817 0.9589502
 0.3973629  0.53248537 0.8535962  0.6871685  0.21017905 0.22213754
 0.5625749  0.4356629  0.46495995 0.94736713 0.5416265  0.46954355
 0.5043189  0.00494564 0.30881277 0.69540584 0.22398815 0.7289159
 0.3610848  0.25985846 0.33840004 0.5849958  0.65039974 0.611392
 0.04221876 0.5027258  0.6977331  0.6774243  0.78390425 0.48395652
 0.68379414 0.6620384  0.40223694 0.42224622 0.25140238 0.33111823
 0.73035485 0.38286063 0.3487274  0.47257134 0.09900981 0.32617727
 0.58236897 0.6767809  0.14119016 0.4232375  0.57391644 0.5153695
 0.56887966 0.5304414  0.13047987 0.5755836  0.48409662 0.87431175
 0.23229526 0.85348713 0.23493212 0.4283303  0.598652   0.29757485
 0.5921424  0.34364277 0.54396945 0.7800329  0.7663237  0.9521237
 0.3160912  0.7261264  0.42087796 0.92546093 0.7997687  0.3264113
 0.30228063 1.         0.46396452 0.27974904 0.3701356  0.5353417
 0.44506565 0.8114596  0.7140621  0.5635085  0.20949441 0.5121981
 0.34511507 0.4070365  0.419294   0.699844   0.29174766 0.4505717
 0.6828663  0.4898399  0.71009195 0.598078   0.6193865  0.19840242
 0.21893167 0.46572214 0.5258371  0.19598798 0.34556904 0.60588557
 0.43635765 0.4224994  0.17755072 0.3736981  0.34647107 0.07916495
 0.646643   0.313735   0.7307012  0.7864707  0.46633032 0.41153586
 0.32925406 0.3003639  0.40286034 0.63658255 0.4265846  0.3523771
 0.38055292 0.036084   0.6595634  0.58989656 0.60509557 0.23873453
 0.44601625 0.64164823 0.44020072 0.2984227  0.7829158  0.38825104
 0.4410826  0.6990957  0.690254   0.6018531  0.27332312 0.5956466
 0.12689246 0.7434283  0.60030717 0.40859777 0.48332658]
