2024-05-30 11:59:58[INFO] 
[Env initialized][Metric tpmC: 11022.83 tpmTotal: 24687.77 Transaction Count: 25097]
2024-05-30 11:59:58[INFO] [ddpg] Action: [0.30623883 0.14598182 0.40280464 0.80797374 0.62462914 0.55752695
 0.47731256 0.02311581 0.585829   0.6405318  0.75372285 0.72346956
 0.60442203 0.27260387 0.4403756  0.58277315 0.44186267 0.41262102
 0.25325614 0.5407678  0.21783604 0.36910135 0.49539608 0.3209488
 0.42524377 0.47489116 0.45144847 0.40903336 0.7685643  0.37029734
 0.6412061  0.5125202  0.41784915 0.42817286 0.35599223 0.5165904
 0.20428541 0.08094732 0.3834283  0.37870196 0.35401437 0.71954674
 0.5859842  0.51186484 0.5303306  0.7708599  0.38946098 0.31311485
 0.6229582  0.6931782  0.3831974  0.7565709  0.21014318 0.3078268
 0.5523401  0.3277959  0.26770553 0.8093029  0.5848663  0.35091043
 0.4148575  0.4117582  0.9491839  0.65130204 0.42054328 0.406794
 0.49308208 0.5055679  0.20366141 0.3097557  0.69658214 0.45145327
 0.42569682 0.41573322 0.5601113  0.7413996  0.6359613  0.33282813
 0.79771966 0.57183856 0.71758085 0.54595923 0.31695476 0.66027975
 0.347655   0.5249311  0.47550973 0.19057535 0.2889091  0.38128826
 0.3444129  0.4243439  0.4800763  0.41505063 0.43635386 0.25847578
 0.31667736 0.25569254 0.4070593  0.8369254  0.5223996  0.623921
 0.517628   0.11696762 0.76176476 0.6743993  0.4767653  0.5891624
 0.45572957 0.2437803  0.16886416 0.5567313  0.4329375  0.59636694
 0.33654433 0.7317966  0.38755476 0.3092709  0.38001335 0.35093844
 0.2848968  0.69414276 0.38180304 0.35525024 0.327017   0.7290153
 0.2968116  0.32295632 0.22172493 0.6818496  0.83675086 0.2891043
 0.13177961 0.67759615 0.3110625  0.53542906 0.4023407  0.4960017
 0.5857613  0.49019536 0.52274114 0.19656013 0.43707713 0.8033984
 0.3738723  0.4557186  0.5578725  0.5528988  0.32418698 0.46410224
 0.75447905 0.6989404  0.31892335 0.33030063 0.23407786 0.23931196
 0.7227487  0.42815122 0.5988036  0.17014319 0.6594029  0.53230864
 0.34417886 0.72030073 0.33416334 0.67136335 0.8644741  0.23440896
 0.5343842  0.         0.7549083  0.8658861  0.628548   0.45249933
 0.635452   0.6905398  0.24702817 0.39650398 0.4202511  0.520015
 0.5410836  0.47845215 0.5276397  0.372407   0.5321806  0.88896346
 0.44101015 0.3044022  0.6667658  0.6926826  0.4296103  0.704345
 0.4126799  0.2554351  0.41055724 1.         0.4130053 ]
2024-05-30 12:01:41[INFO] 
[ddpg][Episode: 0][Step: 0][Metric tpmC:11289.46 tpmTotal:25277.13 Transaction Count:25499]Reward: -0.009622144953992252 Score: -0.009622144953992252 Done: False
2024-05-30 12:01:41[INFO] [ddpg][Episode: 0][Step: 0] step: 103.71201753616333s env step: 103.6869568824768s train step: 0.0s restart time: 39.54179286956787s action time: 0.0023343563079833984s
2024-05-30 12:01:41[INFO] [ddpg][Episode: 0][Step: 0][Average] step: 103.71201753616333s env step: 103.6869568824768s train step: 0.0s restart time: 39.54179286956787s action time: 0.0023343563079833984s
2024-05-30 12:01:41[INFO] [ddpg] Action: [0.3600161  0.3485635  0.31207255 0.6660019  0.5226155  0.47605678
 0.6644011  0.         0.86982715 0.59442836 0.82092565 0.86555696
 0.3969559  0.06231888 0.47794047 0.46972135 0.5809194  0.63808376
 0.34789246 0.2859716  0.04599955 0.45473847 0.49160984 0.0636302
 0.58933944 0.43111727 0.49206242 0.46406832 0.18916576 0.41960955
 0.6914123  0.3298017  0.43377018 0.31453946 0.6957035  0.67062336
 0.34522584 0.4170063  0.27303544 0.5208722  0.36545625 0.77178097
 0.727264   0.5064373  0.6286815  0.7815842  0.61663485 0.35337657
 0.8820583  1.         0.45807767 0.9704767  0.05660765 0.19405831
 0.60480875 0.411617   0.30758658 0.74113506 0.8778694  0.48881954
 0.         0.2465959  1.         0.75517035 0.21416782 0.20009886
 0.7589023  0.6304528  0.4936201  0.2686962  0.706354   0.19312423
 0.4193228  0.4092602  0.79213464 0.88653964 0.80330974 0.27910063
 0.85333717 0.6884568  0.43905053 0.00290067 0.40706736 0.73428994
 0.42309028 0.4768096  0.70255816 0.3930107  0.53234917 0.42959788
 0.25763756 0.41904244 0.37061366 0.77728766 0.44755438 0.
 0.12808329 0.01115763 0.46476784 0.76675254 0.50720066 0.48610175
 0.4885063  0.27954596 1.         0.7108882  0.26019377 0.53793716
 0.36700663 0.24158508 0.32381985 0.35161385 0.4564715  0.5571641
 0.5648559  1.         0.31450507 0.04493775 0.20284827 0.37827876
 0.54798216 0.7838033  0.4699553  0.60888594 0.36412182 0.66595745
 0.21409713 0.35624897 0.         0.69402945 0.6070103  0.12896775
 0.47257027 0.6117838  0.5019475  0.45711184 0.3451887  0.1313379
 0.40016395 0.3737282  0.35764644 0.         0.64966124 0.644663
 0.53780663 0.51182467 0.4846601  0.6472955  0.10176253 0.13778745
 0.9955573  0.62715924 0.18566531 0.10545595 0.5476597  0.28654972
 0.5579862  0.7926353  0.5646768  0.17817485 0.6308735  0.04892927
 0.32192788 0.55948377 0.319066   0.75797945 0.9578551  0.18162362
 0.9369303  0.         0.65349406 0.65040916 0.5913181  0.43423465
 0.3410026  0.7163067  0.32565156 0.43388543 0.17757796 0.5313047
 0.4038769  0.2753266  0.25185913 0.4226687  0.58227056 0.8267262
 0.27330193 0.6347233  0.54485255 0.525314   0.2956972  0.38164774
 0.57528716 0.36458105 0.53651726 0.9554745  0.26143733]
2024-05-30 12:03:30[INFO] 
[ddpg][Episode: 0][Step: 1][Metric tpmC:11578.87 tpmTotal:26083.43 Transaction Count:26112]Reward: -0.030955481846538624 Score: -0.040577626800530876 Done: False
2024-05-30 12:03:30[INFO] [ddpg][Episode: 0][Step: 1] step: 108.2126247882843s env step: 108.20543169975281s train step: 0.0s restart time: 44.559165239334106s action time: 0.0008993148803710938s
2024-05-30 12:03:30[INFO] [ddpg][Episode: 0][Step: 1][Average] step: 108.2126247882843s env step: 108.20543169975281s train step: 0.0s restart time: 44.559165239334106s action time: 0.001616835594177246s
2024-05-30 12:03:30[INFO] [ddpg] Action: [0.49070677 0.5631743  0.5224179  0.51073205 0.55028117 0.5119484
 0.8730798  0.         0.78517795 0.49417606 0.7778981  0.8108952
 0.42578146 0.05847405 0.7569801  0.5955169  0.7403636  0.3062552
 0.429101   0.19030836 0.         0.15759066 0.37447757 0.02518469
 0.53786695 0.10358858 0.71262985 0.6855957  0.5309452  0.7884531
 0.45158696 0.4132534  0.8181631  0.24463062 0.9310846  0.6123158
 0.05453867 0.6765471  0.         0.6851536  0.50316876 0.67073774
 0.43337166 0.19352363 0.6392198  0.98643714 0.790424   0.66184783
 0.5739687  1.         0.24239855 0.39944917 0.2882587  0.12494367
 0.7257761  0.13214009 0.4065376  0.75396955 0.82835644 0.4850618
 0.16820878 0.4133742  0.8169699  0.5736284  0.43190452 0.2217353
 0.98016775 0.48439297 0.67191106 0.15265968 0.5207631  0.32259488
 0.32355103 0.6396912  0.854652   1.         0.6833356  0.21555392
 0.58297265 0.9093254  0.08698743 0.         0.20501049 0.525845
 0.5695746  0.44096366 0.44051528 0.53976315 0.69022137 0.30940032
 0.238967   0.7006613  0.56526035 1.         0.         0.
 0.6003203  0.22373825 0.6912183  0.910316   0.58228326 0.36272693
 0.9045573  0.         0.83032376 0.10245699 0.4520734  0.6779538
 0.14164536 0.17116341 0.5197549  0.4161613  0.7252616  0.59393215
 0.8488106  0.8864585  0.09554838 0.         0.5617942  0.56255126
 0.26616797 1.         0.5936284  0.5015826  0.4738327  0.48647884
 0.22828017 0.         0.22789347 0.690206   0.63060826 0.4321139
 0.39221796 0.5701804  0.1097986  0.44394165 0.5684012  0.11238202
 0.30638167 0.30871466 0.45690304 0.42215085 0.91108835 0.6514895
 0.49775517 0.20315757 0.3004483  0.48991972 0.29398414 0.13099033
 0.6505617  0.43382755 0.31577483 0.09449571 0.5868356  0.16424182
 0.31896773 0.94009584 0.01062643 0.02761262 0.65657294 0.06751208
 0.52282447 0.61978924 0.34139815 0.403677   0.6274577  0.21824132
 0.6348758  0.         0.57033443 0.52615297 0.514657   0.42235094
 0.35559633 0.8577212  0.6096274  0.15899058 0.5787736  0.45267144
 0.61703134 0.328156   0.0249742  0.60233086 0.4711618  0.8650899
 0.20820953 0.48835772 1.         0.48046654 0.3625382  0.44842133
 0.693336   0.48863605 0.16199608 1.         0.3775089 ]
2024-05-30 12:05:19[INFO] 
[ddpg][Episode: 0][Step: 2][Metric tpmC:11587.39 tpmTotal:25754.8 Transaction Count:26153]Reward: -0.01196775405846491 Score: -0.05254538085899579 Done: False
2024-05-30 12:05:20[INFO] [ddpg][Episode: 0][Step: 2] Critic: 0.0317634055390954 Actor: 0.06018015928566456
2024-05-30 12:05:20[INFO] [ddpg][Episode: 0][Step: 2] step: 110.14082503318787s env step: 109.29524111747742s train step: 0.41931772232055664s restart time: 44.72581458091736s action time: 0.0009024143218994141s
2024-05-30 12:05:20[INFO] [ddpg][Episode: 0][Step: 2][Average] step: 110.14082503318787s env step: 109.29524111747742s train step: 0.41931772232055664s restart time: 44.72581458091736s action time: 0.0013786951700846355s
2024-05-30 12:05:20[INFO] [ddpg] Action: [0.48312473 0.5616652  0.26112732 0.5218394  0.6668729  0.5303233
 0.51258266 0.         0.5642095  0.25651148 0.5842506  0.5633243
 0.41184697 0.4377082  1.         0.7252459  0.47713596 0.12765184
 0.5730102  0.         0.13863455 0.07859253 0.57249177 0.
 0.18385896 0.         0.62680966 0.9238141  0.88653916 0.7677299
 0.13880028 0.47116494 0.32581878 0.5681094  0.9974788  0.54022485
 0.08301179 0.82912135 0.30929306 0.8673645  0.6028731  0.7270313
 0.5023989  0.41484424 0.53177416 1.         0.5406647  0.90743
 0.5668173  1.         0.         0.         0.0425589  0.
 0.49015892 0.3312436  0.4061883  0.8938497  1.         0.16190426
 0.22225979 0.3942452  0.9027406  0.4727407  0.6190335  0.19505306
 0.9270923  0.67939806 0.5580593  0.         0.2587259  0.5516914
 0.7355364  0.28017667 0.6859567  1.         0.6969009  0.2999404
 0.471163   1.         0.         0.         0.50234634 0.39616156
 0.9401786  0.2108797  0.6164069  0.68899727 0.7713752  0.
 0.22361778 0.5444041  0.94660157 1.         0.         0.
 0.79953396 0.3391197  0.5956117  1.         0.525251   0.41043666
 0.92010504 0.33613726 0.8072128  0.35370556 0.6009816  0.19618511
 0.17797035 0.46954498 0.7341889  0.26260194 0.6107713  0.5040728
 0.7471869  0.9256759  0.24844322 0.04185566 0.5594096  0.2932984
 0.40677682 1.         0.68671024 0.39625296 0.38137975 0.3650158
 0.02639021 0.         0.18676732 0.4964305  0.74452245 0.21324135
 0.32178324 0.86909854 0.         0.44077915 0.5199517  0.26233962
 0.41735458 0.30251586 0.39594978 0.37723055 0.7791819  0.32907963
 0.5925795  0.42274606 0.1572477  0.6838477  0.03081958 0.13440812
 0.45710975 0.17130879 0.66108006 0.5338069  0.61829734 0.52926576
 0.46899053 1.         0.02408919 0.         0.5169503  0.22148615
 0.55051917 0.33816633 0.69142854 0.52346826 0.47422192 0.47106302
 0.93583894 0.11075853 0.68783385 0.5210616  0.554717   0.5727357
 0.1653789  0.50400203 0.8209154  0.         0.5252522  0.48134577
 0.8264565  0.32461888 0.13536309 0.53531426 0.44327414 0.8050727
 0.19042844 0.25994396 1.         0.0097062  0.644655   0.4778857
 0.5258258  0.61536944 0.         1.         0.38632014]
2024-05-30 12:07:08[INFO] 
[ddpg][Episode: 0][Step: 3][Metric tpmC:10977.49 tpmTotal:24443.74 Transaction Count:24622]Reward: 8717.232612648735 Score: -0.04382814824634705 Done: False
2024-05-30 12:07:08[INFO] [ddpg][Episode: 0][Step: 3] Critic: 37995128.0158817 Actor: 0.06020175293087959
2024-05-30 12:07:08[INFO] [ddpg][Episode: 0][Step: 3] step: 108.5755546092987s env step: 108.53451251983643s train step: 0.017120003700256348s restart time: 44.552780866622925s action time: 0.0007381439208984375s
2024-05-30 12:07:08[INFO] [ddpg][Episode: 0][Step: 3][Average] step: 108.5755546092987s env step: 108.53451251983643s train step: 0.017120003700256348s restart time: 44.552780866622925s action time: 0.001218557357788086s
2024-05-30 12:07:08[INFO] [ddpg] Action: [0.67652303 0.27247167 0.09764574 0.08132982 0.51283526 0.54205734
 0.60590136 0.02402627 0.28666878 0.39463073 0.7589714  0.5271639
 0.44023085 0.27321365 1.         0.61348605 0.8158189  0.28685263
 0.7320277  0.254909   0.34536174 0.3948168  0.9015699  0.18815704
 0.18931474 0.28471455 0.611039   0.89473665 0.93840206 0.8104199
 0.33973798 0.81150126 0.29623199 0.13944277 0.79100204 0.11761527
 0.03008828 0.31660095 0.38311526 0.75534785 0.4382186  0.79327327
 0.68802077 0.23249112 0.844367   1.         0.7290351  0.8518856
 0.63772535 1.         0.         0.         0.         0.
 0.44793895 0.08435138 0.33361593 0.5975776  0.89546686 0.07193364
 0.05535617 0.45920402 0.80498016 0.63524824 0.82994264 0.32001123
 0.7274909  0.93278337 0.39289117 0.         0.         0.2514753
 0.871316   0.5332219  0.75985825 0.82425046 1.         0.
 0.06594561 1.         0.         0.03974303 0.3734549  0.39294538
 0.6331877  0.00386184 0.91652185 0.35736835 0.8978226  0.
 0.21146457 0.685963   1.         0.7542635  0.04551646 0.
 1.         0.7162567  0.5488157  0.8714679  0.7307248  0.4074049
 1.         0.4013942  0.5525787  0.49222758 0.6073581  0.47753143
 0.2448242  0.6301832  1.         0.38873428 0.6219361  0.3038376
 0.68277067 0.6657173  0.09621656 0.03139088 0.5266341  0.34040755
 0.2911754  1.         0.669539   0.668607   0.5484084  0.51723945
 0.         0.05026887 0.38271162 0.6180161  0.5106184  0.4169274
 0.57580805 0.6223637  0.16317658 0.3355875  0.5551405  0.7305234
 0.33079967 0.43859103 0.5182012  0.6425507  0.746704   0.33210093
 0.39772427 0.47887716 0.06778701 0.54850525 0.         0.2892608
 0.47276178 0.18879713 0.77049494 0.22350262 0.290906   0.711278
 0.6173438  1.         0.14933518 0.         0.60778713 0.15257621
 0.7281154  0.41523027 0.4204303  0.6937441  0.58792394 0.71599543
 0.9962389  0.         0.6635531  0.5682273  0.5036883  0.4490782
 0.00430708 0.5982549  0.96807534 0.         0.48099354 0.66056734
 0.5658979  0.44838536 0.01977805 0.2633442  0.22731301 1.
 0.2692667  0.15664838 1.         0.         0.89324415 0.48045415
 0.3063158  0.7335048  0.30580753 1.         0.24482849]
2024-05-30 12:08:52[INFO] 
[ddpg][Episode: 0][Step: 4][Metric tpmC:11150.43 tpmTotal:24807.93 Transaction Count:25024]Reward: -0.005841571947234344 Score: -0.049669720193581395 Done: False
2024-05-30 12:08:52[INFO] [ddpg][Episode: 0][Step: 4] Critic: 50660165.34392113 Actor: 0.06023337381581465
2024-05-30 12:08:52[INFO] [ddpg][Episode: 0][Step: 4] step: 103.70515155792236s env step: 103.68031334877014s train step: 0.008626937866210938s restart time: 39.587977170944214s action time: 0.0008158683776855469s
2024-05-30 12:08:52[INFO] [ddpg][Episode: 0][Step: 4][Average] step: 103.70515155792236s env step: 103.68031334877014s train step: 0.008626937866210938s restart time: 39.587977170944214s action time: 0.001138019561767578s
2024-05-30 12:08:52[INFO] [ddpg] Action: [1.00000000e+00 3.22901815e-01 0.00000000e+00 5.38468838e-01
 5.03906429e-01 7.59669602e-01 4.26491350e-01 2.21298456e-01
 4.57395703e-01 0.00000000e+00 7.67544866e-01 4.16566432e-01
 6.97547317e-01 1.36342868e-01 1.00000000e+00 8.70252252e-01
 8.49167287e-01 4.02430743e-01 7.06127882e-01 3.66862535e-01
 2.59033926e-02 7.04126477e-01 8.95948410e-01 0.00000000e+00
 3.06719452e-01 5.95004261e-01 3.25172424e-01 1.00000000e+00
 8.39744449e-01 7.26355076e-01 2.84821332e-01 9.01323676e-01
 2.78880686e-01 0.00000000e+00 8.07880759e-01 8.15508813e-02
 0.00000000e+00 7.86586940e-01 2.96867013e-01 6.34165704e-01
 3.96614224e-01 7.99649239e-01 7.42973745e-01 4.19427007e-02
 6.51829541e-01 6.96320772e-01 5.65804422e-01 1.00000000e+00
 6.20411754e-01 1.00000000e+00 1.15007915e-01 0.00000000e+00
 4.45393026e-02 1.08146377e-01 3.30021799e-01 2.12349266e-01
 2.54658639e-01 3.21698695e-01 6.99574172e-01 2.20991373e-02
 1.74405187e-01 6.72655463e-01 9.65989530e-01 3.40964705e-01
 1.00000000e+00 0.00000000e+00 6.15478992e-01 4.98846442e-01
 5.24421453e-01 2.21503973e-01 0.00000000e+00 0.00000000e+00
 8.62025082e-01 3.80464703e-01 7.13523269e-01 5.52279174e-01
 1.00000000e+00 0.00000000e+00 2.12720558e-01 7.80064046e-01
 0.00000000e+00 0.00000000e+00 2.88124353e-01 4.75132316e-01
 9.91146743e-01 8.09461810e-03 4.91440624e-01 4.17390168e-01
 7.28032529e-01 0.00000000e+00 5.56984432e-02 3.87805909e-01
 1.00000000e+00 6.42384470e-01 0.00000000e+00 0.00000000e+00
 7.82552600e-01 6.53070509e-01 4.86363173e-01 5.47943175e-01
 9.93952692e-01 3.42365026e-01 1.00000000e+00 4.32560712e-01
 1.00000000e+00 5.25307000e-01 1.00000000e+00 4.81454104e-01
 3.29525083e-01 3.41452867e-01 4.13426965e-01 2.09419504e-01
 3.17989707e-01 2.19397768e-01 9.54218984e-01 6.22424304e-01
 1.04538605e-01 0.00000000e+00 3.76261801e-01 1.77143186e-01
 2.36718431e-01 8.64567816e-01 8.49761009e-01 8.58078897e-01
 5.52411139e-01 5.10993958e-01 0.00000000e+00 4.08675104e-01
 5.17595053e-01 9.81802821e-01 2.77584642e-01 0.00000000e+00
 6.48063302e-01 7.81841934e-01 4.46364403e-01 4.29665685e-01
 6.53322041e-01 8.53284955e-01 4.66244876e-01 5.13775110e-01
 8.15200329e-01 7.48940170e-01 9.33610857e-01 4.16132092e-01
 5.77391684e-01 4.84394014e-01 3.50953072e-01 2.47330055e-01
 8.74857977e-02 7.23510922e-04 3.47524315e-01 1.62091225e-01
 9.67992991e-02 2.00626910e-01 5.26462853e-01 7.72432148e-01
 4.10074979e-01 1.00000000e+00 3.77641231e-01 8.65500495e-02
 7.54804850e-01 4.84703213e-01 7.96039224e-01 4.78644133e-01
 5.01910448e-01 7.37870991e-01 5.52959621e-01 8.19780231e-01
 9.72220480e-01 0.00000000e+00 9.12748039e-01 4.54658270e-01
 5.73288560e-01 1.43182874e-01 1.10501774e-01 4.24448669e-01
 9.11857843e-01 0.00000000e+00 7.92535007e-01 8.34593952e-01
 3.85690212e-01 3.02815735e-01 2.81249434e-01 4.20561314e-01
 3.49270254e-01 1.00000000e+00 4.22985345e-01 3.43952686e-01
 1.00000000e+00 1.46565968e-02 7.05497265e-01 6.91959083e-01
 3.79993707e-01 7.75534391e-01 1.62276015e-01 1.00000000e+00
 7.61491135e-02]
2024-05-30 12:10:36[INFO] 
[ddpg][Episode: 0][Step: 5][Metric tpmC:11226.48 tpmTotal:25148.22 Transaction Count:25462]Reward: -0.022847812713320943 Score: -0.07251753290690234 Done: False
2024-05-30 12:10:36[INFO] [ddpg][Episode: 0][Step: 5] Critic: 56992686.00794085 Actor: 0.06023789709433913
2024-05-30 12:10:36[INFO] [ddpg][Episode: 0][Step: 5] step: 103.9166042804718s env step: 103.89096355438232s train step: 0.009109258651733398s restart time: 39.564209938049316s action time: 0.0011441707611083984s
2024-05-30 12:10:36[INFO] [ddpg][Episode: 0][Step: 5][Average] step: 103.9166042804718s env step: 103.89096355438232s train step: 0.009109258651733398s restart time: 39.564209938049316s action time: 0.0011390447616577148s
2024-05-30 12:10:36[INFO] [ddpg] Action: [0.98476064 0.44489124 0.07436479 0.5674997  0.36808628 0.3629645
 0.31970987 0.32991648 0.92631996 0.         0.93342966 0.69626874
 0.5527111  0.2224504  1.         1.         0.799605   0.5599704
 0.5923164  0.1758169  0.4712103  0.96361077 0.9375183  0.06462861
 0.38010204 0.98566645 0.47402352 1.         0.49886328 0.5622355
 0.33381984 0.6171906  0.25537774 0.23899779 0.87918437 0.
 0.         0.9996345  0.02974201 0.8259444  0.34752068 0.950636
 0.7496697  0.         0.6440301  0.85778445 0.52190703 1.
 0.36533636 1.         0.3007666  0.01165216 0.46195146 0.
 0.19585632 0.18230633 0.13413209 0.3370061  0.68002474 0.08961896
 0.16331865 0.60018057 0.69799864 0.63899446 1.         0.
 0.7526044  0.5164446  0.26105976 0.03592755 0.         0.13384742
 0.5439981  0.24423073 0.9394181  0.6318283  1.         0.09735806
 0.6123368  0.78269744 0.2501398  0.10520607 0.70232135 0.51633704
 0.7900499  0.35860384 0.72734135 0.6958922  0.899103   0.
 0.         0.441697   1.         0.44489825 0.         0.22759774
 0.654297   0.780381   0.53997815 0.6099201  1.         0.20517899
 1.         0.0631677  0.9241415  0.19881994 1.         0.45422703
 0.6169411  0.18401077 0.         0.         0.31870624 0.17040685
 1.         0.43816528 0.08532888 0.03017957 0.38054925 0.08595096
 0.32427004 0.78579146 1.         0.47812787 0.6765731  0.6657107
 0.         0.2175321  0.56316113 0.84201926 0.29529783 0.07355965
 0.63541955 0.86936134 0.1872114  0.54178274 0.5591898  1.
 0.42857066 0.77191424 0.47502637 1.         0.9491493  0.42758814
 0.78500193 0.26511344 0.17215623 0.07765024 0.         0.10581091
 0.49120334 0.21015759 0.10417663 0.21048957 0.3203479  0.773821
 0.37302673 0.98360527 0.33918205 0.05538408 0.26797318 0.6418413
 0.5019204  0.43013027 0.6235464  1.         0.70352584 0.65449226
 0.7802163  0.         0.8416022  0.22201353 0.7300953  0.2913165
 0.20979337 0.64289576 0.97317386 0.         0.71969175 0.7070578
 0.0846732  0.1541963  0.42647454 0.454409   0.24193051 1.
 0.4708465  0.09207604 0.75688004 0.         0.7125097  0.9440633
 0.6260518  0.9736702  0.50460833 0.7734483  0.        ]
2024-05-30 12:12:20[INFO] 
[ddpg][Episode: 0][Step: 6][Metric tpmC:11622.35 tpmTotal:25830.78 Transaction Count:25909]Reward: -0.013272400578251471 Score: -0.08578993348515382 Done: False
2024-05-30 12:12:20[INFO] [ddpg][Episode: 0][Step: 6] Critic: 60792196.80635269 Actor: 0.060319140926003455
2024-05-30 12:12:20[INFO] [ddpg][Episode: 0][Step: 6] step: 103.49341058731079s env step: 103.46881651878357s train step: 0.00896608829498291s restart time: 39.54954218864441s action time: 0.0007090568542480469s
2024-05-30 12:12:20[INFO] [ddpg][Episode: 0][Step: 6][Average] step: 103.49341058731079s env step: 103.46881651878357s train step: 0.00896608829498291s restart time: 39.54954218864441s action time: 0.001077617917742048s
2024-05-30 12:12:20[INFO] [ddpg] Action: [0.83180493 0.2477069  0.17953889 0.4040619  0.41645896 0.26406485
 0.49636635 0.49654484 1.         0.         0.8331428  0.72525245
 0.548501   0.         1.         1.         1.         0.5894251
 0.57432365 0.09721255 0.37124282 1.         0.6659665  0.02128507
 0.7242534  0.9791649  0.39937058 0.851438   0.2042274  0.432902
 0.15433002 0.55840605 0.14355615 0.25420195 0.4226443  0.
 0.         0.6643771  0.17937292 0.6187278  0.32231238 0.8888678
 0.7492752  0.         0.52489084 1.         0.5261053  1.
 0.2856622  0.7811628  0.4871492  0.3034591  0.3929671  0.09822747
 0.         0.         0.16989    0.44265357 0.6216266  0.03704079
 0.22239438 0.56866884 0.93067646 0.6767283  1.         0.07507858
 0.8006211  0.49398354 0.45361257 0.24518722 0.         0.12697195
 0.44875053 0.4289683  1.         0.35216403 1.         0.29175016
 0.37566945 0.6078162  0.1015373  0.02233841 0.41436177 0.
 0.38198873 0.44724253 0.51315683 0.5955259  0.5003078  0.
 0.         0.531789   0.83809155 0.64572126 0.         0.06970362
 0.66352326 0.55154794 0.8264244  0.7873456  1.         0.09678499
 0.6206988  0.18070807 1.         0.10138089 0.72719926 0.65120685
 0.5244459  0.14846502 0.05727733 0.2240645  0.5519681  0.18824314
 0.59597254 0.46027794 0.32939133 0.0678718  0.4980374  0.
 0.02195945 0.4415657  0.4751099  0.8812125  1.         0.73321563
 0.         0.         0.9170235  0.30386636 0.46471328 0.5035948
 0.33244193 0.95562357 0.23292562 0.36941352 0.24259716 1.
 0.70160615 0.6972859  0.6373659  0.7852502  1.         0.76647574
 0.7116856  0.2218302  0.30218223 0.04344457 0.         0.47979224
 0.63840026 0.6786446  0.16937952 0.00164752 0.2567186  0.5734935
 0.37562048 0.9298877  0.362361   0.43459448 0.24353932 0.5866583
 0.28358406 0.42820054 0.67662245 1.         0.790764   0.90075344
 0.71700644 0.10207649 0.68239605 0.28698388 0.6047216  0.27137464
 0.34678957 0.81060874 0.794961   0.         0.4458706  0.6234802
 0.61104923 0.26948607 0.40344548 0.5012364  0.17430882 1.
 0.617348   0.         0.5221223  0.         0.90385914 1.
 0.47421145 0.59285897 0.74721503 0.70512986 0.        ]
