2024-05-31 11:54:19[INFO] 
[Env initialized][Metric tpmC: 9340.98 tpmTotal: 20597.99 Transaction Count: 20758]
2024-05-31 11:54:19[INFO] [ddpg] Action: [0.15276898 0.40154964 0.78393537 0.6682588  0.40677118 0.6697282
 0.64206564 0.41705877 0.4949477  0.4345073  0.30461    0.711102
 0.54841566 0.43238002 0.6713024  0.15474118 0.74696827 0.29822934
 0.45080882 0.39344755 0.28872517 0.5885934  0.6618973  0.6644353
 0.3146877  0.5972491  0.23909228 0.31991532 0.57102334 0.5488085
 0.27386495 0.46405977 0.20157982 0.46395507 0.5615568  0.83292687
 0.31984574 0.6786995  0.0995047  0.46886322 0.87513566 0.63527817
 0.47248265 0.7142427  0.4053232  0.50611305 0.58837074 0.7790535
 0.55152273 0.60951316 0.19904132 0.27361163 0.45634896 0.4679911
 0.42112452 0.18602774 0.24843779 0.62556493 0.6339847  0.2981643
 0.5639868  0.5041285  0.5531609  0.45015457 0.6172023  0.47612628
 0.14081275 0.1763327  0.25266343 0.19164015 0.5560035  0.46960366
 0.3819651  0.4301741  0.51120865 0.7270524  0.46963653 0.2462097
 0.3308095  0.40139633 0.3272777  0.02430224 0.45693848 0.7027739
 0.45410195 0.6569557  0.46059516 0.29857776 0.49985182 0.47669575
 0.6410545  0.556357   0.32021305 0.3608466  0.5185925  0.605251
 0.2379147  0.6272133  0.12062176 0.         0.45940948 0.366744
 0.53979594 0.44221652 0.5047563  0.959497   0.3224021  0.7451353
 0.39879036 0.5133766  0.15247945 1.         0.6551996  0.30489084
 0.52246237 0.4639283  0.35124412 0.46556717 0.15271735 0.5451039
 0.44577974 0.3985481  0.43413457 0.7016937  0.13940111 0.64717376
 0.83916086 0.54507256 0.         0.22191721 0.05857735 0.17790818
 0.09493707 0.57181644 0.11222502 0.30103406 0.6228633  0.2365167
 0.83185095 0.56959474 0.26276407 0.73598474 0.59422547 0.61019176
 0.45288876 0.2668356  0.49780568 0.34165505 0.25613523 0.55648243
 0.6975322  0.6543519  0.54034936 0.5105722  0.6521249  0.462658
 0.7181559  0.45571578 0.915366   0.5405041  0.51808006 0.6249697
 0.7708981  0.51865023 0.40630984 0.48489234 0.43736622 0.42908362
 0.         0.64297897 0.5345886  0.96588427 0.2278124  0.6247509
 0.68407536 0.6959352  0.52970517 0.3619112  0.5205333  0.1668627
 0.6671755  0.66449386 0.6622544  0.24480864 0.3838589  0.51402414
 0.6797405  0.42635888 0.37511465 0.02361844 0.5720693  0.6070016
 0.5138755  0.48611808 0.52277553 0.8437675  0.46959585]
2024-05-31 11:56:03[INFO] 
[ddpg][Episode: 0][Step: 0][Metric tpmC:10785.6 tpmTotal:24038.32 Transaction Count:24085]Reward: 384760.59721955244 Score: 0.3847605972195524 Done: False
2024-05-31 11:56:03[INFO] [ddpg][Episode: 0][Step: 0] step: 103.41860461235046s env step: 103.2976884841919s train step: 0.0s restart time: 39.58127307891846s action time: 0.0026366710662841797s
2024-05-31 11:56:03[INFO] [ddpg][Episode: 0][Step: 0][Average] step: 103.41860461235046s env step: 103.2976884841919s train step: 0.0s restart time: 39.58127307891846s action time: 0.0026366710662841797s
2024-05-31 11:56:03[INFO] [ddpg] Action: [0.         0.         0.5239801  0.6599804  0.45414096 0.5001503
 0.32882613 0.7792631  0.45188752 0.7241852  0.05495998 0.53487915
 0.69836473 0.41939893 0.63890505 0.17238474 0.690347   0.3869507
 0.50131226 0.3695544  0.28763187 0.8128742  0.89373577 0.49818268
 0.7663843  0.83310366 0.42441073 0.39089838 0.62772036 0.5194899
 0.4319014  0.79185027 0.2626815  0.1509543  0.6948231  1.
 0.4831428  0.71815157 0.18257117 0.5504569  0.93745685 0.42374125
 0.57337266 0.52644366 0.44214925 0.5780031  0.7508901  0.93691
 0.48241547 0.8729706  0.48782134 0.3934023  0.2588724  0.3778874
 0.21864596 0.30209824 0.30578265 0.55948746 0.66907084 0.3756236
 0.8646746  0.46427983 0.690337   0.6847866  0.7476831  0.39101884
 0.2654187  0.09433891 0.         0.         0.4891247  0.68317944
 0.5739436  0.76147586 0.43992192 0.74426734 0.31114092 0.
 0.10839955 0.28185424 0.3871197  0.20882882 0.39008158 0.79976463
 0.4290745  0.61595464 0.50234866 0.28816926 0.30513874 0.6612075
 0.6951664  0.843193   0.3359049  0.6742567  0.08983704 0.7671011
 0.21991064 0.6440663  0.         0.         0.45048353 0.5895561
 0.26240742 0.3567052  0.5773955  0.85028774 0.33752966 0.1376503
 0.41715452 0.2517448  0.19658428 1.         0.77975166 0.3013083
 0.35302123 0.7653757  0.130563   0.17359167 0.35477608 0.7621861
 0.5569064  0.39608172 0.43907902 0.5817222  0.05933701 0.76552564
 0.947722   0.44029227 0.         0.35248983 0.07759835 0.55700296
 0.32330635 0.24269475 0.12312877 0.4376897  0.44097763 0.21829623
 0.6832896  0.7044196  0.46964145 0.39645904 0.89631665 0.73305947
 0.24946505 0.42779818 0.3897418  0.23650749 0.40575197 0.9455179
 0.9584993  0.37576443 0.20965855 0.37991998 0.76730174 0.49862438
 0.56025684 0.08041834 0.9269678  0.6780132  0.5267886  0.68416524
 0.92742944 0.96881956 0.6137303  0.85813123 0.6904749  0.6562085
 0.         0.6549579  0.6871199  0.72148335 0.6347798  0.53376895
 1.         0.14225958 0.7706232  0.5001178  0.22203292 0.15908954
 0.71324116 0.6176838  1.         0.34960642 0.4114206  0.6039353
 0.31947345 0.35222077 0.36015868 0.18112993 0.5542949  0.59891903
 0.73082376 0.4731691  0.42283735 1.         0.62939596]
2024-05-31 11:57:52[INFO] 
[ddpg][Episode: 0][Step: 1][Metric tpmC:10128.76 tpmTotal:22467.64 Transaction Count:22740]Reward: 0 Score: 0.3847605972195524 Done: False
2024-05-31 11:57:52[INFO] [ddpg][Episode: 0][Step: 1] step: 109.24631237983704s env step: 109.2390787601471s train step: 0.0s restart time: 44.55277729034424s action time: 0.0010106563568115234s
2024-05-31 11:57:52[INFO] [ddpg][Episode: 0][Step: 1][Average] step: 109.24631237983704s env step: 109.2390787601471s train step: 0.0s restart time: 44.55277729034424s action time: 0.0018236637115478516s
2024-05-31 11:57:52[INFO] [ddpg] Action: [0.         0.         0.32034057 0.5663222  0.46868014 0.5408791
 0.23933122 0.75027436 0.5861533  0.49521592 0.         0.51012653
 0.6922989  0.16089047 0.5164913  0.23589808 0.59658414 0.
 0.7361311  0.7126638  0.10792457 0.8629072  0.56660086 0.385885
 0.98486936 0.31197366 0.24026054 0.6498103  0.71967393 0.42138806
 0.39322385 1.         0.5407281  0.38718316 0.7901797  0.9064474
 0.14453878 0.39124298 0.47689444 0.64746577 0.8840898  0.23463519
 0.41473278 0.43551815 0.30958337 0.6686706  0.7916422  1.
 0.49670765 0.71586025 0.72977304 0.27881914 0.15140975 0.2546573
 0.4210439  0.47133768 0.16245902 0.8392282  0.7696606  0.187827
 1.         0.4159946  0.4965977  0.5133035  0.7070892  0.34215745
 0.14560018 0.14088364 0.10136962 0.3527182  0.3047648  0.41094902
 0.4628165  0.6974372  0.         0.51432073 0.35577548 0.33378783
 0.         0.16158552 0.43168035 0.         0.5511234  0.64387625
 0.42327493 0.54718393 0.17144528 0.38867205 0.72680724 0.8046902
 1.         0.89092547 0.6689776  0.5452603  0.42095485 0.95687014
 0.3458607  0.5246698  0.         0.         0.34734878 0.9993321
 0.40581223 0.33564454 0.68121374 0.6187794  0.         0.23202193
 0.23314035 0.3142417  0.26799315 1.         0.90859795 0.46387658
 0.5233008  0.56136465 0.         0.43939862 0.42040947 0.45847464
 0.3091188  0.3469582  0.28604856 0.5360734  0.37608021 0.9783856
 0.96864396 0.24240413 0.35666877 0.28362143 0.21663631 0.41365016
 0.1995066  0.27810434 0.6912076  0.42370066 0.51366156 0.300633
 0.79092056 1.         0.34987998 0.2608718  0.8762787  0.5152287
 0.03795356 0.5966503  0.36688814 0.21537688 0.30741316 0.69740796
 1.         0.35104302 0.4593189  0.21188806 0.45695707 0.4253986
 0.8213675  0.         0.9180104  0.7563792  0.5432846  0.08371406
 1.         1.         0.6664697  0.66588885 0.96855986 0.41942298
 0.04103926 0.7983072  0.5313155  0.8345639  0.5183992  0.7160801
 0.9527861  0.02768216 0.5447121  0.54376996 0.22168273 0.00469109
 0.8147966  0.8372101  0.84971106 0.45505092 0.2746911  0.6528948
 0.32248074 0.48034903 0.26821193 0.31344917 0.71288794 0.68372804
 0.4509941  0.30651796 0.17418855 0.88235086 0.565583  ]
