2024-05-29 14:30:43[INFO] 
[Env initialized][Metric tpmC: 8845.62 tpmTotal: 19515.87 Transaction Count: 19765]
2024-05-29 14:30:43[INFO] [ddpg] Action: [0.42192003 0.922084   0.45046547 0.33844364 0.5009229  0.
 0.28784713 0.22533426 0.09574265 0.64703727 0.8408945  0.57298994
 0.67828214 0.673576   0.7132557  0.57806003 0.99241894 0.55104935
 0.58185136 0.9073219  0.58186543 0.6653766  0.28259873 0.61484796
 0.48072776 0.64213276 0.51670116 0.34096923 0.46124533 0.681279
 0.32272267 0.56092364 0.         0.6206626  0.33788168 0.21250036
 0.4315957  0.65746456 0.33027884 0.31517863 0.67062396 0.11087998
 0.9942142  0.6408292  0.5725523  0.5632588  0.46576983 0.34154174
 0.729493   0.60408306 0.8802827  0.25194687 0.8330166  0.6039298
 0.44691932 0.         0.7130881  0.42682332 0.42910227 0.5200692
 0.6875303  0.760414   0.78319025 0.49984473 0.48372146 0.5070408
 0.623876   0.53220314 0.8434815  0.47526193 0.40441313 0.46280205
 0.4286481  0.4265258  0.6787008  0.48982182 0.46858647 0.6281778
 0.46970713 0.5014537  0.68206745 0.33624464 0.89704216 0.6161697
 0.77992374 0.3091833  0.4764546  0.3740176  0.76759154 0.27902013
 0.7748956  0.6883344  0.5160825  0.486893   0.1053009  0.14553027
 0.48890206 0.9110391  0.53380007 0.69560266 0.46653813 0.8365953
 0.6194731  0.6246335  0.5337583  0.568023   0.61729515 0.8616948
 0.7050484  0.2985064  0.5364702  0.3541038  0.4161108  0.64068264
 0.40217835 0.4374221  0.16853681 0.4732107  0.54985183 0.3383359
 0.53470427 0.55101013 0.1730003  0.39668378 0.33266494 0.5456693
 0.29785937 0.5185917  0.24019584 0.50843567 0.56709844 0.8161765
 0.3976113  0.7085953  0.44145668 0.76351696 0.9420827  0.7098559
 0.3744368  0.7125438  0.20468181 0.66528064 0.7003966  0.67041034
 0.8630423  0.5826848  0.2764067  0.46933722 0.70224273 0.5230292
 0.3852805  0.5813423  0.6628408  0.28036106 0.40528017 0.5419121
 0.7436475  0.53445697 0.51249796 0.5786693  0.50440425 0.49811554
 0.6803845  0.51372373 0.43006915 0.5865272  0.09215823 0.25796625
 0.70085377 0.80186754 0.17017122 0.6229634  0.6010491  0.5617675
 0.20375629 0.546807   0.5929659  0.4170805  0.6246097  0.4365504
 1.         0.4141043  0.23712774 0.3067408  0.22115007 0.5878653
 0.82941353 0.34226862 0.8986732  0.7069276  0.5508149  0.48314396
 0.4947555  0.18752383 0.5217125  0.64323246 0.44952846]
2024-05-29 14:32:27[INFO] 
[ddpg][Episode: 0][Step: 0][Metric tpmC:10546.01 tpmTotal:23687.15 Transaction Count:23895]Reward: -0.14360732859675562 Score: -0.14360732859675562 Done: False
2024-05-29 14:32:27[INFO] [ddpg][Episode: 0][Step: 0] step: 103.796466588974s env step: 103.74726462364197s train step: 0.0s restart time: 39.56668210029602s action time: 0.0035300254821777344s
2024-05-29 14:32:27[INFO] [ddpg][Episode: 0][Step: 0][Average] step: 103.796466588974s env step: 103.74726462364197s train step: 0.0s restart time: 39.56668210029602s action time: 0.0035300254821777344s
2024-05-29 14:32:27[INFO] [ddpg] Action: [7.08557010e-01 1.00000000e+00 3.79309684e-01 2.89379239e-01
 5.92417359e-01 8.19794238e-02 4.85749662e-01 6.71217322e-01
 2.61935711e-01 3.91463131e-01 7.39526689e-01 6.59252703e-01
 5.74988604e-01 6.24598324e-01 7.92886853e-01 5.95950305e-01
 1.00000000e+00 5.83644807e-01 7.16925442e-01 1.00000000e+00
 6.41435146e-01 4.78498369e-01 1.39904514e-01 4.98917371e-01
 2.93985128e-01 3.63756925e-01 7.10070491e-01 4.21190321e-01
 3.14735591e-01 6.21270001e-01 1.13657355e-01 5.74084759e-01
 2.87213832e-01 5.10333657e-01 3.74648631e-01 9.36344028e-01
 5.32857418e-01 7.79598415e-01 4.53414530e-01 2.99254477e-01
 6.92568064e-01 3.14188898e-01 1.00000000e+00 6.74048960e-01
 3.30730379e-01 4.95853484e-01 4.73697454e-01 4.44579780e-01
 6.54380262e-01 6.60790086e-01 7.60607779e-01 3.81212622e-01
 9.17442799e-01 5.81350148e-01 3.85570765e-01 0.00000000e+00
 9.22179401e-01 4.25405920e-01 4.84355479e-01 5.01388967e-01
 5.82485378e-01 1.00000000e+00 6.80156350e-01 3.48648697e-01
 7.95207560e-01 1.56916529e-01 7.23147988e-01 3.48025262e-01
 6.64158046e-01 5.85503995e-01 4.63383436e-01 4.92856801e-01
 1.77153453e-01 5.89251280e-01 4.56391275e-01 6.59457803e-01
 9.16711867e-01 4.48704958e-01 1.37995735e-01 6.21590614e-01
 6.84604347e-01 3.32744539e-01 8.64794254e-01 1.85443550e-01
 8.67003262e-01 2.13980079e-01 5.31455100e-01 5.40519297e-01
 5.36207497e-01 6.88995197e-02 8.09052646e-01 7.24140942e-01
 1.77695185e-01 5.60226917e-01 4.01586473e-01 2.83371061e-01
 3.33889216e-01 9.12807107e-01 6.00372672e-01 6.51427388e-01
 5.52170217e-01 1.00000000e+00 2.87008256e-01 8.84584427e-01
 6.46410108e-01 2.61776507e-01 3.62321973e-01 6.69145644e-01
 6.81309462e-01 4.69527304e-01 7.90633142e-01 1.64905898e-02
 2.51483530e-01 5.57581544e-01 4.10740048e-01 4.43618685e-01
 1.57822788e-01 3.43630403e-01 5.67101717e-01 2.39600763e-01
 5.90269744e-01 4.14931715e-01 1.46770626e-01 4.96178240e-01
 5.76505184e-01 6.26325369e-01 9.60999012e-01 3.54258686e-01
 1.46076411e-01 5.18895924e-01 8.59088600e-01 8.77062142e-01
 5.26624858e-01 5.05401194e-01 0.00000000e+00 9.42719281e-01
 7.71582842e-01 1.00000000e+00 0.00000000e+00 7.48246551e-01
 4.44916457e-01 1.00000000e+00 5.67352414e-01 7.92597771e-01
 8.15997422e-01 3.16925436e-01 5.63200355e-01 5.34291625e-01
 9.01615798e-01 5.07213116e-01 7.36629069e-01 3.59687388e-01
 4.20046151e-01 3.85684311e-01 5.65147996e-01 4.18764859e-01
 7.97927558e-01 5.07007062e-01 5.85034430e-01 4.95319039e-01
 4.95023996e-01 9.14106131e-01 4.96089131e-01 4.57720429e-01
 6.03793085e-01 8.96684945e-01 2.60814726e-01 3.71021837e-01
 7.75807500e-01 1.00000000e+00 5.09776436e-02 7.06002295e-01
 6.25256598e-01 8.50363374e-01 2.20417425e-01 2.33300507e-01
 7.10110068e-01 3.27603222e-04 7.22776830e-01 3.99779648e-01
 1.00000000e+00 3.74777406e-01 0.00000000e+00 4.80603188e-01
 5.67802191e-01 1.00000000e+00 5.91118753e-01 3.29664111e-01
 8.00297856e-01 1.00000000e+00 6.98684096e-01 3.16300094e-01
 7.10181296e-01 8.62888992e-02 6.83379292e-01 1.77993208e-01
 4.88510251e-01]
