2024-05-31 13:39:48[INFO] 
[Env initialized][Metric tpmC: 7187.92 tpmTotal: 16053.16 Transaction Count: 16164]
2024-05-31 13:39:48[INFO] [ddpg] Action: [0.7518673  0.21865553 0.12025841 0.44919354 0.08184139 0.44372043
 0.6550673  0.31587672 0.36806569 0.6564336  0.3138341  0.13726963
 0.34872627 0.7149651  0.7149534  0.7161257  0.34951147 0.18458466
 0.4845607  0.6466692  0.46957827 0.6384798  0.24818662 0.5583457
 0.7189846  0.29733008 0.55525374 0.4885683  0.14616269 0.47460765
 0.35265285 0.36506826 1.         0.88919234 0.5746609  0.723502
 0.25849777 0.35220656 0.05093736 0.36891612 0.36674008 0.45328757
 0.5408467  0.6967345  0.30905405 0.56882113 0.7415626  0.24195187
 0.6505721  0.71775836 0.7174303  0.54414266 0.69885874 0.17795932
 0.29954454 0.31989622 0.55893487 0.4890268  0.6178765  0.21223298
 0.28145096 0.49093324 0.49183476 0.01335752 0.35652038 0.8278278
 0.38113937 0.623453   0.45775107 0.65419215 0.9689672  0.5514063
 0.7345     0.3937147  0.46259812 0.5608684  0.9669519  0.4622076
 0.5694939  0.50829095 0.7202405  0.5721096  0.59570605 0.28625312
 0.13364895 0.55262035 0.8548723  1.         0.71051973 0.38018918
 0.37490344 0.80279106 0.6482577  0.46345034 0.80694205 0.47091943
 0.3529974  0.5772883  0.59899515 0.47530594 0.8173685  0.2110187
 0.53509164 0.51700723 0.5906396  0.1208187  0.7500234  0.37252757
 0.5036797  0.52007806 0.37642744 0.59810364 0.34703973 0.53889436
 0.385298   0.22922479 0.66393584 0.5139025  0.47261143 0.40333062
 0.39091864 0.2715203  0.73870265 0.45108038 0.2885244  0.39836234
 0.55361134 0.57029295 0.56232244 0.51313394 0.28679755 0.33306202
 0.0587645  0.44624573 0.41662604 0.6583801  0.6180506  0.45054114
 0.20130695 0.6335069  0.         0.27866066 0.21238416 0.40683794
 0.6453833  0.32919323 0.7611363  0.6382142  0.03776717 0.6990969
 0.7156445  0.7667715  1.         0.44657856 0.25306392 0.24618094
 0.44571    0.35540774 0.52509123 0.52654153 0.4129124  0.37012106
 0.21594198 0.505575   0.51846874 0.61691874 0.5175542  0.24319921
 0.5336625  0.3892035  0.16206239 0.6251009  0.518169   0.6543643
 0.48966795 0.5905852  0.8567727  0.30479097 0.27010372 0.24148922
 0.932346   0.42349514 0.3810151  0.40235764 0.24566652 0.71393794
 0.25449118 0.30192798 0.48606828 0.30151907 0.5371446  0.89844584
 0.74221444 0.2443682  0.54528105 0.90009946 0.28238064]
2024-05-31 13:41:32[INFO] 
[ddpg][Episode: 0][Step: 0][Metric tpmC:7248.58 tpmTotal:16067.57 Transaction Count:16216]Reward: 17092.57731444351 Score: 0.01709257731444351 Done: False
2024-05-31 13:41:32[INFO] [ddpg][Episode: 0][Step: 0] step: 103.67195057868958s env step: 103.6628155708313s train step: 0.0s restart time: 39.53599214553833s action time: 0.0026395320892333984s
2024-05-31 13:41:32[INFO] [ddpg][Episode: 0][Step: 0][Average] step: 103.67195057868958s env step: 103.6628155708313s train step: 0.0s restart time: 39.53599214553833s action time: 0.0026395320892333984s
2024-05-31 13:41:32[INFO] [ddpg] Action: [1.         0.         0.2542448  0.47526595 0.31732956 0.47695953
 0.34639215 0.36826205 0.3375054  0.7346753  0.13723986 0.49889874
 0.50089145 0.47188565 0.68502814 0.85680723 0.44165334 0.28676423
 0.74452865 0.46275514 0.22645684 0.7935232  0.43478352 0.69363207
 0.75568295 0.3939652  0.13271745 0.71102726 0.20818207 0.55273587
 0.06206622 0.5583146  1.         0.7175709  0.76735866 0.41846222
 0.43821466 0.106387   0.16960925 0.408556   0.71113515 0.6757868
 0.45443422 0.45017153 0.31669596 0.47637406 0.74946505 0.34333435
 0.69037586 0.37517416 0.4016919  0.44085613 0.8270013  0.
 0.5209928  0.4137094  0.40181324 0.35818818 0.8481549  0.29543072
 0.26370618 0.48214293 0.6104523  0.         0.8526842  0.8232026
 0.25511312 0.5826685  0.27461284 0.8003975  1.         0.78928006
 0.50210214 0.46103096 0.64036864 0.32726112 0.92947155 0.7120892
 0.54252654 0.4622901  0.5083258  0.5869384  0.94191    0.14112933
 0.         0.61975306 0.7843428  1.         0.6400018  0.
 0.3993903  0.78135544 0.44944748 0.39137024 0.70196986 0.5708041
 0.31159756 0.9104106  0.7841511  0.70611894 0.5499451  0.46420413
 0.5182416  0.5644091  0.7242944  0.5184809  0.9915228  0.41955683
 0.41004017 0.23744868 0.48011386 0.27083156 0.         0.47894078
 0.39406815 0.2075828  0.6790181  0.7233554  0.2623204  0.27627864
 0.03827868 0.1015135  0.17655621 0.49287748 0.00404688 0.34519383
 0.42266294 0.72975945 0.5940656  0.35151494 0.12636247 0.3114178
 0.32602325 0.7343962  0.5181207  0.6710785  1.         0.17496899
 0.4448172  0.5117684  0.         0.3281054  0.07023863 0.6504039
 0.29648378 0.61489314 0.7973577  0.47426194 0.17150855 0.77980536
 0.59032226 0.8832545  1.         0.555598   0.18664765 0.
 0.9149702  0.6157473  0.9053698  0.48791593 0.36868727 0.41285896
 0.24680209 0.7634756  0.7365617  0.7670812  0.32564554 0.22811615
 0.55566955 0.79823804 0.065789   0.88609946 0.77351815 0.6904934
 0.59223366 0.4318246  0.38424668 0.2747362  0.         0.3840526
 0.9140941  0.45865119 0.22578084 0.35018894 0.31762516 0.87957835
 0.5099012  0.6781397  0.48383105 0.3517673  0.18486242 0.81827605
 0.66230536 0.21397796 0.8152471  0.97057277 0.2981664 ]
2024-05-31 13:43:15[INFO] 
[ddpg][Episode: 0][Step: 1][Metric tpmC:7265.09 tpmTotal:16248.71 Transaction Count:16375]Reward: 0 Score: 0.01709257731444351 Done: False
2024-05-31 13:43:15[INFO] [ddpg][Episode: 0][Step: 1] step: 103.55009388923645s env step: 103.5413408279419s train step: 0.0s restart time: 39.543272495269775s action time: 0.0013980865478515625s
2024-05-31 13:43:15[INFO] [ddpg][Episode: 0][Step: 1][Average] step: 103.55009388923645s env step: 103.5413408279419s train step: 0.0s restart time: 39.543272495269775s action time: 0.0020188093185424805s
2024-05-31 13:43:15[INFO] [ddpg] Action: [6.7617553e-01 0.0000000e+00 2.4575002e-01 9.4899035e-01 4.2093334e-01
 6.3244325e-01 6.8536139e-01 1.4072593e-01 5.3294301e-02 7.7058834e-01
 1.6277382e-01 5.6403059e-01 1.5155762e-01 2.1041411e-01 6.5032500e-01
 6.0328525e-01 0.0000000e+00 2.7200401e-01 5.4730368e-01 3.5407701e-01
 3.1283233e-01 6.3421488e-01 5.4359508e-01 6.2439400e-01 4.9666247e-01
 5.4221207e-01 1.3232370e-01 8.3425158e-01 3.4504154e-01 5.7275963e-01
 2.2743697e-01 7.3858631e-01 1.0000000e+00 6.1759162e-01 1.0000000e+00
 5.9002793e-01 4.6622881e-01 4.2886880e-01 2.2995821e-01 5.5804521e-01
 2.7485275e-01 4.8896581e-01 2.9677609e-01 3.4597158e-01 5.9993231e-01
 1.8580526e-01 8.4316492e-01 5.7239288e-01 8.5693896e-01 6.4703965e-01
 2.3066711e-01 2.7847645e-01 9.4041908e-01 2.4745938e-01 3.8978410e-01
 6.5935558e-01 4.5594603e-01 5.9006798e-01 8.7066585e-01 3.3952802e-02
 3.0132848e-01 2.8573403e-01 5.3429240e-01 3.8844895e-01 1.0000000e+00
 1.0000000e+00 2.3397589e-01 5.4347408e-01 2.7534801e-01 4.8948327e-01
 9.6911365e-01 6.5168953e-01 4.3471283e-01 5.8260190e-01 4.2116615e-01
 2.9694179e-01 4.8800772e-01 5.8014572e-01 4.2076087e-01 5.0545955e-01
 4.3938938e-01 6.3079667e-01 6.5119112e-01 1.2394597e-01 2.7406335e-01
 3.5653687e-01 5.5879188e-01 9.5954669e-01 4.0961033e-01 0.0000000e+00
 2.6991823e-01 7.0213133e-01 4.4678965e-01 5.0213140e-01 7.3448396e-01
 3.4927097e-01 6.3028663e-01 1.0000000e+00 8.1753153e-01 6.8204921e-01
 3.0702662e-01 4.3892381e-01 8.8120276e-01 5.6061530e-01 3.1219882e-01
 5.4191905e-01 7.6755023e-01 6.7640203e-01 1.1008860e-01 1.5843116e-01
 5.8236653e-01 2.1999428e-01 1.9837238e-01 2.2181992e-01 5.8150882e-01
 5.6122463e-02 7.0649230e-01 5.3790796e-01 3.7784711e-01 4.3705958e-01
 0.0000000e+00 1.9879973e-01 2.6936394e-01 6.4835578e-01 1.8745309e-01
 3.1934112e-01 4.4022167e-01 7.1388108e-01 2.5304058e-01 8.6350352e-01
 2.3697086e-01 2.6825333e-01 1.8457797e-01 4.9824783e-01 6.2635803e-01
 5.4950249e-01 9.9435091e-01 3.8760209e-01 6.5192240e-01 6.3201588e-01
 2.2883974e-01 4.5474374e-01 3.0743957e-01 1.0000000e+00 0.0000000e+00
 5.3073484e-01 4.9187708e-01 4.5976990e-01 6.7247754e-01 8.7838238e-01
 5.1105082e-01 8.7169832e-01 8.9377409e-01 3.6690021e-01 1.6502318e-01
 3.6157448e-02 8.0647492e-01 4.7284389e-01 8.0903500e-01 2.0510702e-01
 1.8789206e-01 3.2592899e-01 3.0813956e-01 6.7447680e-01 7.0049000e-01
 5.0830495e-01 3.1775749e-01 2.0066415e-01 6.4825517e-01 8.9743656e-01
 0.0000000e+00 1.0000000e+00 8.3532476e-01 7.3781097e-01 6.0425776e-01
 4.5089382e-01 6.2635869e-01 4.6480882e-01 1.4807223e-04 6.0436034e-01
 7.3235077e-01 3.6337355e-01 4.1659960e-01 4.2664903e-01 3.0905420e-01
 8.4440953e-01 5.5780858e-01 7.2911364e-01 7.2268426e-01 1.7361981e-01
 3.2807815e-01 6.6495323e-01 7.4076271e-01 1.7965785e-01 4.4264075e-01
 3.2699886e-01 3.4423760e-01]
