2024-05-29 14:23:02[INFO] 
[Env initialized][Metric tpmC: 10016.92 tpmTotal: 22098.98 Transaction Count: 22407]
2024-05-29 14:23:02[INFO] [ddpg] Action: [0.72227836 0.31112194 0.3179752  0.67507225 0.6520164  0.46386147
 0.35021877 0.72430694 0.47137058 0.63570064 0.8765447  0.512625
 0.38538122 0.48203543 0.45945972 0.22690396 0.6394697  0.4102082
 0.7014249  0.22844788 0.332504   0.5157795  0.38776925 0.50982505
 0.6499389  0.65826094 0.58303636 0.3511772  0.64080125 0.50906587
 0.9300269  0.7484445  0.63300323 0.48603114 0.5485453  0.28201237
 0.3089988  0.44175884 0.33290845 0.27030167 0.6167658  0.5133489
 0.5313541  0.1546292  0.6438978  0.3964575  0.5511923  0.5770461
 0.6179916  0.04270316 0.44700113 0.7768008  0.40638566 0.51634043
 0.44487575 0.3262565  0.9001069  0.5899167  0.68107206 0.34205154
 0.5807908  0.41131568 0.5295011  0.43285036 0.61085033 0.13234118
 0.9422547  0.20840596 0.50373673 0.6914536  0.64546525 0.70061636
 0.50970185 0.05503702 0.2429841  0.17934327 0.704941   0.41999507
 0.45342827 0.5126372  0.6413352  0.09962037 0.26530078 0.8061682
 0.7047449  0.61300427 0.47530597 0.         0.2005375  0.3681241
 0.55970925 0.20041123 0.8101249  0.65437764 0.5046806  0.5204181
 0.5902644  0.3930356  0.6808453  0.56953716 0.35546023 0.21922241
 0.7908     0.49540845 0.7389214  0.54269165 0.36585078 0.57507974
 0.17215823 0.3008917  0.6081337  0.46854693 0.43095604 0.2881206
 0.64108783 0.7796567  0.37688234 0.4817779  0.4377815  0.32337555
 0.40930033 0.24933103 0.6381489  0.3777786  0.44942898 0.42472607
 0.37297618 0.56558526 0.3754796  0.32173815 0.26431453 0.31238624
 0.6235057  0.76130676 0.72269595 0.7004226  0.56959444 0.5689965
 0.506667   0.6321282  0.85525566 0.50674015 0.16728282 0.45081997
 0.63464105 0.62198514 0.5378879  0.73414063 0.22708006 0.39458323
 0.4098304  0.5392261  0.4226205  0.37817645 0.1998174  0.4788662
 0.25956318 0.44837698 0.5502814  0.8605754  0.6424314  0.23468149
 0.23977953 0.19173342 0.75111645 0.6708649  0.7703368  0.5796379
 0.21801068 0.3023266  0.79743826 0.39481428 0.40124208 0.34081212
 0.7073909  0.5362646  0.33493993 0.66640985 0.4498683  0.6436679
 0.50647545 0.3057453  0.38275596 0.5761459  0.37718335 0.3893
 0.44712558 0.5938203  0.67414206 0.3205417  0.4661797  0.53784114
 0.42126757 0.46775755 0.57673985 0.39087865 0.39137724]
2024-05-29 14:24:13[INFO] 
[ddpg][Episode: 0][Step: 0][Metric tpmC:9418.64 tpmTotal:20675.29 Transaction Count:20798]Reward: 32791.5412785102 Score: 0.0327915412785102 Done: False
2024-05-29 14:24:13[INFO] [ddpg][Episode: 0][Step: 0] step: 71.155038356781s env step: 71.13117241859436s train step: 0.0s restart time: 7.175835371017456s action time: 0.0027472972869873047s
2024-05-29 14:24:13[INFO] [ddpg][Episode: 0][Step: 0][Average] step: 71.155038356781s env step: 71.13117241859436s train step: 0.0s restart time: 7.175835371017456s action time: 0.0027472972869873047s
2024-05-29 14:24:13[INFO] [ddpg] Action: [0.64685065 0.43941736 0.75610757 0.9933454  0.563438   0.2170429
 0.         0.6240578  0.30331963 0.5799509  1.         0.42746174
 0.4403484  0.29546806 0.21936245 0.14456336 0.589983   0.38257927
 0.937341   0.33705434 0.4550674  0.5321651  0.68214875 0.7010512
 0.9818542  0.7231498  0.7375     0.22162634 0.57425416 0.6962352
 1.         1.         0.5730088  0.49412575 0.6733548  0.00983708
 0.15460478 0.66688895 0.3284789  0.20462762 1.         0.4160655
 0.57193965 0.23434497 0.3791571  0.5907339  0.7266799  0.3089681
 0.5135337  0.         0.51323795 1.         0.41008642 0.5214272
 0.2442786  0.47366083 0.5844326  0.5435254  0.329191   0.30361655
 0.78582674 0.17419298 0.28816965 0.06796765 0.32436174 0.01514838
 0.497839   0.2714835  0.5803622  0.88524175 0.8971664  0.9427031
 0.3751855  0.24380639 0.5173759  0.3128841  0.94188493 0.45196766
 0.5004538  0.5911584  0.5115215  0.12896617 0.4739519  0.6092901
 0.6424975  0.47130522 0.26016656 0.21945399 0.         0.5803783
 0.7750909  0.12655954 1.         0.5777847  0.58850217 0.47903454
 0.35987085 0.45785144 0.68086565 0.45581362 0.4763846  0.11010757
 0.8730775  0.24796157 0.8577474  0.2627758  0.34211254 0.75067186
 0.07161262 0.23540504 0.79919904 0.34757537 0.34163877 0.31889006
 0.44225314 0.8342969  0.13783447 0.5943449  0.5384946  0.64454925
 0.3966055  0.07512679 0.64753145 0.66640574 0.80997616 0.5574478
 0.46750873 0.6468939  0.46292943 0.38748008 0.35706475 0.25300932
 0.5164665  0.8381308  0.6812627  0.8300012  0.48324436 0.18882507
 0.49965408 0.6104573  1.         0.563193   0.2764908  0.29931676
 0.94955486 1.         0.32804307 0.35808676 0.51976883 0.47841918
 0.42756796 0.80253506 0.30364755 0.36578533 0.48615578 0.5304309
 0.5939335  0.20105596 0.78228605 0.5452427  0.71083593 0.25512314
 0.32420725 0.25207022 1.         0.5534367  0.6761174  0.5066842
 0.16701111 0.22886008 0.87378824 0.54438716 0.6422366  0.10026063
 0.8080516  0.45925748 0.21757363 0.89062726 0.2661789  0.2696312
 0.34993708 0.7153026  0.5803455  0.51038045 0.48425245 0.4653879
 0.49418196 0.5070581  0.4831034  0.44768745 0.74842507 0.20413718
 0.5550705  0.56835663 0.50127    0.3430581  0.16029455]
2024-05-29 14:25:24[INFO] 
[ddpg][Episode: 0][Step: 1][Metric tpmC:9230.54 tpmTotal:20468.58 Transaction Count:20646]Reward: 30586.922437214907 Score: 0.06337846371572511 Done: False
2024-05-29 14:25:24[INFO] [ddpg][Episode: 0][Step: 1] step: 71.104332447052s env step: 71.09745931625366s train step: 0.0s restart time: 7.173922061920166s action time: 0.0009543895721435547s
2024-05-29 14:25:24[INFO] [ddpg][Episode: 0][Step: 1][Average] step: 71.104332447052s env step: 71.09745931625366s train step: 0.0s restart time: 7.173922061920166s action time: 0.0018508434295654297s
2024-05-29 14:25:24[INFO] [ddpg] Action: [0.4765457  0.6696282  1.         0.9487051  0.9212562  0.10768097
 0.         0.39788765 0.22841965 0.32159373 1.         0.78572047
 0.8339734  0.35380495 0.24222618 0.14442348 0.87653303 0.4434084
 0.88736886 0.1932165  0.5290131  0.52940136 0.69069815 0.8227582
 0.94159526 0.53820497 0.57921386 0.24264319 0.24583921 0.22883698
 0.96268314 1.         0.6095328  0.4110556  0.48749468 0.
 0.         0.88103306 0.20560749 0.37572718 1.         0.5672934
 1.         0.4766497  0.6914677  0.43672726 0.6388065  0.28818816
 0.7156846  0.         0.628874   0.92925304 0.51065207 0.5358353
 0.23500033 0.41663715 0.4322813  0.5576908  0.32895836 0.4199581
 0.837174   0.7244905  0.02361924 0.0286677  0.47861388 0.
 0.6179359  0.17826426 0.4491925  0.71847975 0.71540606 0.7530089
 0.56358576 0.56275004 0.3517757  0.34318125 0.98112345 0.49233386
 0.3888038  0.48677418 0.04339091 0.         0.56393534 0.5845105
 0.46630356 0.3153611  0.33667162 0.47148407 0.         0.45934284
 0.8510348  0.06328505 1.         0.61060864 0.81681913 0.44299948
 0.57903427 0.62560964 0.90426916 0.3654271  0.5733539  0.08423521
 0.88316727 0.36677727 1.         0.22972576 0.         0.28266004
 0.19680838 0.39786294 0.70201963 0.         0.35357597 0.32984263
 0.32470638 0.80195326 0.26809555 0.94218665 0.42693242 0.3554994
 0.6847936  0.1830098  0.59498006 0.30915478 0.72070795 0.96884173
 0.34837863 0.5351751  0.54112977 0.1895337  0.5581214  0.
 0.6260998  0.5313767  0.5318642  0.69745004 0.60873455 0.24597842
 0.46552047 0.67437524 0.7853822  0.30735347 0.         0.50535
 0.9109274  0.7620103  0.2007348  0.11886263 0.4620358  0.4899973
 0.5141805  0.55574006 0.00164607 0.08018474 0.13859223 0.8720924
 0.7242868  0.20503762 0.7241742  0.44614372 0.7356511  0.07209218
 0.4159568  0.4365393  1.         0.48754725 0.55318135 0.6492379
 0.23182003 0.4220526  0.65407646 0.6211446  0.6613     0.04947671
 0.8305158  0.20398659 0.48346028 1.         0.35246053 0.50347173
 0.03402269 0.8524591  0.5748378  0.78575265 0.21379592 0.14284031
 0.36024114 0.64167136 0.21249512 0.42948627 1.         0.42444807
 0.63180625 0.5410908  0.59927595 0.         0.1935979 ]
2024-05-29 14:26:35[INFO] 
[ddpg][Episode: 0][Step: 2][Metric tpmC:9928.74 tpmTotal:22087.45 Transaction Count:22265]Reward: -0.007261029351463637 Score: 0.056117434364261476 Done: False
2024-05-29 14:26:36[INFO] [ddpg][Episode: 0][Step: 2] Critic: 1005422464.0 Actor: -0.011990760918706656
2024-05-29 14:26:36[INFO] [ddpg][Episode: 0][Step: 2] step: 71.6642370223999s env step: 70.98151898384094s train step: 0.3378397226333618s restart time: 7.1728246212005615s action time: 0.0008392333984375s
2024-05-29 14:26:36[INFO] [ddpg][Episode: 0][Step: 2][Average] step: 71.6642370223999s env step: 70.98151898384094s train step: 0.3378397226333618s restart time: 7.1728246212005615s action time: 0.0015136400858561199s
2024-05-29 14:26:36[INFO] [ddpg] Action: [0.3034184  0.43808913 1.         0.95178086 0.74931216 0.
 0.         0.40686002 0.63334066 0.4418726  1.         0.87030935
 0.96392626 0.10870722 0.         0.         0.6846257  0.42033723
 0.7551333  0.02477261 0.8207629  0.17006327 0.18684547 0.6715848
 0.8802681  0.4509992  0.363466   0.6019478  0.26787248 0.223332
 0.86449426 1.         0.52121615 0.6468149  0.46363494 0.
 0.13540359 1.         0.06792374 0.36675414 0.91233885 0.7301539
 0.9160891  0.8155068  0.73131657 0.41172066 0.57697    0.
 0.59634227 0.         0.4273716  1.         0.29656926 0.60039556
 0.3932931  0.72288066 0.         0.58641595 0.121106   0.19843434
 0.79521894 0.8931729  0.24743392 0.3233188  0.66735303 0.
 0.86439073 0.5825772  0.26279202 0.70474267 0.8063437  0.8528954
 0.5802402  0.70619637 0.43451524 0.39664984 1.         0.72076565
 0.22769949 0.50126964 0.06238833 0.         0.7102445  0.6861865
 0.29329613 0.67989445 0.32490647 0.56933415 0.07301665 0.57581085
 0.8173127  0.05555988 1.         0.29288936 0.83679295 0.6512493
 0.48807147 0.45423847 0.7365837  0.41548103 0.2699046  0.15789665
 0.7477495  0.9357819  1.         0.21521358 0.         0.29373476
 0.13062768 0.25866935 0.61838555 0.03056499 0.3453843  0.66476923
 0.3212596  0.9354782  0.26696056 0.9740907  0.2454085  0.33586976
 0.7454021  0.30140117 0.5482214  0.37249467 0.6211436  1.
 0.09551211 0.42824027 0.21526775 0.4040692  0.7605327  0.
 0.26036593 0.50221974 0.5729733  0.6447996  0.86759275 0.21588643
 0.60988456 0.91738164 0.6570345  0.4373472  0.         0.4332151
 1.         0.6985549  0.30671167 0.5219818  0.5209621  0.6876704
 0.81582    0.37523904 0.         0.28259757 0.2870232  0.7549764
 0.66325283 0.28699076 0.46926486 0.52298486 0.37287477 0.
 0.         0.52186525 1.         0.6670243  0.7717575  0.42822984
 0.35442775 0.3276438  0.5975337  0.6675444  0.82402927 0.22075701
 0.38564095 0.07402106 0.49118993 1.         0.46827322 0.27276176
 0.         0.33451724 0.91722476 0.8593798  0.67406595 0.52706677
 0.8037438  0.4904894  0.32889974 0.34407982 1.         0.4666813
 0.69521415 0.6293366  0.57101727 0.         0.06528168]
2024-05-29 14:27:46[INFO] 
[ddpg][Episode: 0][Step: 3][Metric tpmC:10168.32 tpmTotal:22582.66 Transaction Count:22672]Reward: -0.02411534116834379 Score: 0.03200209319591769 Done: False
2024-05-29 14:27:46[INFO] [ddpg][Episode: 0][Step: 3] Critic: 1005422464.0 Actor: -0.012084192829206586
2024-05-29 14:27:46[INFO] [ddpg][Episode: 0][Step: 3] step: 70.69243383407593s env step: 70.66746473312378s train step: 0.008973121643066406s restart time: 7.171289682388306s action time: 0.0007722377777099609s
2024-05-29 14:27:46[INFO] [ddpg][Episode: 0][Step: 3][Average] step: 70.69243383407593s env step: 70.66746473312378s train step: 0.008973121643066406s restart time: 7.171289682388306s action time: 0.00132828950881958s
2024-05-29 14:27:46[INFO] [ddpg] Action: [0.32141876 0.69437575 1.         0.8612859  0.50601923 0.
 0.03561772 0.         0.6583693  0.48696592 1.         0.4956246
 0.89712894 0.51091564 0.         0.0029799  0.88590163 0.45642897
 0.42368832 0.         0.5651201  0.07231912 0.00663878 0.4225244
 0.7518043  0.50833035 0.09421714 0.27151164 0.15832217 0.3188277
 0.770669   0.91562635 0.68852973 0.27682006 0.5876199  0.
 0.         1.         0.23892301 0.5215101  0.8115896  0.82562846
 1.         0.6127678  0.42844498 0.23297982 0.76439863 0.
 0.45174396 0.         0.13746154 1.         0.48323926 0.6645018
 0.42904386 0.8159436  0.         0.61849946 0.29358685 0.
 1.         0.6285923  0.         0.31358057 0.9713472  0.2755474
 1.         0.4724015  0.34945998 0.4569274  0.7404798  0.4849026
 0.8012178  1.         0.         0.496495   0.9519289  0.5861828
 0.40576577 0.6991615  0.19513921 0.16378249 0.33614787 0.7475044
 0.53237426 0.17021109 0.13235553 0.52361536 0.         0.4809271
 0.75556964 0.14857131 0.99485326 0.29610723 0.7415166  0.820232
 0.560426   0.49113923 0.9097942  0.1218968  0.2639906  0.3577434
 0.5732769  0.9958781  0.8179442  0.07375864 0.08364155 0.23541223
 0.5601684  0.27782097 0.56646174 0.27084282 0.40772733 0.41339704
 0.36439168 0.49863055 0.08451129 1.         0.8791967  0.47188413
 0.81080323 0.77989256 0.44124135 0.         0.41079122 0.9968347
 0.4012867  0.515557   0.42830622 0.52081734 0.7196331  0.
 0.60393506 0.69930625 0.62963736 0.3978119  0.82928586 0.
 0.5160225  1.         0.         0.54605687 0.         0.600952
 0.655575   0.54804295 0.19664781 0.8360547  0.88412094 0.36295825
 0.8395373  0.3930712  0.         0.81080836 0.16750565 0.9927327
 0.9499693  0.27267385 0.46199998 0.5219293  0.08291601 0.15502375
 0.         0.5936825  1.         0.5307503  0.79645777 0.48331594
 0.7039886  0.54567194 0.44337332 0.5810863  1.         0.
 0.08075462 0.14130239 0.49499613 1.         0.15319422 0.37935784
 0.         0.76299036 1.         0.8360856  0.28576434 0.46773347
 0.7033279  0.25627184 0.40399614 0.3212757  0.8855168  0.7383801
 0.79258037 0.37439442 0.63552046 0.         0.        ]
