2024-05-30 23:07:02[INFO] 
[Env initialized][Metric tpmC: 12336.94 tpmTotal: 26998.61 Transaction Count: 27210]
2024-05-30 23:07:03[INFO] [ddpg] Action: [0.76708245 0.64517844 0.7531513  0.3016857  0.00255097 0.50883955
 0.7165372  0.6504148  0.3904151  0.932406   0.42696118 0.3664192
 0.5404758  0.579764   0.66093254 0.5369134  0.36865157 0.9002583
 0.5673335  0.40578324 0.47951427 0.7812761  0.1767424  0.6686154
 0.6829632  0.15521689 0.19660115 0.82920897 0.3544652  0.36848813
 0.5641887  0.365241   0.40359133 0.5893464  0.82056767 0.364303
 0.7524708  0.5102799  0.36464617 0.3937222  0.10028145 0.37367687
 0.13787693 0.6523285  0.6226601  0.54317105 0.8074984  0.5415726
 0.72975975 0.5684494  0.23702697 0.28745922 0.4620108  0.34801334
 0.25709108 0.2780842  0.42274517 0.3745145  0.25506544 0.86728305
 0.13851045 0.59437996 0.5843503  0.43142897 0.60131663 0.26155156
 0.17566447 0.5817     0.22609584 0.8116288  0.3346928  0.67894006
 0.49829376 0.3397194  0.5723988  0.6975984  0.5332096  0.5028827
 0.38510707 0.5281191  0.4005702  0.42239702 0.02991074 0.57890666
 0.07418914 0.55746776 0.80018353 0.01456475 0.5309498  0.55660653
 0.8821902  0.17311887 0.10469422 0.7275781  0.64974666 0.46123722
 0.7575113  0.77315694 0.01884901 0.5779664  0.53042537 0.57634616
 0.9411939  0.5391441  0.48748225 0.57385415 0.53122985 0.45056564
 0.6011141  0.47859076 0.5830908  0.786528   0.49206266 0.61209404
 0.47254437 0.501372   0.47257975 0.4718827  0.44107494 0.08823708
 0.         0.14596039 0.35248393 0.5775298  0.623894   0.88238204
 0.70569855 0.53138447 0.80440253 0.6850707  0.3359886  0.8281994
 0.43114793 0.31078896 0.15082695 0.03752239 0.73100543 0.27492902
 0.6876106  0.17465892 0.5875026  0.54803556 0.43966562 0.53625214
 0.6404395  0.35583195 0.22071643 0.35497516 0.5741068  0.32183686
 0.93935317 0.49814913 0.59618336 0.7982065  0.62703484 0.28778255
 0.12056479 0.87365973 0.5296204  0.60761213 0.31462312 0.24442795
 0.16945162 0.649641   0.77954674 0.611588   0.47914413 0.48092863
 0.42446774 0.26369306 0.8306192  0.76562107 0.27760676 0.99500495
 0.25418577 0.62555844 0.54806244 0.29604223 0.6916823  0.19849963
 0.45255697 0.6696903  0.41830042 0.81295365 0.75097173 0.28998548
 0.5281567  0.4527704  0.4857356  0.71461445 0.47210494 0.6900856
 0.63334733 0.22029138 0.41873077 0.48548466 0.73804986]
2024-05-30 23:09:07[INFO] 
[ddpg][Episode: 0][Step: 0][Metric tpmC:20039.36 tpmTotal:44523.1 Transaction Count:44859]Reward: -0.6367839041293315 Score: -0.6367839041293315 Done: False
2024-05-30 23:09:08[INFO] [ddpg][Episode: 0][Step: 0] step: 125.79157710075378s env step: 124.17140126228333s train step: 0.0s restart time: 59.93509912490845s action time: 1.008131742477417s
2024-05-30 23:09:08[INFO] [ddpg][Episode: 0][Step: 0][Average] step: 125.79157710075378s env step: 124.17140126228333s train step: 0.0s restart time: 59.93509912490845s action time: 1.008131742477417s
2024-05-30 23:09:08[INFO] [ddpg] Action: [0.4916124  0.7779566  0.48130906 0.         0.         0.25503555
 0.40832093 0.3011043  0.32794657 0.97241664 0.39861047 0.51103884
 0.58660245 0.8295773  0.22191504 0.2040633  0.44418767 0.7637886
 0.92223495 0.88709784 0.4430953  0.70568377 0.2066079  0.7342362
 0.3763985  0.         0.04945007 0.35801768 0.6029587  0.6043927
 0.737469   0.         0.605749   0.5377516  1.         0.71235245
 0.89641744 0.31663603 0.         0.66837126 0.         0.22264612
 0.11610476 0.6853101  0.62386644 0.54758596 1.         0.2707315
 0.8190228  0.6450719  0.56953895 0.24300793 0.4404846  0.5121348
 0.10904027 0.31003943 0.71111715 0.3412364  0.17501765 0.9062386
 0.04605559 0.49379897 0.3202525  0.40646186 0.6853205  0.06519712
 0.33400986 0.49424872 0.         0.6431184  0.24574172 0.79358083
 0.5501993  0.6251176  0.5373812  0.5821724  0.6436622  0.4768696
 0.81342965 0.3627052  0.5865825  0.37544805 0.         0.8160212
 0.19798464 0.64424443 1.         0.21339616 0.07444167 0.5009097
 1.         0.23747733 0.0507184  0.2998174  0.28677335 0.2146839
 0.3944348  0.8249921  0.43939772 0.83844984 0.5607926  0.51060295
 0.6980647  0.52533627 0.4381316  0.39508152 0.40771443 0.77462125
 0.4379135  0.5187698  0.6603561  0.84551466 0.24049263 0.3672506
 0.5831991  0.50528556 0.12816384 0.33045685 0.4303963  0.27766925
 0.5031675  0.14025466 0.6289018  0.7666656  0.36881167 1.
 0.9536644  0.27918917 0.76712674 0.47819087 0.37906998 0.97184664
 0.75048    0.33150825 0.22827126 0.41562796 0.65412307 0.07634777
 0.4341553  0.48715448 0.62606853 0.50596917 0.45367435 0.57130235
 1.         0.12878694 0.3537346  0.523802   0.8002734  0.19534929
 0.7801344  0.55190873 0.41347724 0.58070815 0.6602326  0.14872365
 0.2252534  0.633883   0.70296305 0.7493101  0.414156   0.32741866
 0.31361198 0.50500625 0.77292645 0.63315284 0.04368988 0.4160948
 0.53396034 0.11954997 0.6664278  0.67901105 0.0940273  0.7421531
 0.31052014 0.45473972 0.6117576  0.05296461 1.         0.4242141
 0.05934168 1.         0.04773338 0.61945176 0.89055675 0.01535162
 0.68254393 0.40217733 0.28027067 0.51455194 0.4058422  0.8948877
 0.8463604  0.13918447 1.         0.76594514 1.        ]
