2024-05-30 11:52:46[INFO] 
[Env initialized][Metric tpmC: 9931.11 tpmTotal: 22124.05 Transaction Count: 22428]
2024-05-30 11:52:46[INFO] [ddpg] Action: [0.3826817  0.86887443 0.6551087  0.8039462  0.57325685 0.48597172
 0.28705338 0.56010175 0.72882026 0.3815132  0.45499647 0.41818103
 0.5150476  0.3090517  0.48641127 0.64784294 0.6124106  0.6231158
 0.59459525 0.13362516 0.42152599 0.5409406  0.43495804 0.33845207
 0.82186437 0.7804301  0.5322071  0.6593621  0.6512233  0.25376
 0.5601473  0.57995975 0.4222943  0.5850055  0.13480203 0.12092853
 0.7729405  0.4638663  0.68727195 0.4720462  0.5194009  0.28431427
 0.625209   0.5707935  0.5796316  0.5500097  0.46481755 0.6380188
 0.5720607  0.24977005 0.3604894  0.8242761  0.96957725 0.65324426
 0.88995165 0.7979514  0.48557425 0.55576533 0.6605264  0.5359573
 0.44442308 0.47790703 0.67837477 0.4117908  0.46718594 0.35208723
 0.73208195 0.55285805 0.46136817 0.2359563  0.44490826 0.22967084
 0.66258335 0.5715706  0.8576561  0.45023248 0.63843614 0.40592477
 0.34481013 0.12980321 0.24858807 0.47770816 0.74091333 0.6020113
 0.6397084  0.45600316 0.5951182  0.5732218  0.44003373 0.
 0.3811483  0.5673821  0.45921066 0.5565382  0.42687044 0.629985
 0.29945108 0.5468152  0.5009052  0.44206136 0.60398686 0.3714716
 0.24416538 0.30380514 0.21761876 0.5997663  0.20445909 0.88788015
 0.9351692  0.4816909  0.7908132  0.6640011  0.8319766  0.51333463
 0.18454383 0.54847866 0.5817931  0.24800384 0.16352998 0.48569205
 0.45751566 0.7902477  0.51783234 0.78546077 0.63649035 0.2515881
 0.5691723  0.31722122 0.7272972  0.3627633  0.439474   0.7118932
 0.19069558 0.4753957  0.0076301  1.         0.45203662 0.17867662
 0.3113713  0.48133948 0.51357    0.42734417 0.65113825 0.2626702
 0.35840693 0.54660124 0.83469856 0.         0.4261502  0.38172415
 0.5732079  0.15658231 0.3162703  0.53631955 0.         0.31162798
 0.34315747 0.15164167 0.55800337 0.8006859  0.3911407  0.25805905
 0.47994134 0.48316368 0.27994487 0.8425391  0.3728993  0.43807805
 0.29592055 0.47376025 0.62966084 0.49791664 0.22333415 0.41241917
 0.7312081  0.44566813 0.67964786 0.26212752 0.55054456 0.33050779
 0.46524975 0.32256606 0.5339909  0.34843996 0.6563184  0.79858834
 0.5460877  0.7167292  0.91202754 0.9816018  0.7097767  0.7945597
 0.24656807 0.36088312 0.6147117  0.52131224 0.47044674]
2024-05-30 11:54:11[INFO] 
[ddpg][Episode: 0][Step: 0][Metric tpmC:0 tpmTotal:0 Transaction Count:0]Reward: -10000000.0 Score: -10000000.0 Done: True
2024-05-30 11:54:11[INFO] [ddpg][Episode: 0][Step: 0] step: 85.14958047866821s env step: 85.14040684700012s train step: 0.0s restart time: 85.14034295082092s action time: 0.0025675296783447266s
2024-05-30 11:54:11[INFO] [ddpg][Episode: 0][Step: 0][Average] step: 85.14958047866821s env step: 85.14040684700012s train step: 0.0s restart time: 85.14034295082092s action time: 0.0025675296783447266s
2024-05-30 11:55:50[INFO] 
[Env initialized][Metric tpmC: 10572.31 tpmTotal: 23558.27 Transaction Count: 23668]
2024-05-30 11:55:50[INFO] [ddpg] Action: [0.5034164  0.55424833 0.859327   0.62838763 0.36357096 0.3982587
 0.43277535 0.66231954 0.20942497 0.5302771  0.72823644 0.2513934
 0.57411814 0.44849727 0.42470306 0.7681419  0.5566146  0.6584459
 0.7246703  0.4974816  0.42497623 0.5919     0.2719342  0.51578456
 0.41831374 0.20413038 0.58342093 0.2941762  0.47121453 0.41598952
 0.62287134 0.36879444 0.8160941  0.4763472  0.43574858 0.9407658
 0.5877215  0.53950936 0.5244704  0.44386005 0.70487857 0.61554986
 0.52297837 0.42094994 0.23494942 0.0015981  0.5841526  0.48387435
 0.4501791  0.32316193 0.5580369  0.89804757 0.5917171  0.46537584
 0.5684004  0.7598172  0.55421907 0.1625434  0.3607256  0.7454687
 0.5881715  0.4334417  0.47741348 0.6073799  0.6001071  0.2990616
 0.49723428 0.58018154 0.62537163 0.5376796  0.4342057  0.62737995
 0.50485164 0.7799804  0.6851631  0.4539961  0.60742354 0.29666546
 0.3663443  0.7043479  0.61656237 0.14324664 0.5699754  0.4863485
 0.29925385 0.5571167  0.4593867  0.30768698 0.3799114  0.17814289
 0.44972923 0.4091605  0.6689008  0.481825   1.         0.12674555
 0.6631707  0.7446375  0.55374396 0.75507873 0.6583276  0.30916288
 0.61111236 0.5035212  0.4025049  0.53937864 0.50108695 0.66200835
 0.5181135  0.28770775 0.3695789  0.48473018 0.41764307 0.7914274
 0.14448617 0.56375945 0.5234711  0.27615532 0.18961279 0.37940452
 0.74254006 0.68294793 0.63806343 0.4715445  0.78959405 0.5002708
 0.5604098  0.37422934 0.5176852  0.07913781 0.7726423  0.5098752
 0.68995404 0.35004458 0.4626608  0.5281685  0.57995576 0.52221406
 0.3803951  0.45945874 0.5394559  0.3707578  0.49987423 0.16925134
 0.37952065 0.7204187  0.34205982 0.2021375  0.79399276 0.8664524
 0.46694046 0.58200485 0.74131364 0.64153236 0.47483835 0.17144068
 0.10121497 0.77104884 0.65491146 0.3270035  0.53935146 0.2799523
 0.51509964 0.64002144 0.30997965 0.5560047  0.8273265  0.29210648
 0.49579766 0.7557693  0.1619807  0.60844433 0.1258114  0.54612947
 0.0673654  0.31422248 0.6265399  0.6183929  0.8701489  0.8889959
 0.5226945  0.49742126 0.1800928  0.4355669  0.0773177  0.29633695
 0.4950763  0.32520396 0.6169763  0.48433074 0.53632873 0.9270484
 0.30279797 0.44765633 0.52858883 0.53842384 0.27740613]
