2024-05-30 21:05:12[INFO] 
[Env initialized][Metric tpmC: 11017.17 tpmTotal: 24627.03 Transaction Count: 24876]
2024-05-30 21:05:12[INFO] [ddpg] Action: [0.44733754 0.5987214  0.273303   0.10928048 0.8036121  0.78816974
 0.41292888 0.5073854  0.69043446 0.2958015  0.23630275 0.7968794
 0.829227   0.6383796  0.0484872  0.28153765 0.3930291  0.33870614
 0.62812805 0.1491156  0.9171864  0.2554002  0.67445135 0.6278555
 0.21824099 0.28630635 0.49937287 0.64375144 0.67017335 0.8427576
 0.42549732 0.770184   0.321638   0.49852395 0.22421624 0.5084197
 0.35887235 0.502098   0.43741092 0.7900957  0.5067033  0.46669662
 0.33998632 0.6095501  0.39682007 0.1874697  0.62862664 0.6686416
 0.39902556 0.43612945 0.5289586  0.6166203  0.32529658 0.36780274
 0.33556712 0.48464543 0.34465945 0.5168007  0.90202004 0.2413685
 0.33366662 0.84941787 0.6096913  0.28061807 0.37924662 0.42478147
 0.6538626  0.56726885 0.39361778 0.7422886  0.67405087 0.36828586
 0.42532554 0.28835514 0.         0.57365614 0.49907193 0.59637797
 0.5333924  0.6180172  0.34645942 0.56411415 0.4239197  0.6965591
 0.5369809  0.83234495 0.30585098 0.46046767 0.2274111  0.614278
 0.27650636 0.49568474 0.48956245 0.4605847  0.3893634  0.21625021
 0.10089528 0.4344737  0.5297038  0.34573022 0.37982774 0.6955501
 0.35681814 0.63528836 0.43454123 0.32208577 0.49431643 0.56041074
 0.6497417  0.5344088  0.39648855 0.         0.775962   0.26010838
 0.20985171 0.6594212  0.6350356  0.50540453 0.43368143 0.39730263
 0.50642425 0.6836303  0.6111675  0.8494035  0.94180524 0.458508
 0.5129679  0.47490627 0.2887809  0.55394363 0.4778324  0.50756365
 0.34615973 0.         0.29556796 0.7678346  0.38346842 0.66396993
 0.35312682 0.82434314 0.46027124 0.4231169  0.7380112  0.37222698
 0.65149003 0.30401418 0.45172867 0.82175374 0.7937823  0.7088135
 0.5858625  0.43558642 0.6554635  0.78555113 0.33587894 0.72585183
 0.60017115 0.9028574  0.44536057 0.5616556  0.25729644 0.6309413
 0.9298739  0.38374332 0.5141455  0.7044623  0.16255066 0.75507605
 0.7728723  0.6090004  0.531616   0.27672726 0.5345404  0.49158445
 0.2469725  0.2944518  0.4818956  0.7778853  0.66591877 0.879086
 0.24539487 0.38653064 0.84522027 0.4981185  0.5169469  0.4695713
 0.41729423 0.7575968  0.6092369  0.48894852 0.32476893 0.4596998
 0.298362   0.37463406 0.50375843 0.38602266 0.43882343]
2024-05-30 21:07:01[INFO] 
[ddpg][Episode: 0][Step: 0][Metric tpmC:10986.18 tpmTotal:24356.01 Transaction Count:24614]Reward: 11164.96498825707 Score: 0.011164964988257071 Done: False
2024-05-30 21:07:01[INFO] [ddpg][Episode: 0][Step: 0] step: 108.98820471763611s env step: 108.9794328212738s train step: 0.0s restart time: 44.789730072021484s action time: 0.0024423599243164062s
2024-05-30 21:07:01[INFO] [ddpg][Episode: 0][Step: 0][Average] step: 108.98820471763611s env step: 108.9794328212738s train step: 0.0s restart time: 44.789730072021484s action time: 0.0024423599243164062s
2024-05-30 21:07:01[INFO] [ddpg] Action: [0.316478   0.72481257 0.24130265 0.         0.96589535 0.88290113
 0.3877464  0.54144937 0.94223744 0.4040808  0.35704634 0.7305884
 0.87223995 0.9326752  0.         0.51462156 0.24821115 0.5716329
 0.62049127 0.3818203  0.6481976  0.32779893 0.5071474  0.9685987
 0.34371373 0.50931394 0.38514927 0.6889868  0.55411637 0.78197616
 0.28985497 0.48346767 0.1394909  0.51744944 0.24073084 0.3141806
 0.3987995  0.6405906  0.63616234 0.95605683 0.6779739  0.45739552
 0.         0.49505892 0.5199815  0.40718472 0.8146272  0.5207298
 0.45638347 0.37498882 0.6698175  0.6682009  0.39843    0.14133401
 0.6234316  0.37712124 0.37725958 0.4278303  0.8050398  0.61797726
 0.2850219  0.50485915 0.36526042 0.06347623 0.89117    0.405928
 0.53804994 0.46681234 0.4044974  0.7856225  0.7720533  0.6558106
 0.53912234 0.07906132 0.         0.33156005 0.33762774 0.75765944
 0.5281923  0.6443776  0.6561132  0.5372727  0.4907002  0.6798843
 0.7474399  0.6425707  0.         0.4346131  0.55595857 0.4539366
 0.12310541 0.47142145 0.43264744 0.72233784 0.94158787 0.18146124
 0.25647122 0.3966947  0.38924137 0.3500154  0.58028084 0.52257955
 0.61342365 0.8332994  0.16306591 0.17950241 0.6028758  1.
 0.5777621  0.74408996 0.3735908  0.         0.9350902  0.3288426
 0.7799623  0.5748808  0.49659052 0.11526565 0.5531022  0.18847084
 0.13985343 0.63721085 1.         0.57966703 0.9054207  0.97904384
 0.4278169  0.53598946 0.90876776 0.4391404  0.49168143 0.5094016
 0.32477042 0.23959142 0.22465236 0.8587027  0.66432273 0.8180328
 0.5006466  1.         0.4415724  0.23002224 0.6664279  0.24386698
 0.8331438  0.67436236 0.5260864  0.56908876 0.78074    0.83075804
 0.6472962  0.4547398  0.34078413 0.71660995 0.62447697 0.61772007
 0.76943326 1.         0.36395425 0.42177632 0.10028574 0.57412905
 0.8818059  0.36815763 0.6534277  0.7429453  0.         0.70158076
 0.49854326 0.88174045 0.4901057  0.08531    0.31141654 0.5391712
 0.24226815 0.33402273 0.28543407 1.         0.5840084  0.78865516
 0.17248797 0.3562573  1.         0.12593438 0.44476193 0.25799173
 0.52075785 1.         0.61056995 0.64914095 0.47902226 0.5632931
 0.56342226 0.2056923  0.88255936 0.50759864 0.4380409 ]
2024-05-30 21:08:44[INFO] 
[ddpg][Episode: 0][Step: 1][Metric tpmC:11274.19 tpmTotal:25023.13 Transaction Count:25146]Reward: -0.0008970584321017286 Score: 0.010267906556155343 Done: False
2024-05-30 21:08:44[INFO] [ddpg][Episode: 0][Step: 1] step: 103.49119186401367s env step: 103.48275923728943s train step: 0.0s restart time: 39.58972120285034s action time: 0.0008478164672851562s
2024-05-30 21:08:44[INFO] [ddpg][Episode: 0][Step: 1][Average] step: 103.49119186401367s env step: 103.48275923728943s train step: 0.0s restart time: 39.58972120285034s action time: 0.0016450881958007812s
2024-05-30 21:08:44[INFO] [ddpg] Action: [0.33621192 0.60888034 0.1988564  0.         0.9373052  0.9245666
 0.21925873 0.28727663 0.5385808  0.30877072 0.6740478  0.8477659
 0.7872012  0.6377839  0.         0.49165908 0.63784313 0.3934192
 0.44878247 0.13209973 0.6181374  0.35018307 0.48521155 1.
 0.29143375 0.4461295  0.36642092 0.43350837 0.7743613  0.7426605
 0.4287976  0.54310995 0.1495206  0.4335656  0.38140082 0.10291269
 0.68332404 0.7101725  0.62527335 0.964266   0.687356   0.6342708
 0.         0.18359028 0.4688339  0.86565065 0.47675836 0.68342274
 0.5769524  0.4395934  0.6099518  0.5031537  0.271242   0.47045258
 0.7943896  0.25077873 0.20579831 0.2996409  0.6300531  0.3870226
 0.22090428 0.32361472 0.42401484 0.03660536 1.         0.07143821
 0.65593785 0.74863446 0.6121835  0.6461501  1.         0.52503955
 0.5457771  0.         0.09533038 0.10757098 0.4515021  0.5320395
 0.5803067  0.7303025  0.6038838  0.5504243  0.54387313 0.45270735
 0.72741777 0.5834341  0.1156226  0.3499231  0.5308342  0.27853945
 0.         0.63969696 0.35136828 0.4552495  0.888631   0.2688877
 0.19297993 0.45641676 0.54928917 0.44852525 0.6306344  0.40223
 0.77783525 0.7060362  0.         0.3564519  0.62055343 1.
 0.17588788 0.5491972  0.0486762  0.         1.         0.6446368
 0.83555746 0.50483847 0.43825626 0.         0.19663057 0.
 0.28712013 0.6215844  1.         0.48499122 1.         1.
 0.45791447 0.9806464  0.67522204 0.9700387  0.28813234 0.6277632
 0.48170757 0.5837515  0.41324684 0.6532987  0.828558   0.8050324
 0.4967931  0.92723703 0.722907   0.29978248 0.50570244 0.4944778
 0.68711144 0.39624834 0.88415176 0.7620936  0.83664733 0.96032554
 0.7068459  0.5992452  0.3025384  1.         0.87636304 0.57290226
 0.78338295 1.         0.63747686 0.32928067 0.02288999 0.6081084
 0.908227   0.         0.53910446 0.61168313 0.         0.8429794
 0.38951525 0.7093118  0.7000944  0.         0.         0.84811896
 0.2703816  0.43346137 0.27551833 0.917187   0.5108966  0.37761405
 0.3287701  0.23691793 0.8768011  0.12473438 0.52670336 0.3024718
 0.37859377 1.         0.53254414 0.76868296 0.6062064  0.25980633
 0.47481042 0.342369   0.7495035  0.48954982 0.76445556]
